{"time":"2026-03-13T09:30:59.463852413+01:00","level":"INFO","msg":"main: starting server","port-filename":"/tmp/tmp4o5ojufw/port-913331.txt","pid":913331,"log-level":0,"disable-analytics":false,"shutdown-on-parent-exit":false,"enable-dcgm-profiling":false}
{"time":"2026-03-13T09:30:59.464649764+01:00","level":"INFO","msg":"server: will exit if parent process dies","ppid":913331}
{"time":"2026-03-13T09:30:59.464634581+01:00","level":"INFO","msg":"server: accepting connections","addr":{"Name":"/tmp/wandb-913331-913512-3854205077/socket","Net":"unix"}}
{"time":"2026-03-13T09:30:59.603479851+01:00","level":"INFO","msg":"connection: ManageConnectionData: new connection created","id":"1(@)"}
{"time":"2026-03-13T09:30:59.645599291+01:00","level":"INFO","msg":"handleInformInit: received","streamId":"owy1cc34","id":"1(@)"}
{"time":"2026-03-13T09:30:59.782958551+01:00","level":"INFO","msg":"handleInformInit: stream started","streamId":"owy1cc34","id":"1(@)"}
{"time":"2026-03-13T09:52:13.041248129+01:00","level":"INFO","msg":"handleInformFinish: finish message received","streamId":"owy1cc34","id":"1(@)"}
{"time":"2026-03-13T09:52:13.04295125+01:00","level":"INFO","msg":"handleInformFinish: stream closed","streamId":"owy1cc34","id":"1(@)"}
{"time":"2026-03-13T09:57:11.090785353+01:00","level":"INFO","msg":"handleInformInit: received","streamId":"q936wt6u","id":"1(@)"}
{"time":"2026-03-13T09:57:11.212261987+01:00","level":"INFO","msg":"handleInformInit: stream started","streamId":"q936wt6u","id":"1(@)"}
{"time":"2026-03-13T09:59:05.894520622+01:00","level":"INFO","msg":"handleInformFinish: finish message received","streamId":"q936wt6u","id":"1(@)"}
{"time":"2026-03-13T09:59:05.895941948+01:00","level":"INFO","msg":"handleInformFinish: stream closed","streamId":"q936wt6u","id":"1(@)"}
{"time":"2026-03-13T10:02:51.518308114+01:00","level":"INFO","msg":"handleInformInit: received","streamId":"e241ckcy","id":"1(@)"}
{"time":"2026-03-13T10:02:51.6396191+01:00","level":"INFO","msg":"handleInformInit: stream started","streamId":"e241ckcy","id":"1(@)"}
{"time":"2026-03-13T10:05:18.715221752+01:00","level":"INFO","msg":"handleInformFinish: finish message received","streamId":"e241ckcy","id":"1(@)"}
{"time":"2026-03-13T10:05:18.716927976+01:00","level":"INFO","msg":"handleInformFinish: stream closed","streamId":"e241ckcy","id":"1(@)"}
{"time":"2026-03-13T10:09:47.763761935+01:00","level":"INFO","msg":"handleInformInit: received","streamId":"tz2daers","id":"1(@)"}
{"time":"2026-03-13T10:09:47.88575455+01:00","level":"INFO","msg":"handleInformInit: stream started","streamId":"tz2daers","id":"1(@)"}
{"time":"2026-03-13T10:13:36.621907828+01:00","level":"INFO","msg":"handleInformFinish: finish message received","streamId":"tz2daers","id":"1(@)"}
{"time":"2026-03-13T10:13:36.623146845+01:00","level":"INFO","msg":"handleInformFinish: stream closed","streamId":"tz2daers","id":"1(@)"}
{"time":"2026-03-13T10:13:36.649442507+01:00","level":"INFO","msg":"handleInformTeardown: server teardown initiated","id":"1(@)"}
{"time":"2026-03-13T10:13:36.649490244+01:00","level":"INFO","msg":"handleInformTeardown: server shutdown complete","id":"1(@)"}
{"time":"2026-03-13T10:13:36.649510017+01:00","level":"INFO","msg":"server is shutting down"}
{"time":"2026-03-13T10:13:36.649547965+01:00","level":"INFO","msg":"server: listener closed","addr":{"Name":"/tmp/wandb-913331-913512-3854205077/socket","Net":"unix"}}
{"time":"2026-03-13T10:13:36.649576522+01:00","level":"INFO","msg":"connection: closing","id":"1(@)"}
{"time":"2026-03-13T10:13:36.649604672+01:00","level":"INFO","msg":"connection: closed successfully","id":"1(@)"}
{"time":"2026-03-13T10:13:36.649611932+01:00","level":"INFO","msg":"connection: ManageConnectionData: connection closed","id":"1(@)"}
{"time":"2026-03-13T10:13:36.649619898+01:00","level":"INFO","msg":"server is closed"}
