{"time":"2026-03-13T09:28:26.359049298+01:00","level":"INFO","msg":"main: starting server","port-filename":"/tmp/tmpq_l7lsyf/port-3051520.txt","pid":3051520,"log-level":0,"disable-analytics":false,"shutdown-on-parent-exit":false,"enable-dcgm-profiling":false}
{"time":"2026-03-13T09:28:26.35960889+01:00","level":"INFO","msg":"server: will exit if parent process dies","ppid":3051520}
{"time":"2026-03-13T09:28:26.359593321+01:00","level":"INFO","msg":"server: accepting connections","addr":{"Name":"/tmp/wandb-3051520-3051696-269997843/socket","Net":"unix"}}
{"time":"2026-03-13T09:28:26.512765652+01:00","level":"INFO","msg":"connection: ManageConnectionData: new connection created","id":"1(@)"}
{"time":"2026-03-13T09:28:26.52697236+01:00","level":"INFO","msg":"handleInformInit: received","streamId":"oxybjqx7","id":"1(@)"}
{"time":"2026-03-13T09:28:26.673327684+01:00","level":"INFO","msg":"handleInformInit: stream started","streamId":"oxybjqx7","id":"1(@)"}
{"time":"2026-03-13T09:32:19.549967892+01:00","level":"INFO","msg":"handleInformFinish: finish message received","streamId":"oxybjqx7","id":"1(@)"}
{"time":"2026-03-13T09:32:19.551179581+01:00","level":"INFO","msg":"handleInformFinish: stream closed","streamId":"oxybjqx7","id":"1(@)"}
{"time":"2026-03-13T09:37:27.858023822+01:00","level":"INFO","msg":"handleInformInit: received","streamId":"p861tgqg","id":"1(@)"}
{"time":"2026-03-13T09:37:27.979388496+01:00","level":"INFO","msg":"handleInformInit: stream started","streamId":"p861tgqg","id":"1(@)"}
{"time":"2026-03-13T09:37:44.587641257+01:00","level":"INFO","msg":"connection: cancelling request","id":"1(@)","requestId":"syohjh12xow8"}
{"time":"2026-03-13T09:37:44.58945134+01:00","level":"INFO","msg":"handleInformFinish: finish message received","streamId":"p861tgqg","id":"1(@)"}
{"time":"2026-03-13T09:37:44.591110865+01:00","level":"INFO","msg":"handleInformFinish: stream closed","streamId":"p861tgqg","id":"1(@)"}
{"time":"2026-03-13T09:42:04.822551545+01:00","level":"INFO","msg":"handleInformInit: received","streamId":"2yys0tqy","id":"1(@)"}
{"time":"2026-03-13T09:42:04.944568356+01:00","level":"INFO","msg":"handleInformInit: stream started","streamId":"2yys0tqy","id":"1(@)"}
{"time":"2026-03-13T09:43:12.052062865+01:00","level":"INFO","msg":"handleInformFinish: finish message received","streamId":"2yys0tqy","id":"1(@)"}
{"time":"2026-03-13T09:43:12.053713129+01:00","level":"INFO","msg":"handleInformFinish: stream closed","streamId":"2yys0tqy","id":"1(@)"}
{"time":"2026-03-13T09:47:08.390502771+01:00","level":"INFO","msg":"handleInformInit: received","streamId":"sz8473zm","id":"1(@)"}
{"time":"2026-03-13T09:47:08.511965832+01:00","level":"INFO","msg":"handleInformInit: stream started","streamId":"sz8473zm","id":"1(@)"}
{"time":"2026-03-13T09:49:34.455322907+01:00","level":"INFO","msg":"handleInformFinish: finish message received","streamId":"sz8473zm","id":"1(@)"}
{"time":"2026-03-13T09:49:34.456753405+01:00","level":"INFO","msg":"handleInformFinish: stream closed","streamId":"sz8473zm","id":"1(@)"}
{"time":"2026-03-13T09:49:34.480138028+01:00","level":"INFO","msg":"handleInformTeardown: server teardown initiated","id":"1(@)"}
{"time":"2026-03-13T09:49:34.480236207+01:00","level":"INFO","msg":"handleInformTeardown: server shutdown complete","id":"1(@)"}
{"time":"2026-03-13T09:49:34.480253737+01:00","level":"INFO","msg":"server is shutting down"}
{"time":"2026-03-13T09:49:34.480242779+01:00","level":"INFO","msg":"connection: closing","id":"1(@)"}
{"time":"2026-03-13T09:49:34.480361869+01:00","level":"INFO","msg":"connection: closed successfully","id":"1(@)"}
{"time":"2026-03-13T09:49:34.480369826+01:00","level":"INFO","msg":"connection: ManageConnectionData: connection closed","id":"1(@)"}
{"time":"2026-03-13T09:49:34.48035501+01:00","level":"INFO","msg":"server: listener closed","addr":{"Name":"/tmp/wandb-3051520-3051696-269997843/socket","Net":"unix"}}
{"time":"2026-03-13T09:49:34.480385357+01:00","level":"INFO","msg":"server is closed"}
