{"time":"2026-03-13T09:33:35.092032285+01:00","level":"INFO","msg":"main: starting server","port-filename":"/tmp/tmpoa00k6vc/port-322184.txt","pid":322184,"log-level":0,"disable-analytics":false,"shutdown-on-parent-exit":false,"enable-dcgm-profiling":false}
{"time":"2026-03-13T09:33:35.092532932+01:00","level":"INFO","msg":"server: will exit if parent process dies","ppid":322184}
{"time":"2026-03-13T09:33:35.092517786+01:00","level":"INFO","msg":"server: accepting connections","addr":{"Name":"/tmp/wandb-322184-322370-1912379457/socket","Net":"unix"}}
{"time":"2026-03-13T09:33:35.093935725+01:00","level":"INFO","msg":"main: starting server","port-filename":"/tmp/tmppx_s3b2s/port-3007810.txt","pid":3007810,"log-level":0,"disable-analytics":false,"shutdown-on-parent-exit":false,"enable-dcgm-profiling":false}
{"time":"2026-03-13T09:33:35.095549643+01:00","level":"INFO","msg":"server: will exit if parent process dies","ppid":3007810}
{"time":"2026-03-13T09:33:35.095536393+01:00","level":"INFO","msg":"server: accepting connections","addr":{"Name":"/tmp/wandb-3007810-3007971-3281313402/socket","Net":"unix"}}
{"time":"2026-03-13T09:33:35.095736217+01:00","level":"INFO","msg":"main: starting server","port-filename":"/tmp/tmprca62mro/port-278814.txt","pid":278814,"log-level":0,"disable-analytics":false,"shutdown-on-parent-exit":false,"enable-dcgm-profiling":false}
{"time":"2026-03-13T09:33:35.096990929+01:00","level":"INFO","msg":"server: will exit if parent process dies","ppid":278814}
{"time":"2026-03-13T09:33:35.096942336+01:00","level":"INFO","msg":"server: accepting connections","addr":{"Name":"/tmp/wandb-278814-278967-3911549301/socket","Net":"unix"}}
{"time":"2026-03-13T09:33:35.232159034+01:00","level":"INFO","msg":"connection: ManageConnectionData: new connection created","id":"1(@)"}
{"time":"2026-03-13T09:33:35.232166121+01:00","level":"INFO","msg":"connection: ManageConnectionData: new connection created","id":"1(@)"}
{"time":"2026-03-13T09:33:35.23223994+01:00","level":"INFO","msg":"connection: ManageConnectionData: new connection created","id":"1(@)"}
{"time":"2026-03-13T09:33:35.265364661+01:00","level":"INFO","msg":"handleInformInit: received","streamId":"2j69m2r9","id":"1(@)"}
{"time":"2026-03-13T09:33:35.265838563+01:00","level":"INFO","msg":"handleInformInit: received","streamId":"igti6jym","id":"1(@)"}
{"time":"2026-03-13T09:33:35.266038242+01:00","level":"INFO","msg":"handleInformInit: received","streamId":"68hiogjs","id":"1(@)"}
{"time":"2026-03-13T09:33:35.40149516+01:00","level":"INFO","msg":"handleInformInit: stream started","streamId":"68hiogjs","id":"1(@)"}
{"time":"2026-03-13T09:33:35.401594227+01:00","level":"INFO","msg":"handleInformInit: stream started","streamId":"2j69m2r9","id":"1(@)"}
{"time":"2026-03-13T09:33:35.401863563+01:00","level":"INFO","msg":"handleInformInit: stream started","streamId":"igti6jym","id":"1(@)"}
{"time":"2026-03-13T09:44:08.985944041+01:00","level":"INFO","msg":"handleInformFinish: finish message received","streamId":"68hiogjs","id":"1(@)"}
{"time":"2026-03-13T09:44:08.989217272+01:00","level":"INFO","msg":"handleInformFinish: stream closed","streamId":"68hiogjs","id":"1(@)"}
{"time":"2026-03-13T09:44:11.637966122+01:00","level":"INFO","msg":"handleInformFinish: finish message received","streamId":"igti6jym","id":"1(@)"}
{"time":"2026-03-13T09:44:11.64093266+01:00","level":"INFO","msg":"handleInformFinish: stream closed","streamId":"igti6jym","id":"1(@)"}
{"time":"2026-03-13T09:45:15.512289679+01:00","level":"INFO","msg":"handleInformFinish: finish message received","streamId":"2j69m2r9","id":"1(@)"}
{"time":"2026-03-13T09:45:15.514789976+01:00","level":"INFO","msg":"handleInformFinish: stream closed","streamId":"2j69m2r9","id":"1(@)"}
{"time":"2026-03-13T09:49:50.11015214+01:00","level":"INFO","msg":"handleInformInit: received","streamId":"i8iwakiq","id":"1(@)"}
{"time":"2026-03-13T09:49:50.232117312+01:00","level":"INFO","msg":"handleInformInit: stream started","streamId":"i8iwakiq","id":"1(@)"}
{"time":"2026-03-13T09:50:06.178007625+01:00","level":"INFO","msg":"handleInformInit: received","streamId":"f3074whz","id":"1(@)"}
{"time":"2026-03-13T09:50:06.299843086+01:00","level":"INFO","msg":"handleInformInit: stream started","streamId":"f3074whz","id":"1(@)"}
{"time":"2026-03-13T09:50:50.986872648+01:00","level":"INFO","msg":"handleInformInit: received","streamId":"8u09c5mi","id":"1(@)"}
{"time":"2026-03-13T09:50:51.108477676+01:00","level":"INFO","msg":"handleInformInit: stream started","streamId":"8u09c5mi","id":"1(@)"}
{"time":"2026-03-13T10:01:53.69296687+01:00","level":"INFO","msg":"handleInformFinish: finish message received","streamId":"i8iwakiq","id":"1(@)"}
{"time":"2026-03-13T10:01:53.695212365+01:00","level":"INFO","msg":"handleInformFinish: stream closed","streamId":"i8iwakiq","id":"1(@)"}
{"time":"2026-03-13T10:02:15.523559009+01:00","level":"INFO","msg":"handleInformFinish: finish message received","streamId":"f3074whz","id":"1(@)"}
{"time":"2026-03-13T10:02:15.526148062+01:00","level":"INFO","msg":"handleInformFinish: stream closed","streamId":"f3074whz","id":"1(@)"}
{"time":"2026-03-13T10:04:04.629275958+01:00","level":"INFO","msg":"handleInformFinish: finish message received","streamId":"8u09c5mi","id":"1(@)"}
{"time":"2026-03-13T10:04:04.632169403+01:00","level":"INFO","msg":"handleInformFinish: stream closed","streamId":"8u09c5mi","id":"1(@)"}
{"time":"2026-03-13T10:04:49.167739988+01:00","level":"INFO","msg":"handleInformInit: received","streamId":"uzufzhud","id":"1(@)"}
{"time":"2026-03-13T10:04:49.289134486+01:00","level":"INFO","msg":"handleInformInit: stream started","streamId":"uzufzhud","id":"1(@)"}
{"time":"2026-03-13T10:07:25.299071828+01:00","level":"INFO","msg":"handleInformInit: received","streamId":"0u9rfdyg","id":"1(@)"}
{"time":"2026-03-13T10:07:25.420981934+01:00","level":"INFO","msg":"handleInformInit: stream started","streamId":"0u9rfdyg","id":"1(@)"}
{"time":"2026-03-13T10:10:02.982130413+01:00","level":"INFO","msg":"handleInformInit: received","streamId":"779ruuwl","id":"1(@)"}
{"time":"2026-03-13T10:10:03.103076182+01:00","level":"INFO","msg":"handleInformInit: stream started","streamId":"779ruuwl","id":"1(@)"}
{"time":"2026-03-13T10:19:32.315721508+01:00","level":"INFO","msg":"handleInformFinish: finish message received","streamId":"0u9rfdyg","id":"1(@)"}
{"time":"2026-03-13T10:19:32.318555935+01:00","level":"INFO","msg":"handleInformFinish: stream closed","streamId":"0u9rfdyg","id":"1(@)"}
{"time":"2026-03-13T10:20:23.824676672+01:00","level":"INFO","msg":"handleInformFinish: finish message received","streamId":"uzufzhud","id":"1(@)"}
{"time":"2026-03-13T10:20:23.827792692+01:00","level":"INFO","msg":"handleInformFinish: stream closed","streamId":"uzufzhud","id":"1(@)"}
{"time":"2026-03-13T10:22:12.350874341+01:00","level":"INFO","msg":"handleInformFinish: finish message received","streamId":"779ruuwl","id":"1(@)"}
{"time":"2026-03-13T10:22:12.358547108+01:00","level":"INFO","msg":"handleInformFinish: stream closed","streamId":"779ruuwl","id":"1(@)"}
{"time":"2026-03-13T10:22:58.233820274+01:00","level":"INFO","msg":"handleInformInit: received","streamId":"yc6hv3gr","id":"1(@)"}
{"time":"2026-03-13T10:22:58.355958911+01:00","level":"INFO","msg":"handleInformInit: stream started","streamId":"yc6hv3gr","id":"1(@)"}
{"time":"2026-03-13T10:25:20.47285088+01:00","level":"INFO","msg":"handleInformInit: received","streamId":"pg3fk3k8","id":"1(@)"}
{"time":"2026-03-13T10:25:20.594681258+01:00","level":"INFO","msg":"handleInformInit: stream started","streamId":"pg3fk3k8","id":"1(@)"}
{"time":"2026-03-13T10:27:30.022504012+01:00","level":"INFO","msg":"handleInformInit: received","streamId":"a4vkhb2a","id":"1(@)"}
{"time":"2026-03-13T10:27:30.144435181+01:00","level":"INFO","msg":"handleInformInit: stream started","streamId":"a4vkhb2a","id":"1(@)"}
{"time":"2026-03-13T10:37:11.015090197+01:00","level":"INFO","msg":"connection: cancelling request","id":"1(@)","requestId":"no2oli0gbj4w"}
{"time":"2026-03-13T10:37:11.019446395+01:00","level":"INFO","msg":"handleInformFinish: finish message received","streamId":"pg3fk3k8","id":"1(@)"}
{"time":"2026-03-13T10:37:11.021384184+01:00","level":"INFO","msg":"handleInformFinish: stream closed","streamId":"pg3fk3k8","id":"1(@)"}
{"time":"2026-03-13T10:37:47.283104166+01:00","level":"INFO","msg":"connection: cancelling request","id":"1(@)","requestId":"gqudugmdwxc6"}
{"time":"2026-03-13T10:37:47.286867313+01:00","level":"INFO","msg":"handleInformFinish: finish message received","streamId":"yc6hv3gr","id":"1(@)"}
{"time":"2026-03-13T10:37:47.296154047+01:00","level":"INFO","msg":"handleInformFinish: stream closed","streamId":"yc6hv3gr","id":"1(@)"}
{"time":"2026-03-13T10:39:28.654691218+01:00","level":"INFO","msg":"handleInformFinish: finish message received","streamId":"a4vkhb2a","id":"1(@)"}
{"time":"2026-03-13T10:39:28.657681256+01:00","level":"INFO","msg":"handleInformFinish: stream closed","streamId":"a4vkhb2a","id":"1(@)"}
{"time":"2026-03-13T10:41:10.564417558+01:00","level":"INFO","msg":"handleInformInit: received","streamId":"lpzkdtmt","id":"1(@)"}
{"time":"2026-03-13T10:41:10.697510251+01:00","level":"INFO","msg":"handleInformInit: stream started","streamId":"lpzkdtmt","id":"1(@)"}
{"time":"2026-03-13T10:42:34.545412272+01:00","level":"INFO","msg":"handleInformInit: received","streamId":"x67npm09","id":"1(@)"}
{"time":"2026-03-13T10:42:36.668226313+01:00","level":"INFO","msg":"handleInformInit: stream started","streamId":"x67npm09","id":"1(@)"}
{"time":"2026-03-13T10:44:48.321675109+01:00","level":"INFO","msg":"handleInformInit: received","streamId":"sljejrnb","id":"1(@)"}
{"time":"2026-03-13T10:44:48.451652267+01:00","level":"INFO","msg":"handleInformInit: stream started","streamId":"sljejrnb","id":"1(@)"}
{"time":"2026-03-13T10:55:10.55554772+01:00","level":"INFO","msg":"handleInformFinish: finish message received","streamId":"lpzkdtmt","id":"1(@)"}
{"time":"2026-03-13T10:55:10.558838324+01:00","level":"INFO","msg":"handleInformFinish: stream closed","streamId":"lpzkdtmt","id":"1(@)"}
{"time":"2026-03-13T10:55:29.827884711+01:00","level":"INFO","msg":"handleInformFinish: finish message received","streamId":"x67npm09","id":"1(@)"}
{"time":"2026-03-13T10:55:29.831499977+01:00","level":"INFO","msg":"handleInformFinish: stream closed","streamId":"x67npm09","id":"1(@)"}
{"time":"2026-03-13T10:56:56.278544389+01:00","level":"INFO","msg":"connection: cancelling request","id":"1(@)","requestId":"sikr9ut3mjrj"}
{"time":"2026-03-13T10:56:56.281843041+01:00","level":"INFO","msg":"handleInformFinish: finish message received","streamId":"sljejrnb","id":"1(@)"}
{"time":"2026-03-13T10:56:56.29118429+01:00","level":"INFO","msg":"handleInformFinish: stream closed","streamId":"sljejrnb","id":"1(@)"}
{"time":"2026-03-13T10:58:10.194852062+01:00","level":"INFO","msg":"handleInformInit: received","streamId":"rosanrf5","id":"1(@)"}
{"time":"2026-03-13T10:58:10.324769968+01:00","level":"INFO","msg":"handleInformInit: stream started","streamId":"rosanrf5","id":"1(@)"}
{"time":"2026-03-13T11:00:51.449530416+01:00","level":"INFO","msg":"handleInformInit: received","streamId":"q929cfdc","id":"1(@)"}
{"time":"2026-03-13T11:00:51.578564195+01:00","level":"INFO","msg":"handleInformInit: stream started","streamId":"q929cfdc","id":"1(@)"}
{"time":"2026-03-13T11:02:29.737842254+01:00","level":"INFO","msg":"handleInformInit: received","streamId":"xapelq0z","id":"1(@)"}
{"time":"2026-03-13T11:02:29.870213566+01:00","level":"INFO","msg":"handleInformInit: stream started","streamId":"xapelq0z","id":"1(@)"}
{"time":"2026-03-13T11:12:49.577859859+01:00","level":"INFO","msg":"connection: cancelling request","id":"1(@)","requestId":"ev8cyo20j5yk"}
{"time":"2026-03-13T11:12:49.581289528+01:00","level":"INFO","msg":"handleInformFinish: finish message received","streamId":"rosanrf5","id":"1(@)"}
{"time":"2026-03-13T11:12:49.59167624+01:00","level":"INFO","msg":"handleInformFinish: stream closed","streamId":"rosanrf5","id":"1(@)"}
{"time":"2026-03-13T11:13:03.636345863+01:00","level":"INFO","msg":"handleInformFinish: finish message received","streamId":"q929cfdc","id":"1(@)"}
{"time":"2026-03-13T11:13:03.638928678+01:00","level":"INFO","msg":"handleInformFinish: stream closed","streamId":"q929cfdc","id":"1(@)"}
{"time":"2026-03-13T11:14:36.807488053+01:00","level":"INFO","msg":"handleInformFinish: finish message received","streamId":"xapelq0z","id":"1(@)"}
{"time":"2026-03-13T11:14:36.822873325+01:00","level":"INFO","msg":"handleInformFinish: stream closed","streamId":"xapelq0z","id":"1(@)"}
{"time":"2026-03-13T11:17:04.6340559+01:00","level":"INFO","msg":"handleInformInit: received","streamId":"jo80t6go","id":"1(@)"}
{"time":"2026-03-13T11:17:04.763059355+01:00","level":"INFO","msg":"handleInformInit: stream started","streamId":"jo80t6go","id":"1(@)"}
{"time":"2026-03-13T11:18:37.752695741+01:00","level":"INFO","msg":"handleInformInit: received","streamId":"wah8tbtd","id":"1(@)"}
{"time":"2026-03-13T11:18:37.880568871+01:00","level":"INFO","msg":"handleInformInit: stream started","streamId":"wah8tbtd","id":"1(@)"}
{"time":"2026-03-13T11:20:41.005021819+01:00","level":"INFO","msg":"handleInformInit: received","streamId":"33jwo6gf","id":"1(@)"}
{"time":"2026-03-13T11:20:41.136403809+01:00","level":"INFO","msg":"handleInformInit: stream started","streamId":"33jwo6gf","id":"1(@)"}
{"time":"2026-03-13T11:30:45.927515519+01:00","level":"INFO","msg":"connection: cancelling request","id":"1(@)","requestId":"gv500kg9t61e"}
{"time":"2026-03-13T11:30:45.931019091+01:00","level":"INFO","msg":"handleInformFinish: finish message received","streamId":"wah8tbtd","id":"1(@)"}
{"time":"2026-03-13T11:30:45.932904901+01:00","level":"INFO","msg":"handleInformFinish: stream closed","streamId":"wah8tbtd","id":"1(@)"}
{"time":"2026-03-13T11:30:56.498420544+01:00","level":"INFO","msg":"handleInformFinish: finish message received","streamId":"jo80t6go","id":"1(@)"}
{"time":"2026-03-13T11:30:56.501545911+01:00","level":"INFO","msg":"handleInformFinish: stream closed","streamId":"jo80t6go","id":"1(@)"}
{"time":"2026-03-13T11:32:54.637955884+01:00","level":"INFO","msg":"handleInformFinish: finish message received","streamId":"33jwo6gf","id":"1(@)"}
{"time":"2026-03-13T11:32:54.650224431+01:00","level":"INFO","msg":"handleInformFinish: stream closed","streamId":"33jwo6gf","id":"1(@)"}
{"time":"2026-03-13T11:34:43.792285908+01:00","level":"INFO","msg":"handleInformInit: received","streamId":"p4yai868","id":"1(@)"}
{"time":"2026-03-13T11:34:43.920442586+01:00","level":"INFO","msg":"handleInformInit: stream started","streamId":"p4yai868","id":"1(@)"}
{"time":"2026-03-13T11:36:47.45286265+01:00","level":"INFO","msg":"handleInformInit: received","streamId":"lrrdoiy1","id":"1(@)"}
{"time":"2026-03-13T11:36:47.585196423+01:00","level":"INFO","msg":"handleInformInit: stream started","streamId":"lrrdoiy1","id":"1(@)"}
{"time":"2026-03-13T11:38:28.995006074+01:00","level":"INFO","msg":"handleInformInit: received","streamId":"xoqto2ur","id":"1(@)"}
{"time":"2026-03-13T11:38:29.123905038+01:00","level":"INFO","msg":"handleInformInit: stream started","streamId":"xoqto2ur","id":"1(@)"}
{"time":"2026-03-13T11:47:28.230047906+01:00","level":"INFO","msg":"handleInformFinish: finish message received","streamId":"p4yai868","id":"1(@)"}
{"time":"2026-03-13T11:47:28.232982803+01:00","level":"INFO","msg":"handleInformFinish: stream closed","streamId":"p4yai868","id":"1(@)"}
{"time":"2026-03-13T11:48:00.427821496+01:00","level":"INFO","msg":"handleInformFinish: finish message received","streamId":"lrrdoiy1","id":"1(@)"}
{"time":"2026-03-13T11:48:00.430746823+01:00","level":"INFO","msg":"handleInformFinish: stream closed","streamId":"lrrdoiy1","id":"1(@)"}
{"time":"2026-03-13T11:50:08.272041377+01:00","level":"INFO","msg":"handleInformFinish: finish message received","streamId":"xoqto2ur","id":"1(@)"}
{"time":"2026-03-13T11:50:08.282831581+01:00","level":"INFO","msg":"handleInformFinish: stream closed","streamId":"xoqto2ur","id":"1(@)"}
{"time":"2026-03-13T11:52:46.751963373+01:00","level":"INFO","msg":"handleInformInit: received","streamId":"u0v1nzvo","id":"1(@)"}
{"time":"2026-03-13T11:52:46.888101552+01:00","level":"INFO","msg":"handleInformInit: stream started","streamId":"u0v1nzvo","id":"1(@)"}
{"time":"2026-03-13T11:52:57.219436177+01:00","level":"INFO","msg":"handleInformInit: received","streamId":"tvqu7uol","id":"1(@)"}
{"time":"2026-03-13T11:52:57.352216309+01:00","level":"INFO","msg":"handleInformInit: stream started","streamId":"tvqu7uol","id":"1(@)"}
{"time":"2026-03-13T11:54:17.880656695+01:00","level":"INFO","msg":"handleInformInit: received","streamId":"a93fnd39","id":"1(@)"}
{"time":"2026-03-13T11:54:18.014629805+01:00","level":"INFO","msg":"handleInformInit: stream started","streamId":"a93fnd39","id":"1(@)"}
{"time":"2026-03-13T12:04:41.814152138+01:00","level":"INFO","msg":"handleInformFinish: finish message received","streamId":"u0v1nzvo","id":"1(@)"}
{"time":"2026-03-13T12:04:41.817040116+01:00","level":"INFO","msg":"handleInformFinish: stream closed","streamId":"u0v1nzvo","id":"1(@)"}
{"time":"2026-03-13T12:05:01.150106573+01:00","level":"INFO","msg":"handleInformFinish: finish message received","streamId":"tvqu7uol","id":"1(@)"}
{"time":"2026-03-13T12:05:01.15374743+01:00","level":"INFO","msg":"handleInformFinish: stream closed","streamId":"tvqu7uol","id":"1(@)"}
{"time":"2026-03-13T12:07:58.759270669+01:00","level":"INFO","msg":"handleInformFinish: finish message received","streamId":"a93fnd39","id":"1(@)"}
{"time":"2026-03-13T12:07:58.761747464+01:00","level":"INFO","msg":"handleInformFinish: stream closed","streamId":"a93fnd39","id":"1(@)"}
{"time":"2026-03-13T12:09:59.296819046+01:00","level":"INFO","msg":"handleInformInit: received","streamId":"dqp73652","id":"1(@)"}
{"time":"2026-03-13T12:09:59.427634033+01:00","level":"INFO","msg":"handleInformInit: stream started","streamId":"dqp73652","id":"1(@)"}
{"time":"2026-03-13T12:10:31.129984526+01:00","level":"INFO","msg":"handleInformInit: received","streamId":"pr27pwy5","id":"1(@)"}
{"time":"2026-03-13T12:10:31.256010605+01:00","level":"INFO","msg":"handleInformInit: stream started","streamId":"pr27pwy5","id":"1(@)"}
{"time":"2026-03-13T12:10:31.568834055+01:00","level":"INFO","msg":"connection: cancelling request","id":"1(@)","requestId":"5j5chqqzsix5"}
{"time":"2026-03-13T12:14:13.568986138+01:00","level":"INFO","msg":"handleInformInit: received","streamId":"knjf5mt1","id":"1(@)"}
{"time":"2026-03-13T12:14:13.696737018+01:00","level":"INFO","msg":"handleInformInit: stream started","streamId":"knjf5mt1","id":"1(@)"}
{"time":"2026-03-13T12:21:57.381554683+01:00","level":"INFO","msg":"handleInformFinish: finish message received","streamId":"dqp73652","id":"1(@)"}
{"time":"2026-03-13T12:21:57.38460348+01:00","level":"INFO","msg":"handleInformFinish: stream closed","streamId":"dqp73652","id":"1(@)"}
{"time":"2026-03-13T12:22:39.201028706+01:00","level":"INFO","msg":"connection: cancelling request","id":"1(@)","requestId":"x0juuc6ikv84"}
{"time":"2026-03-13T12:22:39.203905883+01:00","level":"INFO","msg":"handleInformFinish: finish message received","streamId":"pr27pwy5","id":"1(@)"}
{"time":"2026-03-13T12:22:39.205826822+01:00","level":"INFO","msg":"handleInformFinish: stream closed","streamId":"pr27pwy5","id":"1(@)"}
{"time":"2026-03-13T12:26:06.345423237+01:00","level":"INFO","msg":"handleInformInit: received","streamId":"j5q1slrs","id":"1(@)"}
{"time":"2026-03-13T12:26:06.47297464+01:00","level":"INFO","msg":"handleInformInit: stream started","streamId":"j5q1slrs","id":"1(@)"}
{"time":"2026-03-13T12:26:28.54108963+01:00","level":"INFO","msg":"handleInformFinish: finish message received","streamId":"knjf5mt1","id":"1(@)"}
{"time":"2026-03-13T12:26:28.543976303+01:00","level":"INFO","msg":"handleInformFinish: stream closed","streamId":"knjf5mt1","id":"1(@)"}
{"time":"2026-03-13T12:27:44.666317806+01:00","level":"INFO","msg":"handleInformInit: received","streamId":"s3up82xn","id":"1(@)"}
{"time":"2026-03-13T12:27:44.794418415+01:00","level":"INFO","msg":"handleInformInit: stream started","streamId":"s3up82xn","id":"1(@)"}
{"time":"2026-03-13T12:31:35.488146683+01:00","level":"INFO","msg":"handleInformInit: received","streamId":"owb78lr4","id":"1(@)"}
{"time":"2026-03-13T12:31:35.623998815+01:00","level":"INFO","msg":"handleInformInit: stream started","streamId":"owb78lr4","id":"1(@)"}
{"time":"2026-03-13T12:39:05.202248599+01:00","level":"INFO","msg":"handleInformFinish: finish message received","streamId":"j5q1slrs","id":"1(@)"}
{"time":"2026-03-13T12:39:05.212723+01:00","level":"INFO","msg":"handleInformFinish: stream closed","streamId":"j5q1slrs","id":"1(@)"}
{"time":"2026-03-13T12:39:50.479321549+01:00","level":"INFO","msg":"handleInformFinish: finish message received","streamId":"s3up82xn","id":"1(@)"}
{"time":"2026-03-13T12:39:50.483037177+01:00","level":"INFO","msg":"handleInformFinish: stream closed","streamId":"s3up82xn","id":"1(@)"}
{"time":"2026-03-13T12:43:49.075052575+01:00","level":"INFO","msg":"connection: cancelling request","id":"1(@)","requestId":"zo1uq7yk4tq4"}
{"time":"2026-03-13T12:43:49.078079085+01:00","level":"INFO","msg":"handleInformFinish: finish message received","streamId":"owb78lr4","id":"1(@)"}
{"time":"2026-03-13T12:43:49.079805293+01:00","level":"INFO","msg":"handleInformFinish: stream closed","streamId":"owb78lr4","id":"1(@)"}
{"time":"2026-03-13T12:44:25.390592221+01:00","level":"INFO","msg":"handleInformInit: received","streamId":"qndjpajg","id":"1(@)"}
{"time":"2026-03-13T12:44:25.520365282+01:00","level":"INFO","msg":"handleInformInit: stream started","streamId":"qndjpajg","id":"1(@)"}
{"time":"2026-03-13T12:45:00.692610513+01:00","level":"INFO","msg":"handleInformInit: received","streamId":"u5tnh3ak","id":"1(@)"}
{"time":"2026-03-13T12:45:00.822762471+01:00","level":"INFO","msg":"handleInformInit: stream started","streamId":"u5tnh3ak","id":"1(@)"}
{"time":"2026-03-13T12:47:43.356600341+01:00","level":"INFO","msg":"handleInformInit: received","streamId":"dewo1wfn","id":"1(@)"}
{"time":"2026-03-13T12:47:43.491804398+01:00","level":"INFO","msg":"handleInformInit: stream started","streamId":"dewo1wfn","id":"1(@)"}
{"time":"2026-03-13T12:57:09.273568975+01:00","level":"INFO","msg":"handleInformFinish: finish message received","streamId":"u5tnh3ak","id":"1(@)"}
{"time":"2026-03-13T12:57:09.276836633+01:00","level":"INFO","msg":"handleInformFinish: stream closed","streamId":"u5tnh3ak","id":"1(@)"}
{"time":"2026-03-13T12:57:27.698225406+01:00","level":"INFO","msg":"handleInformFinish: finish message received","streamId":"qndjpajg","id":"1(@)"}
{"time":"2026-03-13T12:57:27.701358309+01:00","level":"INFO","msg":"handleInformFinish: stream closed","streamId":"qndjpajg","id":"1(@)"}
{"time":"2026-03-13T13:01:53.393506709+01:00","level":"INFO","msg":"handleInformFinish: finish message received","streamId":"dewo1wfn","id":"1(@)"}
{"time":"2026-03-13T13:01:53.396306112+01:00","level":"INFO","msg":"handleInformFinish: stream closed","streamId":"dewo1wfn","id":"1(@)"}
{"time":"2026-03-13T13:02:32.609136919+01:00","level":"INFO","msg":"handleInformInit: received","streamId":"h36nheaa","id":"1(@)"}
{"time":"2026-03-13T13:02:32.746878943+01:00","level":"INFO","msg":"handleInformInit: stream started","streamId":"h36nheaa","id":"1(@)"}
{"time":"2026-03-13T13:02:34.139986364+01:00","level":"INFO","msg":"handleInformInit: received","streamId":"i3umlgvk","id":"1(@)"}
{"time":"2026-03-13T13:02:34.268970827+01:00","level":"INFO","msg":"handleInformInit: stream started","streamId":"i3umlgvk","id":"1(@)"}
{"time":"2026-03-13T13:07:24.859287278+01:00","level":"INFO","msg":"handleInformInit: received","streamId":"xkajtzgy","id":"1(@)"}
{"time":"2026-03-13T13:07:24.990544954+01:00","level":"INFO","msg":"handleInformInit: stream started","streamId":"xkajtzgy","id":"1(@)"}
{"time":"2026-03-13T13:13:55.456367253+01:00","level":"INFO","msg":"handleInformFinish: finish message received","streamId":"i3umlgvk","id":"1(@)"}
{"time":"2026-03-13T13:13:55.459422721+01:00","level":"INFO","msg":"handleInformFinish: stream closed","streamId":"i3umlgvk","id":"1(@)"}
{"time":"2026-03-13T13:15:20.77334375+01:00","level":"INFO","msg":"handleInformFinish: finish message received","streamId":"h36nheaa","id":"1(@)"}
{"time":"2026-03-13T13:15:20.776354874+01:00","level":"INFO","msg":"handleInformFinish: stream closed","streamId":"h36nheaa","id":"1(@)"}
{"time":"2026-03-13T13:18:34.174430804+01:00","level":"INFO","msg":"handleInformInit: received","streamId":"dmgfcg16","id":"1(@)"}
{"time":"2026-03-13T13:18:34.315033417+01:00","level":"INFO","msg":"handleInformInit: stream started","streamId":"dmgfcg16","id":"1(@)"}
{"time":"2026-03-13T13:18:44.226444167+01:00","level":"INFO","msg":"handleInformFinish: finish message received","streamId":"xkajtzgy","id":"1(@)"}
{"time":"2026-03-13T13:18:44.235992549+01:00","level":"INFO","msg":"handleInformFinish: stream closed","streamId":"xkajtzgy","id":"1(@)"}
{"time":"2026-03-13T13:20:04.919987785+01:00","level":"INFO","msg":"handleInformFinish: finish message received","streamId":"dmgfcg16","id":"1(@)"}
{"time":"2026-03-13T13:20:04.922848107+01:00","level":"INFO","msg":"handleInformFinish: stream closed","streamId":"dmgfcg16","id":"1(@)"}
{"time":"2026-03-13T13:21:14.684054881+01:00","level":"INFO","msg":"handleInformInit: received","streamId":"h1csswdw","id":"1(@)"}
{"time":"2026-03-13T13:21:14.807743418+01:00","level":"INFO","msg":"handleInformInit: stream started","streamId":"h1csswdw","id":"1(@)"}
{"time":"2026-03-13T13:21:51.687298859+01:00","level":"INFO","msg":"handleInformFinish: finish message received","streamId":"h1csswdw","id":"1(@)"}
{"time":"2026-03-13T13:21:51.688732782+01:00","level":"INFO","msg":"handleInformFinish: stream closed","streamId":"h1csswdw","id":"1(@)"}
{"time":"2026-03-13T13:24:17.08278284+01:00","level":"INFO","msg":"handleInformInit: received","streamId":"xn8n3edz","id":"1(@)"}
{"time":"2026-03-13T13:24:17.208174614+01:00","level":"INFO","msg":"handleInformInit: stream started","streamId":"xn8n3edz","id":"1(@)"}
{"time":"2026-03-13T13:24:54.558535098+01:00","level":"INFO","msg":"connection: cancelling request","id":"1(@)","requestId":"15egdulvz74k"}
{"time":"2026-03-13T13:24:54.56031402+01:00","level":"INFO","msg":"handleInformFinish: finish message received","streamId":"xn8n3edz","id":"1(@)"}
{"time":"2026-03-13T13:24:54.561595506+01:00","level":"INFO","msg":"handleInformFinish: stream closed","streamId":"xn8n3edz","id":"1(@)"}
{"time":"2026-03-13T13:25:25.65427357+01:00","level":"INFO","msg":"handleInformInit: received","streamId":"viin7p32","id":"1(@)"}
{"time":"2026-03-13T13:25:25.779119235+01:00","level":"INFO","msg":"handleInformInit: stream started","streamId":"viin7p32","id":"1(@)"}
{"time":"2026-03-13T13:26:06.04975153+01:00","level":"INFO","msg":"connection: cancelling request","id":"1(@)","requestId":"942xejymj60f"}
{"time":"2026-03-13T13:26:06.051829897+01:00","level":"INFO","msg":"handleInformFinish: finish message received","streamId":"viin7p32","id":"1(@)"}
{"time":"2026-03-13T13:26:06.053285508+01:00","level":"INFO","msg":"handleInformFinish: stream closed","streamId":"viin7p32","id":"1(@)"}
{"time":"2026-03-13T13:27:59.90606107+01:00","level":"INFO","msg":"handleInformInit: received","streamId":"6sam6ojn","id":"1(@)"}
{"time":"2026-03-13T13:28:00.032091671+01:00","level":"INFO","msg":"handleInformInit: stream started","streamId":"6sam6ojn","id":"1(@)"}
{"time":"2026-03-13T13:28:40.519379397+01:00","level":"INFO","msg":"handleInformFinish: finish message received","streamId":"6sam6ojn","id":"1(@)"}
{"time":"2026-03-13T13:28:40.521429086+01:00","level":"INFO","msg":"handleInformFinish: stream closed","streamId":"6sam6ojn","id":"1(@)"}
{"time":"2026-03-13T13:29:22.24029766+01:00","level":"INFO","msg":"handleInformInit: received","streamId":"vo1ja245","id":"1(@)"}
{"time":"2026-03-13T13:29:22.3624773+01:00","level":"INFO","msg":"handleInformInit: stream started","streamId":"vo1ja245","id":"1(@)"}
{"time":"2026-03-13T13:30:49.4355131+01:00","level":"INFO","msg":"handleInformInit: received","streamId":"obke7j2g","id":"1(@)"}
{"time":"2026-03-13T13:30:49.562197918+01:00","level":"INFO","msg":"handleInformInit: stream started","streamId":"obke7j2g","id":"1(@)"}
{"time":"2026-03-13T13:31:19.321865367+01:00","level":"INFO","msg":"connection: cancelling request","id":"1(@)","requestId":"0o5zlcgxyfox"}
{"time":"2026-03-13T13:31:19.324701439+01:00","level":"INFO","msg":"handleInformFinish: finish message received","streamId":"vo1ja245","id":"1(@)"}
{"time":"2026-03-13T13:31:19.326315663+01:00","level":"INFO","msg":"handleInformFinish: stream closed","streamId":"vo1ja245","id":"1(@)"}
{"time":"2026-03-13T13:32:52.765739551+01:00","level":"INFO","msg":"handleInformFinish: finish message received","streamId":"obke7j2g","id":"1(@)"}
{"time":"2026-03-13T13:32:52.768644925+01:00","level":"INFO","msg":"handleInformFinish: stream closed","streamId":"obke7j2g","id":"1(@)"}
{"time":"2026-03-13T13:34:23.647385548+01:00","level":"INFO","msg":"handleInformInit: received","streamId":"7br59lzj","id":"1(@)"}
{"time":"2026-03-13T13:34:23.774241636+01:00","level":"INFO","msg":"handleInformInit: stream started","streamId":"7br59lzj","id":"1(@)"}
{"time":"2026-03-13T13:35:04.787025874+01:00","level":"INFO","msg":"handleInformFinish: finish message received","streamId":"7br59lzj","id":"1(@)"}
{"time":"2026-03-13T13:35:04.788597899+01:00","level":"INFO","msg":"handleInformFinish: stream closed","streamId":"7br59lzj","id":"1(@)"}
{"time":"2026-03-13T13:36:56.719103668+01:00","level":"INFO","msg":"handleInformInit: received","streamId":"pw1nx0d8","id":"1(@)"}
{"time":"2026-03-13T13:36:59.481373967+01:00","level":"INFO","msg":"handleInformInit: stream started","streamId":"pw1nx0d8","id":"1(@)"}
{"time":"2026-03-13T13:37:41.810700605+01:00","level":"INFO","msg":"handleInformFinish: finish message received","streamId":"pw1nx0d8","id":"1(@)"}
{"time":"2026-03-13T13:37:41.812923761+01:00","level":"INFO","msg":"handleInformFinish: stream closed","streamId":"pw1nx0d8","id":"1(@)"}
{"time":"2026-03-13T13:37:55.212786336+01:00","level":"INFO","msg":"handleInformInit: received","streamId":"k1lx1zmt","id":"1(@)"}
{"time":"2026-03-13T13:37:55.339541939+01:00","level":"INFO","msg":"handleInformInit: stream started","streamId":"k1lx1zmt","id":"1(@)"}
{"time":"2026-03-13T13:39:05.647332405+01:00","level":"INFO","msg":"handleInformFinish: finish message received","streamId":"k1lx1zmt","id":"1(@)"}
{"time":"2026-03-13T13:39:05.64881319+01:00","level":"INFO","msg":"handleInformFinish: stream closed","streamId":"k1lx1zmt","id":"1(@)"}
{"time":"2026-03-13T13:41:18.501703709+01:00","level":"INFO","msg":"handleInformInit: received","streamId":"dvm3bza9","id":"1(@)"}
{"time":"2026-03-13T13:41:18.626339125+01:00","level":"INFO","msg":"handleInformInit: stream started","streamId":"dvm3bza9","id":"1(@)"}
{"time":"2026-03-13T13:41:58.417342696+01:00","level":"INFO","msg":"connection: cancelling request","id":"1(@)","requestId":"tjkwokox0gl0"}
{"time":"2026-03-13T13:41:58.419407696+01:00","level":"INFO","msg":"handleInformFinish: finish message received","streamId":"dvm3bza9","id":"1(@)"}
{"time":"2026-03-13T13:41:58.421076776+01:00","level":"INFO","msg":"handleInformFinish: stream closed","streamId":"dvm3bza9","id":"1(@)"}
{"time":"2026-03-13T13:43:29.59671497+01:00","level":"INFO","msg":"handleInformInit: received","streamId":"wwnt9d2x","id":"1(@)"}
{"time":"2026-03-13T13:43:29.739632866+01:00","level":"INFO","msg":"handleInformInit: stream started","streamId":"wwnt9d2x","id":"1(@)"}
{"time":"2026-03-13T13:44:09.655895331+01:00","level":"INFO","msg":"handleInformFinish: finish message received","streamId":"wwnt9d2x","id":"1(@)"}
{"time":"2026-03-13T13:44:09.657172191+01:00","level":"INFO","msg":"handleInformFinish: stream closed","streamId":"wwnt9d2x","id":"1(@)"}
{"time":"2026-03-13T13:44:50.569784319+01:00","level":"INFO","msg":"handleInformInit: received","streamId":"mm22a2kn","id":"1(@)"}
{"time":"2026-03-13T13:44:50.700702601+01:00","level":"INFO","msg":"handleInformInit: stream started","streamId":"mm22a2kn","id":"1(@)"}
{"time":"2026-03-13T13:45:31.244027203+01:00","level":"INFO","msg":"handleInformFinish: finish message received","streamId":"mm22a2kn","id":"1(@)"}
{"time":"2026-03-13T13:45:31.246252329+01:00","level":"INFO","msg":"handleInformFinish: stream closed","streamId":"mm22a2kn","id":"1(@)"}
{"time":"2026-03-13T13:47:45.600590515+01:00","level":"INFO","msg":"handleInformInit: received","streamId":"wwu33uc1","id":"1(@)"}
{"time":"2026-03-13T13:47:45.72770989+01:00","level":"INFO","msg":"handleInformInit: stream started","streamId":"wwu33uc1","id":"1(@)"}
{"time":"2026-03-13T13:47:52.099148313+01:00","level":"INFO","msg":"handleInformInit: received","streamId":"kdj55xdq","id":"1(@)"}
{"time":"2026-03-13T13:47:52.226095461+01:00","level":"INFO","msg":"handleInformInit: stream started","streamId":"kdj55xdq","id":"1(@)"}
{"time":"2026-03-13T13:48:42.10539364+01:00","level":"INFO","msg":"handleInformFinish: finish message received","streamId":"kdj55xdq","id":"1(@)"}
{"time":"2026-03-13T13:48:42.107207155+01:00","level":"INFO","msg":"handleInformFinish: stream closed","streamId":"kdj55xdq","id":"1(@)"}
{"time":"2026-03-13T13:49:51.767117221+01:00","level":"INFO","msg":"handleInformInit: received","streamId":"3kew0r9a","id":"1(@)"}
{"time":"2026-03-13T13:49:51.897733629+01:00","level":"INFO","msg":"handleInformInit: stream started","streamId":"3kew0r9a","id":"1(@)"}
{"time":"2026-03-13T13:50:15.128528448+01:00","level":"INFO","msg":"handleInformFinish: finish message received","streamId":"wwu33uc1","id":"1(@)"}
{"time":"2026-03-13T13:50:15.132083781+01:00","level":"INFO","msg":"handleInformFinish: stream closed","streamId":"wwu33uc1","id":"1(@)"}
{"time":"2026-03-13T13:51:59.223585055+01:00","level":"INFO","msg":"handleInformFinish: finish message received","streamId":"3kew0r9a","id":"1(@)"}
{"time":"2026-03-13T13:51:59.22646027+01:00","level":"INFO","msg":"handleInformFinish: stream closed","streamId":"3kew0r9a","id":"1(@)"}
{"time":"2026-03-13T13:53:08.744230611+01:00","level":"INFO","msg":"handleInformInit: received","streamId":"dbqtsn83","id":"1(@)"}
{"time":"2026-03-13T13:53:08.87301518+01:00","level":"INFO","msg":"handleInformInit: stream started","streamId":"dbqtsn83","id":"1(@)"}
{"time":"2026-03-13T13:54:02.747906089+01:00","level":"INFO","msg":"handleInformInit: received","streamId":"gmmwfgml","id":"1(@)"}
{"time":"2026-03-13T13:54:02.877767139+01:00","level":"INFO","msg":"handleInformInit: stream started","streamId":"gmmwfgml","id":"1(@)"}
{"time":"2026-03-13T13:54:41.513752089+01:00","level":"INFO","msg":"connection: cancelling request","id":"1(@)","requestId":"umje7h8gmrg9"}
{"time":"2026-03-13T13:54:41.516701745+01:00","level":"INFO","msg":"handleInformFinish: finish message received","streamId":"dbqtsn83","id":"1(@)"}
{"time":"2026-03-13T13:54:41.517953555+01:00","level":"INFO","msg":"handleInformFinish: stream closed","streamId":"dbqtsn83","id":"1(@)"}
{"time":"2026-03-13T13:56:45.315114539+01:00","level":"INFO","msg":"handleInformFinish: finish message received","streamId":"gmmwfgml","id":"1(@)"}
{"time":"2026-03-13T13:56:45.318083706+01:00","level":"INFO","msg":"handleInformFinish: stream closed","streamId":"gmmwfgml","id":"1(@)"}
{"time":"2026-03-13T13:57:11.441768659+01:00","level":"INFO","msg":"handleInformInit: received","streamId":"2e724u9w","id":"1(@)"}
{"time":"2026-03-13T13:57:11.577861403+01:00","level":"INFO","msg":"handleInformInit: stream started","streamId":"2e724u9w","id":"1(@)"}
{"time":"2026-03-13T13:57:51.968384287+01:00","level":"INFO","msg":"handleInformFinish: finish message received","streamId":"2e724u9w","id":"1(@)"}
{"time":"2026-03-13T13:57:51.969886816+01:00","level":"INFO","msg":"handleInformFinish: stream closed","streamId":"2e724u9w","id":"1(@)"}
{"time":"2026-03-13T13:59:08.925984145+01:00","level":"INFO","msg":"handleInformInit: received","streamId":"cxrdft99","id":"1(@)"}
{"time":"2026-03-13T13:59:09.057271038+01:00","level":"INFO","msg":"handleInformInit: stream started","streamId":"cxrdft99","id":"1(@)"}
{"time":"2026-03-13T14:00:54.265302379+01:00","level":"INFO","msg":"handleInformFinish: finish message received","streamId":"cxrdft99","id":"1(@)"}
{"time":"2026-03-13T14:00:54.267147466+01:00","level":"INFO","msg":"handleInformFinish: stream closed","streamId":"cxrdft99","id":"1(@)"}
{"time":"2026-03-13T14:01:37.486848393+01:00","level":"INFO","msg":"handleInformInit: received","streamId":"3w91l2qz","id":"1(@)"}
{"time":"2026-03-13T14:01:37.609595165+01:00","level":"INFO","msg":"handleInformInit: stream started","streamId":"3w91l2qz","id":"1(@)"}
{"time":"2026-03-13T14:03:05.889687469+01:00","level":"INFO","msg":"handleInformInit: received","streamId":"55jba8a1","id":"1(@)"}
{"time":"2026-03-13T14:03:06.01358977+01:00","level":"INFO","msg":"handleInformInit: stream started","streamId":"55jba8a1","id":"1(@)"}
{"time":"2026-03-13T14:03:14.498800287+01:00","level":"INFO","msg":"handleInformFinish: finish message received","streamId":"3w91l2qz","id":"1(@)"}
{"time":"2026-03-13T14:03:14.501811035+01:00","level":"INFO","msg":"handleInformFinish: stream closed","streamId":"3w91l2qz","id":"1(@)"}
{"time":"2026-03-13T14:04:06.633843089+01:00","level":"INFO","msg":"handleInformFinish: finish message received","streamId":"55jba8a1","id":"1(@)"}
{"time":"2026-03-13T14:04:06.635879889+01:00","level":"INFO","msg":"handleInformFinish: stream closed","streamId":"55jba8a1","id":"1(@)"}
{"time":"2026-03-13T14:04:57.524491545+01:00","level":"INFO","msg":"handleInformInit: received","streamId":"9clotgrt","id":"1(@)"}
{"time":"2026-03-13T14:04:57.652059322+01:00","level":"INFO","msg":"handleInformInit: stream started","streamId":"9clotgrt","id":"1(@)"}
{"time":"2026-03-13T14:07:01.56268182+01:00","level":"INFO","msg":"handleInformFinish: finish message received","streamId":"9clotgrt","id":"1(@)"}
{"time":"2026-03-13T14:07:01.564359008+01:00","level":"INFO","msg":"handleInformFinish: stream closed","streamId":"9clotgrt","id":"1(@)"}
{"time":"2026-03-13T14:08:29.271225198+01:00","level":"INFO","msg":"handleInformInit: received","streamId":"lv9b3yx3","id":"1(@)"}
{"time":"2026-03-13T14:08:29.398369021+01:00","level":"INFO","msg":"handleInformInit: stream started","streamId":"lv9b3yx3","id":"1(@)"}
{"time":"2026-03-13T14:08:48.186910075+01:00","level":"INFO","msg":"handleInformInit: received","streamId":"ehnddl3x","id":"1(@)"}
{"time":"2026-03-13T14:08:48.315709565+01:00","level":"INFO","msg":"handleInformInit: stream started","streamId":"ehnddl3x","id":"1(@)"}
{"time":"2026-03-13T14:10:14.770635424+01:00","level":"INFO","msg":"handleInformFinish: finish message received","streamId":"ehnddl3x","id":"1(@)"}
{"time":"2026-03-13T14:10:14.772382456+01:00","level":"INFO","msg":"handleInformFinish: stream closed","streamId":"ehnddl3x","id":"1(@)"}
{"time":"2026-03-13T14:10:18.950191173+01:00","level":"INFO","msg":"handleInformInit: received","streamId":"v7a9e47i","id":"1(@)"}
{"time":"2026-03-13T14:10:19.081414947+01:00","level":"INFO","msg":"handleInformInit: stream started","streamId":"v7a9e47i","id":"1(@)"}
{"time":"2026-03-13T14:10:40.751102989+01:00","level":"INFO","msg":"handleInformFinish: finish message received","streamId":"lv9b3yx3","id":"1(@)"}
{"time":"2026-03-13T14:10:40.753852239+01:00","level":"INFO","msg":"handleInformFinish: stream closed","streamId":"lv9b3yx3","id":"1(@)"}
{"time":"2026-03-13T14:13:33.927221445+01:00","level":"INFO","msg":"connection: cancelling request","id":"1(@)","requestId":"x5fotrd4aqs3"}
{"time":"2026-03-13T14:13:33.930397822+01:00","level":"INFO","msg":"handleInformFinish: finish message received","streamId":"v7a9e47i","id":"1(@)"}
{"time":"2026-03-13T14:13:33.939532461+01:00","level":"INFO","msg":"handleInformFinish: stream closed","streamId":"v7a9e47i","id":"1(@)"}
{"time":"2026-03-13T14:15:14.801936458+01:00","level":"INFO","msg":"handleInformInit: received","streamId":"hibj69id","id":"1(@)"}
{"time":"2026-03-13T14:15:14.925308005+01:00","level":"INFO","msg":"handleInformInit: stream started","streamId":"hibj69id","id":"1(@)"}
{"time":"2026-03-13T14:15:49.075155714+01:00","level":"INFO","msg":"handleInformInit: received","streamId":"mmfrjg1e","id":"1(@)"}
{"time":"2026-03-13T14:15:49.231433825+01:00","level":"INFO","msg":"handleInformInit: stream started","streamId":"mmfrjg1e","id":"1(@)"}
{"time":"2026-03-13T14:16:39.550144867+01:00","level":"INFO","msg":"handleInformFinish: finish message received","streamId":"mmfrjg1e","id":"1(@)"}
{"time":"2026-03-13T14:16:39.551592149+01:00","level":"INFO","msg":"handleInformFinish: stream closed","streamId":"mmfrjg1e","id":"1(@)"}
{"time":"2026-03-13T14:16:48.256572078+01:00","level":"INFO","msg":"handleInformInit: received","streamId":"phiit46w","id":"1(@)"}
{"time":"2026-03-13T14:16:48.384151407+01:00","level":"INFO","msg":"handleInformInit: stream started","streamId":"phiit46w","id":"1(@)"}
{"time":"2026-03-13T14:16:57.774430887+01:00","level":"INFO","msg":"handleInformFinish: finish message received","streamId":"hibj69id","id":"1(@)"}
{"time":"2026-03-13T14:16:57.778514373+01:00","level":"INFO","msg":"handleInformFinish: stream closed","streamId":"hibj69id","id":"1(@)"}
{"time":"2026-03-13T14:20:30.842979148+01:00","level":"INFO","msg":"connection: cancelling request","id":"1(@)","requestId":"2eub4uv0l4nh"}
{"time":"2026-03-13T14:20:30.845851597+01:00","level":"INFO","msg":"handleInformFinish: finish message received","streamId":"phiit46w","id":"1(@)"}
{"time":"2026-03-13T14:20:30.853967757+01:00","level":"INFO","msg":"handleInformFinish: stream closed","streamId":"phiit46w","id":"1(@)"}
{"time":"2026-03-13T14:22:27.388574747+01:00","level":"INFO","msg":"handleInformInit: received","streamId":"p8wemvwp","id":"1(@)"}
{"time":"2026-03-13T14:22:27.510718588+01:00","level":"INFO","msg":"handleInformInit: stream started","streamId":"p8wemvwp","id":"1(@)"}
{"time":"2026-03-13T14:22:56.08698008+01:00","level":"INFO","msg":"handleInformInit: received","streamId":"mw1h5xsa","id":"1(@)"}
{"time":"2026-03-13T14:22:56.212399398+01:00","level":"INFO","msg":"handleInformInit: stream started","streamId":"mw1h5xsa","id":"1(@)"}
{"time":"2026-03-13T14:23:08.101871796+01:00","level":"INFO","msg":"handleInformFinish: finish message received","streamId":"p8wemvwp","id":"1(@)"}
{"time":"2026-03-13T14:23:08.104290454+01:00","level":"INFO","msg":"handleInformFinish: stream closed","streamId":"p8wemvwp","id":"1(@)"}
{"time":"2026-03-13T14:23:50.354651201+01:00","level":"INFO","msg":"connection: cancelling request","id":"1(@)","requestId":"4arocid8r929"}
{"time":"2026-03-13T14:23:50.357737463+01:00","level":"INFO","msg":"handleInformFinish: finish message received","streamId":"mw1h5xsa","id":"1(@)"}
{"time":"2026-03-13T14:23:50.359044345+01:00","level":"INFO","msg":"handleInformFinish: stream closed","streamId":"mw1h5xsa","id":"1(@)"}
{"time":"2026-03-13T14:25:57.543959253+01:00","level":"INFO","msg":"handleInformInit: received","streamId":"11b8c08h","id":"1(@)"}
{"time":"2026-03-13T14:25:57.667878804+01:00","level":"INFO","msg":"handleInformInit: stream started","streamId":"11b8c08h","id":"1(@)"}
{"time":"2026-03-13T14:27:31.222141051+01:00","level":"INFO","msg":"handleInformFinish: finish message received","streamId":"11b8c08h","id":"1(@)"}
{"time":"2026-03-13T14:27:31.22344277+01:00","level":"INFO","msg":"handleInformFinish: stream closed","streamId":"11b8c08h","id":"1(@)"}
{"time":"2026-03-13T14:28:06.065146777+01:00","level":"INFO","msg":"handleInformInit: received","streamId":"l3rtu6fe","id":"1(@)"}
{"time":"2026-03-13T14:28:06.192593833+01:00","level":"INFO","msg":"handleInformInit: stream started","streamId":"l3rtu6fe","id":"1(@)"}
{"time":"2026-03-13T14:28:46.732251856+01:00","level":"INFO","msg":"handleInformInit: received","streamId":"w44e9a7o","id":"1(@)"}
{"time":"2026-03-13T14:28:46.854955501+01:00","level":"INFO","msg":"handleInformInit: stream started","streamId":"w44e9a7o","id":"1(@)"}
{"time":"2026-03-13T14:29:33.600393675+01:00","level":"INFO","msg":"handleInformFinish: finish message received","streamId":"l3rtu6fe","id":"1(@)"}
{"time":"2026-03-13T14:29:33.603452684+01:00","level":"INFO","msg":"handleInformFinish: stream closed","streamId":"l3rtu6fe","id":"1(@)"}
{"time":"2026-03-13T14:30:13.926246548+01:00","level":"INFO","msg":"connection: cancelling request","id":"1(@)","requestId":"d7elxcmtavt6"}
{"time":"2026-03-13T14:30:13.929271965+01:00","level":"INFO","msg":"handleInformFinish: finish message received","streamId":"w44e9a7o","id":"1(@)"}
{"time":"2026-03-13T14:30:13.941599658+01:00","level":"INFO","msg":"handleInformFinish: stream closed","streamId":"w44e9a7o","id":"1(@)"}
{"time":"2026-03-13T14:30:49.398475565+01:00","level":"INFO","msg":"handleInformInit: received","streamId":"ytlqnc48","id":"1(@)"}
{"time":"2026-03-13T14:30:49.520964078+01:00","level":"INFO","msg":"handleInformInit: stream started","streamId":"ytlqnc48","id":"1(@)"}
{"time":"2026-03-13T14:32:54.465353362+01:00","level":"INFO","msg":"handleInformInit: received","streamId":"nxldu1fg","id":"1(@)"}
{"time":"2026-03-13T14:32:54.591733269+01:00","level":"INFO","msg":"handleInformInit: stream started","streamId":"nxldu1fg","id":"1(@)"}
{"time":"2026-03-13T14:34:18.505316308+01:00","level":"INFO","msg":"connection: cancelling request","id":"1(@)","requestId":"t1yyqkr6uqle"}
{"time":"2026-03-13T14:34:18.508152454+01:00","level":"INFO","msg":"handleInformFinish: finish message received","streamId":"ytlqnc48","id":"1(@)"}
{"time":"2026-03-13T14:34:18.511776351+01:00","level":"INFO","msg":"handleInformFinish: stream closed","streamId":"ytlqnc48","id":"1(@)"}
{"time":"2026-03-13T14:35:59.805324473+01:00","level":"INFO","msg":"handleInformInit: received","streamId":"6ri3bleq","id":"1(@)"}
{"time":"2026-03-13T14:35:59.928852737+01:00","level":"INFO","msg":"handleInformInit: stream started","streamId":"6ri3bleq","id":"1(@)"}
{"time":"2026-03-13T14:36:28.127404737+01:00","level":"INFO","msg":"handleInformFinish: finish message received","streamId":"nxldu1fg","id":"1(@)"}
{"time":"2026-03-13T14:36:28.134102276+01:00","level":"INFO","msg":"handleInformFinish: stream closed","streamId":"nxldu1fg","id":"1(@)"}
{"time":"2026-03-13T14:36:40.585719293+01:00","level":"INFO","msg":"handleInformFinish: finish message received","streamId":"6ri3bleq","id":"1(@)"}
{"time":"2026-03-13T14:36:40.589543117+01:00","level":"INFO","msg":"handleInformFinish: stream closed","streamId":"6ri3bleq","id":"1(@)"}
{"time":"2026-03-13T14:38:57.022995265+01:00","level":"INFO","msg":"handleInformInit: received","streamId":"cu8mdcbk","id":"1(@)"}
{"time":"2026-03-13T14:38:57.146087029+01:00","level":"INFO","msg":"handleInformInit: stream started","streamId":"cu8mdcbk","id":"1(@)"}
{"time":"2026-03-13T14:40:39.325454836+01:00","level":"INFO","msg":"handleInformFinish: finish message received","streamId":"cu8mdcbk","id":"1(@)"}
{"time":"2026-03-13T14:40:39.327132901+01:00","level":"INFO","msg":"handleInformFinish: stream closed","streamId":"cu8mdcbk","id":"1(@)"}
{"time":"2026-03-13T14:41:24.53567059+01:00","level":"INFO","msg":"handleInformInit: received","streamId":"08654gf6","id":"1(@)"}
{"time":"2026-03-13T14:41:24.658501234+01:00","level":"INFO","msg":"handleInformInit: stream started","streamId":"08654gf6","id":"1(@)"}
{"time":"2026-03-13T14:42:35.910663782+01:00","level":"INFO","msg":"connection: cancelling request","id":"1(@)","requestId":"xhs9tj8jt6u2"}
{"time":"2026-03-13T14:42:35.912727263+01:00","level":"INFO","msg":"handleInformFinish: finish message received","streamId":"08654gf6","id":"1(@)"}
{"time":"2026-03-13T14:42:35.914494493+01:00","level":"INFO","msg":"handleInformFinish: stream closed","streamId":"08654gf6","id":"1(@)"}
{"time":"2026-03-13T14:42:44.498437693+01:00","level":"INFO","msg":"handleInformInit: received","streamId":"fddeatnl","id":"1(@)"}
{"time":"2026-03-13T14:42:44.621410768+01:00","level":"INFO","msg":"handleInformInit: stream started","streamId":"fddeatnl","id":"1(@)"}
{"time":"2026-03-13T14:43:10.316152875+01:00","level":"INFO","msg":"handleInformFinish: finish message received","streamId":"fddeatnl","id":"1(@)"}
{"time":"2026-03-13T14:43:10.317999551+01:00","level":"INFO","msg":"handleInformFinish: stream closed","streamId":"fddeatnl","id":"1(@)"}
{"time":"2026-03-13T14:45:09.25426571+01:00","level":"INFO","msg":"handleInformInit: received","streamId":"jfq3rzay","id":"1(@)"}
{"time":"2026-03-13T14:45:09.380420262+01:00","level":"INFO","msg":"handleInformInit: stream started","streamId":"jfq3rzay","id":"1(@)"}
{"time":"2026-03-13T14:46:44.877677848+01:00","level":"INFO","msg":"handleInformFinish: finish message received","streamId":"jfq3rzay","id":"1(@)"}
{"time":"2026-03-13T14:46:44.898658171+01:00","level":"INFO","msg":"handleInformFinish: stream closed","streamId":"jfq3rzay","id":"1(@)"}
{"time":"2026-03-13T14:48:16.747710884+01:00","level":"INFO","msg":"handleInformInit: received","streamId":"a7ryxhgr","id":"1(@)"}
{"time":"2026-03-13T14:48:16.875666952+01:00","level":"INFO","msg":"handleInformInit: stream started","streamId":"a7ryxhgr","id":"1(@)"}
{"time":"2026-03-13T14:48:39.231762905+01:00","level":"INFO","msg":"handleInformInit: received","streamId":"a9seymy0","id":"1(@)"}
{"time":"2026-03-13T14:48:39.362509487+01:00","level":"INFO","msg":"handleInformInit: stream started","streamId":"a9seymy0","id":"1(@)"}
{"time":"2026-03-13T14:49:04.599235171+01:00","level":"INFO","msg":"connection: cancelling request","id":"1(@)","requestId":"kb2tfsh5x2v8"}
{"time":"2026-03-13T14:49:04.601146595+01:00","level":"INFO","msg":"handleInformFinish: finish message received","streamId":"a9seymy0","id":"1(@)"}
{"time":"2026-03-13T14:49:04.602459435+01:00","level":"INFO","msg":"handleInformFinish: stream closed","streamId":"a9seymy0","id":"1(@)"}
{"time":"2026-03-13T14:49:13.41542504+01:00","level":"INFO","msg":"handleInformFinish: finish message received","streamId":"a7ryxhgr","id":"1(@)"}
{"time":"2026-03-13T14:49:13.418816315+01:00","level":"INFO","msg":"handleInformFinish: stream closed","streamId":"a7ryxhgr","id":"1(@)"}
{"time":"2026-03-13T14:51:23.254246506+01:00","level":"INFO","msg":"handleInformInit: received","streamId":"7y5ecgiv","id":"1(@)"}
{"time":"2026-03-13T14:51:25.093761573+01:00","level":"INFO","msg":"handleInformInit: stream started","streamId":"7y5ecgiv","id":"1(@)"}
{"time":"2026-03-13T14:53:07.379387066+01:00","level":"INFO","msg":"handleInformFinish: finish message received","streamId":"7y5ecgiv","id":"1(@)"}
{"time":"2026-03-13T14:53:07.381596193+01:00","level":"INFO","msg":"handleInformFinish: stream closed","streamId":"7y5ecgiv","id":"1(@)"}
{"time":"2026-03-13T14:54:01.53160614+01:00","level":"INFO","msg":"handleInformInit: received","streamId":"siotto7d","id":"1(@)"}
{"time":"2026-03-13T14:54:01.654460952+01:00","level":"INFO","msg":"handleInformInit: stream started","streamId":"siotto7d","id":"1(@)"}
{"time":"2026-03-13T14:54:36.09529312+01:00","level":"INFO","msg":"handleInformInit: received","streamId":"d5qpea4x","id":"1(@)"}
{"time":"2026-03-13T14:54:36.222154768+01:00","level":"INFO","msg":"handleInformInit: stream started","streamId":"d5qpea4x","id":"1(@)"}
{"time":"2026-03-13T14:55:04.240079026+01:00","level":"INFO","msg":"handleInformFinish: finish message received","streamId":"d5qpea4x","id":"1(@)"}
{"time":"2026-03-13T14:55:04.241886361+01:00","level":"INFO","msg":"handleInformFinish: stream closed","streamId":"d5qpea4x","id":"1(@)"}
{"time":"2026-03-13T14:55:13.443934826+01:00","level":"INFO","msg":"handleInformFinish: finish message received","streamId":"siotto7d","id":"1(@)"}
{"time":"2026-03-13T14:55:13.447611596+01:00","level":"INFO","msg":"handleInformFinish: stream closed","streamId":"siotto7d","id":"1(@)"}
{"time":"2026-03-13T14:57:54.507259282+01:00","level":"INFO","msg":"handleInformInit: received","streamId":"82phfh5n","id":"1(@)"}
{"time":"2026-03-13T14:57:54.641334964+01:00","level":"INFO","msg":"handleInformInit: stream started","streamId":"82phfh5n","id":"1(@)"}
{"time":"2026-03-13T14:58:38.768909496+01:00","level":"INFO","msg":"handleInformInit: received","streamId":"hv9266wu","id":"1(@)"}
{"time":"2026-03-13T14:58:38.893341212+01:00","level":"INFO","msg":"handleInformInit: stream started","streamId":"hv9266wu","id":"1(@)"}
{"time":"2026-03-13T14:59:06.596583394+01:00","level":"INFO","msg":"connection: cancelling request","id":"1(@)","requestId":"fkivnlsipe0p"}
{"time":"2026-03-13T14:59:06.598558086+01:00","level":"INFO","msg":"handleInformFinish: finish message received","streamId":"hv9266wu","id":"1(@)"}
{"time":"2026-03-13T14:59:06.602410105+01:00","level":"INFO","msg":"handleInformFinish: stream closed","streamId":"hv9266wu","id":"1(@)"}
{"time":"2026-03-13T14:59:59.268001589+01:00","level":"INFO","msg":"handleInformInit: received","streamId":"acjz575k","id":"1(@)"}
{"time":"2026-03-13T14:59:59.391033856+01:00","level":"INFO","msg":"handleInformInit: stream started","streamId":"acjz575k","id":"1(@)"}
{"time":"2026-03-13T15:01:15.711657443+01:00","level":"INFO","msg":"connection: cancelling request","id":"1(@)","requestId":"ii4l3nb7febc"}
{"time":"2026-03-13T15:01:15.714759012+01:00","level":"INFO","msg":"handleInformFinish: finish message received","streamId":"82phfh5n","id":"1(@)"}
{"time":"2026-03-13T15:01:15.716393338+01:00","level":"INFO","msg":"handleInformFinish: stream closed","streamId":"82phfh5n","id":"1(@)"}
{"time":"2026-03-13T15:01:21.442246807+01:00","level":"INFO","msg":"connection: cancelling request","id":"1(@)","requestId":"0aygrow76rko"}
{"time":"2026-03-13T15:01:21.445416621+01:00","level":"INFO","msg":"handleInformFinish: finish message received","streamId":"acjz575k","id":"1(@)"}
{"time":"2026-03-13T15:01:21.446802198+01:00","level":"INFO","msg":"handleInformFinish: stream closed","streamId":"acjz575k","id":"1(@)"}
{"time":"2026-03-13T15:03:38.701570823+01:00","level":"INFO","msg":"handleInformInit: received","streamId":"gip42foq","id":"1(@)"}
{"time":"2026-03-13T15:03:38.828669044+01:00","level":"INFO","msg":"handleInformInit: stream started","streamId":"gip42foq","id":"1(@)"}
{"time":"2026-03-13T15:05:06.32430571+01:00","level":"INFO","msg":"handleInformFinish: finish message received","streamId":"gip42foq","id":"1(@)"}
{"time":"2026-03-13T15:05:06.332748601+01:00","level":"INFO","msg":"handleInformFinish: stream closed","streamId":"gip42foq","id":"1(@)"}
{"time":"2026-03-13T15:07:26.646222537+01:00","level":"INFO","msg":"handleInformInit: received","streamId":"b9rlvf7w","id":"1(@)"}
{"time":"2026-03-13T15:07:26.768374732+01:00","level":"INFO","msg":"handleInformInit: stream started","streamId":"b9rlvf7w","id":"1(@)"}
{"time":"2026-03-13T15:07:37.574410634+01:00","level":"INFO","msg":"handleInformInit: received","streamId":"bj8d5d38","id":"1(@)"}
{"time":"2026-03-13T15:07:37.698868112+01:00","level":"INFO","msg":"handleInformInit: stream started","streamId":"bj8d5d38","id":"1(@)"}
{"time":"2026-03-13T15:07:54.28026042+01:00","level":"INFO","msg":"handleInformFinish: finish message received","streamId":"b9rlvf7w","id":"1(@)"}
{"time":"2026-03-13T15:07:54.282441348+01:00","level":"INFO","msg":"handleInformFinish: stream closed","streamId":"b9rlvf7w","id":"1(@)"}
{"time":"2026-03-13T15:08:05.933507003+01:00","level":"INFO","msg":"handleInformFinish: finish message received","streamId":"bj8d5d38","id":"1(@)"}
{"time":"2026-03-13T15:08:05.937825944+01:00","level":"INFO","msg":"handleInformFinish: stream closed","streamId":"bj8d5d38","id":"1(@)"}
{"time":"2026-03-13T15:10:44.72917456+01:00","level":"INFO","msg":"handleInformInit: received","streamId":"gev29n9n","id":"1(@)"}
{"time":"2026-03-13T15:10:44.852238178+01:00","level":"INFO","msg":"handleInformInit: stream started","streamId":"gev29n9n","id":"1(@)"}
{"time":"2026-03-13T15:11:12.714919322+01:00","level":"INFO","msg":"connection: cancelling request","id":"1(@)","requestId":"5iy0zqwjvxhq"}
{"time":"2026-03-13T15:11:12.716843584+01:00","level":"INFO","msg":"handleInformFinish: finish message received","streamId":"gev29n9n","id":"1(@)"}
{"time":"2026-03-13T15:11:12.718271889+01:00","level":"INFO","msg":"handleInformFinish: stream closed","streamId":"gev29n9n","id":"1(@)"}
{"time":"2026-03-13T15:11:16.740675737+01:00","level":"INFO","msg":"handleInformInit: received","streamId":"xle3cw54","id":"1(@)"}
{"time":"2026-03-13T15:11:16.870563268+01:00","level":"INFO","msg":"handleInformInit: stream started","streamId":"xle3cw54","id":"1(@)"}
{"time":"2026-03-13T15:12:50.17236617+01:00","level":"INFO","msg":"handleInformInit: received","streamId":"1ovwzg9x","id":"1(@)"}
{"time":"2026-03-13T15:12:50.29679937+01:00","level":"INFO","msg":"handleInformInit: stream started","streamId":"1ovwzg9x","id":"1(@)"}
{"time":"2026-03-13T15:13:50.495105633+01:00","level":"INFO","msg":"handleInformFinish: finish message received","streamId":"1ovwzg9x","id":"1(@)"}
{"time":"2026-03-13T15:13:50.496517617+01:00","level":"INFO","msg":"handleInformFinish: stream closed","streamId":"1ovwzg9x","id":"1(@)"}
{"time":"2026-03-13T15:14:21.03607861+01:00","level":"INFO","msg":"handleInformFinish: finish message received","streamId":"xle3cw54","id":"1(@)"}
{"time":"2026-03-13T15:14:21.038925234+01:00","level":"INFO","msg":"handleInformFinish: stream closed","streamId":"xle3cw54","id":"1(@)"}
{"time":"2026-03-13T15:16:23.940875571+01:00","level":"INFO","msg":"handleInformInit: received","streamId":"fum71vv8","id":"1(@)"}
{"time":"2026-03-13T15:16:24.065490879+01:00","level":"INFO","msg":"handleInformInit: stream started","streamId":"fum71vv8","id":"1(@)"}
{"time":"2026-03-13T15:16:48.893451529+01:00","level":"INFO","msg":"handleInformInit: received","streamId":"3o12s5uw","id":"1(@)"}
{"time":"2026-03-13T15:16:49.048573848+01:00","level":"INFO","msg":"handleInformInit: stream started","streamId":"3o12s5uw","id":"1(@)"}
{"time":"2026-03-13T15:17:21.37973665+01:00","level":"INFO","msg":"handleInformFinish: finish message received","streamId":"3o12s5uw","id":"1(@)"}
{"time":"2026-03-13T15:17:21.381469352+01:00","level":"INFO","msg":"handleInformFinish: stream closed","streamId":"3o12s5uw","id":"1(@)"}
{"time":"2026-03-13T15:18:32.745978093+01:00","level":"INFO","msg":"handleInformInit: received","streamId":"2kzz4c6f","id":"1(@)"}
{"time":"2026-03-13T15:18:32.885279054+01:00","level":"INFO","msg":"handleInformInit: stream started","streamId":"2kzz4c6f","id":"1(@)"}
{"time":"2026-03-13T15:20:16.881336749+01:00","level":"INFO","msg":"handleInformFinish: finish message received","streamId":"fum71vv8","id":"1(@)"}
{"time":"2026-03-13T15:20:16.884055304+01:00","level":"INFO","msg":"handleInformFinish: stream closed","streamId":"fum71vv8","id":"1(@)"}
{"time":"2026-03-13T15:20:24.420293077+01:00","level":"INFO","msg":"handleInformFinish: finish message received","streamId":"2kzz4c6f","id":"1(@)"}
{"time":"2026-03-13T15:20:24.425510802+01:00","level":"INFO","msg":"handleInformFinish: stream closed","streamId":"2kzz4c6f","id":"1(@)"}
{"time":"2026-03-13T15:22:31.321440779+01:00","level":"INFO","msg":"handleInformInit: received","streamId":"0qwz036p","id":"1(@)"}
{"time":"2026-03-13T15:22:31.488150051+01:00","level":"INFO","msg":"handleInformInit: stream started","streamId":"0qwz036p","id":"1(@)"}
{"time":"2026-03-13T15:23:03.013706041+01:00","level":"INFO","msg":"handleInformFinish: finish message received","streamId":"0qwz036p","id":"1(@)"}
{"time":"2026-03-13T15:23:03.015909609+01:00","level":"INFO","msg":"handleInformFinish: stream closed","streamId":"0qwz036p","id":"1(@)"}
{"time":"2026-03-13T15:24:38.328615943+01:00","level":"INFO","msg":"handleInformInit: received","streamId":"vc4x7rs0","id":"1(@)"}
{"time":"2026-03-13T15:24:38.453837564+01:00","level":"INFO","msg":"handleInformInit: stream started","streamId":"vc4x7rs0","id":"1(@)"}
{"time":"2026-03-13T15:25:03.490240934+01:00","level":"INFO","msg":"handleInformInit: received","streamId":"25njhdwn","id":"1(@)"}
{"time":"2026-03-13T15:25:03.613027604+01:00","level":"INFO","msg":"handleInformInit: stream started","streamId":"25njhdwn","id":"1(@)"}
{"time":"2026-03-13T15:25:58.819471615+01:00","level":"INFO","msg":"handleInformFinish: finish message received","streamId":"vc4x7rs0","id":"1(@)"}
{"time":"2026-03-13T15:25:58.822063789+01:00","level":"INFO","msg":"handleInformFinish: stream closed","streamId":"vc4x7rs0","id":"1(@)"}
{"time":"2026-03-13T15:26:04.070885349+01:00","level":"INFO","msg":"handleInformFinish: finish message received","streamId":"25njhdwn","id":"1(@)"}
{"time":"2026-03-13T15:26:04.107040624+01:00","level":"INFO","msg":"handleInformFinish: stream closed","streamId":"25njhdwn","id":"1(@)"}
{"time":"2026-03-13T15:26:39.03410087+01:00","level":"INFO","msg":"handleInformInit: received","streamId":"5tyfp09o","id":"1(@)"}
{"time":"2026-03-13T15:26:39.155660568+01:00","level":"INFO","msg":"handleInformInit: stream started","streamId":"5tyfp09o","id":"1(@)"}
{"time":"2026-03-13T15:28:36.762015126+01:00","level":"INFO","msg":"handleInformFinish: finish message received","streamId":"5tyfp09o","id":"1(@)"}
{"time":"2026-03-13T15:28:36.763776259+01:00","level":"INFO","msg":"handleInformFinish: stream closed","streamId":"5tyfp09o","id":"1(@)"}
{"time":"2026-03-13T15:31:33.024109402+01:00","level":"INFO","msg":"handleInformInit: received","streamId":"0urk06p2","id":"1(@)"}
{"time":"2026-03-13T15:31:33.14734138+01:00","level":"INFO","msg":"handleInformInit: stream started","streamId":"0urk06p2","id":"1(@)"}
{"time":"2026-03-13T15:31:40.735933272+01:00","level":"INFO","msg":"handleInformInit: received","streamId":"oadi5h6a","id":"1(@)"}
{"time":"2026-03-13T15:31:40.867332873+01:00","level":"INFO","msg":"handleInformInit: stream started","streamId":"oadi5h6a","id":"1(@)"}
{"time":"2026-03-13T15:32:20.803791041+01:00","level":"INFO","msg":"handleInformFinish: finish message received","streamId":"oadi5h6a","id":"1(@)"}
{"time":"2026-03-13T15:32:20.805528089+01:00","level":"INFO","msg":"handleInformFinish: stream closed","streamId":"oadi5h6a","id":"1(@)"}
{"time":"2026-03-13T15:32:36.5120355+01:00","level":"INFO","msg":"handleInformFinish: finish message received","streamId":"0urk06p2","id":"1(@)"}
{"time":"2026-03-13T15:32:36.514893531+01:00","level":"INFO","msg":"handleInformFinish: stream closed","streamId":"0urk06p2","id":"1(@)"}
{"time":"2026-03-13T15:34:13.688268152+01:00","level":"INFO","msg":"handleInformInit: received","streamId":"2kqwx38r","id":"1(@)"}
{"time":"2026-03-13T15:34:13.811541762+01:00","level":"INFO","msg":"handleInformInit: stream started","streamId":"2kqwx38r","id":"1(@)"}
{"time":"2026-03-13T15:34:41.186066016+01:00","level":"INFO","msg":"handleInformFinish: finish message received","streamId":"2kqwx38r","id":"1(@)"}
{"time":"2026-03-13T15:34:41.187708543+01:00","level":"INFO","msg":"handleInformFinish: stream closed","streamId":"2kqwx38r","id":"1(@)"}
{"time":"2026-03-13T15:35:13.207783286+01:00","level":"INFO","msg":"handleInformInit: received","streamId":"5tn60szi","id":"1(@)"}
{"time":"2026-03-13T15:35:13.335612014+01:00","level":"INFO","msg":"handleInformInit: stream started","streamId":"5tn60szi","id":"1(@)"}
{"time":"2026-03-13T15:37:35.654438921+01:00","level":"INFO","msg":"handleInformInit: received","streamId":"fxjdvv8x","id":"1(@)"}
{"time":"2026-03-13T15:37:35.794912628+01:00","level":"INFO","msg":"handleInformInit: stream started","streamId":"fxjdvv8x","id":"1(@)"}
{"time":"2026-03-13T15:38:03.64281873+01:00","level":"INFO","msg":"handleInformFinish: finish message received","streamId":"fxjdvv8x","id":"1(@)"}
{"time":"2026-03-13T15:38:03.645094894+01:00","level":"INFO","msg":"handleInformFinish: stream closed","streamId":"fxjdvv8x","id":"1(@)"}
{"time":"2026-03-13T15:38:46.458552884+01:00","level":"INFO","msg":"connection: cancelling request","id":"1(@)","requestId":"zrcwxbvqd3wf"}
{"time":"2026-03-13T15:38:46.461473564+01:00","level":"INFO","msg":"handleInformFinish: finish message received","streamId":"5tn60szi","id":"1(@)"}
{"time":"2026-03-13T15:38:46.463370066+01:00","level":"INFO","msg":"handleInformFinish: stream closed","streamId":"5tn60szi","id":"1(@)"}
{"time":"2026-03-13T15:39:07.368251988+01:00","level":"INFO","msg":"handleInformInit: received","streamId":"2mho7lx3","id":"1(@)"}
{"time":"2026-03-13T15:39:07.491645489+01:00","level":"INFO","msg":"handleInformInit: stream started","streamId":"2mho7lx3","id":"1(@)"}
{"time":"2026-03-13T15:40:31.567715883+01:00","level":"INFO","msg":"handleInformFinish: finish message received","streamId":"2mho7lx3","id":"1(@)"}
{"time":"2026-03-13T15:40:31.569418871+01:00","level":"INFO","msg":"handleInformFinish: stream closed","streamId":"2mho7lx3","id":"1(@)"}
{"time":"2026-03-13T15:43:00.926688659+01:00","level":"INFO","msg":"handleInformInit: received","streamId":"t6ngdp0g","id":"1(@)"}
{"time":"2026-03-13T15:43:01.049391626+01:00","level":"INFO","msg":"handleInformInit: stream started","streamId":"t6ngdp0g","id":"1(@)"}
{"time":"2026-03-13T15:43:46.684556341+01:00","level":"INFO","msg":"handleInformInit: received","streamId":"zsy7572d","id":"1(@)"}
{"time":"2026-03-13T15:43:46.811807032+01:00","level":"INFO","msg":"handleInformInit: stream started","streamId":"zsy7572d","id":"1(@)"}
{"time":"2026-03-13T15:44:28.931073404+01:00","level":"INFO","msg":"connection: cancelling request","id":"1(@)","requestId":"sjg64yjfcvbs"}
{"time":"2026-03-13T15:44:28.934176126+01:00","level":"INFO","msg":"handleInformFinish: finish message received","streamId":"t6ngdp0g","id":"1(@)"}
{"time":"2026-03-13T15:44:28.936013821+01:00","level":"INFO","msg":"handleInformFinish: stream closed","streamId":"t6ngdp0g","id":"1(@)"}
{"time":"2026-03-13T15:45:14.188014828+01:00","level":"INFO","msg":"handleInformFinish: finish message received","streamId":"zsy7572d","id":"1(@)"}
{"time":"2026-03-13T15:45:14.190862089+01:00","level":"INFO","msg":"handleInformFinish: stream closed","streamId":"zsy7572d","id":"1(@)"}
{"time":"2026-03-13T15:45:48.395401368+01:00","level":"INFO","msg":"handleInformInit: received","streamId":"5d5gnfrv","id":"1(@)"}
{"time":"2026-03-13T15:45:48.519687373+01:00","level":"INFO","msg":"handleInformInit: stream started","streamId":"5d5gnfrv","id":"1(@)"}
{"time":"2026-03-13T15:46:52.31764954+01:00","level":"INFO","msg":"connection: cancelling request","id":"1(@)","requestId":"ri03eg15t2gx"}
{"time":"2026-03-13T15:46:52.319620475+01:00","level":"INFO","msg":"handleInformFinish: finish message received","streamId":"5d5gnfrv","id":"1(@)"}
{"time":"2026-03-13T15:46:52.321253653+01:00","level":"INFO","msg":"handleInformFinish: stream closed","streamId":"5d5gnfrv","id":"1(@)"}
{"time":"2026-03-13T15:48:55.560443567+01:00","level":"INFO","msg":"handleInformInit: received","streamId":"3tsk0hs3","id":"1(@)"}
{"time":"2026-03-13T15:48:55.700041537+01:00","level":"INFO","msg":"handleInformInit: stream started","streamId":"3tsk0hs3","id":"1(@)"}
{"time":"2026-03-13T15:50:31.237689015+01:00","level":"INFO","msg":"handleInformInit: received","streamId":"sxytj6bp","id":"1(@)"}
{"time":"2026-03-13T15:50:31.360756349+01:00","level":"INFO","msg":"handleInformInit: stream started","streamId":"sxytj6bp","id":"1(@)"}
{"time":"2026-03-13T15:50:40.252636239+01:00","level":"INFO","msg":"handleInformFinish: finish message received","streamId":"3tsk0hs3","id":"1(@)"}
{"time":"2026-03-13T15:50:40.255279909+01:00","level":"INFO","msg":"handleInformFinish: stream closed","streamId":"3tsk0hs3","id":"1(@)"}
{"time":"2026-03-13T15:50:54.151005172+01:00","level":"INFO","msg":"handleInformInit: received","streamId":"zlm55xcx","id":"1(@)"}
{"time":"2026-03-13T15:50:54.275184831+01:00","level":"INFO","msg":"handleInformInit: stream started","streamId":"zlm55xcx","id":"1(@)"}
{"time":"2026-03-13T15:51:44.022553262+01:00","level":"INFO","msg":"handleInformFinish: finish message received","streamId":"sxytj6bp","id":"1(@)"}
{"time":"2026-03-13T15:51:44.024994088+01:00","level":"INFO","msg":"handleInformFinish: stream closed","streamId":"sxytj6bp","id":"1(@)"}
{"time":"2026-03-13T15:52:47.027559771+01:00","level":"INFO","msg":"handleInformFinish: finish message received","streamId":"zlm55xcx","id":"1(@)"}
{"time":"2026-03-13T15:52:47.031188107+01:00","level":"INFO","msg":"handleInformFinish: stream closed","streamId":"zlm55xcx","id":"1(@)"}
{"time":"2026-03-13T15:56:50.176061355+01:00","level":"INFO","msg":"handleInformInit: received","streamId":"ahbvyzjy","id":"1(@)"}
{"time":"2026-03-13T15:56:50.302310984+01:00","level":"INFO","msg":"handleInformInit: stream started","streamId":"ahbvyzjy","id":"1(@)"}
{"time":"2026-03-13T15:57:21.631143456+01:00","level":"INFO","msg":"handleInformFinish: finish message received","streamId":"ahbvyzjy","id":"1(@)"}
{"time":"2026-03-13T15:57:21.63377158+01:00","level":"INFO","msg":"handleInformFinish: stream closed","streamId":"ahbvyzjy","id":"1(@)"}
{"time":"2026-03-13T15:57:33.886594561+01:00","level":"INFO","msg":"handleInformInit: received","streamId":"mcfy9b50","id":"1(@)"}
{"time":"2026-03-13T15:57:34.016439126+01:00","level":"INFO","msg":"handleInformInit: stream started","streamId":"mcfy9b50","id":"1(@)"}
{"time":"2026-03-13T15:58:03.080614909+01:00","level":"INFO","msg":"connection: cancelling request","id":"1(@)","requestId":"joy5nz4yqbzv"}
{"time":"2026-03-13T15:58:03.082569038+01:00","level":"INFO","msg":"handleInformFinish: finish message received","streamId":"mcfy9b50","id":"1(@)"}
{"time":"2026-03-13T15:58:03.083789219+01:00","level":"INFO","msg":"handleInformFinish: stream closed","streamId":"mcfy9b50","id":"1(@)"}
{"time":"2026-03-13T15:58:21.07235454+01:00","level":"INFO","msg":"handleInformInit: received","streamId":"wjl29jun","id":"1(@)"}
{"time":"2026-03-13T15:58:21.195292164+01:00","level":"INFO","msg":"handleInformInit: stream started","streamId":"wjl29jun","id":"1(@)"}
{"time":"2026-03-13T15:58:47.790091399+01:00","level":"INFO","msg":"handleInformFinish: finish message received","streamId":"wjl29jun","id":"1(@)"}
{"time":"2026-03-13T15:58:47.792513631+01:00","level":"INFO","msg":"handleInformFinish: stream closed","streamId":"wjl29jun","id":"1(@)"}
{"time":"2026-03-13T16:01:51.175632717+01:00","level":"INFO","msg":"handleInformInit: received","streamId":"vhh9g13t","id":"1(@)"}
{"time":"2026-03-13T16:01:51.299048252+01:00","level":"INFO","msg":"handleInformInit: stream started","streamId":"vhh9g13t","id":"1(@)"}
{"time":"2026-03-13T16:02:45.099967425+01:00","level":"INFO","msg":"handleInformInit: received","streamId":"s7eb9jz0","id":"1(@)"}
{"time":"2026-03-13T16:02:45.239724662+01:00","level":"INFO","msg":"handleInformInit: stream started","streamId":"s7eb9jz0","id":"1(@)"}
{"time":"2026-03-13T16:04:08.982508977+01:00","level":"INFO","msg":"handleInformFinish: finish message received","streamId":"s7eb9jz0","id":"1(@)"}
{"time":"2026-03-13T16:04:08.984139928+01:00","level":"INFO","msg":"handleInformFinish: stream closed","streamId":"s7eb9jz0","id":"1(@)"}
{"time":"2026-03-13T16:04:14.801575528+01:00","level":"INFO","msg":"handleInformInit: received","streamId":"qjppnhsg","id":"1(@)"}
{"time":"2026-03-13T16:04:14.924572689+01:00","level":"INFO","msg":"handleInformInit: stream started","streamId":"qjppnhsg","id":"1(@)"}
{"time":"2026-03-13T16:04:31.345609741+01:00","level":"INFO","msg":"handleInformFinish: finish message received","streamId":"vhh9g13t","id":"1(@)"}
{"time":"2026-03-13T16:04:31.348636828+01:00","level":"INFO","msg":"handleInformFinish: stream closed","streamId":"vhh9g13t","id":"1(@)"}
{"time":"2026-03-13T16:05:55.319528624+01:00","level":"INFO","msg":"handleInformFinish: finish message received","streamId":"qjppnhsg","id":"1(@)"}
{"time":"2026-03-13T16:05:55.322378506+01:00","level":"INFO","msg":"handleInformFinish: stream closed","streamId":"qjppnhsg","id":"1(@)"}
{"time":"2026-03-13T16:09:37.912826036+01:00","level":"INFO","msg":"handleInformInit: received","streamId":"es78gav4","id":"1(@)"}
{"time":"2026-03-13T16:09:38.035787522+01:00","level":"INFO","msg":"handleInformInit: stream started","streamId":"es78gav4","id":"1(@)"}
{"time":"2026-03-13T16:10:20.603689204+01:00","level":"INFO","msg":"handleInformInit: received","streamId":"lm9ggj4e","id":"1(@)"}
{"time":"2026-03-13T16:10:20.727633144+01:00","level":"INFO","msg":"handleInformInit: stream started","streamId":"lm9ggj4e","id":"1(@)"}
{"time":"2026-03-13T16:11:16.272384286+01:00","level":"INFO","msg":"handleInformInit: received","streamId":"h4jru0fu","id":"1(@)"}
{"time":"2026-03-13T16:11:16.394937078+01:00","level":"INFO","msg":"handleInformInit: stream started","streamId":"h4jru0fu","id":"1(@)"}
{"time":"2026-03-13T16:11:46.223035681+01:00","level":"INFO","msg":"handleInformFinish: finish message received","streamId":"lm9ggj4e","id":"1(@)"}
{"time":"2026-03-13T16:11:46.225946133+01:00","level":"INFO","msg":"handleInformFinish: stream closed","streamId":"lm9ggj4e","id":"1(@)"}
{"time":"2026-03-13T16:11:59.947466126+01:00","level":"INFO","msg":"handleInformFinish: finish message received","streamId":"es78gav4","id":"1(@)"}
{"time":"2026-03-13T16:11:59.950054899+01:00","level":"INFO","msg":"handleInformFinish: stream closed","streamId":"es78gav4","id":"1(@)"}
{"time":"2026-03-13T16:12:54.854734435+01:00","level":"INFO","msg":"handleInformFinish: finish message received","streamId":"h4jru0fu","id":"1(@)"}
{"time":"2026-03-13T16:12:54.857764427+01:00","level":"INFO","msg":"handleInformFinish: stream closed","streamId":"h4jru0fu","id":"1(@)"}
{"time":"2026-03-13T16:15:04.994855662+01:00","level":"INFO","msg":"handleInformInit: received","streamId":"e2ffgn7k","id":"1(@)"}
{"time":"2026-03-13T16:15:05.116456482+01:00","level":"INFO","msg":"handleInformInit: stream started","streamId":"e2ffgn7k","id":"1(@)"}
{"time":"2026-03-13T16:16:10.358472878+01:00","level":"INFO","msg":"handleInformInit: received","streamId":"pu00fsgj","id":"1(@)"}
{"time":"2026-03-13T16:16:10.487678881+01:00","level":"INFO","msg":"handleInformInit: stream started","streamId":"pu00fsgj","id":"1(@)"}
{"time":"2026-03-13T16:17:31.271472734+01:00","level":"INFO","msg":"handleInformInit: received","streamId":"kkf2f78c","id":"1(@)"}
{"time":"2026-03-13T16:17:31.41187268+01:00","level":"INFO","msg":"handleInformInit: stream started","streamId":"kkf2f78c","id":"1(@)"}
{"time":"2026-03-13T16:19:04.867870174+01:00","level":"INFO","msg":"handleInformFinish: finish message received","streamId":"kkf2f78c","id":"1(@)"}
{"time":"2026-03-13T16:19:04.869214755+01:00","level":"INFO","msg":"handleInformFinish: stream closed","streamId":"kkf2f78c","id":"1(@)"}
{"time":"2026-03-13T16:19:11.265199525+01:00","level":"INFO","msg":"handleInformFinish: finish message received","streamId":"pu00fsgj","id":"1(@)"}
{"time":"2026-03-13T16:19:11.268920599+01:00","level":"INFO","msg":"handleInformFinish: stream closed","streamId":"pu00fsgj","id":"1(@)"}
{"time":"2026-03-13T16:20:19.338864676+01:00","level":"INFO","msg":"handleInformFinish: finish message received","streamId":"e2ffgn7k","id":"1(@)"}
{"time":"2026-03-13T16:20:19.341656404+01:00","level":"INFO","msg":"handleInformFinish: stream closed","streamId":"e2ffgn7k","id":"1(@)"}
{"time":"2026-03-13T16:23:51.814860786+01:00","level":"INFO","msg":"handleInformInit: received","streamId":"bgqyivmm","id":"1(@)"}
{"time":"2026-03-13T16:23:51.94392527+01:00","level":"INFO","msg":"handleInformInit: stream started","streamId":"bgqyivmm","id":"1(@)"}
{"time":"2026-03-13T16:24:08.512490165+01:00","level":"INFO","msg":"handleInformInit: received","streamId":"lxca7le0","id":"1(@)"}
{"time":"2026-03-13T16:24:08.637674906+01:00","level":"INFO","msg":"handleInformInit: stream started","streamId":"lxca7le0","id":"1(@)"}
{"time":"2026-03-13T16:25:18.561952001+01:00","level":"INFO","msg":"handleInformInit: received","streamId":"m2jonru0","id":"1(@)"}
{"time":"2026-03-13T16:25:18.687495132+01:00","level":"INFO","msg":"handleInformInit: stream started","streamId":"m2jonru0","id":"1(@)"}
{"time":"2026-03-13T16:26:35.140906538+01:00","level":"INFO","msg":"handleInformFinish: finish message received","streamId":"lxca7le0","id":"1(@)"}
{"time":"2026-03-13T16:26:35.157690525+01:00","level":"INFO","msg":"handleInformFinish: stream closed","streamId":"lxca7le0","id":"1(@)"}
{"time":"2026-03-13T16:26:59.575472601+01:00","level":"INFO","msg":"handleInformFinish: finish message received","streamId":"bgqyivmm","id":"1(@)"}
{"time":"2026-03-13T16:26:59.592161185+01:00","level":"INFO","msg":"handleInformFinish: stream closed","streamId":"bgqyivmm","id":"1(@)"}
{"time":"2026-03-13T16:27:27.687273446+01:00","level":"INFO","msg":"handleInformFinish: finish message received","streamId":"m2jonru0","id":"1(@)"}
{"time":"2026-03-13T16:27:27.691085521+01:00","level":"INFO","msg":"handleInformFinish: stream closed","streamId":"m2jonru0","id":"1(@)"}
{"time":"2026-03-13T16:29:40.33944435+01:00","level":"INFO","msg":"handleInformInit: received","streamId":"sa50mc8y","id":"1(@)"}
{"time":"2026-03-13T16:29:40.464012398+01:00","level":"INFO","msg":"handleInformInit: stream started","streamId":"sa50mc8y","id":"1(@)"}
{"time":"2026-03-13T16:29:43.972914857+01:00","level":"INFO","msg":"handleInformInit: received","streamId":"rtr9784s","id":"1(@)"}
{"time":"2026-03-13T16:29:44.097716995+01:00","level":"INFO","msg":"handleInformInit: stream started","streamId":"rtr9784s","id":"1(@)"}
{"time":"2026-03-13T16:32:40.630716089+01:00","level":"INFO","msg":"handleInformInit: received","streamId":"vybxni1k","id":"1(@)"}
{"time":"2026-03-13T16:32:41.77729822+01:00","level":"INFO","msg":"handleInformInit: stream started","streamId":"vybxni1k","id":"1(@)"}
{"time":"2026-03-13T16:33:09.867788779+01:00","level":"INFO","msg":"connection: cancelling request","id":"1(@)","requestId":"7asaxmms1lt8"}
{"time":"2026-03-13T16:33:09.870881766+01:00","level":"INFO","msg":"handleInformFinish: finish message received","streamId":"sa50mc8y","id":"1(@)"}
{"time":"2026-03-13T16:33:09.881311056+01:00","level":"INFO","msg":"handleInformFinish: stream closed","streamId":"sa50mc8y","id":"1(@)"}
{"time":"2026-03-13T16:34:13.692697015+01:00","level":"INFO","msg":"handleInformFinish: finish message received","streamId":"vybxni1k","id":"1(@)"}
{"time":"2026-03-13T16:34:13.708073143+01:00","level":"INFO","msg":"handleInformFinish: stream closed","streamId":"vybxni1k","id":"1(@)"}
{"time":"2026-03-13T16:34:38.580350537+01:00","level":"INFO","msg":"handleInformFinish: finish message received","streamId":"rtr9784s","id":"1(@)"}
{"time":"2026-03-13T16:34:38.583939706+01:00","level":"INFO","msg":"handleInformFinish: stream closed","streamId":"rtr9784s","id":"1(@)"}
{"time":"2026-03-13T16:39:00.399654861+01:00","level":"INFO","msg":"handleInformInit: received","streamId":"cdmtbt3j","id":"1(@)"}
{"time":"2026-03-13T16:39:00.52252294+01:00","level":"INFO","msg":"handleInformInit: stream started","streamId":"cdmtbt3j","id":"1(@)"}
{"time":"2026-03-13T16:40:07.49095151+01:00","level":"INFO","msg":"handleInformInit: received","streamId":"f9pf4opo","id":"1(@)"}
{"time":"2026-03-13T16:40:07.620499615+01:00","level":"INFO","msg":"handleInformInit: stream started","streamId":"f9pf4opo","id":"1(@)"}
{"time":"2026-03-13T16:40:14.784842976+01:00","level":"INFO","msg":"handleInformInit: received","streamId":"gr14zmt3","id":"1(@)"}
{"time":"2026-03-13T16:40:14.912586049+01:00","level":"INFO","msg":"handleInformInit: stream started","streamId":"gr14zmt3","id":"1(@)"}
{"time":"2026-03-13T16:40:34.356987753+01:00","level":"INFO","msg":"handleInformFinish: finish message received","streamId":"cdmtbt3j","id":"1(@)"}
{"time":"2026-03-13T16:40:34.360207912+01:00","level":"INFO","msg":"handleInformFinish: stream closed","streamId":"cdmtbt3j","id":"1(@)"}
{"time":"2026-03-13T16:41:41.47517216+01:00","level":"INFO","msg":"connection: cancelling request","id":"1(@)","requestId":"e057xyfj4wcd"}
{"time":"2026-03-13T16:41:41.478102969+01:00","level":"INFO","msg":"handleInformFinish: finish message received","streamId":"f9pf4opo","id":"1(@)"}
{"time":"2026-03-13T16:41:41.479257566+01:00","level":"INFO","msg":"handleInformFinish: stream closed","streamId":"f9pf4opo","id":"1(@)"}
{"time":"2026-03-13T16:42:25.035811778+01:00","level":"INFO","msg":"handleInformFinish: finish message received","streamId":"gr14zmt3","id":"1(@)"}
{"time":"2026-03-13T16:42:25.051125521+01:00","level":"INFO","msg":"handleInformFinish: stream closed","streamId":"gr14zmt3","id":"1(@)"}
{"time":"2026-03-13T16:44:08.731637423+01:00","level":"INFO","msg":"handleInformInit: received","streamId":"e5pihq45","id":"1(@)"}
{"time":"2026-03-13T16:44:08.85498205+01:00","level":"INFO","msg":"handleInformInit: stream started","streamId":"e5pihq45","id":"1(@)"}
{"time":"2026-03-13T16:46:07.426199061+01:00","level":"INFO","msg":"handleInformInit: received","streamId":"fs5pok6q","id":"1(@)"}
{"time":"2026-03-13T16:46:07.549315684+01:00","level":"INFO","msg":"handleInformInit: stream started","streamId":"fs5pok6q","id":"1(@)"}
{"time":"2026-03-13T16:47:29.849091478+01:00","level":"INFO","msg":"handleInformInit: received","streamId":"5sukkuxw","id":"1(@)"}
{"time":"2026-03-13T16:47:30.003370499+01:00","level":"INFO","msg":"handleInformInit: stream started","streamId":"5sukkuxw","id":"1(@)"}
{"time":"2026-03-13T16:48:03.172230339+01:00","level":"INFO","msg":"handleInformFinish: finish message received","streamId":"e5pihq45","id":"1(@)"}
{"time":"2026-03-13T16:48:03.17601983+01:00","level":"INFO","msg":"handleInformFinish: stream closed","streamId":"e5pihq45","id":"1(@)"}
{"time":"2026-03-13T16:49:04.058511352+01:00","level":"INFO","msg":"connection: cancelling request","id":"1(@)","requestId":"rnwd8str1hyi"}
{"time":"2026-03-13T16:49:04.061867151+01:00","level":"INFO","msg":"handleInformFinish: finish message received","streamId":"5sukkuxw","id":"1(@)"}
{"time":"2026-03-13T16:49:04.065703492+01:00","level":"INFO","msg":"handleInformFinish: stream closed","streamId":"5sukkuxw","id":"1(@)"}
{"time":"2026-03-13T16:49:47.751778928+01:00","level":"INFO","msg":"handleInformFinish: finish message received","streamId":"fs5pok6q","id":"1(@)"}
{"time":"2026-03-13T16:49:47.75506898+01:00","level":"INFO","msg":"handleInformFinish: stream closed","streamId":"fs5pok6q","id":"1(@)"}
{"time":"2026-03-13T16:53:25.261623519+01:00","level":"INFO","msg":"handleInformInit: received","streamId":"2xcckls4","id":"1(@)"}
{"time":"2026-03-13T16:53:25.400152415+01:00","level":"INFO","msg":"handleInformInit: stream started","streamId":"2xcckls4","id":"1(@)"}
{"time":"2026-03-13T16:53:48.216959501+01:00","level":"INFO","msg":"handleInformInit: received","streamId":"3qx6rheg","id":"1(@)"}
{"time":"2026-03-13T16:53:48.339683728+01:00","level":"INFO","msg":"handleInformInit: stream started","streamId":"3qx6rheg","id":"1(@)"}
{"time":"2026-03-13T16:54:05.527639356+01:00","level":"INFO","msg":"handleInformInit: received","streamId":"ahkk9b1a","id":"1(@)"}
{"time":"2026-03-13T16:54:05.651837487+01:00","level":"INFO","msg":"handleInformInit: stream started","streamId":"ahkk9b1a","id":"1(@)"}
{"time":"2026-03-13T16:55:06.982600296+01:00","level":"INFO","msg":"connection: cancelling request","id":"1(@)","requestId":"36g0fs63ydbj"}
{"time":"2026-03-13T16:55:06.986511317+01:00","level":"INFO","msg":"handleInformFinish: finish message received","streamId":"2xcckls4","id":"1(@)"}
{"time":"2026-03-13T16:55:07.001739691+01:00","level":"INFO","msg":"handleInformFinish: stream closed","streamId":"2xcckls4","id":"1(@)"}
{"time":"2026-03-13T16:56:16.249861625+01:00","level":"INFO","msg":"connection: cancelling request","id":"1(@)","requestId":"7zp33utn82e7"}
{"time":"2026-03-13T16:56:16.253250457+01:00","level":"INFO","msg":"handleInformFinish: finish message received","streamId":"3qx6rheg","id":"1(@)"}
{"time":"2026-03-13T16:56:16.254443542+01:00","level":"INFO","msg":"handleInformFinish: stream closed","streamId":"3qx6rheg","id":"1(@)"}
{"time":"2026-03-13T16:56:49.182758532+01:00","level":"INFO","msg":"handleInformFinish: finish message received","streamId":"ahkk9b1a","id":"1(@)"}
{"time":"2026-03-13T16:56:49.185877087+01:00","level":"INFO","msg":"handleInformFinish: stream closed","streamId":"ahkk9b1a","id":"1(@)"}
{"time":"2026-03-13T17:00:03.560132561+01:00","level":"INFO","msg":"handleInformInit: received","streamId":"hz2g7evk","id":"1(@)"}
{"time":"2026-03-13T17:00:03.687437557+01:00","level":"INFO","msg":"handleInformInit: stream started","streamId":"hz2g7evk","id":"1(@)"}
{"time":"2026-03-13T17:01:33.625447186+01:00","level":"INFO","msg":"handleInformInit: received","streamId":"vpk0l8ng","id":"1(@)"}
{"time":"2026-03-13T17:01:33.747550662+01:00","level":"INFO","msg":"handleInformInit: stream started","streamId":"vpk0l8ng","id":"1(@)"}
{"time":"2026-03-13T17:02:16.972909038+01:00","level":"INFO","msg":"handleInformInit: received","streamId":"jtr1hmw2","id":"1(@)"}
{"time":"2026-03-13T17:02:17.097583959+01:00","level":"INFO","msg":"handleInformInit: stream started","streamId":"jtr1hmw2","id":"1(@)"}
{"time":"2026-03-13T17:02:17.60900755+01:00","level":"INFO","msg":"handleInformFinish: finish message received","streamId":"hz2g7evk","id":"1(@)"}
{"time":"2026-03-13T17:02:17.619880084+01:00","level":"INFO","msg":"handleInformFinish: stream closed","streamId":"hz2g7evk","id":"1(@)"}
{"time":"2026-03-13T17:03:20.080210205+01:00","level":"INFO","msg":"handleInformFinish: finish message received","streamId":"vpk0l8ng","id":"1(@)"}
{"time":"2026-03-13T17:03:20.083722097+01:00","level":"INFO","msg":"handleInformFinish: stream closed","streamId":"vpk0l8ng","id":"1(@)"}
{"time":"2026-03-13T17:04:05.944019524+01:00","level":"INFO","msg":"handleInformFinish: finish message received","streamId":"jtr1hmw2","id":"1(@)"}
{"time":"2026-03-13T17:04:05.947065854+01:00","level":"INFO","msg":"handleInformFinish: stream closed","streamId":"jtr1hmw2","id":"1(@)"}
{"time":"2026-03-13T17:05:25.967705601+01:00","level":"INFO","msg":"handleInformInit: received","streamId":"uzlbpjku","id":"1(@)"}
{"time":"2026-03-13T17:05:26.089922836+01:00","level":"INFO","msg":"handleInformInit: stream started","streamId":"uzlbpjku","id":"1(@)"}
{"time":"2026-03-13T17:08:09.374504577+01:00","level":"INFO","msg":"handleInformInit: received","streamId":"8qjdvupe","id":"1(@)"}
{"time":"2026-03-13T17:08:09.497894411+01:00","level":"INFO","msg":"handleInformInit: stream started","streamId":"8qjdvupe","id":"1(@)"}
{"time":"2026-03-13T17:08:18.467340074+01:00","level":"INFO","msg":"handleInformInit: received","streamId":"bh4hj4rz","id":"1(@)"}
{"time":"2026-03-13T17:08:18.590773793+01:00","level":"INFO","msg":"handleInformInit: stream started","streamId":"bh4hj4rz","id":"1(@)"}
{"time":"2026-03-13T17:09:43.084875754+01:00","level":"INFO","msg":"handleInformFinish: finish message received","streamId":"8qjdvupe","id":"1(@)"}
{"time":"2026-03-13T17:09:43.087449328+01:00","level":"INFO","msg":"handleInformFinish: stream closed","streamId":"8qjdvupe","id":"1(@)"}
{"time":"2026-03-13T17:10:39.500163336+01:00","level":"INFO","msg":"handleInformFinish: finish message received","streamId":"uzlbpjku","id":"1(@)"}
{"time":"2026-03-13T17:10:39.503203824+01:00","level":"INFO","msg":"handleInformFinish: stream closed","streamId":"uzlbpjku","id":"1(@)"}
{"time":"2026-03-13T17:10:56.098166379+01:00","level":"INFO","msg":"handleInformFinish: finish message received","streamId":"bh4hj4rz","id":"1(@)"}
{"time":"2026-03-13T17:10:56.100696465+01:00","level":"INFO","msg":"handleInformFinish: stream closed","streamId":"bh4hj4rz","id":"1(@)"}
{"time":"2026-03-13T17:14:00.67180141+01:00","level":"INFO","msg":"handleInformInit: received","streamId":"94uzj7gs","id":"1(@)"}
{"time":"2026-03-13T17:14:00.79432768+01:00","level":"INFO","msg":"handleInformInit: stream started","streamId":"94uzj7gs","id":"1(@)"}
{"time":"2026-03-13T17:16:07.25815393+01:00","level":"INFO","msg":"handleInformInit: received","streamId":"l8s3d8ei","id":"1(@)"}
{"time":"2026-03-13T17:16:07.380608121+01:00","level":"INFO","msg":"handleInformInit: stream started","streamId":"l8s3d8ei","id":"1(@)"}
{"time":"2026-03-13T17:16:38.09255366+01:00","level":"INFO","msg":"handleInformFinish: finish message received","streamId":"94uzj7gs","id":"1(@)"}
{"time":"2026-03-13T17:16:38.097879729+01:00","level":"INFO","msg":"handleInformFinish: stream closed","streamId":"94uzj7gs","id":"1(@)"}
{"time":"2026-03-13T17:16:52.51737034+01:00","level":"INFO","msg":"handleInformInit: received","streamId":"8iemoztv","id":"1(@)"}
{"time":"2026-03-13T17:16:52.644015707+01:00","level":"INFO","msg":"handleInformInit: stream started","streamId":"8iemoztv","id":"1(@)"}
{"time":"2026-03-13T17:17:41.801814864+01:00","level":"INFO","msg":"handleInformFinish: finish message received","streamId":"l8s3d8ei","id":"1(@)"}
{"time":"2026-03-13T17:17:41.8048789+01:00","level":"INFO","msg":"handleInformFinish: stream closed","streamId":"l8s3d8ei","id":"1(@)"}
{"time":"2026-03-13T17:18:35.122598923+01:00","level":"INFO","msg":"handleInformFinish: finish message received","streamId":"8iemoztv","id":"1(@)"}
{"time":"2026-03-13T17:18:35.130478781+01:00","level":"INFO","msg":"handleInformFinish: stream closed","streamId":"8iemoztv","id":"1(@)"}
{"time":"2026-03-13T17:18:52.685794057+01:00","level":"INFO","msg":"handleInformInit: received","streamId":"sn6ptnz3","id":"1(@)"}
{"time":"2026-03-13T17:18:52.809893926+01:00","level":"INFO","msg":"handleInformInit: stream started","streamId":"sn6ptnz3","id":"1(@)"}
{"time":"2026-03-13T17:23:25.752227327+01:00","level":"INFO","msg":"handleInformInit: received","streamId":"oeop9ot8","id":"1(@)"}
{"time":"2026-03-13T17:23:25.874156679+01:00","level":"INFO","msg":"handleInformInit: stream started","streamId":"oeop9ot8","id":"1(@)"}
{"time":"2026-03-13T17:23:31.01026814+01:00","level":"INFO","msg":"handleInformInit: received","streamId":"q2ijkqjf","id":"1(@)"}
{"time":"2026-03-13T17:23:31.132458262+01:00","level":"INFO","msg":"handleInformInit: stream started","streamId":"q2ijkqjf","id":"1(@)"}
{"time":"2026-03-13T17:24:04.946493126+01:00","level":"INFO","msg":"handleInformFinish: finish message received","streamId":"sn6ptnz3","id":"1(@)"}
{"time":"2026-03-13T17:24:04.972609675+01:00","level":"INFO","msg":"handleInformFinish: stream closed","streamId":"sn6ptnz3","id":"1(@)"}
{"time":"2026-03-13T17:25:36.034291931+01:00","level":"INFO","msg":"handleInformFinish: finish message received","streamId":"q2ijkqjf","id":"1(@)"}
{"time":"2026-03-13T17:25:36.037626511+01:00","level":"INFO","msg":"handleInformFinish: stream closed","streamId":"q2ijkqjf","id":"1(@)"}
{"time":"2026-03-13T17:26:25.201456353+01:00","level":"INFO","msg":"handleInformFinish: finish message received","streamId":"oeop9ot8","id":"1(@)"}
{"time":"2026-03-13T17:26:25.203492257+01:00","level":"INFO","msg":"handleInformFinish: stream closed","streamId":"oeop9ot8","id":"1(@)"}
{"time":"2026-03-13T17:26:36.277876913+01:00","level":"INFO","msg":"handleInformInit: received","streamId":"t7lmpcyi","id":"1(@)"}
{"time":"2026-03-13T17:26:36.400309185+01:00","level":"INFO","msg":"handleInformInit: stream started","streamId":"t7lmpcyi","id":"1(@)"}
{"time":"2026-03-13T17:29:21.186175433+01:00","level":"INFO","msg":"handleInformInit: received","streamId":"l96j2bgu","id":"1(@)"}
{"time":"2026-03-13T17:29:21.309327989+01:00","level":"INFO","msg":"handleInformInit: stream started","streamId":"l96j2bgu","id":"1(@)"}
{"time":"2026-03-13T17:31:23.203753152+01:00","level":"INFO","msg":"handleInformFinish: finish message received","streamId":"t7lmpcyi","id":"1(@)"}
{"time":"2026-03-13T17:31:23.207018763+01:00","level":"INFO","msg":"handleInformFinish: stream closed","streamId":"t7lmpcyi","id":"1(@)"}
{"time":"2026-03-13T17:31:23.569384235+01:00","level":"INFO","msg":"handleInformTeardown: server teardown initiated","id":"1(@)"}
{"time":"2026-03-13T17:31:23.569586559+01:00","level":"INFO","msg":"server is shutting down"}
{"time":"2026-03-13T17:31:23.569517581+01:00","level":"INFO","msg":"connection: closing","id":"1(@)"}
{"time":"2026-03-13T17:31:23.569447471+01:00","level":"INFO","msg":"handleInformTeardown: server shutdown complete","id":"1(@)"}
{"time":"2026-03-13T17:31:23.585152505+01:00","level":"INFO","msg":"server: listener closed","addr":{"Name":"/tmp/wandb-322184-322370-1912379457/socket","Net":"unix"}}
{"time":"2026-03-13T17:31:23.592081965+01:00","level":"INFO","msg":"connection: closed successfully","id":"1(@)"}
{"time":"2026-03-13T17:31:23.619522935+01:00","level":"INFO","msg":"connection: ManageConnectionData: connection closed","id":"1(@)"}
{"time":"2026-03-13T17:31:23.634782032+01:00","level":"INFO","msg":"server is closed"}
{"time":"2026-03-13T17:31:44.377037709+01:00","level":"INFO","msg":"handleInformInit: received","streamId":"m7ccpvz0","id":"1(@)"}
{"time":"2026-03-13T17:31:44.501743243+01:00","level":"INFO","msg":"handleInformInit: stream started","streamId":"m7ccpvz0","id":"1(@)"}
{"time":"2026-03-13T17:32:59.265067514+01:00","level":"INFO","msg":"handleInformFinish: finish message received","streamId":"l96j2bgu","id":"1(@)"}
{"time":"2026-03-13T17:32:59.268137806+01:00","level":"INFO","msg":"handleInformFinish: stream closed","streamId":"l96j2bgu","id":"1(@)"}
{"time":"2026-03-13T17:34:11.36931957+01:00","level":"INFO","msg":"handleInformFinish: finish message received","streamId":"m7ccpvz0","id":"1(@)"}
{"time":"2026-03-13T17:34:11.371853467+01:00","level":"INFO","msg":"handleInformFinish: stream closed","streamId":"m7ccpvz0","id":"1(@)"}
{"time":"2026-03-13T17:34:11.754789554+01:00","level":"INFO","msg":"handleInformTeardown: server teardown initiated","id":"1(@)"}
{"time":"2026-03-13T17:34:11.754962765+01:00","level":"INFO","msg":"server is shutting down"}
{"time":"2026-03-13T17:34:11.754899934+01:00","level":"INFO","msg":"connection: closing","id":"1(@)"}
{"time":"2026-03-13T17:34:11.768676043+01:00","level":"INFO","msg":"connection: closed successfully","id":"1(@)"}
{"time":"2026-03-13T17:34:11.754891883+01:00","level":"INFO","msg":"handleInformTeardown: server shutdown complete","id":"1(@)"}
{"time":"2026-03-13T17:34:11.778468189+01:00","level":"INFO","msg":"connection: ManageConnectionData: connection closed","id":"1(@)"}
{"time":"2026-03-13T17:34:11.790846177+01:00","level":"INFO","msg":"server: listener closed","addr":{"Name":"/tmp/wandb-278814-278967-3911549301/socket","Net":"unix"}}
{"time":"2026-03-13T17:34:11.835352504+01:00","level":"INFO","msg":"server is closed"}
{"time":"2026-03-13T17:36:35.329882512+01:00","level":"INFO","msg":"handleInformInit: received","streamId":"0ym9vebf","id":"1(@)"}
{"time":"2026-03-13T17:36:35.453169595+01:00","level":"INFO","msg":"handleInformInit: stream started","streamId":"0ym9vebf","id":"1(@)"}
{"time":"2026-03-13T17:39:52.774474802+01:00","level":"INFO","msg":"handleInformFinish: finish message received","streamId":"0ym9vebf","id":"1(@)"}
{"time":"2026-03-13T17:39:52.799012637+01:00","level":"INFO","msg":"handleInformFinish: stream closed","streamId":"0ym9vebf","id":"1(@)"}
{"time":"2026-03-13T17:39:53.108660888+01:00","level":"INFO","msg":"handleInformTeardown: server teardown initiated","id":"1(@)"}
{"time":"2026-03-13T17:39:53.109278266+01:00","level":"INFO","msg":"handleInformTeardown: server shutdown complete","id":"1(@)"}
{"time":"2026-03-13T17:39:53.109347736+01:00","level":"INFO","msg":"server is shutting down"}
{"time":"2026-03-13T17:39:53.109286306+01:00","level":"INFO","msg":"connection: closing","id":"1(@)"}
{"time":"2026-03-13T17:39:53.130319626+01:00","level":"INFO","msg":"connection: closed successfully","id":"1(@)"}
{"time":"2026-03-13T17:39:53.131140581+01:00","level":"INFO","msg":"connection: ManageConnectionData: connection closed","id":"1(@)"}
{"time":"2026-03-13T17:39:53.145806424+01:00","level":"INFO","msg":"server: listener closed","addr":{"Name":"/tmp/wandb-3007810-3007971-3281313402/socket","Net":"unix"}}
{"time":"2026-03-13T17:39:53.14632817+01:00","level":"INFO","msg":"server is closed"}
