{"time":"2026-03-13T09:38:00.305468044+01:00","level":"INFO","msg":"main: starting server","port-filename":"/tmp/tmpar_tqkyf/port-3366755.txt","pid":3366755,"log-level":0,"disable-analytics":false,"shutdown-on-parent-exit":false,"enable-dcgm-profiling":false}
{"time":"2026-03-13T09:38:00.305889789+01:00","level":"INFO","msg":"server: will exit if parent process dies","ppid":3366755}
{"time":"2026-03-13T09:38:00.305875349+01:00","level":"INFO","msg":"server: accepting connections","addr":{"Name":"/tmp/wandb-3366755-3366957-2403840046/socket","Net":"unix"}}
{"time":"2026-03-13T09:38:00.442648951+01:00","level":"INFO","msg":"connection: ManageConnectionData: new connection created","id":"1(@)"}
{"time":"2026-03-13T09:38:00.461126249+01:00","level":"INFO","msg":"handleInformInit: received","streamId":"9gblbf4m","id":"1(@)"}
{"time":"2026-03-13T09:38:00.585438609+01:00","level":"INFO","msg":"handleInformInit: stream started","streamId":"9gblbf4m","id":"1(@)"}
{"time":"2026-03-13T09:48:39.034462671+01:00","level":"INFO","msg":"handleInformFinish: finish message received","streamId":"9gblbf4m","id":"1(@)"}
{"time":"2026-03-13T09:48:39.036096881+01:00","level":"INFO","msg":"handleInformFinish: stream closed","streamId":"9gblbf4m","id":"1(@)"}
{"time":"2026-03-13T09:57:31.651327809+01:00","level":"INFO","msg":"handleInformInit: received","streamId":"0a8jegys","id":"1(@)"}
{"time":"2026-03-13T09:57:31.772814875+01:00","level":"INFO","msg":"handleInformInit: stream started","streamId":"0a8jegys","id":"1(@)"}
{"time":"2026-03-13T10:10:23.472090085+01:00","level":"INFO","msg":"handleInformFinish: finish message received","streamId":"0a8jegys","id":"1(@)"}
{"time":"2026-03-13T10:10:23.474337263+01:00","level":"INFO","msg":"handleInformFinish: stream closed","streamId":"0a8jegys","id":"1(@)"}
{"time":"2026-03-13T10:18:28.218628007+01:00","level":"INFO","msg":"handleInformInit: received","streamId":"ixtxj5wd","id":"1(@)"}
{"time":"2026-03-13T10:18:28.347650137+01:00","level":"INFO","msg":"handleInformInit: stream started","streamId":"ixtxj5wd","id":"1(@)"}
{"time":"2026-03-13T10:31:28.588610289+01:00","level":"INFO","msg":"handleInformFinish: finish message received","streamId":"ixtxj5wd","id":"1(@)"}
{"time":"2026-03-13T10:31:28.600653158+01:00","level":"INFO","msg":"handleInformFinish: stream closed","streamId":"ixtxj5wd","id":"1(@)"}
{"time":"2026-03-13T10:36:51.156896749+01:00","level":"INFO","msg":"handleInformInit: received","streamId":"6nbht278","id":"1(@)"}
{"time":"2026-03-13T10:36:51.298065681+01:00","level":"INFO","msg":"handleInformInit: stream started","streamId":"6nbht278","id":"1(@)"}
{"time":"2026-03-13T10:52:26.473716174+01:00","level":"INFO","msg":"handleInformFinish: finish message received","streamId":"6nbht278","id":"1(@)"}
{"time":"2026-03-13T10:52:26.475509603+01:00","level":"INFO","msg":"handleInformFinish: stream closed","streamId":"6nbht278","id":"1(@)"}
{"time":"2026-03-13T11:01:37.957074053+01:00","level":"INFO","msg":"handleInformInit: received","streamId":"8q6kyf9q","id":"1(@)"}
{"time":"2026-03-13T11:01:38.09104392+01:00","level":"INFO","msg":"handleInformInit: stream started","streamId":"8q6kyf9q","id":"1(@)"}
{"time":"2026-03-13T11:13:44.090484485+01:00","level":"INFO","msg":"handleInformFinish: finish message received","streamId":"8q6kyf9q","id":"1(@)"}
{"time":"2026-03-13T11:13:44.102289254+01:00","level":"INFO","msg":"handleInformFinish: stream closed","streamId":"8q6kyf9q","id":"1(@)"}
{"time":"2026-03-13T11:20:19.702514844+01:00","level":"INFO","msg":"handleInformInit: received","streamId":"51ir3ao8","id":"1(@)"}
{"time":"2026-03-13T11:20:19.830223004+01:00","level":"INFO","msg":"handleInformInit: stream started","streamId":"51ir3ao8","id":"1(@)"}
{"time":"2026-03-13T11:35:03.26223554+01:00","level":"INFO","msg":"handleInformFinish: finish message received","streamId":"51ir3ao8","id":"1(@)"}
{"time":"2026-03-13T11:35:03.263745538+01:00","level":"INFO","msg":"handleInformFinish: stream closed","streamId":"51ir3ao8","id":"1(@)"}
{"time":"2026-03-13T11:42:38.464245482+01:00","level":"INFO","msg":"handleInformInit: received","streamId":"qy75i1bn","id":"1(@)"}
{"time":"2026-03-13T11:42:38.593842518+01:00","level":"INFO","msg":"handleInformInit: stream started","streamId":"qy75i1bn","id":"1(@)"}
{"time":"2026-03-13T11:56:18.158882075+01:00","level":"INFO","msg":"handleInformFinish: finish message received","streamId":"qy75i1bn","id":"1(@)"}
{"time":"2026-03-13T11:56:18.160641893+01:00","level":"INFO","msg":"handleInformFinish: stream closed","streamId":"qy75i1bn","id":"1(@)"}
{"time":"2026-03-13T12:01:31.590144421+01:00","level":"INFO","msg":"handleInformInit: received","streamId":"pbpf5a0c","id":"1(@)"}
{"time":"2026-03-13T12:01:31.718269253+01:00","level":"INFO","msg":"handleInformInit: stream started","streamId":"pbpf5a0c","id":"1(@)"}
{"time":"2026-03-13T12:16:47.001290634+01:00","level":"INFO","msg":"handleInformFinish: finish message received","streamId":"pbpf5a0c","id":"1(@)"}
{"time":"2026-03-13T12:16:47.003889783+01:00","level":"INFO","msg":"handleInformFinish: stream closed","streamId":"pbpf5a0c","id":"1(@)"}
{"time":"2026-03-13T12:25:03.236078662+01:00","level":"INFO","msg":"handleInformInit: received","streamId":"pl1w4xqt","id":"1(@)"}
{"time":"2026-03-13T12:25:03.366302805+01:00","level":"INFO","msg":"handleInformInit: stream started","streamId":"pl1w4xqt","id":"1(@)"}
{"time":"2026-03-13T12:37:47.303488286+01:00","level":"INFO","msg":"connection: cancelling request","id":"1(@)","requestId":"esd1zrbgz7u9"}
{"time":"2026-03-13T12:37:47.305541545+01:00","level":"INFO","msg":"handleInformFinish: finish message received","streamId":"pl1w4xqt","id":"1(@)"}
{"time":"2026-03-13T12:37:47.31821694+01:00","level":"INFO","msg":"handleInformFinish: stream closed","streamId":"pl1w4xqt","id":"1(@)"}
{"time":"2026-03-13T12:45:37.727949015+01:00","level":"INFO","msg":"handleInformInit: received","streamId":"fv8yktl1","id":"1(@)"}
{"time":"2026-03-13T12:45:37.857749633+01:00","level":"INFO","msg":"handleInformInit: stream started","streamId":"fv8yktl1","id":"1(@)"}
{"time":"2026-03-13T12:59:06.85728019+01:00","level":"INFO","msg":"handleInformFinish: finish message received","streamId":"fv8yktl1","id":"1(@)"}
{"time":"2026-03-13T12:59:06.859301447+01:00","level":"INFO","msg":"handleInformFinish: stream closed","streamId":"fv8yktl1","id":"1(@)"}
{"time":"2026-03-13T13:07:05.843299125+01:00","level":"INFO","msg":"handleInformInit: received","streamId":"1gxahwnb","id":"1(@)"}
{"time":"2026-03-13T13:07:05.969624641+01:00","level":"INFO","msg":"handleInformInit: stream started","streamId":"1gxahwnb","id":"1(@)"}
{"time":"2026-03-13T13:20:46.805142507+01:00","level":"INFO","msg":"connection: cancelling request","id":"1(@)","requestId":"d295e1wkze2y"}
{"time":"2026-03-13T13:20:46.807493856+01:00","level":"INFO","msg":"handleInformFinish: finish message received","streamId":"1gxahwnb","id":"1(@)"}
{"time":"2026-03-13T13:20:46.809638264+01:00","level":"INFO","msg":"handleInformFinish: stream closed","streamId":"1gxahwnb","id":"1(@)"}
{"time":"2026-03-13T13:29:43.704697335+01:00","level":"INFO","msg":"handleInformInit: received","streamId":"3dffqry1","id":"1(@)"}
{"time":"2026-03-13T13:29:43.829777982+01:00","level":"INFO","msg":"handleInformInit: stream started","streamId":"3dffqry1","id":"1(@)"}
{"time":"2026-03-13T13:41:54.41470268+01:00","level":"INFO","msg":"handleInformFinish: finish message received","streamId":"3dffqry1","id":"1(@)"}
{"time":"2026-03-13T13:41:54.416461065+01:00","level":"INFO","msg":"handleInformFinish: stream closed","streamId":"3dffqry1","id":"1(@)"}
{"time":"2026-03-13T13:49:07.268701214+01:00","level":"INFO","msg":"handleInformInit: received","streamId":"5b9fz8eh","id":"1(@)"}
{"time":"2026-03-13T13:49:07.399313065+01:00","level":"INFO","msg":"handleInformInit: stream started","streamId":"5b9fz8eh","id":"1(@)"}
{"time":"2026-03-13T14:02:16.395362645+01:00","level":"INFO","msg":"handleInformFinish: finish message received","streamId":"5b9fz8eh","id":"1(@)"}
{"time":"2026-03-13T14:02:16.397220583+01:00","level":"INFO","msg":"handleInformFinish: stream closed","streamId":"5b9fz8eh","id":"1(@)"}
{"time":"2026-03-13T14:11:53.976042255+01:00","level":"INFO","msg":"handleInformInit: received","streamId":"1ev5c58o","id":"1(@)"}
{"time":"2026-03-13T14:11:54.10700536+01:00","level":"INFO","msg":"handleInformInit: stream started","streamId":"1ev5c58o","id":"1(@)"}
{"time":"2026-03-13T14:12:31.619674709+01:00","level":"INFO","msg":"handleInformFinish: finish message received","streamId":"1ev5c58o","id":"1(@)"}
{"time":"2026-03-13T14:12:31.621465507+01:00","level":"INFO","msg":"handleInformFinish: stream closed","streamId":"1ev5c58o","id":"1(@)"}
{"time":"2026-03-13T14:20:55.148093723+01:00","level":"INFO","msg":"handleInformInit: received","streamId":"04dboeue","id":"1(@)"}
{"time":"2026-03-13T14:20:55.277301353+01:00","level":"INFO","msg":"handleInformInit: stream started","streamId":"04dboeue","id":"1(@)"}
{"time":"2026-03-13T14:22:32.025754149+01:00","level":"INFO","msg":"connection: cancelling request","id":"1(@)","requestId":"lltxuxedn4ub"}
{"time":"2026-03-13T14:22:32.027732351+01:00","level":"INFO","msg":"handleInformFinish: finish message received","streamId":"04dboeue","id":"1(@)"}
{"time":"2026-03-13T14:22:32.029391178+01:00","level":"INFO","msg":"handleInformFinish: stream closed","streamId":"04dboeue","id":"1(@)"}
{"time":"2026-03-13T14:31:42.852839141+01:00","level":"INFO","msg":"handleInformInit: received","streamId":"omoliiwx","id":"1(@)"}
{"time":"2026-03-13T14:31:42.982222783+01:00","level":"INFO","msg":"handleInformInit: stream started","streamId":"omoliiwx","id":"1(@)"}
{"time":"2026-03-13T14:32:32.429319584+01:00","level":"INFO","msg":"connection: cancelling request","id":"1(@)","requestId":"f8rrylpti550"}
{"time":"2026-03-13T14:32:32.431416688+01:00","level":"INFO","msg":"handleInformFinish: finish message received","streamId":"omoliiwx","id":"1(@)"}
{"time":"2026-03-13T14:32:32.433281994+01:00","level":"INFO","msg":"handleInformFinish: stream closed","streamId":"omoliiwx","id":"1(@)"}
{"time":"2026-03-13T14:41:22.915197376+01:00","level":"INFO","msg":"handleInformInit: received","streamId":"cr8d1m5e","id":"1(@)"}
{"time":"2026-03-13T14:41:23.045893165+01:00","level":"INFO","msg":"handleInformInit: stream started","streamId":"cr8d1m5e","id":"1(@)"}
{"time":"2026-03-13T14:42:40.634294999+01:00","level":"INFO","msg":"handleInformFinish: finish message received","streamId":"cr8d1m5e","id":"1(@)"}
{"time":"2026-03-13T14:42:40.636227827+01:00","level":"INFO","msg":"handleInformFinish: stream closed","streamId":"cr8d1m5e","id":"1(@)"}
{"time":"2026-03-13T14:48:04.325519856+01:00","level":"INFO","msg":"handleInformInit: received","streamId":"bdacv5jq","id":"1(@)"}
{"time":"2026-03-13T14:48:04.454967015+01:00","level":"INFO","msg":"handleInformInit: stream started","streamId":"bdacv5jq","id":"1(@)"}
{"time":"2026-03-13T14:52:31.199647801+01:00","level":"INFO","msg":"connection: cancelling request","id":"1(@)","requestId":"aein8vpte7i2"}
{"time":"2026-03-13T14:52:31.201845054+01:00","level":"INFO","msg":"handleInformFinish: finish message received","streamId":"bdacv5jq","id":"1(@)"}
{"time":"2026-03-13T14:52:31.20340373+01:00","level":"INFO","msg":"handleInformFinish: stream closed","streamId":"bdacv5jq","id":"1(@)"}
{"time":"2026-03-13T15:01:58.310029097+01:00","level":"INFO","msg":"handleInformInit: received","streamId":"ohcvyrmt","id":"1(@)"}
{"time":"2026-03-13T15:01:58.442093169+01:00","level":"INFO","msg":"handleInformInit: stream started","streamId":"ohcvyrmt","id":"1(@)"}
{"time":"2026-03-13T15:02:39.141146687+01:00","level":"INFO","msg":"handleInformFinish: finish message received","streamId":"ohcvyrmt","id":"1(@)"}
{"time":"2026-03-13T15:02:39.142637021+01:00","level":"INFO","msg":"handleInformFinish: stream closed","streamId":"ohcvyrmt","id":"1(@)"}
{"time":"2026-03-13T15:08:34.181727299+01:00","level":"INFO","msg":"handleInformInit: received","streamId":"wieb9fv1","id":"1(@)"}
{"time":"2026-03-13T15:08:34.310413372+01:00","level":"INFO","msg":"handleInformInit: stream started","streamId":"wieb9fv1","id":"1(@)"}
{"time":"2026-03-13T15:12:22.769228213+01:00","level":"INFO","msg":"connection: cancelling request","id":"1(@)","requestId":"fbm587i74bqa"}
{"time":"2026-03-13T15:12:22.771258048+01:00","level":"INFO","msg":"handleInformFinish: finish message received","streamId":"wieb9fv1","id":"1(@)"}
{"time":"2026-03-13T15:12:22.772814198+01:00","level":"INFO","msg":"handleInformFinish: stream closed","streamId":"wieb9fv1","id":"1(@)"}
{"time":"2026-03-13T15:17:48.438595644+01:00","level":"INFO","msg":"handleInformInit: received","streamId":"bj64hxm5","id":"1(@)"}
{"time":"2026-03-13T15:17:48.572337288+01:00","level":"INFO","msg":"handleInformInit: stream started","streamId":"bj64hxm5","id":"1(@)"}
{"time":"2026-03-13T15:22:49.738074398+01:00","level":"INFO","msg":"handleInformFinish: finish message received","streamId":"bj64hxm5","id":"1(@)"}
{"time":"2026-03-13T15:22:49.749827231+01:00","level":"INFO","msg":"handleInformFinish: stream closed","streamId":"bj64hxm5","id":"1(@)"}
{"time":"2026-03-13T15:31:51.472098698+01:00","level":"INFO","msg":"handleInformInit: received","streamId":"chf9t576","id":"1(@)"}
{"time":"2026-03-13T15:31:51.601663061+01:00","level":"INFO","msg":"handleInformInit: stream started","streamId":"chf9t576","id":"1(@)"}
{"time":"2026-03-13T15:32:32.670574448+01:00","level":"INFO","msg":"connection: cancelling request","id":"1(@)","requestId":"e4oie1hhgzt5"}
{"time":"2026-03-13T15:32:32.672625955+01:00","level":"INFO","msg":"handleInformFinish: finish message received","streamId":"chf9t576","id":"1(@)"}
{"time":"2026-03-13T15:32:32.674416574+01:00","level":"INFO","msg":"handleInformFinish: stream closed","streamId":"chf9t576","id":"1(@)"}
{"time":"2026-03-13T15:42:02.643767168+01:00","level":"INFO","msg":"handleInformInit: received","streamId":"onfvcwqs","id":"1(@)"}
{"time":"2026-03-13T15:42:02.765558912+01:00","level":"INFO","msg":"handleInformInit: stream started","streamId":"onfvcwqs","id":"1(@)"}
{"time":"2026-03-13T15:42:43.688472618+01:00","level":"INFO","msg":"handleInformFinish: finish message received","streamId":"onfvcwqs","id":"1(@)"}
{"time":"2026-03-13T15:42:43.6900606+01:00","level":"INFO","msg":"handleInformFinish: stream closed","streamId":"onfvcwqs","id":"1(@)"}
{"time":"2026-03-13T15:51:43.892694703+01:00","level":"INFO","msg":"handleInformInit: received","streamId":"fbeh3llf","id":"1(@)"}
{"time":"2026-03-13T15:51:44.023469853+01:00","level":"INFO","msg":"handleInformInit: stream started","streamId":"fbeh3llf","id":"1(@)"}
{"time":"2026-03-13T15:52:24.635101313+01:00","level":"INFO","msg":"handleInformFinish: finish message received","streamId":"fbeh3llf","id":"1(@)"}
{"time":"2026-03-13T15:52:24.638984551+01:00","level":"INFO","msg":"handleInformFinish: stream closed","streamId":"fbeh3llf","id":"1(@)"}
{"time":"2026-03-13T16:01:32.76541976+01:00","level":"INFO","msg":"handleInformInit: received","streamId":"bc6o9eag","id":"1(@)"}
{"time":"2026-03-13T16:01:32.89513476+01:00","level":"INFO","msg":"handleInformInit: stream started","streamId":"bc6o9eag","id":"1(@)"}
{"time":"2026-03-13T16:02:13.771226403+01:00","level":"INFO","msg":"handleInformFinish: finish message received","streamId":"bc6o9eag","id":"1(@)"}
{"time":"2026-03-13T16:02:13.773174946+01:00","level":"INFO","msg":"handleInformFinish: stream closed","streamId":"bc6o9eag","id":"1(@)"}
{"time":"2026-03-13T16:11:07.849846075+01:00","level":"INFO","msg":"handleInformInit: received","streamId":"56611x6c","id":"1(@)"}
{"time":"2026-03-13T16:11:09.91500485+01:00","level":"INFO","msg":"handleInformInit: stream started","streamId":"56611x6c","id":"1(@)"}
{"time":"2026-03-13T16:12:24.572345902+01:00","level":"INFO","msg":"handleInformFinish: finish message received","streamId":"56611x6c","id":"1(@)"}
{"time":"2026-03-13T16:12:24.581196615+01:00","level":"INFO","msg":"handleInformFinish: stream closed","streamId":"56611x6c","id":"1(@)"}
{"time":"2026-03-13T16:18:32.417660176+01:00","level":"INFO","msg":"handleInformInit: received","streamId":"4zwd8o5f","id":"1(@)"}
{"time":"2026-03-13T16:18:32.54888872+01:00","level":"INFO","msg":"handleInformInit: stream started","streamId":"4zwd8o5f","id":"1(@)"}
{"time":"2026-03-13T16:21:56.380058129+01:00","level":"INFO","msg":"handleInformFinish: finish message received","streamId":"4zwd8o5f","id":"1(@)"}
{"time":"2026-03-13T16:21:56.381684915+01:00","level":"INFO","msg":"handleInformFinish: stream closed","streamId":"4zwd8o5f","id":"1(@)"}
{"time":"2026-03-13T16:30:55.494511821+01:00","level":"INFO","msg":"handleInformInit: received","streamId":"0ddrk61h","id":"1(@)"}
{"time":"2026-03-13T16:30:55.620418711+01:00","level":"INFO","msg":"handleInformInit: stream started","streamId":"0ddrk61h","id":"1(@)"}
{"time":"2026-03-13T16:31:34.467927717+01:00","level":"INFO","msg":"handleInformFinish: finish message received","streamId":"0ddrk61h","id":"1(@)"}
{"time":"2026-03-13T16:31:34.469341506+01:00","level":"INFO","msg":"handleInformFinish: stream closed","streamId":"0ddrk61h","id":"1(@)"}
{"time":"2026-03-13T16:38:06.564947499+01:00","level":"INFO","msg":"handleInformInit: received","streamId":"4sfr3b81","id":"1(@)"}
{"time":"2026-03-13T16:38:06.698587705+01:00","level":"INFO","msg":"handleInformInit: stream started","streamId":"4sfr3b81","id":"1(@)"}
{"time":"2026-03-13T16:40:54.87568917+01:00","level":"INFO","msg":"connection: cancelling request","id":"1(@)","requestId":"3ofxik58yetm"}
{"time":"2026-03-13T16:40:54.877720377+01:00","level":"INFO","msg":"handleInformFinish: finish message received","streamId":"4sfr3b81","id":"1(@)"}
{"time":"2026-03-13T16:40:54.880024485+01:00","level":"INFO","msg":"handleInformFinish: stream closed","streamId":"4sfr3b81","id":"1(@)"}
{"time":"2026-03-13T16:50:33.586910324+01:00","level":"INFO","msg":"handleInformInit: received","streamId":"8i59a388","id":"1(@)"}
{"time":"2026-03-13T16:50:33.708595208+01:00","level":"INFO","msg":"handleInformInit: stream started","streamId":"8i59a388","id":"1(@)"}
{"time":"2026-03-13T16:51:09.121198886+01:00","level":"INFO","msg":"handleInformFinish: finish message received","streamId":"8i59a388","id":"1(@)"}
{"time":"2026-03-13T16:51:09.123022397+01:00","level":"INFO","msg":"handleInformFinish: stream closed","streamId":"8i59a388","id":"1(@)"}
{"time":"2026-03-13T16:56:47.386828813+01:00","level":"INFO","msg":"handleInformInit: received","streamId":"rxm3k1cw","id":"1(@)"}
{"time":"2026-03-13T16:56:47.535256101+01:00","level":"INFO","msg":"handleInformInit: stream started","streamId":"rxm3k1cw","id":"1(@)"}
{"time":"2026-03-13T17:00:38.97818704+01:00","level":"INFO","msg":"handleInformFinish: finish message received","streamId":"rxm3k1cw","id":"1(@)"}
{"time":"2026-03-13T17:00:38.979789513+01:00","level":"INFO","msg":"handleInformFinish: stream closed","streamId":"rxm3k1cw","id":"1(@)"}
{"time":"2026-03-13T17:09:39.372473784+01:00","level":"INFO","msg":"handleInformInit: received","streamId":"q63jykba","id":"1(@)"}
{"time":"2026-03-13T17:09:39.502060296+01:00","level":"INFO","msg":"handleInformInit: stream started","streamId":"q63jykba","id":"1(@)"}
{"time":"2026-03-13T17:10:11.493997584+01:00","level":"INFO","msg":"handleInformFinish: finish message received","streamId":"q63jykba","id":"1(@)"}
{"time":"2026-03-13T17:10:11.495568578+01:00","level":"INFO","msg":"handleInformFinish: stream closed","streamId":"q63jykba","id":"1(@)"}
{"time":"2026-03-13T17:18:01.217166389+01:00","level":"INFO","msg":"handleInformInit: received","streamId":"6mi06ffn","id":"1(@)"}
{"time":"2026-03-13T17:18:01.346202272+01:00","level":"INFO","msg":"handleInformInit: stream started","streamId":"6mi06ffn","id":"1(@)"}
{"time":"2026-03-13T17:20:14.165026418+01:00","level":"INFO","msg":"connection: cancelling request","id":"1(@)","requestId":"prk4ogeyv934"}
{"time":"2026-03-13T17:20:14.167216974+01:00","level":"INFO","msg":"handleInformFinish: finish message received","streamId":"6mi06ffn","id":"1(@)"}
{"time":"2026-03-13T17:20:14.168966231+01:00","level":"INFO","msg":"handleInformFinish: stream closed","streamId":"6mi06ffn","id":"1(@)"}
{"time":"2026-03-13T17:27:17.014107823+01:00","level":"INFO","msg":"handleInformInit: received","streamId":"liuc28z6","id":"1(@)"}
{"time":"2026-03-13T17:27:17.137973621+01:00","level":"INFO","msg":"handleInformInit: stream started","streamId":"liuc28z6","id":"1(@)"}
{"time":"2026-03-13T17:29:56.982743391+01:00","level":"INFO","msg":"connection: cancelling request","id":"1(@)","requestId":"hveiwg4lh48k"}
{"time":"2026-03-13T17:29:56.98470953+01:00","level":"INFO","msg":"handleInformFinish: finish message received","streamId":"liuc28z6","id":"1(@)"}
{"time":"2026-03-13T17:29:56.98671199+01:00","level":"INFO","msg":"handleInformFinish: stream closed","streamId":"liuc28z6","id":"1(@)"}
{"time":"2026-03-13T17:35:42.058747893+01:00","level":"INFO","msg":"handleInformInit: received","streamId":"yv0asqz4","id":"1(@)"}
{"time":"2026-03-13T17:35:42.180545149+01:00","level":"INFO","msg":"handleInformInit: stream started","streamId":"yv0asqz4","id":"1(@)"}
{"time":"2026-03-13T17:39:31.645839211+01:00","level":"INFO","msg":"handleInformFinish: finish message received","streamId":"yv0asqz4","id":"1(@)"}
{"time":"2026-03-13T17:39:31.647665292+01:00","level":"INFO","msg":"handleInformFinish: stream closed","streamId":"yv0asqz4","id":"1(@)"}
{"time":"2026-03-13T17:47:27.133540723+01:00","level":"INFO","msg":"handleInformInit: received","streamId":"7ut94mqw","id":"1(@)"}
{"time":"2026-03-13T17:47:27.255769292+01:00","level":"INFO","msg":"handleInformInit: stream started","streamId":"7ut94mqw","id":"1(@)"}
{"time":"2026-03-13T17:49:29.934636939+01:00","level":"INFO","msg":"handleInformFinish: finish message received","streamId":"7ut94mqw","id":"1(@)"}
{"time":"2026-03-13T17:49:29.940347727+01:00","level":"INFO","msg":"handleInformFinish: stream closed","streamId":"7ut94mqw","id":"1(@)"}
{"time":"2026-03-13T17:58:13.24135449+01:00","level":"INFO","msg":"handleInformInit: received","streamId":"tuz4d2rg","id":"1(@)"}
{"time":"2026-03-13T17:58:13.366550051+01:00","level":"INFO","msg":"handleInformInit: stream started","streamId":"tuz4d2rg","id":"1(@)"}
{"time":"2026-03-13T17:59:16.193070971+01:00","level":"INFO","msg":"connection: cancelling request","id":"1(@)","requestId":"xfbdd2rsm9oc"}
{"time":"2026-03-13T17:59:16.195118126+01:00","level":"INFO","msg":"handleInformFinish: finish message received","streamId":"tuz4d2rg","id":"1(@)"}
{"time":"2026-03-13T17:59:16.196460326+01:00","level":"INFO","msg":"handleInformFinish: stream closed","streamId":"tuz4d2rg","id":"1(@)"}
{"time":"2026-03-13T18:08:32.387540459+01:00","level":"INFO","msg":"handleInformInit: received","streamId":"2mzwpq6f","id":"1(@)"}
{"time":"2026-03-13T18:08:32.520594764+01:00","level":"INFO","msg":"handleInformInit: stream started","streamId":"2mzwpq6f","id":"1(@)"}
{"time":"2026-03-13T18:09:00.769335448+01:00","level":"INFO","msg":"handleInformFinish: finish message received","streamId":"2mzwpq6f","id":"1(@)"}
{"time":"2026-03-13T18:09:00.770588119+01:00","level":"INFO","msg":"handleInformFinish: stream closed","streamId":"2mzwpq6f","id":"1(@)"}
{"time":"2026-03-13T18:17:51.308510306+01:00","level":"INFO","msg":"handleInformInit: received","streamId":"fo236ldf","id":"1(@)"}
{"time":"2026-03-13T18:17:51.4306009+01:00","level":"INFO","msg":"handleInformInit: stream started","streamId":"fo236ldf","id":"1(@)"}
{"time":"2026-03-13T18:18:37.876210839+01:00","level":"INFO","msg":"handleInformFinish: finish message received","streamId":"fo236ldf","id":"1(@)"}
{"time":"2026-03-13T18:18:37.877667301+01:00","level":"INFO","msg":"handleInformFinish: stream closed","streamId":"fo236ldf","id":"1(@)"}
{"time":"2026-03-13T18:27:48.459626782+01:00","level":"INFO","msg":"handleInformInit: received","streamId":"7eyia4uc","id":"1(@)"}
{"time":"2026-03-13T18:27:48.59196117+01:00","level":"INFO","msg":"handleInformInit: stream started","streamId":"7eyia4uc","id":"1(@)"}
{"time":"2026-03-13T18:29:12.462096804+01:00","level":"INFO","msg":"handleInformFinish: finish message received","streamId":"7eyia4uc","id":"1(@)"}
{"time":"2026-03-13T18:29:12.464637176+01:00","level":"INFO","msg":"handleInformFinish: stream closed","streamId":"7eyia4uc","id":"1(@)"}
{"time":"2026-03-13T18:36:33.05837983+01:00","level":"INFO","msg":"handleInformInit: received","streamId":"2jpod732","id":"1(@)"}
{"time":"2026-03-13T18:36:33.18056515+01:00","level":"INFO","msg":"handleInformInit: stream started","streamId":"2jpod732","id":"1(@)"}
{"time":"2026-03-13T18:40:13.85527824+01:00","level":"INFO","msg":"connection: cancelling request","id":"1(@)","requestId":"xhcozvegwysj"}
{"time":"2026-03-13T18:40:13.857301422+01:00","level":"INFO","msg":"handleInformFinish: finish message received","streamId":"2jpod732","id":"1(@)"}
{"time":"2026-03-13T18:40:13.87044752+01:00","level":"INFO","msg":"handleInformFinish: stream closed","streamId":"2jpod732","id":"1(@)"}
{"time":"2026-03-13T18:48:00.766394591+01:00","level":"INFO","msg":"handleInformInit: received","streamId":"j45xntsp","id":"1(@)"}
{"time":"2026-03-13T18:48:00.889841779+01:00","level":"INFO","msg":"handleInformInit: stream started","streamId":"j45xntsp","id":"1(@)"}
{"time":"2026-03-13T18:51:19.505421886+01:00","level":"INFO","msg":"handleInformFinish: finish message received","streamId":"j45xntsp","id":"1(@)"}
{"time":"2026-03-13T18:51:19.507355351+01:00","level":"INFO","msg":"handleInformFinish: stream closed","streamId":"j45xntsp","id":"1(@)"}
{"time":"2026-03-13T18:58:22.353637722+01:00","level":"INFO","msg":"handleInformInit: received","streamId":"zhacyy04","id":"1(@)"}
{"time":"2026-03-13T18:58:22.475333551+01:00","level":"INFO","msg":"handleInformInit: stream started","streamId":"zhacyy04","id":"1(@)"}
{"time":"2026-03-13T19:01:49.493650117+01:00","level":"INFO","msg":"handleInformFinish: finish message received","streamId":"zhacyy04","id":"1(@)"}
{"time":"2026-03-13T19:01:49.495928649+01:00","level":"INFO","msg":"handleInformFinish: stream closed","streamId":"zhacyy04","id":"1(@)"}
{"time":"2026-03-13T19:09:42.614221204+01:00","level":"INFO","msg":"handleInformInit: received","streamId":"tyofv4pg","id":"1(@)"}
{"time":"2026-03-13T19:09:42.742523276+01:00","level":"INFO","msg":"handleInformInit: stream started","streamId":"tyofv4pg","id":"1(@)"}
{"time":"2026-03-13T19:12:56.379139365+01:00","level":"INFO","msg":"handleInformFinish: finish message received","streamId":"tyofv4pg","id":"1(@)"}
{"time":"2026-03-13T19:12:56.38155363+01:00","level":"INFO","msg":"handleInformFinish: stream closed","streamId":"tyofv4pg","id":"1(@)"}
{"time":"2026-03-13T19:19:14.157212317+01:00","level":"INFO","msg":"handleInformInit: received","streamId":"8di304di","id":"1(@)"}
{"time":"2026-03-13T19:19:14.281265459+01:00","level":"INFO","msg":"handleInformInit: stream started","streamId":"8di304di","id":"1(@)"}
{"time":"2026-03-13T19:23:35.972054064+01:00","level":"INFO","msg":"handleInformFinish: finish message received","streamId":"8di304di","id":"1(@)"}
{"time":"2026-03-13T19:23:35.974261399+01:00","level":"INFO","msg":"handleInformFinish: stream closed","streamId":"8di304di","id":"1(@)"}
{"time":"2026-03-13T19:32:46.160770588+01:00","level":"INFO","msg":"handleInformInit: received","streamId":"ivag4il8","id":"1(@)"}
{"time":"2026-03-13T19:32:46.285786707+01:00","level":"INFO","msg":"handleInformInit: stream started","streamId":"ivag4il8","id":"1(@)"}
{"time":"2026-03-13T19:34:24.568993248+01:00","level":"INFO","msg":"handleInformFinish: finish message received","streamId":"ivag4il8","id":"1(@)"}
{"time":"2026-03-13T19:34:24.570630345+01:00","level":"INFO","msg":"handleInformFinish: stream closed","streamId":"ivag4il8","id":"1(@)"}
{"time":"2026-03-13T19:39:27.072387887+01:00","level":"INFO","msg":"handleInformInit: received","streamId":"6xtqzquy","id":"1(@)"}
{"time":"2026-03-13T19:39:27.195197702+01:00","level":"INFO","msg":"handleInformInit: stream started","streamId":"6xtqzquy","id":"1(@)"}
{"time":"2026-03-13T19:45:03.57077462+01:00","level":"INFO","msg":"handleInformFinish: finish message received","streamId":"6xtqzquy","id":"1(@)"}
{"time":"2026-03-13T19:45:03.572414843+01:00","level":"INFO","msg":"handleInformFinish: stream closed","streamId":"6xtqzquy","id":"1(@)"}
{"time":"2026-03-13T19:54:37.572590094+01:00","level":"INFO","msg":"handleInformInit: received","streamId":"501uizzp","id":"1(@)"}
{"time":"2026-03-13T19:54:37.699837474+01:00","level":"INFO","msg":"handleInformInit: stream started","streamId":"501uizzp","id":"1(@)"}
{"time":"2026-03-13T19:56:09.971822743+01:00","level":"INFO","msg":"handleInformFinish: finish message received","streamId":"501uizzp","id":"1(@)"}
{"time":"2026-03-13T19:56:09.973439481+01:00","level":"INFO","msg":"handleInformFinish: stream closed","streamId":"501uizzp","id":"1(@)"}
{"time":"2026-03-13T20:05:06.181845689+01:00","level":"INFO","msg":"handleInformInit: received","streamId":"d8gu2g7d","id":"1(@)"}
{"time":"2026-03-13T20:05:06.306866216+01:00","level":"INFO","msg":"handleInformInit: stream started","streamId":"d8gu2g7d","id":"1(@)"}
{"time":"2026-03-13T20:06:48.432706091+01:00","level":"INFO","msg":"connection: cancelling request","id":"1(@)","requestId":"7ft7ft0y80kt"}
{"time":"2026-03-13T20:06:48.470277956+01:00","level":"INFO","msg":"handleInformFinish: finish message received","streamId":"d8gu2g7d","id":"1(@)"}
{"time":"2026-03-13T20:06:48.471633985+01:00","level":"INFO","msg":"handleInformFinish: stream closed","streamId":"d8gu2g7d","id":"1(@)"}
{"time":"2026-03-13T20:15:29.623358462+01:00","level":"INFO","msg":"handleInformInit: received","streamId":"2szmyg8h","id":"1(@)"}
{"time":"2026-03-13T20:15:29.751130553+01:00","level":"INFO","msg":"handleInformInit: stream started","streamId":"2szmyg8h","id":"1(@)"}
{"time":"2026-03-13T20:17:34.569916385+01:00","level":"INFO","msg":"handleInformFinish: finish message received","streamId":"2szmyg8h","id":"1(@)"}
{"time":"2026-03-13T20:17:34.571470363+01:00","level":"INFO","msg":"handleInformFinish: stream closed","streamId":"2szmyg8h","id":"1(@)"}
{"time":"2026-03-13T20:25:54.539327847+01:00","level":"INFO","msg":"handleInformInit: received","streamId":"33udiplh","id":"1(@)"}
{"time":"2026-03-13T20:25:54.665188882+01:00","level":"INFO","msg":"handleInformInit: stream started","streamId":"33udiplh","id":"1(@)"}
{"time":"2026-03-13T20:28:36.314119752+01:00","level":"INFO","msg":"handleInformFinish: finish message received","streamId":"33udiplh","id":"1(@)"}
{"time":"2026-03-13T20:28:36.315712777+01:00","level":"INFO","msg":"handleInformFinish: stream closed","streamId":"33udiplh","id":"1(@)"}
{"time":"2026-03-13T20:36:50.539031239+01:00","level":"INFO","msg":"handleInformInit: received","streamId":"rt0o99pt","id":"1(@)"}
{"time":"2026-03-13T20:36:50.66053606+01:00","level":"INFO","msg":"handleInformInit: stream started","streamId":"rt0o99pt","id":"1(@)"}
{"time":"2026-03-13T20:39:37.779239923+01:00","level":"INFO","msg":"handleInformFinish: finish message received","streamId":"rt0o99pt","id":"1(@)"}
{"time":"2026-03-13T20:39:37.780845068+01:00","level":"INFO","msg":"handleInformFinish: stream closed","streamId":"rt0o99pt","id":"1(@)"}
{"time":"2026-03-13T20:39:38.056358237+01:00","level":"INFO","msg":"handleInformTeardown: server teardown initiated","id":"1(@)"}
{"time":"2026-03-13T20:39:38.056428378+01:00","level":"INFO","msg":"handleInformTeardown: server shutdown complete","id":"1(@)"}
{"time":"2026-03-13T20:39:38.056469655+01:00","level":"INFO","msg":"connection: closing","id":"1(@)"}
{"time":"2026-03-13T20:39:38.056538607+01:00","level":"INFO","msg":"server is shutting down"}
{"time":"2026-03-13T20:39:38.063116834+01:00","level":"INFO","msg":"connection: closed successfully","id":"1(@)"}
{"time":"2026-03-13T20:39:38.063624528+01:00","level":"INFO","msg":"connection: ManageConnectionData: connection closed","id":"1(@)"}
{"time":"2026-03-13T20:39:38.087117347+01:00","level":"INFO","msg":"server: listener closed","addr":{"Name":"/tmp/wandb-3366755-3366957-2403840046/socket","Net":"unix"}}
{"time":"2026-03-13T20:39:38.087655742+01:00","level":"INFO","msg":"server is closed"}
