{"time":"2026-03-13T09:32:04.187608334+01:00","level":"INFO","msg":"main: starting server","port-filename":"/tmp/tmpf1c_n_vw/port-1370199.txt","pid":1370199,"log-level":0,"disable-analytics":false,"shutdown-on-parent-exit":false,"enable-dcgm-profiling":false}
{"time":"2026-03-13T09:32:04.188054236+01:00","level":"INFO","msg":"server: will exit if parent process dies","ppid":1370199}
{"time":"2026-03-13T09:32:04.188050072+01:00","level":"INFO","msg":"server: accepting connections","addr":{"Name":"/tmp/wandb-1370199-1370335-726384873/socket","Net":"unix"}}
{"time":"2026-03-13T09:32:04.344689766+01:00","level":"INFO","msg":"connection: ManageConnectionData: new connection created","id":"1(@)"}
{"time":"2026-03-13T09:32:04.381952575+01:00","level":"INFO","msg":"handleInformInit: received","streamId":"5a7irew6","id":"1(@)"}
{"time":"2026-03-13T09:32:04.51702185+01:00","level":"INFO","msg":"handleInformInit: stream started","streamId":"5a7irew6","id":"1(@)"}
{"time":"2026-03-13T09:44:56.870866326+01:00","level":"INFO","msg":"handleInformFinish: finish message received","streamId":"5a7irew6","id":"1(@)"}
{"time":"2026-03-13T09:44:56.877866915+01:00","level":"INFO","msg":"handleInformFinish: stream closed","streamId":"5a7irew6","id":"1(@)"}
{"time":"2026-03-13T09:50:21.132137937+01:00","level":"INFO","msg":"handleInformInit: received","streamId":"2r0w9o1e","id":"1(@)"}
{"time":"2026-03-13T09:50:21.252953401+01:00","level":"INFO","msg":"handleInformInit: stream started","streamId":"2r0w9o1e","id":"1(@)"}
{"time":"2026-03-13T10:02:33.643902166+01:00","level":"INFO","msg":"handleInformFinish: finish message received","streamId":"2r0w9o1e","id":"1(@)"}
{"time":"2026-03-13T10:02:33.646605492+01:00","level":"INFO","msg":"handleInformFinish: stream closed","streamId":"2r0w9o1e","id":"1(@)"}
{"time":"2026-03-13T10:07:03.434078897+01:00","level":"INFO","msg":"handleInformInit: received","streamId":"odywleuf","id":"1(@)"}
{"time":"2026-03-13T10:07:03.554252576+01:00","level":"INFO","msg":"handleInformInit: stream started","streamId":"odywleuf","id":"1(@)"}
{"time":"2026-03-13T10:20:40.950292838+01:00","level":"INFO","msg":"handleInformFinish: finish message received","streamId":"odywleuf","id":"1(@)"}
{"time":"2026-03-13T10:20:40.952386229+01:00","level":"INFO","msg":"handleInformFinish: stream closed","streamId":"odywleuf","id":"1(@)"}
{"time":"2026-03-13T10:23:04.897653921+01:00","level":"INFO","msg":"handleInformInit: received","streamId":"gle8imd2","id":"1(@)"}
{"time":"2026-03-13T10:23:05.007504936+01:00","level":"INFO","msg":"handleInformInit: stream started","streamId":"gle8imd2","id":"1(@)"}
{"time":"2026-03-13T10:38:40.248199673+01:00","level":"INFO","msg":"handleInformFinish: finish message received","streamId":"gle8imd2","id":"1(@)"}
{"time":"2026-03-13T10:38:40.253993743+01:00","level":"INFO","msg":"handleInformFinish: stream closed","streamId":"gle8imd2","id":"1(@)"}
{"time":"2026-03-13T10:43:52.137752998+01:00","level":"INFO","msg":"handleInformInit: received","streamId":"4lwriibc","id":"1(@)"}
{"time":"2026-03-13T10:43:52.268493396+01:00","level":"INFO","msg":"handleInformInit: stream started","streamId":"4lwriibc","id":"1(@)"}
{"time":"2026-03-13T10:57:08.912061526+01:00","level":"INFO","msg":"handleInformFinish: finish message received","streamId":"4lwriibc","id":"1(@)"}
{"time":"2026-03-13T10:57:08.933303066+01:00","level":"INFO","msg":"handleInformFinish: stream closed","streamId":"4lwriibc","id":"1(@)"}
{"time":"2026-03-13T11:01:11.817333939+01:00","level":"INFO","msg":"handleInformInit: received","streamId":"j1q0bipy","id":"1(@)"}
{"time":"2026-03-13T11:01:11.945064732+01:00","level":"INFO","msg":"handleInformInit: stream started","streamId":"j1q0bipy","id":"1(@)"}
{"time":"2026-03-13T11:14:38.375282446+01:00","level":"INFO","msg":"handleInformFinish: finish message received","streamId":"j1q0bipy","id":"1(@)"}
{"time":"2026-03-13T11:14:38.377247011+01:00","level":"INFO","msg":"handleInformFinish: stream closed","streamId":"j1q0bipy","id":"1(@)"}
{"time":"2026-03-13T11:19:04.756771904+01:00","level":"INFO","msg":"handleInformInit: received","streamId":"15tbtq8q","id":"1(@)"}
{"time":"2026-03-13T11:19:04.883664991+01:00","level":"INFO","msg":"handleInformInit: stream started","streamId":"15tbtq8q","id":"1(@)"}
{"time":"2026-03-13T11:32:10.042541444+01:00","level":"INFO","msg":"handleInformFinish: finish message received","streamId":"15tbtq8q","id":"1(@)"}
{"time":"2026-03-13T11:32:10.049840108+01:00","level":"INFO","msg":"handleInformFinish: stream closed","streamId":"15tbtq8q","id":"1(@)"}
{"time":"2026-03-13T11:37:36.955409117+01:00","level":"INFO","msg":"handleInformInit: received","streamId":"fwodeur1","id":"1(@)"}
{"time":"2026-03-13T11:37:38.701902834+01:00","level":"INFO","msg":"handleInformInit: stream started","streamId":"fwodeur1","id":"1(@)"}
{"time":"2026-03-13T11:49:16.022622873+01:00","level":"INFO","msg":"handleInformFinish: finish message received","streamId":"fwodeur1","id":"1(@)"}
{"time":"2026-03-13T11:49:16.024992208+01:00","level":"INFO","msg":"handleInformFinish: stream closed","streamId":"fwodeur1","id":"1(@)"}
{"time":"2026-03-13T11:55:23.33343173+01:00","level":"INFO","msg":"handleInformInit: received","streamId":"vg2r0bco","id":"1(@)"}
{"time":"2026-03-13T11:55:23.513903972+01:00","level":"INFO","msg":"handleInformInit: stream started","streamId":"vg2r0bco","id":"1(@)"}
{"time":"2026-03-13T12:07:17.790664528+01:00","level":"INFO","msg":"handleInformFinish: finish message received","streamId":"vg2r0bco","id":"1(@)"}
{"time":"2026-03-13T12:07:17.793594854+01:00","level":"INFO","msg":"handleInformFinish: stream closed","streamId":"vg2r0bco","id":"1(@)"}
{"time":"2026-03-13T12:12:45.225257077+01:00","level":"INFO","msg":"handleInformInit: received","streamId":"tr02pb59","id":"1(@)"}
{"time":"2026-03-13T12:12:45.349308182+01:00","level":"INFO","msg":"handleInformInit: stream started","streamId":"tr02pb59","id":"1(@)"}
{"time":"2026-03-13T12:25:19.35022232+01:00","level":"INFO","msg":"handleInformFinish: finish message received","streamId":"tr02pb59","id":"1(@)"}
{"time":"2026-03-13T12:25:19.370723408+01:00","level":"INFO","msg":"handleInformFinish: stream closed","streamId":"tr02pb59","id":"1(@)"}
{"time":"2026-03-13T12:31:10.975837165+01:00","level":"INFO","msg":"handleInformInit: received","streamId":"vxjb5brp","id":"1(@)"}
{"time":"2026-03-13T12:31:11.101436003+01:00","level":"INFO","msg":"handleInformInit: stream started","streamId":"vxjb5brp","id":"1(@)"}
{"time":"2026-03-13T12:43:30.39297857+01:00","level":"INFO","msg":"handleInformFinish: finish message received","streamId":"vxjb5brp","id":"1(@)"}
{"time":"2026-03-13T12:43:30.394506233+01:00","level":"INFO","msg":"handleInformFinish: stream closed","streamId":"vxjb5brp","id":"1(@)"}
{"time":"2026-03-13T12:48:37.476899761+01:00","level":"INFO","msg":"handleInformInit: received","streamId":"lqhnpchb","id":"1(@)"}
{"time":"2026-03-13T12:48:37.605830041+01:00","level":"INFO","msg":"handleInformInit: stream started","streamId":"lqhnpchb","id":"1(@)"}
{"time":"2026-03-13T13:00:47.253170244+01:00","level":"INFO","msg":"handleInformFinish: finish message received","streamId":"lqhnpchb","id":"1(@)"}
{"time":"2026-03-13T13:00:47.285430918+01:00","level":"INFO","msg":"handleInformFinish: stream closed","streamId":"lqhnpchb","id":"1(@)"}
{"time":"2026-03-13T13:04:45.275035829+01:00","level":"INFO","msg":"handleInformInit: received","streamId":"9wi7mx7n","id":"1(@)"}
{"time":"2026-03-13T13:04:45.400767151+01:00","level":"INFO","msg":"handleInformInit: stream started","streamId":"9wi7mx7n","id":"1(@)"}
{"time":"2026-03-13T13:17:28.77495647+01:00","level":"INFO","msg":"handleInformFinish: finish message received","streamId":"9wi7mx7n","id":"1(@)"}
{"time":"2026-03-13T13:17:28.791510885+01:00","level":"INFO","msg":"handleInformFinish: stream closed","streamId":"9wi7mx7n","id":"1(@)"}
{"time":"2026-03-13T13:22:40.512305776+01:00","level":"INFO","msg":"handleInformInit: received","streamId":"gue6dz74","id":"1(@)"}
{"time":"2026-03-13T13:22:40.686516159+01:00","level":"INFO","msg":"handleInformInit: stream started","streamId":"gue6dz74","id":"1(@)"}
{"time":"2026-03-13T13:24:02.945827803+01:00","level":"INFO","msg":"handleInformFinish: finish message received","streamId":"gue6dz74","id":"1(@)"}
{"time":"2026-03-13T13:24:02.947327189+01:00","level":"INFO","msg":"handleInformFinish: stream closed","streamId":"gue6dz74","id":"1(@)"}
{"time":"2026-03-13T13:29:39.233182632+01:00","level":"INFO","msg":"handleInformInit: received","streamId":"v2mp4r7j","id":"1(@)"}
{"time":"2026-03-13T13:29:39.35570584+01:00","level":"INFO","msg":"handleInformInit: stream started","streamId":"v2mp4r7j","id":"1(@)"}
{"time":"2026-03-13T13:30:26.663733825+01:00","level":"INFO","msg":"handleInformFinish: finish message received","streamId":"v2mp4r7j","id":"1(@)"}
{"time":"2026-03-13T13:30:26.665260001+01:00","level":"INFO","msg":"handleInformFinish: stream closed","streamId":"v2mp4r7j","id":"1(@)"}
{"time":"2026-03-13T13:35:55.941813749+01:00","level":"INFO","msg":"handleInformInit: received","streamId":"nx3y2dqw","id":"1(@)"}
{"time":"2026-03-13T13:35:56.07096409+01:00","level":"INFO","msg":"handleInformInit: stream started","streamId":"nx3y2dqw","id":"1(@)"}
{"time":"2026-03-13T13:37:03.636494301+01:00","level":"INFO","msg":"handleInformFinish: finish message received","streamId":"nx3y2dqw","id":"1(@)"}
{"time":"2026-03-13T13:37:03.638234771+01:00","level":"INFO","msg":"handleInformFinish: stream closed","streamId":"nx3y2dqw","id":"1(@)"}
{"time":"2026-03-13T13:41:26.415363036+01:00","level":"INFO","msg":"handleInformInit: received","streamId":"juwfzqer","id":"1(@)"}
{"time":"2026-03-13T13:41:26.53964196+01:00","level":"INFO","msg":"handleInformInit: stream started","streamId":"juwfzqer","id":"1(@)"}
{"time":"2026-03-13T13:43:05.880448419+01:00","level":"INFO","msg":"handleInformFinish: finish message received","streamId":"juwfzqer","id":"1(@)"}
{"time":"2026-03-13T13:43:05.881988422+01:00","level":"INFO","msg":"handleInformFinish: stream closed","streamId":"juwfzqer","id":"1(@)"}
{"time":"2026-03-13T13:48:30.657768734+01:00","level":"INFO","msg":"handleInformInit: received","streamId":"l8crtakx","id":"1(@)"}
{"time":"2026-03-13T13:48:30.78776502+01:00","level":"INFO","msg":"handleInformInit: stream started","streamId":"l8crtakx","id":"1(@)"}
{"time":"2026-03-13T13:50:19.011229616+01:00","level":"INFO","msg":"handleInformFinish: finish message received","streamId":"l8crtakx","id":"1(@)"}
{"time":"2026-03-13T13:50:19.012899478+01:00","level":"INFO","msg":"handleInformFinish: stream closed","streamId":"l8crtakx","id":"1(@)"}
{"time":"2026-03-13T13:55:28.671941667+01:00","level":"INFO","msg":"handleInformInit: received","streamId":"wpgl8d1u","id":"1(@)"}
{"time":"2026-03-13T13:55:28.795213083+01:00","level":"INFO","msg":"handleInformInit: stream started","streamId":"wpgl8d1u","id":"1(@)"}
{"time":"2026-03-13T13:57:00.862496372+01:00","level":"INFO","msg":"handleInformFinish: finish message received","streamId":"wpgl8d1u","id":"1(@)"}
{"time":"2026-03-13T13:57:00.864791998+01:00","level":"INFO","msg":"handleInformFinish: stream closed","streamId":"wpgl8d1u","id":"1(@)"}
{"time":"2026-03-13T14:01:53.680180073+01:00","level":"INFO","msg":"handleInformInit: received","streamId":"fp8gl0ej","id":"1(@)"}
{"time":"2026-03-13T14:01:53.805765318+01:00","level":"INFO","msg":"handleInformInit: stream started","streamId":"fp8gl0ej","id":"1(@)"}
{"time":"2026-03-13T14:03:36.119678661+01:00","level":"INFO","msg":"handleInformFinish: finish message received","streamId":"fp8gl0ej","id":"1(@)"}
{"time":"2026-03-13T14:03:36.121611499+01:00","level":"INFO","msg":"handleInformFinish: stream closed","streamId":"fp8gl0ej","id":"1(@)"}
{"time":"2026-03-13T14:06:02.540878455+01:00","level":"INFO","msg":"handleInformInit: received","streamId":"geegk8w2","id":"1(@)"}
{"time":"2026-03-13T14:06:02.668935534+01:00","level":"INFO","msg":"handleInformInit: stream started","streamId":"geegk8w2","id":"1(@)"}
{"time":"2026-03-13T14:10:03.104804351+01:00","level":"INFO","msg":"handleInformFinish: finish message received","streamId":"geegk8w2","id":"1(@)"}
{"time":"2026-03-13T14:10:03.107401197+01:00","level":"INFO","msg":"handleInformFinish: stream closed","streamId":"geegk8w2","id":"1(@)"}
{"time":"2026-03-13T14:13:30.51056648+01:00","level":"INFO","msg":"handleInformInit: received","streamId":"w3t58q6n","id":"1(@)"}
{"time":"2026-03-13T14:13:30.638120973+01:00","level":"INFO","msg":"handleInformInit: stream started","streamId":"w3t58q6n","id":"1(@)"}
{"time":"2026-03-13T14:16:35.128123687+01:00","level":"INFO","msg":"handleInformFinish: finish message received","streamId":"w3t58q6n","id":"1(@)"}
{"time":"2026-03-13T14:16:35.12964822+01:00","level":"INFO","msg":"handleInformFinish: stream closed","streamId":"w3t58q6n","id":"1(@)"}
{"time":"2026-03-13T14:20:42.201271864+01:00","level":"INFO","msg":"handleInformInit: received","streamId":"vvhgnle1","id":"1(@)"}
{"time":"2026-03-13T14:20:42.323197402+01:00","level":"INFO","msg":"handleInformInit: stream started","streamId":"vvhgnle1","id":"1(@)"}
{"time":"2026-03-13T14:22:53.691666426+01:00","level":"INFO","msg":"handleInformFinish: finish message received","streamId":"vvhgnle1","id":"1(@)"}
{"time":"2026-03-13T14:22:53.70382934+01:00","level":"INFO","msg":"handleInformFinish: stream closed","streamId":"vvhgnle1","id":"1(@)"}
{"time":"2026-03-13T14:27:13.262083625+01:00","level":"INFO","msg":"handleInformInit: received","streamId":"itaw9p4r","id":"1(@)"}
{"time":"2026-03-13T14:27:13.384444334+01:00","level":"INFO","msg":"handleInformInit: stream started","streamId":"itaw9p4r","id":"1(@)"}
{"time":"2026-03-13T14:29:22.011951961+01:00","level":"INFO","msg":"handleInformFinish: finish message received","streamId":"itaw9p4r","id":"1(@)"}
{"time":"2026-03-13T14:29:22.026037063+01:00","level":"INFO","msg":"handleInformFinish: stream closed","streamId":"itaw9p4r","id":"1(@)"}
{"time":"2026-03-13T14:33:41.194910349+01:00","level":"INFO","msg":"handleInformInit: received","streamId":"ayllhqaa","id":"1(@)"}
{"time":"2026-03-13T14:33:41.324396107+01:00","level":"INFO","msg":"handleInformInit: stream started","streamId":"ayllhqaa","id":"1(@)"}
{"time":"2026-03-13T14:35:34.01547612+01:00","level":"INFO","msg":"connection: cancelling request","id":"1(@)","requestId":"cud5zg83s2st"}
{"time":"2026-03-13T14:35:34.018069732+01:00","level":"INFO","msg":"handleInformFinish: finish message received","streamId":"ayllhqaa","id":"1(@)"}
{"time":"2026-03-13T14:35:34.034090862+01:00","level":"INFO","msg":"handleInformFinish: stream closed","streamId":"ayllhqaa","id":"1(@)"}
{"time":"2026-03-13T14:38:57.279920471+01:00","level":"INFO","msg":"handleInformInit: received","streamId":"tfd3nnjh","id":"1(@)"}
{"time":"2026-03-13T14:38:57.402586486+01:00","level":"INFO","msg":"handleInformInit: stream started","streamId":"tfd3nnjh","id":"1(@)"}
{"time":"2026-03-13T14:41:41.425094445+01:00","level":"INFO","msg":"handleInformFinish: finish message received","streamId":"tfd3nnjh","id":"1(@)"}
{"time":"2026-03-13T14:41:41.42631454+01:00","level":"INFO","msg":"handleInformFinish: stream closed","streamId":"tfd3nnjh","id":"1(@)"}
{"time":"2026-03-13T14:46:38.43080827+01:00","level":"INFO","msg":"handleInformInit: received","streamId":"1i5d168l","id":"1(@)"}
{"time":"2026-03-13T14:46:38.551954417+01:00","level":"INFO","msg":"handleInformInit: stream started","streamId":"1i5d168l","id":"1(@)"}
{"time":"2026-03-13T14:47:35.151033308+01:00","level":"INFO","msg":"handleInformFinish: finish message received","streamId":"1i5d168l","id":"1(@)"}
{"time":"2026-03-13T14:47:35.15235394+01:00","level":"INFO","msg":"handleInformFinish: stream closed","streamId":"1i5d168l","id":"1(@)"}
{"time":"2026-03-13T14:52:10.780570127+01:00","level":"INFO","msg":"handleInformInit: received","streamId":"w327r9rz","id":"1(@)"}
{"time":"2026-03-13T14:52:10.905565029+01:00","level":"INFO","msg":"handleInformInit: stream started","streamId":"w327r9rz","id":"1(@)"}
{"time":"2026-03-13T14:53:54.751438226+01:00","level":"INFO","msg":"handleInformFinish: finish message received","streamId":"w327r9rz","id":"1(@)"}
{"time":"2026-03-13T14:53:54.753697558+01:00","level":"INFO","msg":"handleInformFinish: stream closed","streamId":"w327r9rz","id":"1(@)"}
{"time":"2026-03-13T14:59:32.269982588+01:00","level":"INFO","msg":"handleInformInit: received","streamId":"5op80vpj","id":"1(@)"}
{"time":"2026-03-13T14:59:32.392772731+01:00","level":"INFO","msg":"handleInformInit: stream started","streamId":"5op80vpj","id":"1(@)"}
{"time":"2026-03-13T15:00:00.179675271+01:00","level":"INFO","msg":"handleInformFinish: finish message received","streamId":"5op80vpj","id":"1(@)"}
{"time":"2026-03-13T15:00:00.180993887+01:00","level":"INFO","msg":"handleInformFinish: stream closed","streamId":"5op80vpj","id":"1(@)"}
{"time":"2026-03-13T15:05:26.027098073+01:00","level":"INFO","msg":"handleInformInit: received","streamId":"yko3yz1x","id":"1(@)"}
{"time":"2026-03-13T15:05:26.149040721+01:00","level":"INFO","msg":"handleInformInit: stream started","streamId":"yko3yz1x","id":"1(@)"}
{"time":"2026-03-13T15:05:54.151470171+01:00","level":"INFO","msg":"handleInformFinish: finish message received","streamId":"yko3yz1x","id":"1(@)"}
{"time":"2026-03-13T15:05:54.153103193+01:00","level":"INFO","msg":"handleInformFinish: stream closed","streamId":"yko3yz1x","id":"1(@)"}
{"time":"2026-03-13T15:11:31.537000238+01:00","level":"INFO","msg":"handleInformInit: received","streamId":"6ru27gez","id":"1(@)"}
{"time":"2026-03-13T15:11:31.657848318+01:00","level":"INFO","msg":"handleInformInit: stream started","streamId":"6ru27gez","id":"1(@)"}
{"time":"2026-03-13T15:12:16.483866833+01:00","level":"INFO","msg":"handleInformFinish: finish message received","streamId":"6ru27gez","id":"1(@)"}
{"time":"2026-03-13T15:12:16.485694548+01:00","level":"INFO","msg":"handleInformFinish: stream closed","streamId":"6ru27gez","id":"1(@)"}
{"time":"2026-03-13T15:17:56.687398903+01:00","level":"INFO","msg":"handleInformInit: received","streamId":"ctyn76e6","id":"1(@)"}
{"time":"2026-03-13T15:17:56.809409133+01:00","level":"INFO","msg":"handleInformInit: stream started","streamId":"ctyn76e6","id":"1(@)"}
{"time":"2026-03-13T15:18:27.619017009+01:00","level":"INFO","msg":"handleInformFinish: finish message received","streamId":"ctyn76e6","id":"1(@)"}
{"time":"2026-03-13T15:18:27.620821492+01:00","level":"INFO","msg":"handleInformFinish: stream closed","streamId":"ctyn76e6","id":"1(@)"}
{"time":"2026-03-13T15:23:25.172171032+01:00","level":"INFO","msg":"handleInformInit: received","streamId":"8is5hc8p","id":"1(@)"}
{"time":"2026-03-13T15:23:25.295144659+01:00","level":"INFO","msg":"handleInformInit: stream started","streamId":"8is5hc8p","id":"1(@)"}
{"time":"2026-03-13T15:24:37.104357404+01:00","level":"INFO","msg":"handleInformFinish: finish message received","streamId":"8is5hc8p","id":"1(@)"}
{"time":"2026-03-13T15:24:37.106170282+01:00","level":"INFO","msg":"handleInformFinish: stream closed","streamId":"8is5hc8p","id":"1(@)"}
{"time":"2026-03-13T15:27:19.479175694+01:00","level":"INFO","msg":"handleInformInit: received","streamId":"2p8cpixv","id":"1(@)"}
{"time":"2026-03-13T15:27:19.60395057+01:00","level":"INFO","msg":"handleInformInit: stream started","streamId":"2p8cpixv","id":"1(@)"}
{"time":"2026-03-13T15:30:42.414524846+01:00","level":"INFO","msg":"handleInformFinish: finish message received","streamId":"2p8cpixv","id":"1(@)"}
{"time":"2026-03-13T15:30:42.415985373+01:00","level":"INFO","msg":"handleInformFinish: stream closed","streamId":"2p8cpixv","id":"1(@)"}
{"time":"2026-03-13T15:35:03.576091673+01:00","level":"INFO","msg":"handleInformInit: received","streamId":"p0bbyyq7","id":"1(@)"}
{"time":"2026-03-13T15:35:03.701121765+01:00","level":"INFO","msg":"handleInformInit: stream started","streamId":"p0bbyyq7","id":"1(@)"}
{"time":"2026-03-13T15:37:34.610136821+01:00","level":"INFO","msg":"handleInformFinish: finish message received","streamId":"p0bbyyq7","id":"1(@)"}
{"time":"2026-03-13T15:37:34.616085128+01:00","level":"INFO","msg":"handleInformFinish: stream closed","streamId":"p0bbyyq7","id":"1(@)"}
{"time":"2026-03-13T15:42:35.359435163+01:00","level":"INFO","msg":"handleInformInit: received","streamId":"3trh0l9r","id":"1(@)"}
{"time":"2026-03-13T15:42:35.481468356+01:00","level":"INFO","msg":"handleInformInit: stream started","streamId":"3trh0l9r","id":"1(@)"}
{"time":"2026-03-13T15:42:37.080074382+01:00","level":"INFO","msg":"connection: cancelling request","id":"1(@)","requestId":"fdisi1mdwly1"}
{"time":"2026-03-13T15:43:05.071265917+01:00","level":"INFO","msg":"connection: cancelling request","id":"1(@)","requestId":"ug2uj34eu1pb"}
{"time":"2026-03-13T15:43:05.073248217+01:00","level":"INFO","msg":"handleInformFinish: finish message received","streamId":"3trh0l9r","id":"1(@)"}
{"time":"2026-03-13T15:43:05.07515118+01:00","level":"INFO","msg":"handleInformFinish: stream closed","streamId":"3trh0l9r","id":"1(@)"}
{"time":"2026-03-13T15:49:21.872765406+01:00","level":"INFO","msg":"handleInformInit: received","streamId":"9ifqfloz","id":"1(@)"}
{"time":"2026-03-13T15:49:21.994663095+01:00","level":"INFO","msg":"handleInformInit: stream started","streamId":"9ifqfloz","id":"1(@)"}
{"time":"2026-03-13T15:49:49.735694504+01:00","level":"INFO","msg":"handleInformFinish: finish message received","streamId":"9ifqfloz","id":"1(@)"}
{"time":"2026-03-13T15:49:49.736888232+01:00","level":"INFO","msg":"handleInformFinish: stream closed","streamId":"9ifqfloz","id":"1(@)"}
{"time":"2026-03-13T15:52:45.799452012+01:00","level":"INFO","msg":"handleInformInit: received","streamId":"gyg130n0","id":"1(@)"}
{"time":"2026-03-13T15:52:45.926288472+01:00","level":"INFO","msg":"handleInformInit: stream started","streamId":"gyg130n0","id":"1(@)"}
{"time":"2026-03-13T15:56:09.921696952+01:00","level":"INFO","msg":"handleInformFinish: finish message received","streamId":"gyg130n0","id":"1(@)"}
{"time":"2026-03-13T15:56:09.923337719+01:00","level":"INFO","msg":"handleInformFinish: stream closed","streamId":"gyg130n0","id":"1(@)"}
{"time":"2026-03-13T16:00:01.472403499+01:00","level":"INFO","msg":"handleInformInit: received","streamId":"5u02wpxj","id":"1(@)"}
{"time":"2026-03-13T16:00:02.928672871+01:00","level":"INFO","msg":"handleInformInit: stream started","streamId":"5u02wpxj","id":"1(@)"}
{"time":"2026-03-13T16:02:23.086465175+01:00","level":"INFO","msg":"handleInformFinish: finish message received","streamId":"5u02wpxj","id":"1(@)"}
{"time":"2026-03-13T16:02:23.088618178+01:00","level":"INFO","msg":"handleInformFinish: stream closed","streamId":"5u02wpxj","id":"1(@)"}
{"time":"2026-03-13T16:08:16.600484994+01:00","level":"INFO","msg":"handleInformInit: received","streamId":"e9x9mfi0","id":"1(@)"}
{"time":"2026-03-13T16:08:17.405257856+01:00","level":"INFO","msg":"handleInformInit: stream started","streamId":"e9x9mfi0","id":"1(@)"}
{"time":"2026-03-13T16:09:41.130345562+01:00","level":"INFO","msg":"handleInformFinish: finish message received","streamId":"e9x9mfi0","id":"1(@)"}
{"time":"2026-03-13T16:09:41.132184238+01:00","level":"INFO","msg":"handleInformFinish: stream closed","streamId":"e9x9mfi0","id":"1(@)"}
{"time":"2026-03-13T16:12:40.441171534+01:00","level":"INFO","msg":"handleInformInit: received","streamId":"vranj678","id":"1(@)"}
{"time":"2026-03-13T16:12:40.5776171+01:00","level":"INFO","msg":"handleInformInit: stream started","streamId":"vranj678","id":"1(@)"}
{"time":"2026-03-13T16:16:57.174434259+01:00","level":"INFO","msg":"handleInformFinish: finish message received","streamId":"vranj678","id":"1(@)"}
{"time":"2026-03-13T16:16:57.176266024+01:00","level":"INFO","msg":"handleInformFinish: stream closed","streamId":"vranj678","id":"1(@)"}
{"time":"2026-03-13T16:22:16.047168308+01:00","level":"INFO","msg":"handleInformInit: received","streamId":"0a675epx","id":"1(@)"}
{"time":"2026-03-13T16:22:16.173957287+01:00","level":"INFO","msg":"handleInformInit: stream started","streamId":"0a675epx","id":"1(@)"}
{"time":"2026-03-13T16:24:14.753301982+01:00","level":"INFO","msg":"handleInformFinish: finish message received","streamId":"0a675epx","id":"1(@)"}
{"time":"2026-03-13T16:24:14.755950143+01:00","level":"INFO","msg":"handleInformFinish: stream closed","streamId":"0a675epx","id":"1(@)"}
{"time":"2026-03-13T16:29:06.577215853+01:00","level":"INFO","msg":"handleInformInit: received","streamId":"yl27yhdi","id":"1(@)"}
{"time":"2026-03-13T16:29:06.704624956+01:00","level":"INFO","msg":"handleInformInit: stream started","streamId":"yl27yhdi","id":"1(@)"}
{"time":"2026-03-13T16:31:28.684343267+01:00","level":"INFO","msg":"handleInformFinish: finish message received","streamId":"yl27yhdi","id":"1(@)"}
{"time":"2026-03-13T16:31:28.698010631+01:00","level":"INFO","msg":"handleInformFinish: stream closed","streamId":"yl27yhdi","id":"1(@)"}
{"time":"2026-03-13T16:34:02.128559204+01:00","level":"INFO","msg":"handleInformInit: received","streamId":"r2r0btfy","id":"1(@)"}
{"time":"2026-03-13T16:34:02.25071773+01:00","level":"INFO","msg":"handleInformInit: stream started","streamId":"r2r0btfy","id":"1(@)"}
{"time":"2026-03-13T16:38:42.527627034+01:00","level":"INFO","msg":"connection: cancelling request","id":"1(@)","requestId":"hwfoi20smegu"}
{"time":"2026-03-13T16:38:42.529861848+01:00","level":"INFO","msg":"handleInformFinish: finish message received","streamId":"r2r0btfy","id":"1(@)"}
{"time":"2026-03-13T16:38:42.552889206+01:00","level":"INFO","msg":"handleInformFinish: stream closed","streamId":"r2r0btfy","id":"1(@)"}
{"time":"2026-03-13T16:43:54.544554729+01:00","level":"INFO","msg":"handleInformInit: received","streamId":"ojrrg6vx","id":"1(@)"}
{"time":"2026-03-13T16:43:54.67287581+01:00","level":"INFO","msg":"handleInformInit: stream started","streamId":"ojrrg6vx","id":"1(@)"}
{"time":"2026-03-13T16:45:28.061956119+01:00","level":"INFO","msg":"handleInformFinish: finish message received","streamId":"ojrrg6vx","id":"1(@)"}
{"time":"2026-03-13T16:45:28.065208607+01:00","level":"INFO","msg":"handleInformFinish: stream closed","streamId":"ojrrg6vx","id":"1(@)"}
{"time":"2026-03-13T16:50:35.386466411+01:00","level":"INFO","msg":"handleInformInit: received","streamId":"soma0mwg","id":"1(@)"}
{"time":"2026-03-13T16:50:35.510027649+01:00","level":"INFO","msg":"handleInformInit: stream started","streamId":"soma0mwg","id":"1(@)"}
{"time":"2026-03-13T16:52:43.293716582+01:00","level":"INFO","msg":"handleInformFinish: finish message received","streamId":"soma0mwg","id":"1(@)"}
{"time":"2026-03-13T16:52:43.296036769+01:00","level":"INFO","msg":"handleInformFinish: stream closed","streamId":"soma0mwg","id":"1(@)"}
{"time":"2026-03-13T16:55:28.761603965+01:00","level":"INFO","msg":"handleInformInit: received","streamId":"g3v67la4","id":"1(@)"}
{"time":"2026-03-13T16:55:28.889280644+01:00","level":"INFO","msg":"handleInformInit: stream started","streamId":"g3v67la4","id":"1(@)"}
{"time":"2026-03-13T17:00:25.251511225+01:00","level":"INFO","msg":"handleInformFinish: finish message received","streamId":"g3v67la4","id":"1(@)"}
{"time":"2026-03-13T17:00:25.254013964+01:00","level":"INFO","msg":"handleInformFinish: stream closed","streamId":"g3v67la4","id":"1(@)"}
{"time":"2026-03-13T17:05:43.611443736+01:00","level":"INFO","msg":"handleInformInit: received","streamId":"94g1tycf","id":"1(@)"}
{"time":"2026-03-13T17:05:43.733626134+01:00","level":"INFO","msg":"handleInformInit: stream started","streamId":"94g1tycf","id":"1(@)"}
{"time":"2026-03-13T17:07:40.51396357+01:00","level":"INFO","msg":"handleInformFinish: finish message received","streamId":"94g1tycf","id":"1(@)"}
{"time":"2026-03-13T17:07:40.526296204+01:00","level":"INFO","msg":"handleInformFinish: stream closed","streamId":"94g1tycf","id":"1(@)"}
{"time":"2026-03-13T17:12:28.652628386+01:00","level":"INFO","msg":"handleInformInit: received","streamId":"0pu4c1n6","id":"1(@)"}
{"time":"2026-03-13T17:12:28.773597599+01:00","level":"INFO","msg":"handleInformInit: stream started","streamId":"0pu4c1n6","id":"1(@)"}
{"time":"2026-03-13T17:14:19.417361851+01:00","level":"INFO","msg":"handleInformFinish: finish message received","streamId":"0pu4c1n6","id":"1(@)"}
{"time":"2026-03-13T17:14:19.42011988+01:00","level":"INFO","msg":"handleInformFinish: stream closed","streamId":"0pu4c1n6","id":"1(@)"}
{"time":"2026-03-13T17:19:56.91257306+01:00","level":"INFO","msg":"handleInformInit: received","streamId":"np4dhtus","id":"1(@)"}
{"time":"2026-03-13T17:19:57.034146476+01:00","level":"INFO","msg":"handleInformInit: stream started","streamId":"np4dhtus","id":"1(@)"}
{"time":"2026-03-13T17:21:30.131535013+01:00","level":"INFO","msg":"handleInformFinish: finish message received","streamId":"np4dhtus","id":"1(@)"}
{"time":"2026-03-13T17:21:30.133528795+01:00","level":"INFO","msg":"handleInformFinish: stream closed","streamId":"np4dhtus","id":"1(@)"}
{"time":"2026-03-13T17:25:31.544654228+01:00","level":"INFO","msg":"handleInformInit: received","streamId":"p0xvfkm8","id":"1(@)"}
{"time":"2026-03-13T17:25:31.666736092+01:00","level":"INFO","msg":"handleInformInit: stream started","streamId":"p0xvfkm8","id":"1(@)"}
{"time":"2026-03-13T17:28:36.690041249+01:00","level":"INFO","msg":"connection: cancelling request","id":"1(@)","requestId":"6vtas9fv9js6"}
{"time":"2026-03-13T17:28:36.692974478+01:00","level":"INFO","msg":"handleInformFinish: finish message received","streamId":"p0xvfkm8","id":"1(@)"}
{"time":"2026-03-13T17:28:36.694687449+01:00","level":"INFO","msg":"handleInformFinish: stream closed","streamId":"p0xvfkm8","id":"1(@)"}
{"time":"2026-03-13T17:34:01.329572554+01:00","level":"INFO","msg":"handleInformInit: received","streamId":"dziqpnzl","id":"1(@)"}
{"time":"2026-03-13T17:34:01.451347256+01:00","level":"INFO","msg":"handleInformInit: stream started","streamId":"dziqpnzl","id":"1(@)"}
{"time":"2026-03-13T17:36:03.440168461+01:00","level":"INFO","msg":"connection: cancelling request","id":"1(@)","requestId":"gzt12mf8yvq8"}
{"time":"2026-03-13T17:36:03.442207158+01:00","level":"INFO","msg":"handleInformFinish: finish message received","streamId":"dziqpnzl","id":"1(@)"}
{"time":"2026-03-13T17:36:03.444643534+01:00","level":"INFO","msg":"handleInformFinish: stream closed","streamId":"dziqpnzl","id":"1(@)"}
{"time":"2026-03-13T17:36:03.498098108+01:00","level":"INFO","msg":"handleInformTeardown: server teardown initiated","id":"1(@)"}
{"time":"2026-03-13T17:36:03.512503723+01:00","level":"INFO","msg":"handleInformTeardown: server shutdown complete","id":"1(@)"}
{"time":"2026-03-13T17:36:03.512536195+01:00","level":"INFO","msg":"server is shutting down"}
{"time":"2026-03-13T17:36:03.513875922+01:00","level":"INFO","msg":"server: listener closed","addr":{"Name":"/tmp/wandb-1370199-1370335-726384873/socket","Net":"unix"}}
{"time":"2026-03-13T17:36:03.51251167+01:00","level":"INFO","msg":"connection: closing","id":"1(@)"}
{"time":"2026-03-13T17:36:03.548283333+01:00","level":"INFO","msg":"connection: closed successfully","id":"1(@)"}
{"time":"2026-03-13T17:36:03.548766695+01:00","level":"INFO","msg":"connection: ManageConnectionData: connection closed","id":"1(@)"}
{"time":"2026-03-13T17:36:03.549240074+01:00","level":"INFO","msg":"server is closed"}
