{"time":"2026-03-13T09:31:51.716266212+01:00","level":"INFO","msg":"main: starting server","port-filename":"/tmp/tmpxctk86qo/port-318236.txt","pid":318236,"log-level":0,"disable-analytics":false,"shutdown-on-parent-exit":false,"enable-dcgm-profiling":false}
{"time":"2026-03-13T09:31:51.716672475+01:00","level":"INFO","msg":"server: will exit if parent process dies","ppid":318236}
{"time":"2026-03-13T09:31:51.716659781+01:00","level":"INFO","msg":"server: accepting connections","addr":{"Name":"/tmp/wandb-318236-318399-557903479/socket","Net":"unix"}}
{"time":"2026-03-13T09:31:51.872649427+01:00","level":"INFO","msg":"connection: ManageConnectionData: new connection created","id":"1(@)"}
{"time":"2026-03-13T09:31:51.895010545+01:00","level":"INFO","msg":"handleInformInit: received","streamId":"nbqn48nm","id":"1(@)"}
{"time":"2026-03-13T09:31:52.025989997+01:00","level":"INFO","msg":"handleInformInit: stream started","streamId":"nbqn48nm","id":"1(@)"}
{"time":"2026-03-13T09:44:29.511593027+01:00","level":"INFO","msg":"handleInformFinish: finish message received","streamId":"nbqn48nm","id":"1(@)"}
{"time":"2026-03-13T09:44:29.513575079+01:00","level":"INFO","msg":"handleInformFinish: stream closed","streamId":"nbqn48nm","id":"1(@)"}
{"time":"2026-03-13T09:50:02.343867633+01:00","level":"INFO","msg":"handleInformInit: received","streamId":"noiu2qrd","id":"1(@)"}
{"time":"2026-03-13T09:50:02.464451485+01:00","level":"INFO","msg":"handleInformInit: stream started","streamId":"noiu2qrd","id":"1(@)"}
{"time":"2026-03-13T10:02:12.69476444+01:00","level":"INFO","msg":"handleInformFinish: finish message received","streamId":"noiu2qrd","id":"1(@)"}
{"time":"2026-03-13T10:02:12.696879692+01:00","level":"INFO","msg":"handleInformFinish: stream closed","streamId":"noiu2qrd","id":"1(@)"}
{"time":"2026-03-13T10:04:03.394790847+01:00","level":"INFO","msg":"handleInformInit: received","streamId":"nnfrjjri","id":"1(@)"}
{"time":"2026-03-13T10:04:03.516363338+01:00","level":"INFO","msg":"handleInformInit: stream started","streamId":"nnfrjjri","id":"1(@)"}
{"time":"2026-03-13T10:19:34.406094975+01:00","level":"INFO","msg":"handleInformFinish: finish message received","streamId":"nnfrjjri","id":"1(@)"}
{"time":"2026-03-13T10:19:34.408091984+01:00","level":"INFO","msg":"handleInformFinish: stream closed","streamId":"nnfrjjri","id":"1(@)"}
{"time":"2026-03-13T10:25:18.450956141+01:00","level":"INFO","msg":"handleInformInit: received","streamId":"1gixrlkk","id":"1(@)"}
{"time":"2026-03-13T10:25:18.571465928+01:00","level":"INFO","msg":"handleInformInit: stream started","streamId":"1gixrlkk","id":"1(@)"}
{"time":"2026-03-13T10:37:12.564811009+01:00","level":"INFO","msg":"handleInformFinish: finish message received","streamId":"1gixrlkk","id":"1(@)"}
{"time":"2026-03-13T10:37:12.566646798+01:00","level":"INFO","msg":"handleInformFinish: stream closed","streamId":"1gixrlkk","id":"1(@)"}
{"time":"2026-03-13T10:40:06.024354597+01:00","level":"INFO","msg":"handleInformInit: received","streamId":"75z2xtv0","id":"1(@)"}
{"time":"2026-03-13T10:40:06.155894147+01:00","level":"INFO","msg":"handleInformInit: stream started","streamId":"75z2xtv0","id":"1(@)"}
{"time":"2026-03-13T10:55:14.340685387+01:00","level":"INFO","msg":"connection: cancelling request","id":"1(@)","requestId":"p329aubtbryq"}
{"time":"2026-03-13T10:55:14.342764916+01:00","level":"INFO","msg":"handleInformFinish: finish message received","streamId":"75z2xtv0","id":"1(@)"}
{"time":"2026-03-13T10:55:14.344719299+01:00","level":"INFO","msg":"handleInformFinish: stream closed","streamId":"75z2xtv0","id":"1(@)"}
{"time":"2026-03-13T10:59:55.045521659+01:00","level":"INFO","msg":"handleInformInit: received","streamId":"m25ctt3r","id":"1(@)"}
{"time":"2026-03-13T10:59:55.169515204+01:00","level":"INFO","msg":"handleInformInit: stream started","streamId":"m25ctt3r","id":"1(@)"}
{"time":"2026-03-13T11:13:12.210515691+01:00","level":"INFO","msg":"handleInformFinish: finish message received","streamId":"m25ctt3r","id":"1(@)"}
{"time":"2026-03-13T11:13:12.212479979+01:00","level":"INFO","msg":"handleInformFinish: stream closed","streamId":"m25ctt3r","id":"1(@)"}
{"time":"2026-03-13T11:17:39.090836562+01:00","level":"INFO","msg":"handleInformInit: received","streamId":"a24gysme","id":"1(@)"}
{"time":"2026-03-13T11:17:39.229220493+01:00","level":"INFO","msg":"handleInformInit: stream started","streamId":"a24gysme","id":"1(@)"}
{"time":"2026-03-13T11:31:25.439133+01:00","level":"INFO","msg":"handleInformFinish: finish message received","streamId":"a24gysme","id":"1(@)"}
{"time":"2026-03-13T11:31:25.528165509+01:00","level":"INFO","msg":"handleInformFinish: stream closed","streamId":"a24gysme","id":"1(@)"}
{"time":"2026-03-13T11:36:51.254679049+01:00","level":"INFO","msg":"handleInformInit: received","streamId":"j065oj4b","id":"1(@)"}
{"time":"2026-03-13T11:36:53.209006812+01:00","level":"INFO","msg":"handleInformInit: stream started","streamId":"j065oj4b","id":"1(@)"}
{"time":"2026-03-13T11:48:39.451412563+01:00","level":"INFO","msg":"handleInformFinish: finish message received","streamId":"j065oj4b","id":"1(@)"}
{"time":"2026-03-13T11:48:39.459614929+01:00","level":"INFO","msg":"handleInformFinish: stream closed","streamId":"j065oj4b","id":"1(@)"}
{"time":"2026-03-13T11:52:19.818130267+01:00","level":"INFO","msg":"handleInformInit: received","streamId":"5dsvcbd1","id":"1(@)"}
{"time":"2026-03-13T11:52:19.950499373+01:00","level":"INFO","msg":"handleInformInit: stream started","streamId":"5dsvcbd1","id":"1(@)"}
{"time":"2026-03-13T12:06:08.722986587+01:00","level":"INFO","msg":"handleInformFinish: finish message received","streamId":"5dsvcbd1","id":"1(@)"}
{"time":"2026-03-13T12:06:08.725357419+01:00","level":"INFO","msg":"handleInformFinish: stream closed","streamId":"5dsvcbd1","id":"1(@)"}
{"time":"2026-03-13T12:10:33.744152217+01:00","level":"INFO","msg":"handleInformInit: received","streamId":"s9886spp","id":"1(@)"}
{"time":"2026-03-13T12:10:33.890690038+01:00","level":"INFO","msg":"handleInformInit: stream started","streamId":"s9886spp","id":"1(@)"}
{"time":"2026-03-13T12:23:51.341275801+01:00","level":"INFO","msg":"handleInformFinish: finish message received","streamId":"s9886spp","id":"1(@)"}
{"time":"2026-03-13T12:23:51.343270807+01:00","level":"INFO","msg":"handleInformFinish: stream closed","streamId":"s9886spp","id":"1(@)"}
{"time":"2026-03-13T12:29:32.667976137+01:00","level":"INFO","msg":"handleInformInit: received","streamId":"pkyj9ce4","id":"1(@)"}
{"time":"2026-03-13T12:29:32.789140555+01:00","level":"INFO","msg":"handleInformInit: stream started","streamId":"pkyj9ce4","id":"1(@)"}
{"time":"2026-03-13T12:41:40.132853079+01:00","level":"INFO","msg":"handleInformFinish: finish message received","streamId":"pkyj9ce4","id":"1(@)"}
{"time":"2026-03-13T12:41:40.13448634+01:00","level":"INFO","msg":"handleInformFinish: stream closed","streamId":"pkyj9ce4","id":"1(@)"}
{"time":"2026-03-13T12:47:05.369003432+01:00","level":"INFO","msg":"handleInformInit: received","streamId":"az311mdl","id":"1(@)"}
{"time":"2026-03-13T12:47:05.499195358+01:00","level":"INFO","msg":"handleInformInit: stream started","streamId":"az311mdl","id":"1(@)"}
{"time":"2026-03-13T12:59:12.765744202+01:00","level":"INFO","msg":"handleInformFinish: finish message received","streamId":"az311mdl","id":"1(@)"}
{"time":"2026-03-13T12:59:12.779200627+01:00","level":"INFO","msg":"handleInformFinish: stream closed","streamId":"az311mdl","id":"1(@)"}
{"time":"2026-03-13T13:03:55.547806074+01:00","level":"INFO","msg":"handleInformInit: received","streamId":"h8egapav","id":"1(@)"}
{"time":"2026-03-13T13:03:55.681498917+01:00","level":"INFO","msg":"handleInformInit: stream started","streamId":"h8egapav","id":"1(@)"}
{"time":"2026-03-13T13:16:46.307945328+01:00","level":"INFO","msg":"handleInformFinish: finish message received","streamId":"h8egapav","id":"1(@)"}
{"time":"2026-03-13T13:16:46.310540464+01:00","level":"INFO","msg":"handleInformFinish: stream closed","streamId":"h8egapav","id":"1(@)"}
{"time":"2026-03-13T13:19:40.31119939+01:00","level":"INFO","msg":"handleInformInit: received","streamId":"pu0b46zl","id":"1(@)"}
{"time":"2026-03-13T13:19:40.4322141+01:00","level":"INFO","msg":"handleInformInit: stream started","streamId":"pu0b46zl","id":"1(@)"}
{"time":"2026-03-13T13:23:15.138692123+01:00","level":"INFO","msg":"handleInformFinish: finish message received","streamId":"pu0b46zl","id":"1(@)"}
{"time":"2026-03-13T13:23:15.161280865+01:00","level":"INFO","msg":"handleInformFinish: stream closed","streamId":"pu0b46zl","id":"1(@)"}
{"time":"2026-03-13T13:27:34.791312239+01:00","level":"INFO","msg":"handleInformInit: received","streamId":"h6jhw4ml","id":"1(@)"}
{"time":"2026-03-13T13:27:34.91597591+01:00","level":"INFO","msg":"handleInformInit: stream started","streamId":"h6jhw4ml","id":"1(@)"}
{"time":"2026-03-13T13:29:21.840630613+01:00","level":"INFO","msg":"handleInformFinish: finish message received","streamId":"h6jhw4ml","id":"1(@)"}
{"time":"2026-03-13T13:29:21.841932508+01:00","level":"INFO","msg":"handleInformFinish: stream closed","streamId":"h6jhw4ml","id":"1(@)"}
{"time":"2026-03-13T13:33:19.017473602+01:00","level":"INFO","msg":"handleInformInit: received","streamId":"y02u8z16","id":"1(@)"}
{"time":"2026-03-13T13:33:19.145526167+01:00","level":"INFO","msg":"handleInformInit: stream started","streamId":"y02u8z16","id":"1(@)"}
{"time":"2026-03-13T13:35:40.412884906+01:00","level":"INFO","msg":"connection: cancelling request","id":"1(@)","requestId":"p1ebc4sfamen"}
{"time":"2026-03-13T13:35:40.414829432+01:00","level":"INFO","msg":"handleInformFinish: finish message received","streamId":"y02u8z16","id":"1(@)"}
{"time":"2026-03-13T13:35:40.416512568+01:00","level":"INFO","msg":"handleInformFinish: stream closed","streamId":"y02u8z16","id":"1(@)"}
{"time":"2026-03-13T13:41:24.672292723+01:00","level":"INFO","msg":"handleInformInit: received","streamId":"q1a25j7r","id":"1(@)"}
{"time":"2026-03-13T13:41:24.804001239+01:00","level":"INFO","msg":"handleInformInit: stream started","streamId":"q1a25j7r","id":"1(@)"}
{"time":"2026-03-13T13:42:08.741794005+01:00","level":"INFO","msg":"handleInformFinish: finish message received","streamId":"q1a25j7r","id":"1(@)"}
{"time":"2026-03-13T13:42:08.743814345+01:00","level":"INFO","msg":"handleInformFinish: stream closed","streamId":"q1a25j7r","id":"1(@)"}
{"time":"2026-03-13T13:47:07.999199798+01:00","level":"INFO","msg":"handleInformInit: received","streamId":"xvxwiafz","id":"1(@)"}
{"time":"2026-03-13T13:47:08.123251383+01:00","level":"INFO","msg":"handleInformInit: stream started","streamId":"xvxwiafz","id":"1(@)"}
{"time":"2026-03-13T13:48:10.351650689+01:00","level":"INFO","msg":"handleInformFinish: finish message received","streamId":"xvxwiafz","id":"1(@)"}
{"time":"2026-03-13T13:48:10.353266739+01:00","level":"INFO","msg":"handleInformFinish: stream closed","streamId":"xvxwiafz","id":"1(@)"}
{"time":"2026-03-13T13:53:51.753823678+01:00","level":"INFO","msg":"handleInformInit: received","streamId":"mnbp33qr","id":"1(@)"}
{"time":"2026-03-13T13:53:51.879187661+01:00","level":"INFO","msg":"handleInformInit: stream started","streamId":"mnbp33qr","id":"1(@)"}
{"time":"2026-03-13T13:54:32.77688207+01:00","level":"INFO","msg":"handleInformFinish: finish message received","streamId":"mnbp33qr","id":"1(@)"}
{"time":"2026-03-13T13:54:32.778572007+01:00","level":"INFO","msg":"handleInformFinish: stream closed","streamId":"mnbp33qr","id":"1(@)"}
{"time":"2026-03-13T13:58:40.863292894+01:00","level":"INFO","msg":"handleInformInit: received","streamId":"nwjiemcl","id":"1(@)"}
{"time":"2026-03-13T13:58:40.990407756+01:00","level":"INFO","msg":"handleInformInit: stream started","streamId":"nwjiemcl","id":"1(@)"}
{"time":"2026-03-13T14:01:23.933169881+01:00","level":"INFO","msg":"handleInformFinish: finish message received","streamId":"nwjiemcl","id":"1(@)"}
{"time":"2026-03-13T14:01:23.934882289+01:00","level":"INFO","msg":"handleInformFinish: stream closed","streamId":"nwjiemcl","id":"1(@)"}
{"time":"2026-03-13T14:07:03.287862835+01:00","level":"INFO","msg":"handleInformInit: received","streamId":"99930edg","id":"1(@)"}
{"time":"2026-03-13T14:07:03.413548712+01:00","level":"INFO","msg":"handleInformInit: stream started","streamId":"99930edg","id":"1(@)"}
{"time":"2026-03-13T14:07:41.581766282+01:00","level":"INFO","msg":"handleInformFinish: finish message received","streamId":"99930edg","id":"1(@)"}
{"time":"2026-03-13T14:07:41.583385513+01:00","level":"INFO","msg":"handleInformFinish: stream closed","streamId":"99930edg","id":"1(@)"}
{"time":"2026-03-13T14:12:47.948714975+01:00","level":"INFO","msg":"handleInformInit: received","streamId":"cfpkek6e","id":"1(@)"}
{"time":"2026-03-13T14:12:48.0825018+01:00","level":"INFO","msg":"handleInformInit: stream started","streamId":"cfpkek6e","id":"1(@)"}
{"time":"2026-03-13T14:14:12.238323679+01:00","level":"INFO","msg":"handleInformFinish: finish message received","streamId":"cfpkek6e","id":"1(@)"}
{"time":"2026-03-13T14:14:12.239684224+01:00","level":"INFO","msg":"handleInformFinish: stream closed","streamId":"cfpkek6e","id":"1(@)"}
{"time":"2026-03-13T14:18:53.406761387+01:00","level":"INFO","msg":"handleInformInit: received","streamId":"zrk4jn5y","id":"1(@)"}
{"time":"2026-03-13T14:18:53.529333219+01:00","level":"INFO","msg":"handleInformInit: stream started","streamId":"zrk4jn5y","id":"1(@)"}
{"time":"2026-03-13T14:20:21.060777729+01:00","level":"INFO","msg":"handleInformFinish: finish message received","streamId":"zrk4jn5y","id":"1(@)"}
{"time":"2026-03-13T14:20:21.062440332+01:00","level":"INFO","msg":"handleInformFinish: stream closed","streamId":"zrk4jn5y","id":"1(@)"}
{"time":"2026-03-13T14:25:42.453682624+01:00","level":"INFO","msg":"handleInformInit: received","streamId":"eso2anhp","id":"1(@)"}
{"time":"2026-03-13T14:25:42.575717021+01:00","level":"INFO","msg":"handleInformInit: stream started","streamId":"eso2anhp","id":"1(@)"}
{"time":"2026-03-13T14:26:50.282814227+01:00","level":"INFO","msg":"handleInformFinish: finish message received","streamId":"eso2anhp","id":"1(@)"}
{"time":"2026-03-13T14:26:50.284816511+01:00","level":"INFO","msg":"handleInformFinish: stream closed","streamId":"eso2anhp","id":"1(@)"}
{"time":"2026-03-13T14:32:02.509780893+01:00","level":"INFO","msg":"handleInformInit: received","streamId":"4pke7pa9","id":"1(@)"}
{"time":"2026-03-13T14:32:02.632249747+01:00","level":"INFO","msg":"handleInformInit: stream started","streamId":"4pke7pa9","id":"1(@)"}
{"time":"2026-03-13T14:33:27.750632686+01:00","level":"INFO","msg":"handleInformFinish: finish message received","streamId":"4pke7pa9","id":"1(@)"}
{"time":"2026-03-13T14:33:27.751763378+01:00","level":"INFO","msg":"handleInformFinish: stream closed","streamId":"4pke7pa9","id":"1(@)"}
{"time":"2026-03-13T14:38:47.941751891+01:00","level":"INFO","msg":"handleInformInit: received","streamId":"syycmvgo","id":"1(@)"}
{"time":"2026-03-13T14:38:48.071033267+01:00","level":"INFO","msg":"handleInformInit: stream started","streamId":"syycmvgo","id":"1(@)"}
{"time":"2026-03-13T14:39:41.163691453+01:00","level":"INFO","msg":"handleInformFinish: finish message received","streamId":"syycmvgo","id":"1(@)"}
{"time":"2026-03-13T14:39:41.165540431+01:00","level":"INFO","msg":"handleInformFinish: stream closed","streamId":"syycmvgo","id":"1(@)"}
{"time":"2026-03-13T14:45:17.630768874+01:00","level":"INFO","msg":"handleInformInit: received","streamId":"qq6fl6v9","id":"1(@)"}
{"time":"2026-03-13T14:45:17.756510953+01:00","level":"INFO","msg":"handleInformInit: stream started","streamId":"qq6fl6v9","id":"1(@)"}
{"time":"2026-03-13T14:45:44.481692149+01:00","level":"INFO","msg":"handleInformFinish: finish message received","streamId":"qq6fl6v9","id":"1(@)"}
{"time":"2026-03-13T14:45:44.483167552+01:00","level":"INFO","msg":"handleInformFinish: stream closed","streamId":"qq6fl6v9","id":"1(@)"}
{"time":"2026-03-13T14:49:57.076539987+01:00","level":"INFO","msg":"handleInformInit: received","streamId":"bchq738l","id":"1(@)"}
{"time":"2026-03-13T14:49:57.202190955+01:00","level":"INFO","msg":"handleInformInit: stream started","streamId":"bchq738l","id":"1(@)"}
{"time":"2026-03-13T14:52:08.171486181+01:00","level":"INFO","msg":"handleInformFinish: finish message received","streamId":"bchq738l","id":"1(@)"}
{"time":"2026-03-13T14:52:08.173236667+01:00","level":"INFO","msg":"handleInformFinish: stream closed","streamId":"bchq738l","id":"1(@)"}
{"time":"2026-03-13T14:57:15.376319821+01:00","level":"INFO","msg":"handleInformInit: received","streamId":"skwgu6i6","id":"1(@)"}
{"time":"2026-03-13T14:57:15.498674425+01:00","level":"INFO","msg":"handleInformInit: stream started","streamId":"skwgu6i6","id":"1(@)"}
{"time":"2026-03-13T14:58:23.14207102+01:00","level":"INFO","msg":"handleInformFinish: finish message received","streamId":"skwgu6i6","id":"1(@)"}
{"time":"2026-03-13T14:58:23.143584723+01:00","level":"INFO","msg":"handleInformFinish: stream closed","streamId":"skwgu6i6","id":"1(@)"}
{"time":"2026-03-13T15:02:04.710322427+01:00","level":"INFO","msg":"handleInformInit: received","streamId":"09xo7a0s","id":"1(@)"}
{"time":"2026-03-13T15:02:04.839231854+01:00","level":"INFO","msg":"handleInformInit: stream started","streamId":"09xo7a0s","id":"1(@)"}
{"time":"2026-03-13T15:04:21.963494532+01:00","level":"INFO","msg":"handleInformFinish: finish message received","streamId":"09xo7a0s","id":"1(@)"}
{"time":"2026-03-13T15:04:21.965616534+01:00","level":"INFO","msg":"handleInformFinish: stream closed","streamId":"09xo7a0s","id":"1(@)"}
{"time":"2026-03-13T15:08:51.740828846+01:00","level":"INFO","msg":"handleInformInit: received","streamId":"9mdwo4zs","id":"1(@)"}
{"time":"2026-03-13T15:08:51.867060365+01:00","level":"INFO","msg":"handleInformInit: stream started","streamId":"9mdwo4zs","id":"1(@)"}
{"time":"2026-03-13T15:10:15.112503438+01:00","level":"INFO","msg":"connection: cancelling request","id":"1(@)","requestId":"qvj9jq6pb9db"}
{"time":"2026-03-13T15:10:15.114500851+01:00","level":"INFO","msg":"handleInformFinish: finish message received","streamId":"9mdwo4zs","id":"1(@)"}
{"time":"2026-03-13T15:10:15.117216718+01:00","level":"INFO","msg":"handleInformFinish: stream closed","streamId":"9mdwo4zs","id":"1(@)"}
{"time":"2026-03-13T15:15:33.134528491+01:00","level":"INFO","msg":"handleInformInit: received","streamId":"v9f2adny","id":"1(@)"}
{"time":"2026-03-13T15:15:33.258773924+01:00","level":"INFO","msg":"handleInformInit: stream started","streamId":"v9f2adny","id":"1(@)"}
{"time":"2026-03-13T15:16:01.078755456+01:00","level":"INFO","msg":"handleInformFinish: finish message received","streamId":"v9f2adny","id":"1(@)"}
{"time":"2026-03-13T15:16:01.080353277+01:00","level":"INFO","msg":"handleInformFinish: stream closed","streamId":"v9f2adny","id":"1(@)"}
{"time":"2026-03-13T15:19:10.710880729+01:00","level":"INFO","msg":"handleInformInit: received","streamId":"xewn8ijb","id":"1(@)"}
{"time":"2026-03-13T15:19:10.842964836+01:00","level":"INFO","msg":"handleInformInit: stream started","streamId":"xewn8ijb","id":"1(@)"}
{"time":"2026-03-13T15:21:58.431312231+01:00","level":"INFO","msg":"handleInformFinish: finish message received","streamId":"xewn8ijb","id":"1(@)"}
{"time":"2026-03-13T15:21:58.433300851+01:00","level":"INFO","msg":"handleInformFinish: stream closed","streamId":"xewn8ijb","id":"1(@)"}
{"time":"2026-03-13T15:24:49.584612726+01:00","level":"INFO","msg":"handleInformInit: received","streamId":"rb9kyil9","id":"1(@)"}
{"time":"2026-03-13T15:24:49.707951814+01:00","level":"INFO","msg":"handleInformInit: stream started","streamId":"rb9kyil9","id":"1(@)"}
{"time":"2026-03-13T15:28:02.539671938+01:00","level":"INFO","msg":"handleInformFinish: finish message received","streamId":"rb9kyil9","id":"1(@)"}
{"time":"2026-03-13T15:28:02.542207248+01:00","level":"INFO","msg":"handleInformFinish: stream closed","streamId":"rb9kyil9","id":"1(@)"}
{"time":"2026-03-13T15:34:07.287665376+01:00","level":"INFO","msg":"handleInformInit: received","streamId":"a3mn0h4f","id":"1(@)"}
{"time":"2026-03-13T15:34:07.412387927+01:00","level":"INFO","msg":"handleInformInit: stream started","streamId":"a3mn0h4f","id":"1(@)"}
{"time":"2026-03-13T15:34:34.984825563+01:00","level":"INFO","msg":"handleInformFinish: finish message received","streamId":"a3mn0h4f","id":"1(@)"}
{"time":"2026-03-13T15:34:34.987558212+01:00","level":"INFO","msg":"handleInformFinish: stream closed","streamId":"a3mn0h4f","id":"1(@)"}
{"time":"2026-03-13T15:36:53.413956661+01:00","level":"INFO","msg":"handleInformInit: received","streamId":"oohs2jtw","id":"1(@)"}
{"time":"2026-03-13T15:36:53.53625761+01:00","level":"INFO","msg":"handleInformInit: stream started","streamId":"oohs2jtw","id":"1(@)"}
{"time":"2026-03-13T15:40:24.219568234+01:00","level":"INFO","msg":"connection: cancelling request","id":"1(@)","requestId":"35yj0g3hn38n"}
{"time":"2026-03-13T15:40:24.221655214+01:00","level":"INFO","msg":"handleInformFinish: finish message received","streamId":"oohs2jtw","id":"1(@)"}
{"time":"2026-03-13T15:40:24.223404712+01:00","level":"INFO","msg":"handleInformFinish: stream closed","streamId":"oohs2jtw","id":"1(@)"}
{"time":"2026-03-13T15:45:49.253618921+01:00","level":"INFO","msg":"handleInformInit: received","streamId":"mf1bor3m","id":"1(@)"}
{"time":"2026-03-13T15:45:49.376250559+01:00","level":"INFO","msg":"handleInformInit: stream started","streamId":"mf1bor3m","id":"1(@)"}
{"time":"2026-03-13T15:46:17.201197795+01:00","level":"INFO","msg":"handleInformFinish: finish message received","streamId":"mf1bor3m","id":"1(@)"}
{"time":"2026-03-13T15:46:17.203482351+01:00","level":"INFO","msg":"handleInformFinish: stream closed","streamId":"mf1bor3m","id":"1(@)"}
{"time":"2026-03-13T15:51:19.91011782+01:00","level":"INFO","msg":"handleInformInit: received","streamId":"tgm4ztzp","id":"1(@)"}
{"time":"2026-03-13T15:51:20.032171325+01:00","level":"INFO","msg":"handleInformInit: stream started","streamId":"tgm4ztzp","id":"1(@)"}
{"time":"2026-03-13T15:52:58.133245334+01:00","level":"INFO","msg":"handleInformFinish: finish message received","streamId":"tgm4ztzp","id":"1(@)"}
{"time":"2026-03-13T15:52:58.134937946+01:00","level":"INFO","msg":"handleInformFinish: stream closed","streamId":"tgm4ztzp","id":"1(@)"}
{"time":"2026-03-13T15:58:40.367779859+01:00","level":"INFO","msg":"handleInformInit: received","streamId":"h3mqgoc6","id":"1(@)"}
{"time":"2026-03-13T15:58:40.501798432+01:00","level":"INFO","msg":"handleInformInit: stream started","streamId":"h3mqgoc6","id":"1(@)"}
{"time":"2026-03-13T15:59:06.599249582+01:00","level":"INFO","msg":"handleInformFinish: finish message received","streamId":"h3mqgoc6","id":"1(@)"}
{"time":"2026-03-13T15:59:06.60050287+01:00","level":"INFO","msg":"handleInformFinish: stream closed","streamId":"h3mqgoc6","id":"1(@)"}
{"time":"2026-03-13T16:04:06.583505629+01:00","level":"INFO","msg":"handleInformInit: received","streamId":"9hvekjct","id":"1(@)"}
{"time":"2026-03-13T16:04:06.731980677+01:00","level":"INFO","msg":"handleInformInit: stream started","streamId":"9hvekjct","id":"1(@)"}
{"time":"2026-03-13T16:06:38.33123886+01:00","level":"INFO","msg":"handleInformFinish: finish message received","streamId":"9hvekjct","id":"1(@)"}
{"time":"2026-03-13T16:06:38.332751006+01:00","level":"INFO","msg":"handleInformFinish: stream closed","streamId":"9hvekjct","id":"1(@)"}
{"time":"2026-03-13T16:11:43.980628368+01:00","level":"INFO","msg":"handleInformInit: received","streamId":"2bcb1myp","id":"1(@)"}
{"time":"2026-03-13T16:11:44.102392364+01:00","level":"INFO","msg":"handleInformInit: stream started","streamId":"2bcb1myp","id":"1(@)"}
{"time":"2026-03-13T16:14:33.047361695+01:00","level":"INFO","msg":"handleInformFinish: finish message received","streamId":"2bcb1myp","id":"1(@)"}
{"time":"2026-03-13T16:14:33.048906447+01:00","level":"INFO","msg":"handleInformFinish: stream closed","streamId":"2bcb1myp","id":"1(@)"}
{"time":"2026-03-13T16:18:02.949672296+01:00","level":"INFO","msg":"handleInformInit: received","streamId":"91nq9o2j","id":"1(@)"}
{"time":"2026-03-13T16:18:03.076379602+01:00","level":"INFO","msg":"handleInformInit: stream started","streamId":"91nq9o2j","id":"1(@)"}
{"time":"2026-03-13T16:21:41.235952434+01:00","level":"INFO","msg":"handleInformFinish: finish message received","streamId":"91nq9o2j","id":"1(@)"}
{"time":"2026-03-13T16:21:41.237820621+01:00","level":"INFO","msg":"handleInformFinish: stream closed","streamId":"91nq9o2j","id":"1(@)"}
{"time":"2026-03-13T16:27:07.124145367+01:00","level":"INFO","msg":"handleInformInit: received","streamId":"hcl1p55r","id":"1(@)"}
{"time":"2026-03-13T16:27:07.25147031+01:00","level":"INFO","msg":"handleInformInit: stream started","streamId":"hcl1p55r","id":"1(@)"}
{"time":"2026-03-13T16:29:15.594464889+01:00","level":"INFO","msg":"handleInformFinish: finish message received","streamId":"hcl1p55r","id":"1(@)"}
{"time":"2026-03-13T16:29:15.596140383+01:00","level":"INFO","msg":"handleInformFinish: stream closed","streamId":"hcl1p55r","id":"1(@)"}
{"time":"2026-03-13T16:33:57.735482183+01:00","level":"INFO","msg":"handleInformInit: received","streamId":"qla0qmfq","id":"1(@)"}
{"time":"2026-03-13T16:33:57.872293261+01:00","level":"INFO","msg":"handleInformInit: stream started","streamId":"qla0qmfq","id":"1(@)"}
{"time":"2026-03-13T16:36:16.687702615+01:00","level":"INFO","msg":"handleInformFinish: finish message received","streamId":"qla0qmfq","id":"1(@)"}
{"time":"2026-03-13T16:36:16.692707107+01:00","level":"INFO","msg":"handleInformFinish: stream closed","streamId":"qla0qmfq","id":"1(@)"}
{"time":"2026-03-13T16:41:33.587589609+01:00","level":"INFO","msg":"handleInformInit: received","streamId":"uoiicib8","id":"1(@)"}
{"time":"2026-03-13T16:41:33.710175883+01:00","level":"INFO","msg":"handleInformInit: stream started","streamId":"uoiicib8","id":"1(@)"}
{"time":"2026-03-13T16:43:07.796588757+01:00","level":"INFO","msg":"connection: cancelling request","id":"1(@)","requestId":"0zti28eq1r4d"}
{"time":"2026-03-13T16:43:07.804627043+01:00","level":"INFO","msg":"handleInformFinish: finish message received","streamId":"uoiicib8","id":"1(@)"}
{"time":"2026-03-13T16:43:07.806515135+01:00","level":"INFO","msg":"handleInformFinish: stream closed","streamId":"uoiicib8","id":"1(@)"}
{"time":"2026-03-13T16:48:57.775237374+01:00","level":"INFO","msg":"handleInformInit: received","streamId":"ea0n136g","id":"1(@)"}
{"time":"2026-03-13T16:48:57.902011542+01:00","level":"INFO","msg":"handleInformInit: stream started","streamId":"ea0n136g","id":"1(@)"}
{"time":"2026-03-13T16:51:04.958695745+01:00","level":"INFO","msg":"handleInformFinish: finish message received","streamId":"ea0n136g","id":"1(@)"}
{"time":"2026-03-13T16:51:04.960536961+01:00","level":"INFO","msg":"handleInformFinish: stream closed","streamId":"ea0n136g","id":"1(@)"}
{"time":"2026-03-13T16:56:41.42129609+01:00","level":"INFO","msg":"handleInformInit: received","streamId":"iz7vi17j","id":"1(@)"}
{"time":"2026-03-13T16:56:41.542918447+01:00","level":"INFO","msg":"handleInformInit: stream started","streamId":"iz7vi17j","id":"1(@)"}
{"time":"2026-03-13T16:58:09.155115257+01:00","level":"INFO","msg":"handleInformFinish: finish message received","streamId":"iz7vi17j","id":"1(@)"}
{"time":"2026-03-13T16:58:09.15782523+01:00","level":"INFO","msg":"handleInformFinish: stream closed","streamId":"iz7vi17j","id":"1(@)"}
{"time":"2026-03-13T17:02:46.410862072+01:00","level":"INFO","msg":"handleInformInit: received","streamId":"3dhxqa3r","id":"1(@)"}
{"time":"2026-03-13T17:02:46.533175212+01:00","level":"INFO","msg":"handleInformInit: stream started","streamId":"3dhxqa3r","id":"1(@)"}
{"time":"2026-03-13T17:05:32.941008655+01:00","level":"INFO","msg":"handleInformFinish: finish message received","streamId":"3dhxqa3r","id":"1(@)"}
{"time":"2026-03-13T17:05:32.942472552+01:00","level":"INFO","msg":"handleInformFinish: stream closed","streamId":"3dhxqa3r","id":"1(@)"}
{"time":"2026-03-13T17:09:19.625338799+01:00","level":"INFO","msg":"handleInformInit: received","streamId":"o7ljyh1t","id":"1(@)"}
{"time":"2026-03-13T17:09:19.751751023+01:00","level":"INFO","msg":"handleInformInit: stream started","streamId":"o7ljyh1t","id":"1(@)"}
{"time":"2026-03-13T17:13:00.827895455+01:00","level":"INFO","msg":"handleInformFinish: finish message received","streamId":"o7ljyh1t","id":"1(@)"}
{"time":"2026-03-13T17:13:00.829898616+01:00","level":"INFO","msg":"handleInformFinish: stream closed","streamId":"o7ljyh1t","id":"1(@)"}
{"time":"2026-03-13T17:18:43.857824933+01:00","level":"INFO","msg":"handleInformInit: received","streamId":"w3db444g","id":"1(@)"}
{"time":"2026-03-13T17:18:43.979916008+01:00","level":"INFO","msg":"handleInformInit: stream started","streamId":"w3db444g","id":"1(@)"}
{"time":"2026-03-13T17:20:17.764376188+01:00","level":"INFO","msg":"handleInformFinish: finish message received","streamId":"w3db444g","id":"1(@)"}
{"time":"2026-03-13T17:20:17.765756436+01:00","level":"INFO","msg":"handleInformFinish: stream closed","streamId":"w3db444g","id":"1(@)"}
{"time":"2026-03-13T17:25:12.867279688+01:00","level":"INFO","msg":"handleInformInit: received","streamId":"w0eydmrm","id":"1(@)"}
{"time":"2026-03-13T17:25:12.989205013+01:00","level":"INFO","msg":"handleInformInit: stream started","streamId":"w0eydmrm","id":"1(@)"}
{"time":"2026-03-13T17:27:18.513595678+01:00","level":"INFO","msg":"handleInformFinish: finish message received","streamId":"w0eydmrm","id":"1(@)"}
{"time":"2026-03-13T17:27:18.592008432+01:00","level":"INFO","msg":"handleInformFinish: stream closed","streamId":"w0eydmrm","id":"1(@)"}
{"time":"2026-03-13T17:32:24.620961667+01:00","level":"INFO","msg":"handleInformInit: received","streamId":"8v6hjz23","id":"1(@)"}
{"time":"2026-03-13T17:32:25.850417058+01:00","level":"INFO","msg":"handleInformInit: stream started","streamId":"8v6hjz23","id":"1(@)"}
{"time":"2026-03-13T17:34:41.954877709+01:00","level":"INFO","msg":"handleInformFinish: finish message received","streamId":"8v6hjz23","id":"1(@)"}
{"time":"2026-03-13T17:34:41.95610674+01:00","level":"INFO","msg":"handleInformFinish: stream closed","streamId":"8v6hjz23","id":"1(@)"}
{"time":"2026-03-13T17:34:42.069424949+01:00","level":"INFO","msg":"handleInformTeardown: server teardown initiated","id":"1(@)"}
{"time":"2026-03-13T17:34:42.069504968+01:00","level":"INFO","msg":"handleInformTeardown: server shutdown complete","id":"1(@)"}
{"time":"2026-03-13T17:34:42.069560824+01:00","level":"INFO","msg":"server is shutting down"}
{"time":"2026-03-13T17:34:42.070753775+01:00","level":"INFO","msg":"server: listener closed","addr":{"Name":"/tmp/wandb-318236-318399-557903479/socket","Net":"unix"}}
{"time":"2026-03-13T17:34:42.069514076+01:00","level":"INFO","msg":"connection: closing","id":"1(@)"}
{"time":"2026-03-13T17:34:42.071717128+01:00","level":"INFO","msg":"connection: closed successfully","id":"1(@)"}
{"time":"2026-03-13T17:34:42.072181452+01:00","level":"INFO","msg":"connection: ManageConnectionData: connection closed","id":"1(@)"}
{"time":"2026-03-13T17:34:42.072671659+01:00","level":"INFO","msg":"server is closed"}
