{"time":"2026-03-13T09:33:01.034141339+01:00","level":"INFO","msg":"main: starting server","port-filename":"/tmp/tmpqabjzp5y/port-1841468.txt","pid":1841468,"log-level":0,"disable-analytics":false,"shutdown-on-parent-exit":false,"enable-dcgm-profiling":false}
{"time":"2026-03-13T09:33:01.034586156+01:00","level":"INFO","msg":"server: will exit if parent process dies","ppid":1841468}
{"time":"2026-03-13T09:33:01.034582025+01:00","level":"INFO","msg":"server: accepting connections","addr":{"Name":"/tmp/wandb-1841468-1841633-3307724080/socket","Net":"unix"}}
{"time":"2026-03-13T09:33:01.155631489+01:00","level":"INFO","msg":"connection: ManageConnectionData: new connection created","id":"1(@)"}
{"time":"2026-03-13T09:33:01.198879645+01:00","level":"INFO","msg":"handleInformInit: received","streamId":"xe0fbrzf","id":"1(@)"}
{"time":"2026-03-13T09:33:01.335050793+01:00","level":"INFO","msg":"handleInformInit: stream started","streamId":"xe0fbrzf","id":"1(@)"}
{"time":"2026-03-13T09:45:07.084367212+01:00","level":"INFO","msg":"handleInformFinish: finish message received","streamId":"xe0fbrzf","id":"1(@)"}
{"time":"2026-03-13T09:45:07.086086328+01:00","level":"INFO","msg":"handleInformFinish: stream closed","streamId":"xe0fbrzf","id":"1(@)"}
{"time":"2026-03-13T09:50:51.643182017+01:00","level":"INFO","msg":"handleInformInit: received","streamId":"ralp8g9x","id":"1(@)"}
{"time":"2026-03-13T09:50:51.763772133+01:00","level":"INFO","msg":"handleInformInit: stream started","streamId":"ralp8g9x","id":"1(@)"}
{"time":"2026-03-13T10:03:04.564910457+01:00","level":"INFO","msg":"handleInformFinish: finish message received","streamId":"ralp8g9x","id":"1(@)"}
{"time":"2026-03-13T10:03:04.566968908+01:00","level":"INFO","msg":"handleInformFinish: stream closed","streamId":"ralp8g9x","id":"1(@)"}
{"time":"2026-03-13T10:08:15.034634668+01:00","level":"INFO","msg":"handleInformInit: received","streamId":"d8s34kr4","id":"1(@)"}
{"time":"2026-03-13T10:08:15.156558383+01:00","level":"INFO","msg":"handleInformInit: stream started","streamId":"d8s34kr4","id":"1(@)"}
{"time":"2026-03-13T10:21:21.849031064+01:00","level":"INFO","msg":"handleInformFinish: finish message received","streamId":"d8s34kr4","id":"1(@)"}
{"time":"2026-03-13T10:21:21.851408403+01:00","level":"INFO","msg":"handleInformFinish: stream closed","streamId":"d8s34kr4","id":"1(@)"}
{"time":"2026-03-13T10:23:51.776900193+01:00","level":"INFO","msg":"handleInformInit: received","streamId":"y4716vq9","id":"1(@)"}
{"time":"2026-03-13T10:23:51.89850737+01:00","level":"INFO","msg":"handleInformInit: stream started","streamId":"y4716vq9","id":"1(@)"}
{"time":"2026-03-13T10:38:33.952986697+01:00","level":"INFO","msg":"handleInformFinish: finish message received","streamId":"y4716vq9","id":"1(@)"}
{"time":"2026-03-13T10:38:33.95458802+01:00","level":"INFO","msg":"handleInformFinish: stream closed","streamId":"y4716vq9","id":"1(@)"}
{"time":"2026-03-13T10:43:46.542840171+01:00","level":"INFO","msg":"handleInformInit: received","streamId":"ged3msbu","id":"1(@)"}
{"time":"2026-03-13T10:43:46.663513233+01:00","level":"INFO","msg":"handleInformInit: stream started","streamId":"ged3msbu","id":"1(@)"}
{"time":"2026-03-13T10:56:44.566019528+01:00","level":"INFO","msg":"handleInformFinish: finish message received","streamId":"ged3msbu","id":"1(@)"}
{"time":"2026-03-13T10:56:44.567827302+01:00","level":"INFO","msg":"handleInformFinish: stream closed","streamId":"ged3msbu","id":"1(@)"}
{"time":"2026-03-13T11:01:44.296662981+01:00","level":"INFO","msg":"handleInformInit: received","streamId":"qdviz34y","id":"1(@)"}
{"time":"2026-03-13T11:01:44.424117068+01:00","level":"INFO","msg":"handleInformInit: stream started","streamId":"qdviz34y","id":"1(@)"}
{"time":"2026-03-13T11:14:02.048623917+01:00","level":"INFO","msg":"handleInformFinish: finish message received","streamId":"qdviz34y","id":"1(@)"}
{"time":"2026-03-13T11:14:02.050171886+01:00","level":"INFO","msg":"handleInformFinish: stream closed","streamId":"qdviz34y","id":"1(@)"}
{"time":"2026-03-13T11:17:55.040018585+01:00","level":"INFO","msg":"handleInformInit: received","streamId":"04zd9vo8","id":"1(@)"}
{"time":"2026-03-13T11:17:55.167080895+01:00","level":"INFO","msg":"handleInformInit: stream started","streamId":"04zd9vo8","id":"1(@)"}
{"time":"2026-03-13T11:32:19.336459891+01:00","level":"INFO","msg":"connection: cancelling request","id":"1(@)","requestId":"nyip1cajxf3k"}
{"time":"2026-03-13T11:32:19.338484143+01:00","level":"INFO","msg":"handleInformFinish: finish message received","streamId":"04zd9vo8","id":"1(@)"}
{"time":"2026-03-13T11:32:19.340440775+01:00","level":"INFO","msg":"handleInformFinish: stream closed","streamId":"04zd9vo8","id":"1(@)"}
{"time":"2026-03-13T11:37:32.966694478+01:00","level":"INFO","msg":"handleInformInit: received","streamId":"mfrfuxij","id":"1(@)"}
{"time":"2026-03-13T11:37:33.093747884+01:00","level":"INFO","msg":"handleInformInit: stream started","streamId":"mfrfuxij","id":"1(@)"}
{"time":"2026-03-13T11:48:53.267560693+01:00","level":"INFO","msg":"handleInformFinish: finish message received","streamId":"mfrfuxij","id":"1(@)"}
{"time":"2026-03-13T11:48:53.279955994+01:00","level":"INFO","msg":"handleInformFinish: stream closed","streamId":"mfrfuxij","id":"1(@)"}
{"time":"2026-03-13T11:52:42.747302872+01:00","level":"INFO","msg":"handleInformInit: received","streamId":"xfr5pw3a","id":"1(@)"}
{"time":"2026-03-13T11:52:42.880528154+01:00","level":"INFO","msg":"handleInformInit: stream started","streamId":"xfr5pw3a","id":"1(@)"}
{"time":"2026-03-13T12:05:48.516533196+01:00","level":"INFO","msg":"handleInformFinish: finish message received","streamId":"xfr5pw3a","id":"1(@)"}
{"time":"2026-03-13T12:05:48.519020135+01:00","level":"INFO","msg":"handleInformFinish: stream closed","streamId":"xfr5pw3a","id":"1(@)"}
{"time":"2026-03-13T12:10:42.59493679+01:00","level":"INFO","msg":"handleInformInit: received","streamId":"zcohl1j1","id":"1(@)"}
{"time":"2026-03-13T12:10:42.719634259+01:00","level":"INFO","msg":"handleInformInit: stream started","streamId":"zcohl1j1","id":"1(@)"}
{"time":"2026-03-13T12:24:03.326114314+01:00","level":"INFO","msg":"handleInformFinish: finish message received","streamId":"zcohl1j1","id":"1(@)"}
{"time":"2026-03-13T12:24:03.344693953+01:00","level":"INFO","msg":"handleInformFinish: stream closed","streamId":"zcohl1j1","id":"1(@)"}
{"time":"2026-03-13T12:28:27.889528636+01:00","level":"INFO","msg":"handleInformInit: received","streamId":"5mz4hpax","id":"1(@)"}
{"time":"2026-03-13T12:28:28.016938044+01:00","level":"INFO","msg":"handleInformInit: stream started","streamId":"5mz4hpax","id":"1(@)"}
{"time":"2026-03-13T12:42:31.898144378+01:00","level":"INFO","msg":"handleInformFinish: finish message received","streamId":"5mz4hpax","id":"1(@)"}
{"time":"2026-03-13T12:42:31.909963687+01:00","level":"INFO","msg":"handleInformFinish: stream closed","streamId":"5mz4hpax","id":"1(@)"}
{"time":"2026-03-13T12:47:48.513823686+01:00","level":"INFO","msg":"handleInformInit: received","streamId":"36lmoom3","id":"1(@)"}
{"time":"2026-03-13T12:47:48.638873761+01:00","level":"INFO","msg":"handleInformInit: stream started","streamId":"36lmoom3","id":"1(@)"}
{"time":"2026-03-13T13:00:36.132544984+01:00","level":"INFO","msg":"handleInformFinish: finish message received","streamId":"36lmoom3","id":"1(@)"}
{"time":"2026-03-13T13:00:36.13457224+01:00","level":"INFO","msg":"handleInformFinish: stream closed","streamId":"36lmoom3","id":"1(@)"}
{"time":"2026-03-13T13:06:26.155872813+01:00","level":"INFO","msg":"handleInformInit: received","streamId":"8hljz6i0","id":"1(@)"}
{"time":"2026-03-13T13:06:26.287365997+01:00","level":"INFO","msg":"handleInformInit: stream started","streamId":"8hljz6i0","id":"1(@)"}
{"time":"2026-03-13T13:18:33.331988283+01:00","level":"INFO","msg":"handleInformFinish: finish message received","streamId":"8hljz6i0","id":"1(@)"}
{"time":"2026-03-13T13:18:33.340262829+01:00","level":"INFO","msg":"handleInformFinish: stream closed","streamId":"8hljz6i0","id":"1(@)"}
{"time":"2026-03-13T13:21:42.95835093+01:00","level":"INFO","msg":"handleInformInit: received","streamId":"au70c86e","id":"1(@)"}
{"time":"2026-03-13T13:21:43.085064563+01:00","level":"INFO","msg":"handleInformInit: stream started","streamId":"au70c86e","id":"1(@)"}
{"time":"2026-03-13T13:24:46.741105115+01:00","level":"INFO","msg":"connection: cancelling request","id":"1(@)","requestId":"fuc6jusfjoxi"}
{"time":"2026-03-13T13:24:46.742884235+01:00","level":"INFO","msg":"handleInformFinish: finish message received","streamId":"au70c86e","id":"1(@)"}
{"time":"2026-03-13T13:24:46.744644262+01:00","level":"INFO","msg":"handleInformFinish: stream closed","streamId":"au70c86e","id":"1(@)"}
{"time":"2026-03-13T13:29:59.738933252+01:00","level":"INFO","msg":"handleInformInit: received","streamId":"avj9wf63","id":"1(@)"}
{"time":"2026-03-13T13:29:59.868851924+01:00","level":"INFO","msg":"handleInformInit: stream started","streamId":"avj9wf63","id":"1(@)"}
{"time":"2026-03-13T13:31:22.982169146+01:00","level":"INFO","msg":"handleInformFinish: finish message received","streamId":"avj9wf63","id":"1(@)"}
{"time":"2026-03-13T13:31:22.983656974+01:00","level":"INFO","msg":"handleInformFinish: stream closed","streamId":"avj9wf63","id":"1(@)"}
{"time":"2026-03-13T13:33:56.786790268+01:00","level":"INFO","msg":"handleInformInit: received","streamId":"r6qrtdkn","id":"1(@)"}
{"time":"2026-03-13T13:33:56.915846363+01:00","level":"INFO","msg":"handleInformInit: stream started","streamId":"r6qrtdkn","id":"1(@)"}
{"time":"2026-03-13T13:38:22.71455953+01:00","level":"INFO","msg":"handleInformFinish: finish message received","streamId":"r6qrtdkn","id":"1(@)"}
{"time":"2026-03-13T13:38:22.71628664+01:00","level":"INFO","msg":"handleInformFinish: stream closed","streamId":"r6qrtdkn","id":"1(@)"}
{"time":"2026-03-13T13:44:14.317457113+01:00","level":"INFO","msg":"handleInformInit: received","streamId":"fpwogxki","id":"1(@)"}
{"time":"2026-03-13T13:44:14.449497784+01:00","level":"INFO","msg":"handleInformInit: stream started","streamId":"fpwogxki","id":"1(@)"}
{"time":"2026-03-13T13:44:54.315933269+01:00","level":"INFO","msg":"handleInformFinish: finish message received","streamId":"fpwogxki","id":"1(@)"}
{"time":"2026-03-13T13:44:54.317380387+01:00","level":"INFO","msg":"handleInformFinish: stream closed","streamId":"fpwogxki","id":"1(@)"}
{"time":"2026-03-13T13:48:38.440355845+01:00","level":"INFO","msg":"handleInformInit: received","streamId":"ppr2orco","id":"1(@)"}
{"time":"2026-03-13T13:48:38.563455006+01:00","level":"INFO","msg":"handleInformInit: stream started","streamId":"ppr2orco","id":"1(@)"}
{"time":"2026-03-13T13:51:46.932651982+01:00","level":"INFO","msg":"handleInformFinish: finish message received","streamId":"ppr2orco","id":"1(@)"}
{"time":"2026-03-13T13:51:46.935166815+01:00","level":"INFO","msg":"handleInformFinish: stream closed","streamId":"ppr2orco","id":"1(@)"}
{"time":"2026-03-13T13:56:54.136996692+01:00","level":"INFO","msg":"handleInformInit: received","streamId":"r7rqtsxs","id":"1(@)"}
{"time":"2026-03-13T13:56:54.258871675+01:00","level":"INFO","msg":"handleInformInit: stream started","streamId":"r7rqtsxs","id":"1(@)"}
{"time":"2026-03-13T13:58:20.413163239+01:00","level":"INFO","msg":"handleInformFinish: finish message received","streamId":"r7rqtsxs","id":"1(@)"}
{"time":"2026-03-13T13:58:20.414472785+01:00","level":"INFO","msg":"handleInformFinish: stream closed","streamId":"r7rqtsxs","id":"1(@)"}
{"time":"2026-03-13T14:03:04.249569063+01:00","level":"INFO","msg":"handleInformInit: received","streamId":"op5rcp4c","id":"1(@)"}
{"time":"2026-03-13T14:03:04.364963598+01:00","level":"INFO","msg":"handleInformInit: stream started","streamId":"op5rcp4c","id":"1(@)"}
{"time":"2026-03-13T14:04:41.729057607+01:00","level":"INFO","msg":"handleInformFinish: finish message received","streamId":"op5rcp4c","id":"1(@)"}
{"time":"2026-03-13T14:04:41.730730365+01:00","level":"INFO","msg":"handleInformFinish: stream closed","streamId":"op5rcp4c","id":"1(@)"}
{"time":"2026-03-13T14:09:59.984339508+01:00","level":"INFO","msg":"handleInformInit: received","streamId":"rlxrwdja","id":"1(@)"}
{"time":"2026-03-13T14:10:00.109004367+01:00","level":"INFO","msg":"handleInformInit: stream started","streamId":"rlxrwdja","id":"1(@)"}
{"time":"2026-03-13T14:10:44.687458029+01:00","level":"INFO","msg":"handleInformFinish: finish message received","streamId":"rlxrwdja","id":"1(@)"}
{"time":"2026-03-13T14:10:44.694228824+01:00","level":"INFO","msg":"handleInformFinish: stream closed","streamId":"rlxrwdja","id":"1(@)"}
{"time":"2026-03-13T14:15:21.006984315+01:00","level":"INFO","msg":"handleInformInit: received","streamId":"753g341t","id":"1(@)"}
{"time":"2026-03-13T14:15:21.136238351+01:00","level":"INFO","msg":"handleInformInit: stream started","streamId":"753g341t","id":"1(@)"}
{"time":"2026-03-13T14:16:43.420087689+01:00","level":"INFO","msg":"handleInformFinish: finish message received","streamId":"753g341t","id":"1(@)"}
{"time":"2026-03-13T14:16:43.421482776+01:00","level":"INFO","msg":"handleInformFinish: stream closed","streamId":"753g341t","id":"1(@)"}
{"time":"2026-03-13T14:20:55.918637276+01:00","level":"INFO","msg":"handleInformInit: received","streamId":"k9xiiotq","id":"1(@)"}
{"time":"2026-03-13T14:20:56.03996351+01:00","level":"INFO","msg":"handleInformInit: stream started","streamId":"k9xiiotq","id":"1(@)"}
{"time":"2026-03-13T14:22:53.550040853+01:00","level":"INFO","msg":"handleInformFinish: finish message received","streamId":"k9xiiotq","id":"1(@)"}
{"time":"2026-03-13T14:22:53.551640553+01:00","level":"INFO","msg":"handleInformFinish: stream closed","streamId":"k9xiiotq","id":"1(@)"}
{"time":"2026-03-13T14:28:11.114143671+01:00","level":"INFO","msg":"handleInformInit: received","streamId":"nh1nhspt","id":"1(@)"}
{"time":"2026-03-13T14:28:11.23991927+01:00","level":"INFO","msg":"handleInformInit: stream started","streamId":"nh1nhspt","id":"1(@)"}
{"time":"2026-03-13T14:29:29.654803669+01:00","level":"INFO","msg":"handleInformFinish: finish message received","streamId":"nh1nhspt","id":"1(@)"}
{"time":"2026-03-13T14:29:29.656356766+01:00","level":"INFO","msg":"handleInformFinish: stream closed","streamId":"nh1nhspt","id":"1(@)"}
{"time":"2026-03-13T14:32:00.166689766+01:00","level":"INFO","msg":"handleInformInit: received","streamId":"gaw9dxa5","id":"1(@)"}
{"time":"2026-03-13T14:32:00.295844594+01:00","level":"INFO","msg":"handleInformInit: stream started","streamId":"gaw9dxa5","id":"1(@)"}
{"time":"2026-03-13T14:36:36.146938548+01:00","level":"INFO","msg":"handleInformFinish: finish message received","streamId":"gaw9dxa5","id":"1(@)"}
{"time":"2026-03-13T14:36:36.148493653+01:00","level":"INFO","msg":"handleInformFinish: stream closed","streamId":"gaw9dxa5","id":"1(@)"}
{"time":"2026-03-13T14:39:02.310367631+01:00","level":"INFO","msg":"handleInformInit: received","streamId":"a729nohc","id":"1(@)"}
{"time":"2026-03-13T14:39:02.433884463+01:00","level":"INFO","msg":"handleInformInit: stream started","streamId":"a729nohc","id":"1(@)"}
{"time":"2026-03-13T14:42:42.676637291+01:00","level":"INFO","msg":"handleInformFinish: finish message received","streamId":"a729nohc","id":"1(@)"}
{"time":"2026-03-13T14:42:42.678804891+01:00","level":"INFO","msg":"handleInformFinish: stream closed","streamId":"a729nohc","id":"1(@)"}
{"time":"2026-03-13T14:47:45.258457722+01:00","level":"INFO","msg":"handleInformInit: received","streamId":"4nukbc5i","id":"1(@)"}
{"time":"2026-03-13T14:47:45.379374053+01:00","level":"INFO","msg":"handleInformInit: stream started","streamId":"4nukbc5i","id":"1(@)"}
{"time":"2026-03-13T14:48:11.202709173+01:00","level":"INFO","msg":"handleInformFinish: finish message received","streamId":"4nukbc5i","id":"1(@)"}
{"time":"2026-03-13T14:48:11.204575435+01:00","level":"INFO","msg":"handleInformFinish: stream closed","streamId":"4nukbc5i","id":"1(@)"}
{"time":"2026-03-13T14:53:48.355798212+01:00","level":"INFO","msg":"handleInformInit: received","streamId":"zmjwxfuo","id":"1(@)"}
{"time":"2026-03-13T14:53:48.477011056+01:00","level":"INFO","msg":"handleInformInit: stream started","streamId":"zmjwxfuo","id":"1(@)"}
{"time":"2026-03-13T14:54:17.071372381+01:00","level":"INFO","msg":"handleInformFinish: finish message received","streamId":"zmjwxfuo","id":"1(@)"}
{"time":"2026-03-13T14:54:17.072838467+01:00","level":"INFO","msg":"handleInformFinish: stream closed","streamId":"zmjwxfuo","id":"1(@)"}
{"time":"2026-03-13T14:59:05.044759202+01:00","level":"INFO","msg":"handleInformInit: received","streamId":"7dkldl50","id":"1(@)"}
{"time":"2026-03-13T14:59:05.174050613+01:00","level":"INFO","msg":"handleInformInit: stream started","streamId":"7dkldl50","id":"1(@)"}
{"time":"2026-03-13T15:00:18.139412548+01:00","level":"INFO","msg":"handleInformFinish: finish message received","streamId":"7dkldl50","id":"1(@)"}
{"time":"2026-03-13T15:00:18.14078621+01:00","level":"INFO","msg":"handleInformFinish: stream closed","streamId":"7dkldl50","id":"1(@)"}
{"time":"2026-03-13T15:05:47.541653702+01:00","level":"INFO","msg":"handleInformInit: received","streamId":"pl9e6y22","id":"1(@)"}
{"time":"2026-03-13T15:05:47.666945229+01:00","level":"INFO","msg":"handleInformInit: stream started","streamId":"pl9e6y22","id":"1(@)"}
{"time":"2026-03-13T15:06:16.136015491+01:00","level":"INFO","msg":"handleInformFinish: finish message received","streamId":"pl9e6y22","id":"1(@)"}
{"time":"2026-03-13T15:06:16.232250975+01:00","level":"INFO","msg":"handleInformFinish: stream closed","streamId":"pl9e6y22","id":"1(@)"}
{"time":"2026-03-13T15:10:52.909725684+01:00","level":"INFO","msg":"handleInformInit: received","streamId":"2l5wm6t6","id":"1(@)"}
{"time":"2026-03-13T15:10:53.031583234+01:00","level":"INFO","msg":"handleInformInit: stream started","streamId":"2l5wm6t6","id":"1(@)"}
{"time":"2026-03-13T15:12:34.604972577+01:00","level":"INFO","msg":"connection: cancelling request","id":"1(@)","requestId":"3b073gnr5p9p"}
{"time":"2026-03-13T15:12:34.606833192+01:00","level":"INFO","msg":"handleInformFinish: finish message received","streamId":"2l5wm6t6","id":"1(@)"}
{"time":"2026-03-13T15:12:34.609870751+01:00","level":"INFO","msg":"handleInformFinish: stream closed","streamId":"2l5wm6t6","id":"1(@)"}
{"time":"2026-03-13T15:18:06.84964009+01:00","level":"INFO","msg":"handleInformInit: received","streamId":"4nu05s6l","id":"1(@)"}
{"time":"2026-03-13T15:18:06.971487546+01:00","level":"INFO","msg":"handleInformInit: stream started","streamId":"4nu05s6l","id":"1(@)"}
{"time":"2026-03-13T15:18:35.411430822+01:00","level":"INFO","msg":"handleInformFinish: finish message received","streamId":"4nu05s6l","id":"1(@)"}
{"time":"2026-03-13T15:18:35.413001332+01:00","level":"INFO","msg":"handleInformFinish: stream closed","streamId":"4nu05s6l","id":"1(@)"}
{"time":"2026-03-13T15:22:22.870853021+01:00","level":"INFO","msg":"handleInformInit: received","streamId":"mxtrt8iz","id":"1(@)"}
{"time":"2026-03-13T15:22:22.99353348+01:00","level":"INFO","msg":"handleInformInit: stream started","streamId":"mxtrt8iz","id":"1(@)"}
{"time":"2026-03-13T15:24:49.391603601+01:00","level":"INFO","msg":"handleInformFinish: finish message received","streamId":"mxtrt8iz","id":"1(@)"}
{"time":"2026-03-13T15:24:49.393282897+01:00","level":"INFO","msg":"handleInformFinish: stream closed","streamId":"mxtrt8iz","id":"1(@)"}
{"time":"2026-03-13T15:29:33.910327709+01:00","level":"INFO","msg":"handleInformInit: received","streamId":"in7olffu","id":"1(@)"}
{"time":"2026-03-13T15:29:34.035872972+01:00","level":"INFO","msg":"handleInformInit: stream started","streamId":"in7olffu","id":"1(@)"}
{"time":"2026-03-13T15:31:17.093802741+01:00","level":"INFO","msg":"handleInformFinish: finish message received","streamId":"in7olffu","id":"1(@)"}
{"time":"2026-03-13T15:31:17.121769441+01:00","level":"INFO","msg":"handleInformFinish: stream closed","streamId":"in7olffu","id":"1(@)"}
{"time":"2026-03-13T15:36:07.873818709+01:00","level":"INFO","msg":"handleInformInit: received","streamId":"cqq4k27j","id":"1(@)"}
{"time":"2026-03-13T15:36:09.061744463+01:00","level":"INFO","msg":"handleInformInit: stream started","streamId":"cqq4k27j","id":"1(@)"}
{"time":"2026-03-13T15:37:24.921940084+01:00","level":"INFO","msg":"handleInformFinish: finish message received","streamId":"cqq4k27j","id":"1(@)"}
{"time":"2026-03-13T15:37:24.923310189+01:00","level":"INFO","msg":"handleInformFinish: stream closed","streamId":"cqq4k27j","id":"1(@)"}
{"time":"2026-03-13T15:39:39.347028026+01:00","level":"INFO","msg":"handleInformInit: received","streamId":"s52svfkp","id":"1(@)"}
{"time":"2026-03-13T15:39:39.477201269+01:00","level":"INFO","msg":"handleInformInit: stream started","streamId":"s52svfkp","id":"1(@)"}
{"time":"2026-03-13T15:43:38.618599455+01:00","level":"INFO","msg":"connection: cancelling request","id":"1(@)","requestId":"me6cxe8yptzg"}
{"time":"2026-03-13T15:43:38.620510825+01:00","level":"INFO","msg":"handleInformFinish: finish message received","streamId":"s52svfkp","id":"1(@)"}
{"time":"2026-03-13T15:43:38.622171492+01:00","level":"INFO","msg":"handleInformFinish: stream closed","streamId":"s52svfkp","id":"1(@)"}
{"time":"2026-03-13T15:48:19.806084484+01:00","level":"INFO","msg":"handleInformInit: received","streamId":"jbnmtmcn","id":"1(@)"}
{"time":"2026-03-13T15:48:19.941414182+01:00","level":"INFO","msg":"handleInformInit: stream started","streamId":"jbnmtmcn","id":"1(@)"}
{"time":"2026-03-13T15:49:56.931027137+01:00","level":"INFO","msg":"handleInformFinish: finish message received","streamId":"jbnmtmcn","id":"1(@)"}
{"time":"2026-03-13T15:49:56.932990425+01:00","level":"INFO","msg":"handleInformFinish: stream closed","streamId":"jbnmtmcn","id":"1(@)"}
{"time":"2026-03-13T15:54:04.401024317+01:00","level":"INFO","msg":"handleInformInit: received","streamId":"av8zuijh","id":"1(@)"}
{"time":"2026-03-13T15:54:04.537770729+01:00","level":"INFO","msg":"handleInformInit: stream started","streamId":"av8zuijh","id":"1(@)"}
{"time":"2026-03-13T15:54:06.428172951+01:00","level":"INFO","msg":"connection: cancelling request","id":"1(@)","requestId":"i1umrbqwrvv7"}
{"time":"2026-03-13T15:55:46.290308673+01:00","level":"INFO","msg":"handleInformFinish: finish message received","streamId":"av8zuijh","id":"1(@)"}
{"time":"2026-03-13T15:55:46.292360079+01:00","level":"INFO","msg":"handleInformFinish: stream closed","streamId":"av8zuijh","id":"1(@)"}
{"time":"2026-03-13T16:01:41.873333092+01:00","level":"INFO","msg":"handleInformInit: received","streamId":"13qhquro","id":"1(@)"}
{"time":"2026-03-13T16:01:41.999019306+01:00","level":"INFO","msg":"handleInformInit: stream started","streamId":"13qhquro","id":"1(@)"}
{"time":"2026-03-13T16:02:08.385764933+01:00","level":"INFO","msg":"handleInformFinish: finish message received","streamId":"13qhquro","id":"1(@)"}
{"time":"2026-03-13T16:02:08.387094731+01:00","level":"INFO","msg":"handleInformFinish: stream closed","streamId":"13qhquro","id":"1(@)"}
{"time":"2026-03-13T16:07:59.509394286+01:00","level":"INFO","msg":"handleInformInit: received","streamId":"6exmey2u","id":"1(@)"}
{"time":"2026-03-13T16:07:59.631117709+01:00","level":"INFO","msg":"handleInformInit: stream started","streamId":"6exmey2u","id":"1(@)"}
{"time":"2026-03-13T16:09:34.671950761+01:00","level":"INFO","msg":"handleInformFinish: finish message received","streamId":"6exmey2u","id":"1(@)"}
{"time":"2026-03-13T16:09:34.673233392+01:00","level":"INFO","msg":"handleInformFinish: stream closed","streamId":"6exmey2u","id":"1(@)"}
{"time":"2026-03-13T16:13:14.87507222+01:00","level":"INFO","msg":"handleInformInit: received","streamId":"35343tav","id":"1(@)"}
{"time":"2026-03-13T16:13:15.013915773+01:00","level":"INFO","msg":"handleInformInit: stream started","streamId":"35343tav","id":"1(@)"}
{"time":"2026-03-13T16:16:33.848334252+01:00","level":"INFO","msg":"handleInformFinish: finish message received","streamId":"35343tav","id":"1(@)"}
{"time":"2026-03-13T16:16:33.850971492+01:00","level":"INFO","msg":"handleInformFinish: stream closed","streamId":"35343tav","id":"1(@)"}
{"time":"2026-03-13T16:21:34.553921607+01:00","level":"INFO","msg":"handleInformInit: received","streamId":"56aa318l","id":"1(@)"}
{"time":"2026-03-13T16:21:34.675890547+01:00","level":"INFO","msg":"handleInformInit: stream started","streamId":"56aa318l","id":"1(@)"}
{"time":"2026-03-13T16:23:39.183398892+01:00","level":"INFO","msg":"handleInformFinish: finish message received","streamId":"56aa318l","id":"1(@)"}
{"time":"2026-03-13T16:23:39.185426837+01:00","level":"INFO","msg":"handleInformFinish: stream closed","streamId":"56aa318l","id":"1(@)"}
{"time":"2026-03-13T16:27:39.083756273+01:00","level":"INFO","msg":"handleInformInit: received","streamId":"skl7qd4t","id":"1(@)"}
{"time":"2026-03-13T16:27:39.209996328+01:00","level":"INFO","msg":"handleInformInit: stream started","streamId":"skl7qd4t","id":"1(@)"}
{"time":"2026-03-13T16:30:58.693238889+01:00","level":"INFO","msg":"handleInformFinish: finish message received","streamId":"skl7qd4t","id":"1(@)"}
{"time":"2026-03-13T16:30:58.696571314+01:00","level":"INFO","msg":"handleInformFinish: stream closed","streamId":"skl7qd4t","id":"1(@)"}
{"time":"2026-03-13T16:36:12.179593003+01:00","level":"INFO","msg":"handleInformInit: received","streamId":"f98vg25y","id":"1(@)"}
{"time":"2026-03-13T16:36:12.309117547+01:00","level":"INFO","msg":"handleInformInit: stream started","streamId":"f98vg25y","id":"1(@)"}
{"time":"2026-03-13T16:38:34.401792178+01:00","level":"INFO","msg":"handleInformFinish: finish message received","streamId":"f98vg25y","id":"1(@)"}
{"time":"2026-03-13T16:38:34.403256516+01:00","level":"INFO","msg":"handleInformFinish: stream closed","streamId":"f98vg25y","id":"1(@)"}
{"time":"2026-03-13T16:42:36.141672219+01:00","level":"INFO","msg":"handleInformInit: received","streamId":"4syka5gl","id":"1(@)"}
{"time":"2026-03-13T16:42:36.266453312+01:00","level":"INFO","msg":"handleInformInit: stream started","streamId":"4syka5gl","id":"1(@)"}
{"time":"2026-03-13T16:45:51.783986389+01:00","level":"INFO","msg":"handleInformFinish: finish message received","streamId":"4syka5gl","id":"1(@)"}
{"time":"2026-03-13T16:45:51.78607329+01:00","level":"INFO","msg":"handleInformFinish: stream closed","streamId":"4syka5gl","id":"1(@)"}
{"time":"2026-03-13T16:50:46.675635929+01:00","level":"INFO","msg":"handleInformInit: received","streamId":"v0ndq2mx","id":"1(@)"}
{"time":"2026-03-13T16:50:46.798158595+01:00","level":"INFO","msg":"handleInformInit: stream started","streamId":"v0ndq2mx","id":"1(@)"}
{"time":"2026-03-13T16:53:18.019815651+01:00","level":"INFO","msg":"handleInformFinish: finish message received","streamId":"v0ndq2mx","id":"1(@)"}
{"time":"2026-03-13T16:53:18.021264206+01:00","level":"INFO","msg":"handleInformFinish: stream closed","streamId":"v0ndq2mx","id":"1(@)"}
{"time":"2026-03-13T16:56:33.740292195+01:00","level":"INFO","msg":"handleInformInit: received","streamId":"3mxzxep5","id":"1(@)"}
{"time":"2026-03-13T16:56:33.862944426+01:00","level":"INFO","msg":"handleInformInit: stream started","streamId":"3mxzxep5","id":"1(@)"}
{"time":"2026-03-13T17:00:19.975454409+01:00","level":"INFO","msg":"connection: cancelling request","id":"1(@)","requestId":"tew3qyqwvr0r"}
{"time":"2026-03-13T17:00:19.977436384+01:00","level":"INFO","msg":"handleInformFinish: finish message received","streamId":"3mxzxep5","id":"1(@)"}
{"time":"2026-03-13T17:00:19.978670067+01:00","level":"INFO","msg":"handleInformFinish: stream closed","streamId":"3mxzxep5","id":"1(@)"}
{"time":"2026-03-13T17:05:52.254220833+01:00","level":"INFO","msg":"handleInformInit: received","streamId":"0a5lhebf","id":"1(@)"}
{"time":"2026-03-13T17:05:52.37532019+01:00","level":"INFO","msg":"handleInformInit: stream started","streamId":"0a5lhebf","id":"1(@)"}
{"time":"2026-03-13T17:07:25.029097451+01:00","level":"INFO","msg":"handleInformFinish: finish message received","streamId":"0a5lhebf","id":"1(@)"}
{"time":"2026-03-13T17:07:25.030470141+01:00","level":"INFO","msg":"handleInformFinish: stream closed","streamId":"0a5lhebf","id":"1(@)"}
{"time":"2026-03-13T17:12:40.445275608+01:00","level":"INFO","msg":"handleInformInit: received","streamId":"8y53rwb9","id":"1(@)"}
{"time":"2026-03-13T17:12:40.572098306+01:00","level":"INFO","msg":"handleInformInit: stream started","streamId":"8y53rwb9","id":"1(@)"}
{"time":"2026-03-13T17:14:47.562511297+01:00","level":"INFO","msg":"handleInformFinish: finish message received","streamId":"8y53rwb9","id":"1(@)"}
{"time":"2026-03-13T17:14:47.56358777+01:00","level":"INFO","msg":"handleInformFinish: stream closed","streamId":"8y53rwb9","id":"1(@)"}
{"time":"2026-03-13T17:20:09.987915483+01:00","level":"INFO","msg":"handleInformInit: received","streamId":"2iq5kslf","id":"1(@)"}
{"time":"2026-03-13T17:20:10.109896357+01:00","level":"INFO","msg":"handleInformInit: stream started","streamId":"2iq5kslf","id":"1(@)"}
{"time":"2026-03-13T17:21:44.240449993+01:00","level":"INFO","msg":"connection: cancelling request","id":"1(@)","requestId":"808mpz320nus"}
{"time":"2026-03-13T17:21:44.242532033+01:00","level":"INFO","msg":"handleInformFinish: finish message received","streamId":"2iq5kslf","id":"1(@)"}
{"time":"2026-03-13T17:21:44.243854864+01:00","level":"INFO","msg":"handleInformFinish: stream closed","streamId":"2iq5kslf","id":"1(@)"}
{"time":"2026-03-13T17:27:10.50400241+01:00","level":"INFO","msg":"handleInformInit: received","streamId":"zqb8es8v","id":"1(@)"}
{"time":"2026-03-13T17:27:10.626507158+01:00","level":"INFO","msg":"handleInformInit: stream started","streamId":"zqb8es8v","id":"1(@)"}
{"time":"2026-03-13T17:28:45.755457259+01:00","level":"INFO","msg":"handleInformFinish: finish message received","streamId":"zqb8es8v","id":"1(@)"}
{"time":"2026-03-13T17:28:45.75679025+01:00","level":"INFO","msg":"handleInformFinish: stream closed","streamId":"zqb8es8v","id":"1(@)"}
{"time":"2026-03-13T17:34:28.575362545+01:00","level":"INFO","msg":"handleInformInit: received","streamId":"m1343s2y","id":"1(@)"}
{"time":"2026-03-13T17:34:28.720083165+01:00","level":"INFO","msg":"handleInformInit: stream started","streamId":"m1343s2y","id":"1(@)"}
{"time":"2026-03-13T17:35:56.927505404+01:00","level":"INFO","msg":"connection: cancelling request","id":"1(@)","requestId":"sasy823jx171"}
{"time":"2026-03-13T17:35:56.92944525+01:00","level":"INFO","msg":"handleInformFinish: finish message received","streamId":"m1343s2y","id":"1(@)"}
{"time":"2026-03-13T17:35:56.93102787+01:00","level":"INFO","msg":"handleInformFinish: stream closed","streamId":"m1343s2y","id":"1(@)"}
{"time":"2026-03-13T17:35:57.280900174+01:00","level":"INFO","msg":"handleInformTeardown: server teardown initiated","id":"1(@)"}
{"time":"2026-03-13T17:35:57.280986401+01:00","level":"INFO","msg":"connection: closing","id":"1(@)"}
{"time":"2026-03-13T17:35:57.280974165+01:00","level":"INFO","msg":"handleInformTeardown: server shutdown complete","id":"1(@)"}
{"time":"2026-03-13T17:35:57.281057257+01:00","level":"INFO","msg":"server is shutting down"}
{"time":"2026-03-13T17:35:57.28633715+01:00","level":"INFO","msg":"connection: closed successfully","id":"1(@)"}
{"time":"2026-03-13T17:35:57.295042569+01:00","level":"INFO","msg":"connection: ManageConnectionData: connection closed","id":"1(@)"}
{"time":"2026-03-13T17:35:57.304974641+01:00","level":"INFO","msg":"server: listener closed","addr":{"Name":"/tmp/wandb-1841468-1841633-3307724080/socket","Net":"unix"}}
{"time":"2026-03-13T17:35:57.311224891+01:00","level":"INFO","msg":"server is closed"}
