{"time":"2026-03-13T09:34:50.29656701+01:00","level":"INFO","msg":"main: starting server","port-filename":"/tmp/tmpxhm1bxov/port-2206595.txt","pid":2206595,"log-level":0,"disable-analytics":false,"shutdown-on-parent-exit":false,"enable-dcgm-profiling":false}
{"time":"2026-03-13T09:34:50.297046508+01:00","level":"INFO","msg":"server: will exit if parent process dies","ppid":2206595}
{"time":"2026-03-13T09:34:50.297030568+01:00","level":"INFO","msg":"server: accepting connections","addr":{"Name":"/tmp/wandb-2206595-2207003-1055128777/socket","Net":"unix"}}
{"time":"2026-03-13T09:34:50.297213361+01:00","level":"INFO","msg":"main: starting server","port-filename":"/tmp/tmpb8x19opl/port-1292600.txt","pid":1292600,"log-level":0,"disable-analytics":false,"shutdown-on-parent-exit":false,"enable-dcgm-profiling":false}
{"time":"2026-03-13T09:34:50.298575975+01:00","level":"INFO","msg":"server: will exit if parent process dies","ppid":1292600}
{"time":"2026-03-13T09:34:50.298558696+01:00","level":"INFO","msg":"server: accepting connections","addr":{"Name":"/tmp/wandb-1292600-1292783-453840610/socket","Net":"unix"}}
{"time":"2026-03-13T09:34:50.435075774+01:00","level":"INFO","msg":"connection: ManageConnectionData: new connection created","id":"1(@)"}
{"time":"2026-03-13T09:34:50.434686377+01:00","level":"INFO","msg":"connection: ManageConnectionData: new connection created","id":"1(@)"}
{"time":"2026-03-13T09:34:50.458326353+01:00","level":"INFO","msg":"handleInformInit: received","streamId":"0kbc5my9","id":"1(@)"}
{"time":"2026-03-13T09:34:50.459019262+01:00","level":"INFO","msg":"handleInformInit: received","streamId":"b8ghopdt","id":"1(@)"}
{"time":"2026-03-13T09:34:50.583253058+01:00","level":"INFO","msg":"handleInformInit: stream started","streamId":"0kbc5my9","id":"1(@)"}
{"time":"2026-03-13T09:34:50.584861506+01:00","level":"INFO","msg":"handleInformInit: stream started","streamId":"b8ghopdt","id":"1(@)"}
{"time":"2026-03-13T09:45:12.203542657+01:00","level":"INFO","msg":"handleInformFinish: finish message received","streamId":"0kbc5my9","id":"1(@)"}
{"time":"2026-03-13T09:45:12.20606821+01:00","level":"INFO","msg":"handleInformFinish: stream closed","streamId":"0kbc5my9","id":"1(@)"}
{"time":"2026-03-13T09:45:17.03790402+01:00","level":"INFO","msg":"handleInformFinish: finish message received","streamId":"b8ghopdt","id":"1(@)"}
{"time":"2026-03-13T09:45:17.047165641+01:00","level":"INFO","msg":"handleInformFinish: stream closed","streamId":"b8ghopdt","id":"1(@)"}
{"time":"2026-03-13T09:50:37.962360382+01:00","level":"INFO","msg":"handleInformInit: received","streamId":"pos9x45v","id":"1(@)"}
{"time":"2026-03-13T09:50:38.083967405+01:00","level":"INFO","msg":"handleInformInit: stream started","streamId":"pos9x45v","id":"1(@)"}
{"time":"2026-03-13T09:50:57.447972071+01:00","level":"INFO","msg":"handleInformInit: received","streamId":"z2cyjgyy","id":"1(@)"}
{"time":"2026-03-13T09:50:57.56978971+01:00","level":"INFO","msg":"handleInformInit: stream started","streamId":"z2cyjgyy","id":"1(@)"}
{"time":"2026-03-13T10:03:06.299867428+01:00","level":"INFO","msg":"handleInformFinish: finish message received","streamId":"z2cyjgyy","id":"1(@)"}
{"time":"2026-03-13T10:03:06.30197114+01:00","level":"INFO","msg":"handleInformFinish: stream closed","streamId":"z2cyjgyy","id":"1(@)"}
{"time":"2026-03-13T10:03:22.292761691+01:00","level":"INFO","msg":"connection: cancelling request","id":"1(@)","requestId":"q6m93xeij9br"}
{"time":"2026-03-13T10:03:22.297305626+01:00","level":"INFO","msg":"handleInformFinish: finish message received","streamId":"pos9x45v","id":"1(@)"}
{"time":"2026-03-13T10:03:22.298795462+01:00","level":"INFO","msg":"handleInformFinish: stream closed","streamId":"pos9x45v","id":"1(@)"}
{"time":"2026-03-13T10:07:53.708766526+01:00","level":"INFO","msg":"handleInformInit: received","streamId":"mast7cge","id":"1(@)"}
{"time":"2026-03-13T10:07:53.830723808+01:00","level":"INFO","msg":"handleInformInit: stream started","streamId":"mast7cge","id":"1(@)"}
{"time":"2026-03-13T10:09:15.198385907+01:00","level":"INFO","msg":"handleInformInit: received","streamId":"67x360ya","id":"1(@)"}
{"time":"2026-03-13T10:09:15.320530659+01:00","level":"INFO","msg":"handleInformInit: stream started","streamId":"67x360ya","id":"1(@)"}
{"time":"2026-03-13T10:20:59.575470123+01:00","level":"INFO","msg":"connection: cancelling request","id":"1(@)","requestId":"l6rm7pytwvlv"}
{"time":"2026-03-13T10:20:59.579492256+01:00","level":"INFO","msg":"handleInformFinish: finish message received","streamId":"mast7cge","id":"1(@)"}
{"time":"2026-03-13T10:20:59.58152461+01:00","level":"INFO","msg":"handleInformFinish: stream closed","streamId":"mast7cge","id":"1(@)"}
{"time":"2026-03-13T10:21:19.662796391+01:00","level":"INFO","msg":"handleInformFinish: finish message received","streamId":"67x360ya","id":"1(@)"}
{"time":"2026-03-13T10:21:19.671190003+01:00","level":"INFO","msg":"handleInformFinish: stream closed","streamId":"67x360ya","id":"1(@)"}
{"time":"2026-03-13T10:25:09.063987637+01:00","level":"INFO","msg":"handleInformInit: received","streamId":"n9b9he52","id":"1(@)"}
{"time":"2026-03-13T10:25:09.186964015+01:00","level":"INFO","msg":"handleInformInit: stream started","streamId":"n9b9he52","id":"1(@)"}
{"time":"2026-03-13T10:27:03.389756062+01:00","level":"INFO","msg":"handleInformInit: received","streamId":"bvow74qd","id":"1(@)"}
{"time":"2026-03-13T10:27:03.511845856+01:00","level":"INFO","msg":"handleInformInit: stream started","streamId":"bvow74qd","id":"1(@)"}
{"time":"2026-03-13T10:38:01.546815247+01:00","level":"INFO","msg":"handleInformFinish: finish message received","streamId":"n9b9he52","id":"1(@)"}
{"time":"2026-03-13T10:38:01.554824131+01:00","level":"INFO","msg":"handleInformFinish: stream closed","streamId":"n9b9he52","id":"1(@)"}
{"time":"2026-03-13T10:38:55.017629668+01:00","level":"INFO","msg":"handleInformFinish: finish message received","streamId":"bvow74qd","id":"1(@)"}
{"time":"2026-03-13T10:38:55.02011429+01:00","level":"INFO","msg":"handleInformFinish: stream closed","streamId":"bvow74qd","id":"1(@)"}
{"time":"2026-03-13T10:42:49.639652097+01:00","level":"INFO","msg":"handleInformInit: received","streamId":"pqzpn5s1","id":"1(@)"}
{"time":"2026-03-13T10:42:49.77167194+01:00","level":"INFO","msg":"handleInformInit: stream started","streamId":"pqzpn5s1","id":"1(@)"}
{"time":"2026-03-13T10:43:50.365872316+01:00","level":"INFO","msg":"handleInformInit: received","streamId":"tbbpzy0e","id":"1(@)"}
{"time":"2026-03-13T10:43:50.498930051+01:00","level":"INFO","msg":"handleInformInit: stream started","streamId":"tbbpzy0e","id":"1(@)"}
{"time":"2026-03-13T10:55:35.147453542+01:00","level":"INFO","msg":"handleInformFinish: finish message received","streamId":"pqzpn5s1","id":"1(@)"}
{"time":"2026-03-13T10:55:35.151633026+01:00","level":"INFO","msg":"handleInformFinish: stream closed","streamId":"pqzpn5s1","id":"1(@)"}
{"time":"2026-03-13T10:56:40.143878667+01:00","level":"INFO","msg":"handleInformFinish: finish message received","streamId":"tbbpzy0e","id":"1(@)"}
{"time":"2026-03-13T10:56:40.153577896+01:00","level":"INFO","msg":"handleInformFinish: stream closed","streamId":"tbbpzy0e","id":"1(@)"}
{"time":"2026-03-13T10:58:49.828555987+01:00","level":"INFO","msg":"handleInformInit: received","streamId":"thdla697","id":"1(@)"}
{"time":"2026-03-13T10:58:49.9572436+01:00","level":"INFO","msg":"handleInformInit: stream started","streamId":"thdla697","id":"1(@)"}
{"time":"2026-03-13T11:02:56.469301486+01:00","level":"INFO","msg":"handleInformInit: received","streamId":"2r179rsx","id":"1(@)"}
{"time":"2026-03-13T11:02:56.614205572+01:00","level":"INFO","msg":"handleInformInit: stream started","streamId":"2r179rsx","id":"1(@)"}
{"time":"2026-03-13T11:13:17.149374463+01:00","level":"INFO","msg":"handleInformFinish: finish message received","streamId":"thdla697","id":"1(@)"}
{"time":"2026-03-13T11:13:17.164664079+01:00","level":"INFO","msg":"handleInformFinish: stream closed","streamId":"thdla697","id":"1(@)"}
{"time":"2026-03-13T11:15:05.596866172+01:00","level":"INFO","msg":"connection: cancelling request","id":"1(@)","requestId":"yvuc3948qyvb"}
{"time":"2026-03-13T11:15:05.599951188+01:00","level":"INFO","msg":"handleInformFinish: finish message received","streamId":"2r179rsx","id":"1(@)"}
{"time":"2026-03-13T11:15:05.601730465+01:00","level":"INFO","msg":"handleInformFinish: stream closed","streamId":"2r179rsx","id":"1(@)"}
{"time":"2026-03-13T11:18:56.703179233+01:00","level":"INFO","msg":"handleInformInit: received","streamId":"37ydlps0","id":"1(@)"}
{"time":"2026-03-13T11:18:56.833219328+01:00","level":"INFO","msg":"handleInformInit: stream started","streamId":"37ydlps0","id":"1(@)"}
{"time":"2026-03-13T11:20:25.422246524+01:00","level":"INFO","msg":"handleInformInit: received","streamId":"emqzo48k","id":"1(@)"}
{"time":"2026-03-13T11:20:25.550509867+01:00","level":"INFO","msg":"handleInformInit: stream started","streamId":"emqzo48k","id":"1(@)"}
{"time":"2026-03-13T11:31:00.864521498+01:00","level":"INFO","msg":"handleInformFinish: finish message received","streamId":"37ydlps0","id":"1(@)"}
{"time":"2026-03-13T11:31:00.93786518+01:00","level":"INFO","msg":"handleInformFinish: stream closed","streamId":"37ydlps0","id":"1(@)"}
{"time":"2026-03-13T11:33:12.182335246+01:00","level":"INFO","msg":"handleInformFinish: finish message received","streamId":"emqzo48k","id":"1(@)"}
{"time":"2026-03-13T11:33:12.184884373+01:00","level":"INFO","msg":"handleInformFinish: stream closed","streamId":"emqzo48k","id":"1(@)"}
{"time":"2026-03-13T11:36:41.013028174+01:00","level":"INFO","msg":"handleInformInit: received","streamId":"qmcnzro4","id":"1(@)"}
{"time":"2026-03-13T11:36:41.139768976+01:00","level":"INFO","msg":"handleInformInit: stream started","streamId":"qmcnzro4","id":"1(@)"}
{"time":"2026-03-13T11:36:41.865028139+01:00","level":"INFO","msg":"handleInformInit: received","streamId":"yenwxrv5","id":"1(@)"}
{"time":"2026-03-13T11:36:44.922429025+01:00","level":"INFO","msg":"handleInformInit: stream started","streamId":"yenwxrv5","id":"1(@)"}
{"time":"2026-03-13T11:47:59.09120787+01:00","level":"INFO","msg":"handleInformFinish: finish message received","streamId":"yenwxrv5","id":"1(@)"}
{"time":"2026-03-13T11:47:59.102161063+01:00","level":"INFO","msg":"handleInformFinish: stream closed","streamId":"yenwxrv5","id":"1(@)"}
{"time":"2026-03-13T11:50:12.831186379+01:00","level":"INFO","msg":"connection: cancelling request","id":"1(@)","requestId":"dd0vc2bol0g3"}
{"time":"2026-03-13T11:50:12.834217547+01:00","level":"INFO","msg":"handleInformFinish: finish message received","streamId":"qmcnzro4","id":"1(@)"}
{"time":"2026-03-13T11:50:12.835926993+01:00","level":"INFO","msg":"handleInformFinish: stream closed","streamId":"qmcnzro4","id":"1(@)"}
{"time":"2026-03-13T11:50:38.295094333+01:00","level":"INFO","msg":"handleInformInit: received","streamId":"hm5fe9r7","id":"1(@)"}
{"time":"2026-03-13T11:50:38.428049018+01:00","level":"INFO","msg":"handleInformInit: stream started","streamId":"hm5fe9r7","id":"1(@)"}
{"time":"2026-03-13T11:56:34.812777632+01:00","level":"INFO","msg":"handleInformInit: received","streamId":"9vgq215x","id":"1(@)"}
{"time":"2026-03-13T11:56:34.945865917+01:00","level":"INFO","msg":"handleInformInit: stream started","streamId":"9vgq215x","id":"1(@)"}
{"time":"2026-03-13T12:05:32.610482127+01:00","level":"INFO","msg":"connection: cancelling request","id":"1(@)","requestId":"e2uvxn48gzjv"}
{"time":"2026-03-13T12:05:32.636437003+01:00","level":"INFO","msg":"handleInformFinish: finish message received","streamId":"hm5fe9r7","id":"1(@)"}
{"time":"2026-03-13T12:05:32.638243754+01:00","level":"INFO","msg":"handleInformFinish: stream closed","streamId":"hm5fe9r7","id":"1(@)"}
{"time":"2026-03-13T12:08:31.942072939+01:00","level":"INFO","msg":"connection: cancelling request","id":"1(@)","requestId":"sjb53r69ugiw"}
{"time":"2026-03-13T12:08:31.960054014+01:00","level":"INFO","msg":"handleInformFinish: finish message received","streamId":"9vgq215x","id":"1(@)"}
{"time":"2026-03-13T12:08:31.962004714+01:00","level":"INFO","msg":"handleInformFinish: stream closed","streamId":"9vgq215x","id":"1(@)"}
{"time":"2026-03-13T12:10:56.391668187+01:00","level":"INFO","msg":"handleInformInit: received","streamId":"egusnd4r","id":"1(@)"}
{"time":"2026-03-13T12:10:56.517672163+01:00","level":"INFO","msg":"handleInformInit: stream started","streamId":"egusnd4r","id":"1(@)"}
{"time":"2026-03-13T12:13:57.678921886+01:00","level":"INFO","msg":"handleInformInit: received","streamId":"rujzjxvl","id":"1(@)"}
{"time":"2026-03-13T12:13:57.825051075+01:00","level":"INFO","msg":"handleInformInit: stream started","streamId":"rujzjxvl","id":"1(@)"}
{"time":"2026-03-13T12:23:48.327958633+01:00","level":"INFO","msg":"connection: cancelling request","id":"1(@)","requestId":"gaiot6q84ax5"}
{"time":"2026-03-13T12:23:48.331246603+01:00","level":"INFO","msg":"handleInformFinish: finish message received","streamId":"egusnd4r","id":"1(@)"}
{"time":"2026-03-13T12:23:48.333259833+01:00","level":"INFO","msg":"handleInformFinish: stream closed","streamId":"egusnd4r","id":"1(@)"}
{"time":"2026-03-13T12:26:34.173119615+01:00","level":"INFO","msg":"handleInformFinish: finish message received","streamId":"rujzjxvl","id":"1(@)"}
{"time":"2026-03-13T12:26:34.190211872+01:00","level":"INFO","msg":"handleInformFinish: stream closed","streamId":"rujzjxvl","id":"1(@)"}
{"time":"2026-03-13T12:29:03.513285563+01:00","level":"INFO","msg":"handleInformInit: received","streamId":"5vc24pkt","id":"1(@)"}
{"time":"2026-03-13T12:29:03.642166978+01:00","level":"INFO","msg":"handleInformInit: stream started","streamId":"5vc24pkt","id":"1(@)"}
{"time":"2026-03-13T12:31:05.352213985+01:00","level":"INFO","msg":"handleInformInit: received","streamId":"lijym27n","id":"1(@)"}
{"time":"2026-03-13T12:31:08.380356733+01:00","level":"INFO","msg":"handleInformInit: stream started","streamId":"lijym27n","id":"1(@)"}
{"time":"2026-03-13T12:41:44.889455784+01:00","level":"INFO","msg":"connection: cancelling request","id":"1(@)","requestId":"bkmd08in00i9"}
{"time":"2026-03-13T12:41:44.892324685+01:00","level":"INFO","msg":"handleInformFinish: finish message received","streamId":"5vc24pkt","id":"1(@)"}
{"time":"2026-03-13T12:41:44.89377801+01:00","level":"INFO","msg":"handleInformFinish: stream closed","streamId":"5vc24pkt","id":"1(@)"}
{"time":"2026-03-13T12:44:18.232805531+01:00","level":"INFO","msg":"connection: cancelling request","id":"1(@)","requestId":"gy88157wfax6"}
{"time":"2026-03-13T12:44:18.235527489+01:00","level":"INFO","msg":"handleInformFinish: finish message received","streamId":"lijym27n","id":"1(@)"}
{"time":"2026-03-13T12:44:18.274416623+01:00","level":"INFO","msg":"handleInformFinish: stream closed","streamId":"lijym27n","id":"1(@)"}
{"time":"2026-03-13T12:47:07.554874627+01:00","level":"INFO","msg":"handleInformInit: received","streamId":"32ng4le5","id":"1(@)"}
{"time":"2026-03-13T12:47:07.6842763+01:00","level":"INFO","msg":"handleInformInit: stream started","streamId":"32ng4le5","id":"1(@)"}
{"time":"2026-03-13T12:47:07.823803541+01:00","level":"INFO","msg":"handleInformInit: received","streamId":"6uhwuwos","id":"1(@)"}
{"time":"2026-03-13T12:47:07.954680275+01:00","level":"INFO","msg":"handleInformInit: stream started","streamId":"6uhwuwos","id":"1(@)"}
{"time":"2026-03-13T12:59:14.255290212+01:00","level":"INFO","msg":"handleInformFinish: finish message received","streamId":"32ng4le5","id":"1(@)"}
{"time":"2026-03-13T12:59:14.258204236+01:00","level":"INFO","msg":"handleInformFinish: stream closed","streamId":"32ng4le5","id":"1(@)"}
{"time":"2026-03-13T13:02:12.105329432+01:00","level":"INFO","msg":"handleInformFinish: finish message received","streamId":"6uhwuwos","id":"1(@)"}
{"time":"2026-03-13T13:02:12.108319995+01:00","level":"INFO","msg":"handleInformFinish: stream closed","streamId":"6uhwuwos","id":"1(@)"}
{"time":"2026-03-13T13:04:16.39746026+01:00","level":"INFO","msg":"handleInformInit: received","streamId":"2s3cbvwd","id":"1(@)"}
{"time":"2026-03-13T13:04:16.52686242+01:00","level":"INFO","msg":"handleInformInit: stream started","streamId":"2s3cbvwd","id":"1(@)"}
{"time":"2026-03-13T13:05:43.406226819+01:00","level":"INFO","msg":"handleInformInit: received","streamId":"t0l0nwcr","id":"1(@)"}
{"time":"2026-03-13T13:05:43.539257946+01:00","level":"INFO","msg":"handleInformInit: stream started","streamId":"t0l0nwcr","id":"1(@)"}
{"time":"2026-03-13T13:16:17.459282035+01:00","level":"INFO","msg":"handleInformFinish: finish message received","streamId":"2s3cbvwd","id":"1(@)"}
{"time":"2026-03-13T13:16:17.462085954+01:00","level":"INFO","msg":"handleInformFinish: stream closed","streamId":"2s3cbvwd","id":"1(@)"}
{"time":"2026-03-13T13:19:17.022179022+01:00","level":"INFO","msg":"handleInformFinish: finish message received","streamId":"t0l0nwcr","id":"1(@)"}
{"time":"2026-03-13T13:19:17.02511099+01:00","level":"INFO","msg":"handleInformFinish: stream closed","streamId":"t0l0nwcr","id":"1(@)"}
{"time":"2026-03-13T13:21:57.958911377+01:00","level":"INFO","msg":"handleInformInit: received","streamId":"zh0rtzrb","id":"1(@)"}
{"time":"2026-03-13T13:21:58.085359999+01:00","level":"INFO","msg":"handleInformInit: stream started","streamId":"zh0rtzrb","id":"1(@)"}
{"time":"2026-03-13T13:22:34.342962741+01:00","level":"INFO","msg":"handleInformFinish: finish message received","streamId":"zh0rtzrb","id":"1(@)"}
{"time":"2026-03-13T13:22:34.344736392+01:00","level":"INFO","msg":"handleInformFinish: stream closed","streamId":"zh0rtzrb","id":"1(@)"}
{"time":"2026-03-13T13:23:02.228947117+01:00","level":"INFO","msg":"handleInformInit: received","streamId":"ee7xxh2x","id":"1(@)"}
{"time":"2026-03-13T13:23:02.402530705+01:00","level":"INFO","msg":"handleInformInit: stream started","streamId":"ee7xxh2x","id":"1(@)"}
{"time":"2026-03-13T13:25:04.916641805+01:00","level":"INFO","msg":"handleInformFinish: finish message received","streamId":"ee7xxh2x","id":"1(@)"}
{"time":"2026-03-13T13:25:04.918871633+01:00","level":"INFO","msg":"handleInformFinish: stream closed","streamId":"ee7xxh2x","id":"1(@)"}
{"time":"2026-03-13T13:28:05.804130417+01:00","level":"INFO","msg":"handleInformInit: received","streamId":"au5kizs4","id":"1(@)"}
{"time":"2026-03-13T13:28:05.92674235+01:00","level":"INFO","msg":"handleInformInit: stream started","streamId":"au5kizs4","id":"1(@)"}
{"time":"2026-03-13T13:28:46.824002318+01:00","level":"INFO","msg":"handleInformFinish: finish message received","streamId":"au5kizs4","id":"1(@)"}
{"time":"2026-03-13T13:28:46.825639595+01:00","level":"INFO","msg":"handleInformFinish: stream closed","streamId":"au5kizs4","id":"1(@)"}
{"time":"2026-03-13T13:30:30.695689503+01:00","level":"INFO","msg":"handleInformInit: received","streamId":"mt3exdyl","id":"1(@)"}
{"time":"2026-03-13T13:30:30.82220371+01:00","level":"INFO","msg":"handleInformInit: stream started","streamId":"mt3exdyl","id":"1(@)"}
{"time":"2026-03-13T13:31:11.796847682+01:00","level":"INFO","msg":"handleInformFinish: finish message received","streamId":"mt3exdyl","id":"1(@)"}
{"time":"2026-03-13T13:31:11.798178185+01:00","level":"INFO","msg":"handleInformFinish: stream closed","streamId":"mt3exdyl","id":"1(@)"}
{"time":"2026-03-13T13:34:54.403986705+01:00","level":"INFO","msg":"handleInformInit: received","streamId":"gv19c3sj","id":"1(@)"}
{"time":"2026-03-13T13:34:54.545198265+01:00","level":"INFO","msg":"handleInformInit: stream started","streamId":"gv19c3sj","id":"1(@)"}
{"time":"2026-03-13T13:35:35.346566938+01:00","level":"INFO","msg":"handleInformFinish: finish message received","streamId":"gv19c3sj","id":"1(@)"}
{"time":"2026-03-13T13:35:35.348375256+01:00","level":"INFO","msg":"handleInformFinish: stream closed","streamId":"gv19c3sj","id":"1(@)"}
{"time":"2026-03-13T13:36:53.362877163+01:00","level":"INFO","msg":"handleInformInit: received","streamId":"9wbjzurl","id":"1(@)"}
{"time":"2026-03-13T13:36:53.489247245+01:00","level":"INFO","msg":"handleInformInit: stream started","streamId":"9wbjzurl","id":"1(@)"}
{"time":"2026-03-13T13:37:37.272498056+01:00","level":"INFO","msg":"handleInformFinish: finish message received","streamId":"9wbjzurl","id":"1(@)"}
{"time":"2026-03-13T13:37:37.274662944+01:00","level":"INFO","msg":"handleInformFinish: stream closed","streamId":"9wbjzurl","id":"1(@)"}
{"time":"2026-03-13T13:41:11.033848067+01:00","level":"INFO","msg":"handleInformInit: received","streamId":"e8p4cqwz","id":"1(@)"}
{"time":"2026-03-13T13:41:11.156404517+01:00","level":"INFO","msg":"handleInformInit: stream started","streamId":"e8p4cqwz","id":"1(@)"}
{"time":"2026-03-13T13:41:50.610727527+01:00","level":"INFO","msg":"handleInformFinish: finish message received","streamId":"e8p4cqwz","id":"1(@)"}
{"time":"2026-03-13T13:41:50.612011891+01:00","level":"INFO","msg":"handleInformFinish: stream closed","streamId":"e8p4cqwz","id":"1(@)"}
{"time":"2026-03-13T13:41:51.181830298+01:00","level":"INFO","msg":"handleInformInit: received","streamId":"120rq5td","id":"1(@)"}
{"time":"2026-03-13T13:41:51.309122171+01:00","level":"INFO","msg":"handleInformInit: stream started","streamId":"120rq5td","id":"1(@)"}
{"time":"2026-03-13T13:43:49.146640221+01:00","level":"INFO","msg":"handleInformFinish: finish message received","streamId":"120rq5td","id":"1(@)"}
{"time":"2026-03-13T13:43:49.14817692+01:00","level":"INFO","msg":"handleInformFinish: stream closed","streamId":"120rq5td","id":"1(@)"}
{"time":"2026-03-13T13:47:44.064313366+01:00","level":"INFO","msg":"handleInformInit: received","streamId":"yizpbty4","id":"1(@)"}
{"time":"2026-03-13T13:47:44.197521084+01:00","level":"INFO","msg":"handleInformInit: stream started","streamId":"yizpbty4","id":"1(@)"}
{"time":"2026-03-13T13:48:24.746761503+01:00","level":"INFO","msg":"handleInformFinish: finish message received","streamId":"yizpbty4","id":"1(@)"}
{"time":"2026-03-13T13:48:24.749242695+01:00","level":"INFO","msg":"handleInformFinish: stream closed","streamId":"yizpbty4","id":"1(@)"}
{"time":"2026-03-13T13:48:59.983780637+01:00","level":"INFO","msg":"handleInformInit: received","streamId":"w8lnb970","id":"1(@)"}
{"time":"2026-03-13T13:49:00.106350375+01:00","level":"INFO","msg":"handleInformInit: stream started","streamId":"w8lnb970","id":"1(@)"}
{"time":"2026-03-13T13:50:27.748356007+01:00","level":"INFO","msg":"handleInformFinish: finish message received","streamId":"w8lnb970","id":"1(@)"}
{"time":"2026-03-13T13:50:27.750016351+01:00","level":"INFO","msg":"handleInformFinish: stream closed","streamId":"w8lnb970","id":"1(@)"}
{"time":"2026-03-13T13:52:26.578445123+01:00","level":"INFO","msg":"handleInformInit: received","streamId":"npy7ynk2","id":"1(@)"}
{"time":"2026-03-13T13:52:26.700938397+01:00","level":"INFO","msg":"handleInformInit: stream started","streamId":"npy7ynk2","id":"1(@)"}
{"time":"2026-03-13T13:54:31.955111032+01:00","level":"INFO","msg":"handleInformFinish: finish message received","streamId":"npy7ynk2","id":"1(@)"}
{"time":"2026-03-13T13:54:31.957087454+01:00","level":"INFO","msg":"handleInformFinish: stream closed","streamId":"npy7ynk2","id":"1(@)"}
{"time":"2026-03-13T13:55:07.99978436+01:00","level":"INFO","msg":"handleInformInit: received","streamId":"if71lo0k","id":"1(@)"}
{"time":"2026-03-13T13:55:08.146523333+01:00","level":"INFO","msg":"handleInformInit: stream started","streamId":"if71lo0k","id":"1(@)"}
{"time":"2026-03-13T13:57:14.269867884+01:00","level":"INFO","msg":"handleInformFinish: finish message received","streamId":"if71lo0k","id":"1(@)"}
{"time":"2026-03-13T13:57:14.27132305+01:00","level":"INFO","msg":"handleInformFinish: stream closed","streamId":"if71lo0k","id":"1(@)"}
{"time":"2026-03-13T13:59:02.868884011+01:00","level":"INFO","msg":"handleInformInit: received","streamId":"j53es04g","id":"1(@)"}
{"time":"2026-03-13T13:59:02.990386158+01:00","level":"INFO","msg":"handleInformInit: stream started","streamId":"j53es04g","id":"1(@)"}
{"time":"2026-03-13T14:01:09.692393549+01:00","level":"INFO","msg":"handleInformFinish: finish message received","streamId":"j53es04g","id":"1(@)"}
{"time":"2026-03-13T14:01:09.693784022+01:00","level":"INFO","msg":"handleInformFinish: stream closed","streamId":"j53es04g","id":"1(@)"}
{"time":"2026-03-13T14:02:17.336588374+01:00","level":"INFO","msg":"handleInformInit: received","streamId":"1m6pn0xl","id":"1(@)"}
{"time":"2026-03-13T14:02:17.462841889+01:00","level":"INFO","msg":"handleInformInit: stream started","streamId":"1m6pn0xl","id":"1(@)"}
{"time":"2026-03-13T14:03:43.709808146+01:00","level":"INFO","msg":"handleInformFinish: finish message received","streamId":"1m6pn0xl","id":"1(@)"}
{"time":"2026-03-13T14:03:43.723558417+01:00","level":"INFO","msg":"handleInformFinish: stream closed","streamId":"1m6pn0xl","id":"1(@)"}
{"time":"2026-03-13T14:05:55.541661819+01:00","level":"INFO","msg":"handleInformInit: received","streamId":"wr4wjqoc","id":"1(@)"}
{"time":"2026-03-13T14:05:55.66560167+01:00","level":"INFO","msg":"handleInformInit: stream started","streamId":"wr4wjqoc","id":"1(@)"}
{"time":"2026-03-13T14:07:24.590330522+01:00","level":"INFO","msg":"handleInformInit: received","streamId":"hs9tm8a1","id":"1(@)"}
{"time":"2026-03-13T14:07:24.713447131+01:00","level":"INFO","msg":"handleInformInit: stream started","streamId":"hs9tm8a1","id":"1(@)"}
{"time":"2026-03-13T14:07:41.672687582+01:00","level":"INFO","msg":"handleInformFinish: finish message received","streamId":"wr4wjqoc","id":"1(@)"}
{"time":"2026-03-13T14:07:41.675258591+01:00","level":"INFO","msg":"handleInformFinish: stream closed","streamId":"wr4wjqoc","id":"1(@)"}
{"time":"2026-03-13T14:10:08.704330014+01:00","level":"INFO","msg":"handleInformFinish: finish message received","streamId":"hs9tm8a1","id":"1(@)"}
{"time":"2026-03-13T14:10:08.716582608+01:00","level":"INFO","msg":"handleInformFinish: stream closed","streamId":"hs9tm8a1","id":"1(@)"}
{"time":"2026-03-13T14:13:04.138642416+01:00","level":"INFO","msg":"handleInformInit: received","streamId":"1ch60pmq","id":"1(@)"}
{"time":"2026-03-13T14:13:04.270867296+01:00","level":"INFO","msg":"handleInformInit: stream started","streamId":"1ch60pmq","id":"1(@)"}
{"time":"2026-03-13T14:13:43.805978759+01:00","level":"INFO","msg":"handleInformFinish: finish message received","streamId":"1ch60pmq","id":"1(@)"}
{"time":"2026-03-13T14:13:43.807528987+01:00","level":"INFO","msg":"handleInformFinish: stream closed","streamId":"1ch60pmq","id":"1(@)"}
{"time":"2026-03-13T14:14:11.407449081+01:00","level":"INFO","msg":"handleInformInit: received","streamId":"908kidi9","id":"1(@)"}
{"time":"2026-03-13T14:14:11.541119135+01:00","level":"INFO","msg":"handleInformInit: stream started","streamId":"908kidi9","id":"1(@)"}
{"time":"2026-03-13T14:16:55.571990371+01:00","level":"INFO","msg":"handleInformFinish: finish message received","streamId":"908kidi9","id":"1(@)"}
{"time":"2026-03-13T14:16:55.573789451+01:00","level":"INFO","msg":"handleInformFinish: stream closed","streamId":"908kidi9","id":"1(@)"}
{"time":"2026-03-13T14:18:40.442109151+01:00","level":"INFO","msg":"handleInformInit: received","streamId":"xeekehqt","id":"1(@)"}
{"time":"2026-03-13T14:18:40.568328141+01:00","level":"INFO","msg":"handleInformInit: stream started","streamId":"xeekehqt","id":"1(@)"}
{"time":"2026-03-13T14:19:32.311047294+01:00","level":"INFO","msg":"handleInformFinish: finish message received","streamId":"xeekehqt","id":"1(@)"}
{"time":"2026-03-13T14:19:32.312564605+01:00","level":"INFO","msg":"handleInformFinish: stream closed","streamId":"xeekehqt","id":"1(@)"}
{"time":"2026-03-13T14:22:15.976411176+01:00","level":"INFO","msg":"handleInformInit: received","streamId":"wgnw13ss","id":"1(@)"}
{"time":"2026-03-13T14:22:16.10314658+01:00","level":"INFO","msg":"handleInformInit: stream started","streamId":"wgnw13ss","id":"1(@)"}
{"time":"2026-03-13T14:23:10.980548161+01:00","level":"INFO","msg":"handleInformFinish: finish message received","streamId":"wgnw13ss","id":"1(@)"}
{"time":"2026-03-13T14:23:10.982312869+01:00","level":"INFO","msg":"handleInformFinish: stream closed","streamId":"wgnw13ss","id":"1(@)"}
{"time":"2026-03-13T14:24:17.321197479+01:00","level":"INFO","msg":"handleInformInit: received","streamId":"00l1xjk2","id":"1(@)"}
{"time":"2026-03-13T14:24:17.444158012+01:00","level":"INFO","msg":"handleInformInit: stream started","streamId":"00l1xjk2","id":"1(@)"}
{"time":"2026-03-13T14:25:24.641562125+01:00","level":"INFO","msg":"connection: cancelling request","id":"1(@)","requestId":"vd1uf9ejfrta"}
{"time":"2026-03-13T14:25:24.643403164+01:00","level":"INFO","msg":"handleInformFinish: finish message received","streamId":"00l1xjk2","id":"1(@)"}
{"time":"2026-03-13T14:25:24.645132862+01:00","level":"INFO","msg":"handleInformFinish: stream closed","streamId":"00l1xjk2","id":"1(@)"}
{"time":"2026-03-13T14:27:52.920292825+01:00","level":"INFO","msg":"handleInformInit: received","streamId":"w2fz31vl","id":"1(@)"}
{"time":"2026-03-13T14:27:53.04322161+01:00","level":"INFO","msg":"handleInformInit: stream started","streamId":"w2fz31vl","id":"1(@)"}
{"time":"2026-03-13T14:29:50.65465841+01:00","level":"INFO","msg":"handleInformInit: received","streamId":"kxqshe55","id":"1(@)"}
{"time":"2026-03-13T14:29:50.781398671+01:00","level":"INFO","msg":"handleInformInit: stream started","streamId":"kxqshe55","id":"1(@)"}
{"time":"2026-03-13T14:30:23.303983219+01:00","level":"INFO","msg":"handleInformFinish: finish message received","streamId":"w2fz31vl","id":"1(@)"}
{"time":"2026-03-13T14:30:23.306342259+01:00","level":"INFO","msg":"handleInformFinish: stream closed","streamId":"w2fz31vl","id":"1(@)"}
{"time":"2026-03-13T14:31:27.491099713+01:00","level":"INFO","msg":"handleInformFinish: finish message received","streamId":"kxqshe55","id":"1(@)"}
{"time":"2026-03-13T14:31:27.494076022+01:00","level":"INFO","msg":"handleInformFinish: stream closed","streamId":"kxqshe55","id":"1(@)"}
{"time":"2026-03-13T14:36:01.353722572+01:00","level":"INFO","msg":"handleInformInit: received","streamId":"isbr904w","id":"1(@)"}
{"time":"2026-03-13T14:36:01.478198461+01:00","level":"INFO","msg":"handleInformInit: stream started","streamId":"isbr904w","id":"1(@)"}
{"time":"2026-03-13T14:36:20.145811983+01:00","level":"INFO","msg":"handleInformInit: received","streamId":"te0vc372","id":"1(@)"}
{"time":"2026-03-13T14:36:20.273621928+01:00","level":"INFO","msg":"handleInformInit: stream started","streamId":"te0vc372","id":"1(@)"}
{"time":"2026-03-13T14:37:20.543745324+01:00","level":"INFO","msg":"handleInformFinish: finish message received","streamId":"isbr904w","id":"1(@)"}
{"time":"2026-03-13T14:37:20.549188181+01:00","level":"INFO","msg":"handleInformFinish: stream closed","streamId":"isbr904w","id":"1(@)"}
{"time":"2026-03-13T14:37:48.503923623+01:00","level":"INFO","msg":"connection: cancelling request","id":"1(@)","requestId":"22z0a0j9oc5l"}
{"time":"2026-03-13T14:37:48.50674832+01:00","level":"INFO","msg":"handleInformFinish: finish message received","streamId":"te0vc372","id":"1(@)"}
{"time":"2026-03-13T14:37:48.508295163+01:00","level":"INFO","msg":"handleInformFinish: stream closed","streamId":"te0vc372","id":"1(@)"}
{"time":"2026-03-13T14:42:18.717261902+01:00","level":"INFO","msg":"handleInformInit: received","streamId":"u3azps5k","id":"1(@)"}
{"time":"2026-03-13T14:42:18.843418316+01:00","level":"INFO","msg":"handleInformInit: stream started","streamId":"u3azps5k","id":"1(@)"}
{"time":"2026-03-13T14:42:50.233190839+01:00","level":"INFO","msg":"handleInformInit: received","streamId":"zly3igb2","id":"1(@)"}
{"time":"2026-03-13T14:42:50.361572643+01:00","level":"INFO","msg":"handleInformInit: stream started","streamId":"zly3igb2","id":"1(@)"}
{"time":"2026-03-13T14:43:28.815015048+01:00","level":"INFO","msg":"handleInformFinish: finish message received","streamId":"zly3igb2","id":"1(@)"}
{"time":"2026-03-13T14:43:28.816373147+01:00","level":"INFO","msg":"handleInformFinish: stream closed","streamId":"zly3igb2","id":"1(@)"}
{"time":"2026-03-13T14:44:00.463870385+01:00","level":"INFO","msg":"connection: cancelling request","id":"1(@)","requestId":"p45ei1jyihka"}
{"time":"2026-03-13T14:44:00.466828187+01:00","level":"INFO","msg":"handleInformFinish: finish message received","streamId":"u3azps5k","id":"1(@)"}
{"time":"2026-03-13T14:44:00.468332573+01:00","level":"INFO","msg":"handleInformFinish: stream closed","streamId":"u3azps5k","id":"1(@)"}
{"time":"2026-03-13T14:48:34.840769806+01:00","level":"INFO","msg":"handleInformInit: received","streamId":"ou0yr57p","id":"1(@)"}
{"time":"2026-03-13T14:48:34.967011435+01:00","level":"INFO","msg":"handleInformInit: stream started","streamId":"ou0yr57p","id":"1(@)"}
{"time":"2026-03-13T14:48:55.058069151+01:00","level":"INFO","msg":"handleInformInit: received","streamId":"6zzj2wyi","id":"1(@)"}
{"time":"2026-03-13T14:48:55.181202642+01:00","level":"INFO","msg":"handleInformInit: stream started","streamId":"6zzj2wyi","id":"1(@)"}
{"time":"2026-03-13T14:49:20.797701379+01:00","level":"INFO","msg":"handleInformFinish: finish message received","streamId":"6zzj2wyi","id":"1(@)"}
{"time":"2026-03-13T14:49:20.79913014+01:00","level":"INFO","msg":"handleInformFinish: stream closed","streamId":"6zzj2wyi","id":"1(@)"}
{"time":"2026-03-13T14:50:10.099108177+01:00","level":"INFO","msg":"handleInformFinish: finish message received","streamId":"ou0yr57p","id":"1(@)"}
{"time":"2026-03-13T14:50:10.101818419+01:00","level":"INFO","msg":"handleInformFinish: stream closed","streamId":"ou0yr57p","id":"1(@)"}
{"time":"2026-03-13T14:54:29.88966818+01:00","level":"INFO","msg":"handleInformInit: received","streamId":"5uybo18z","id":"1(@)"}
{"time":"2026-03-13T14:54:30.015921687+01:00","level":"INFO","msg":"handleInformInit: stream started","streamId":"5uybo18z","id":"1(@)"}
{"time":"2026-03-13T14:55:21.822721546+01:00","level":"INFO","msg":"handleInformFinish: finish message received","streamId":"5uybo18z","id":"1(@)"}
{"time":"2026-03-13T14:55:21.823985583+01:00","level":"INFO","msg":"handleInformFinish: stream closed","streamId":"5uybo18z","id":"1(@)"}
{"time":"2026-03-13T14:56:11.187333166+01:00","level":"INFO","msg":"handleInformInit: received","streamId":"h5t1ks50","id":"1(@)"}
{"time":"2026-03-13T14:56:11.311520071+01:00","level":"INFO","msg":"handleInformInit: stream started","streamId":"h5t1ks50","id":"1(@)"}
{"time":"2026-03-13T14:56:52.460449066+01:00","level":"INFO","msg":"handleInformFinish: finish message received","streamId":"h5t1ks50","id":"1(@)"}
{"time":"2026-03-13T14:56:52.461836246+01:00","level":"INFO","msg":"handleInformFinish: stream closed","streamId":"h5t1ks50","id":"1(@)"}
{"time":"2026-03-13T15:01:09.683238363+01:00","level":"INFO","msg":"handleInformInit: received","streamId":"swq1n1a3","id":"1(@)"}
{"time":"2026-03-13T15:01:09.806108706+01:00","level":"INFO","msg":"handleInformInit: stream started","streamId":"swq1n1a3","id":"1(@)"}
{"time":"2026-03-13T15:01:13.346393707+01:00","level":"INFO","msg":"handleInformInit: received","streamId":"dwz18zgi","id":"1(@)"}
{"time":"2026-03-13T15:01:13.474296096+01:00","level":"INFO","msg":"handleInformInit: stream started","streamId":"dwz18zgi","id":"1(@)"}
{"time":"2026-03-13T15:01:38.65665504+01:00","level":"INFO","msg":"handleInformFinish: finish message received","streamId":"swq1n1a3","id":"1(@)"}
{"time":"2026-03-13T15:01:38.659093399+01:00","level":"INFO","msg":"handleInformFinish: stream closed","streamId":"swq1n1a3","id":"1(@)"}
{"time":"2026-03-13T15:03:05.199619491+01:00","level":"INFO","msg":"connection: cancelling request","id":"1(@)","requestId":"1q65ify1ncii"}
{"time":"2026-03-13T15:03:05.203679662+01:00","level":"INFO","msg":"handleInformFinish: finish message received","streamId":"dwz18zgi","id":"1(@)"}
{"time":"2026-03-13T15:03:05.205854991+01:00","level":"INFO","msg":"handleInformFinish: stream closed","streamId":"dwz18zgi","id":"1(@)"}
{"time":"2026-03-13T15:07:13.811389201+01:00","level":"INFO","msg":"handleInformInit: received","streamId":"bkwuc6by","id":"1(@)"}
{"time":"2026-03-13T15:07:13.936492812+01:00","level":"INFO","msg":"handleInformInit: stream started","streamId":"bkwuc6by","id":"1(@)"}
{"time":"2026-03-13T15:07:58.783187406+01:00","level":"INFO","msg":"handleInformFinish: finish message received","streamId":"bkwuc6by","id":"1(@)"}
{"time":"2026-03-13T15:07:58.784603648+01:00","level":"INFO","msg":"handleInformFinish: stream closed","streamId":"bkwuc6by","id":"1(@)"}
{"time":"2026-03-13T15:09:04.322570792+01:00","level":"INFO","msg":"handleInformInit: received","streamId":"3v6kt9pf","id":"1(@)"}
{"time":"2026-03-13T15:09:04.446629434+01:00","level":"INFO","msg":"handleInformInit: stream started","streamId":"3v6kt9pf","id":"1(@)"}
{"time":"2026-03-13T15:09:32.874262663+01:00","level":"INFO","msg":"handleInformFinish: finish message received","streamId":"3v6kt9pf","id":"1(@)"}
{"time":"2026-03-13T15:09:32.876031513+01:00","level":"INFO","msg":"handleInformFinish: stream closed","streamId":"3v6kt9pf","id":"1(@)"}
{"time":"2026-03-13T15:11:29.206344519+01:00","level":"INFO","msg":"handleInformInit: received","streamId":"pe1eprpk","id":"1(@)"}
{"time":"2026-03-13T15:11:29.330318627+01:00","level":"INFO","msg":"handleInformInit: stream started","streamId":"pe1eprpk","id":"1(@)"}
{"time":"2026-03-13T15:13:57.029921655+01:00","level":"INFO","msg":"connection: cancelling request","id":"1(@)","requestId":"xbdmiswt18er"}
{"time":"2026-03-13T15:13:57.031774539+01:00","level":"INFO","msg":"handleInformFinish: finish message received","streamId":"pe1eprpk","id":"1(@)"}
{"time":"2026-03-13T15:13:57.033914436+01:00","level":"INFO","msg":"handleInformFinish: stream closed","streamId":"pe1eprpk","id":"1(@)"}
{"time":"2026-03-13T15:15:17.07765259+01:00","level":"INFO","msg":"handleInformInit: received","streamId":"5is3ju8i","id":"1(@)"}
{"time":"2026-03-13T15:15:17.200993651+01:00","level":"INFO","msg":"handleInformInit: stream started","streamId":"5is3ju8i","id":"1(@)"}
{"time":"2026-03-13T15:15:50.687173341+01:00","level":"INFO","msg":"handleInformFinish: finish message received","streamId":"5is3ju8i","id":"1(@)"}
{"time":"2026-03-13T15:15:50.689674055+01:00","level":"INFO","msg":"handleInformFinish: stream closed","streamId":"5is3ju8i","id":"1(@)"}
{"time":"2026-03-13T15:20:04.992420278+01:00","level":"INFO","msg":"handleInformInit: received","streamId":"3ok5ykq6","id":"1(@)"}
{"time":"2026-03-13T15:20:05.124276521+01:00","level":"INFO","msg":"handleInformInit: stream started","streamId":"3ok5ykq6","id":"1(@)"}
{"time":"2026-03-13T15:20:35.975919178+01:00","level":"INFO","msg":"handleInformFinish: finish message received","streamId":"3ok5ykq6","id":"1(@)"}
{"time":"2026-03-13T15:20:35.980723102+01:00","level":"INFO","msg":"handleInformFinish: stream closed","streamId":"3ok5ykq6","id":"1(@)"}
{"time":"2026-03-13T15:21:38.9871552+01:00","level":"INFO","msg":"handleInformInit: received","streamId":"r0egy4ug","id":"1(@)"}
{"time":"2026-03-13T15:21:39.114965887+01:00","level":"INFO","msg":"handleInformInit: stream started","streamId":"r0egy4ug","id":"1(@)"}
{"time":"2026-03-13T15:22:06.765820743+01:00","level":"INFO","msg":"connection: cancelling request","id":"1(@)","requestId":"p4sfh2ntfhx6"}
{"time":"2026-03-13T15:22:06.767755536+01:00","level":"INFO","msg":"handleInformFinish: finish message received","streamId":"r0egy4ug","id":"1(@)"}
{"time":"2026-03-13T15:22:06.769418797+01:00","level":"INFO","msg":"handleInformFinish: stream closed","streamId":"r0egy4ug","id":"1(@)"}
{"time":"2026-03-13T15:24:10.064278116+01:00","level":"INFO","msg":"handleInformInit: received","streamId":"ar3ez8k9","id":"1(@)"}
{"time":"2026-03-13T15:24:10.187044291+01:00","level":"INFO","msg":"handleInformInit: stream started","streamId":"ar3ez8k9","id":"1(@)"}
{"time":"2026-03-13T15:26:36.308556576+01:00","level":"INFO","msg":"handleInformFinish: finish message received","streamId":"ar3ez8k9","id":"1(@)"}
{"time":"2026-03-13T15:26:36.310499892+01:00","level":"INFO","msg":"handleInformFinish: stream closed","streamId":"ar3ez8k9","id":"1(@)"}
{"time":"2026-03-13T15:26:49.333868267+01:00","level":"INFO","msg":"handleInformInit: received","streamId":"lptxzl95","id":"1(@)"}
{"time":"2026-03-13T15:26:49.459350526+01:00","level":"INFO","msg":"handleInformInit: stream started","streamId":"lptxzl95","id":"1(@)"}
{"time":"2026-03-13T15:28:19.259805383+01:00","level":"INFO","msg":"connection: cancelling request","id":"1(@)","requestId":"8riwkommw83a"}
{"time":"2026-03-13T15:28:19.263580907+01:00","level":"INFO","msg":"handleInformFinish: finish message received","streamId":"lptxzl95","id":"1(@)"}
{"time":"2026-03-13T15:28:19.265228605+01:00","level":"INFO","msg":"handleInformFinish: stream closed","streamId":"lptxzl95","id":"1(@)"}
{"time":"2026-03-13T15:32:21.361421133+01:00","level":"INFO","msg":"handleInformInit: received","streamId":"s2wezf1m","id":"1(@)"}
{"time":"2026-03-13T15:32:21.485448779+01:00","level":"INFO","msg":"handleInformInit: stream started","streamId":"s2wezf1m","id":"1(@)"}
{"time":"2026-03-13T15:32:53.010016164+01:00","level":"INFO","msg":"handleInformInit: received","streamId":"uzr44jsl","id":"1(@)"}
{"time":"2026-03-13T15:32:53.135338663+01:00","level":"INFO","msg":"handleInformInit: stream started","streamId":"uzr44jsl","id":"1(@)"}
{"time":"2026-03-13T15:32:58.434553186+01:00","level":"INFO","msg":"handleInformFinish: finish message received","streamId":"s2wezf1m","id":"1(@)"}
{"time":"2026-03-13T15:32:58.437429659+01:00","level":"INFO","msg":"handleInformFinish: stream closed","streamId":"s2wezf1m","id":"1(@)"}
{"time":"2026-03-13T15:34:19.743164309+01:00","level":"INFO","msg":"handleInformFinish: finish message received","streamId":"uzr44jsl","id":"1(@)"}
{"time":"2026-03-13T15:34:19.745907848+01:00","level":"INFO","msg":"handleInformFinish: stream closed","streamId":"uzr44jsl","id":"1(@)"}
{"time":"2026-03-13T15:36:36.14382094+01:00","level":"INFO","msg":"handleInformInit: received","streamId":"7n3nrxqf","id":"1(@)"}
{"time":"2026-03-13T15:36:36.274571142+01:00","level":"INFO","msg":"handleInformInit: stream started","streamId":"7n3nrxqf","id":"1(@)"}
{"time":"2026-03-13T15:36:52.250168856+01:00","level":"INFO","msg":"handleInformInit: received","streamId":"wt6277gw","id":"1(@)"}
{"time":"2026-03-13T15:36:52.37728641+01:00","level":"INFO","msg":"handleInformInit: stream started","streamId":"wt6277gw","id":"1(@)"}
{"time":"2026-03-13T15:38:36.562033519+01:00","level":"INFO","msg":"handleInformFinish: finish message received","streamId":"wt6277gw","id":"1(@)"}
{"time":"2026-03-13T15:38:36.563979819+01:00","level":"INFO","msg":"handleInformFinish: stream closed","streamId":"wt6277gw","id":"1(@)"}
{"time":"2026-03-13T15:40:07.646742183+01:00","level":"INFO","msg":"handleInformFinish: finish message received","streamId":"7n3nrxqf","id":"1(@)"}
{"time":"2026-03-13T15:40:07.649574348+01:00","level":"INFO","msg":"handleInformFinish: stream closed","streamId":"7n3nrxqf","id":"1(@)"}
{"time":"2026-03-13T15:42:53.364063256+01:00","level":"INFO","msg":"handleInformInit: received","streamId":"1hlfyg58","id":"1(@)"}
{"time":"2026-03-13T15:42:53.487113823+01:00","level":"INFO","msg":"handleInformInit: stream started","streamId":"1hlfyg58","id":"1(@)"}
{"time":"2026-03-13T15:44:52.548550237+01:00","level":"INFO","msg":"handleInformFinish: finish message received","streamId":"1hlfyg58","id":"1(@)"}
{"time":"2026-03-13T15:44:52.551077482+01:00","level":"INFO","msg":"handleInformFinish: stream closed","streamId":"1hlfyg58","id":"1(@)"}
{"time":"2026-03-13T15:45:39.792497207+01:00","level":"INFO","msg":"handleInformInit: received","streamId":"igwwbe2n","id":"1(@)"}
{"time":"2026-03-13T15:45:39.922199117+01:00","level":"INFO","msg":"handleInformInit: stream started","streamId":"igwwbe2n","id":"1(@)"}
{"time":"2026-03-13T15:46:15.982293168+01:00","level":"INFO","msg":"handleInformFinish: finish message received","streamId":"igwwbe2n","id":"1(@)"}
{"time":"2026-03-13T15:46:15.983996203+01:00","level":"INFO","msg":"handleInformFinish: stream closed","streamId":"igwwbe2n","id":"1(@)"}
{"time":"2026-03-13T15:49:05.014263662+01:00","level":"INFO","msg":"handleInformInit: received","streamId":"cut3ddbd","id":"1(@)"}
{"time":"2026-03-13T15:49:05.137632154+01:00","level":"INFO","msg":"handleInformInit: stream started","streamId":"cut3ddbd","id":"1(@)"}
{"time":"2026-03-13T15:50:47.584157922+01:00","level":"INFO","msg":"handleInformFinish: finish message received","streamId":"cut3ddbd","id":"1(@)"}
{"time":"2026-03-13T15:50:47.585994152+01:00","level":"INFO","msg":"handleInformFinish: stream closed","streamId":"cut3ddbd","id":"1(@)"}
{"time":"2026-03-13T15:51:40.135402805+01:00","level":"INFO","msg":"handleInformInit: received","streamId":"e5p048cs","id":"1(@)"}
{"time":"2026-03-13T15:51:40.265228854+01:00","level":"INFO","msg":"handleInformInit: stream started","streamId":"e5p048cs","id":"1(@)"}
{"time":"2026-03-13T15:52:24.354545574+01:00","level":"INFO","msg":"handleInformFinish: finish message received","streamId":"e5p048cs","id":"1(@)"}
{"time":"2026-03-13T15:52:24.356360559+01:00","level":"INFO","msg":"handleInformFinish: stream closed","streamId":"e5p048cs","id":"1(@)"}
{"time":"2026-03-13T15:56:00.420518002+01:00","level":"INFO","msg":"handleInformInit: received","streamId":"rffw29ck","id":"1(@)"}
{"time":"2026-03-13T15:56:00.548853746+01:00","level":"INFO","msg":"handleInformInit: stream started","streamId":"rffw29ck","id":"1(@)"}
{"time":"2026-03-13T15:56:44.39710192+01:00","level":"INFO","msg":"handleInformFinish: finish message received","streamId":"rffw29ck","id":"1(@)"}
{"time":"2026-03-13T15:56:44.401410664+01:00","level":"INFO","msg":"handleInformFinish: stream closed","streamId":"rffw29ck","id":"1(@)"}
{"time":"2026-03-13T15:57:15.050257978+01:00","level":"INFO","msg":"handleInformInit: received","streamId":"tflyzua6","id":"1(@)"}
{"time":"2026-03-13T15:57:15.179023993+01:00","level":"INFO","msg":"handleInformInit: stream started","streamId":"tflyzua6","id":"1(@)"}
{"time":"2026-03-13T15:58:29.727723003+01:00","level":"INFO","msg":"handleInformFinish: finish message received","streamId":"tflyzua6","id":"1(@)"}
{"time":"2026-03-13T15:58:29.72942467+01:00","level":"INFO","msg":"handleInformFinish: stream closed","streamId":"tflyzua6","id":"1(@)"}
{"time":"2026-03-13T16:01:12.135081091+01:00","level":"INFO","msg":"handleInformInit: received","streamId":"fqmi2vk2","id":"1(@)"}
{"time":"2026-03-13T16:01:12.257872828+01:00","level":"INFO","msg":"handleInformInit: stream started","streamId":"fqmi2vk2","id":"1(@)"}
{"time":"2026-03-13T16:02:30.053057107+01:00","level":"INFO","msg":"handleInformFinish: finish message received","streamId":"fqmi2vk2","id":"1(@)"}
{"time":"2026-03-13T16:02:30.055544282+01:00","level":"INFO","msg":"handleInformFinish: stream closed","streamId":"fqmi2vk2","id":"1(@)"}
{"time":"2026-03-13T16:04:16.952606503+01:00","level":"INFO","msg":"handleInformInit: received","streamId":"9doprm8j","id":"1(@)"}
{"time":"2026-03-13T16:04:17.080733255+01:00","level":"INFO","msg":"handleInformInit: stream started","streamId":"9doprm8j","id":"1(@)"}
{"time":"2026-03-13T16:05:41.621835379+01:00","level":"INFO","msg":"connection: cancelling request","id":"1(@)","requestId":"3javhs86jv1e"}
{"time":"2026-03-13T16:05:41.623832662+01:00","level":"INFO","msg":"handleInformFinish: finish message received","streamId":"9doprm8j","id":"1(@)"}
{"time":"2026-03-13T16:05:41.625391341+01:00","level":"INFO","msg":"handleInformFinish: stream closed","streamId":"9doprm8j","id":"1(@)"}
{"time":"2026-03-13T16:08:06.368921479+01:00","level":"INFO","msg":"handleInformInit: received","streamId":"e5cub5bk","id":"1(@)"}
{"time":"2026-03-13T16:08:06.492573552+01:00","level":"INFO","msg":"handleInformInit: stream started","streamId":"e5cub5bk","id":"1(@)"}
{"time":"2026-03-13T16:09:30.73372988+01:00","level":"INFO","msg":"connection: cancelling request","id":"1(@)","requestId":"7y29sw6fmntd"}
{"time":"2026-03-13T16:09:30.735728129+01:00","level":"INFO","msg":"handleInformFinish: finish message received","streamId":"e5cub5bk","id":"1(@)"}
{"time":"2026-03-13T16:09:30.737320401+01:00","level":"INFO","msg":"handleInformFinish: stream closed","streamId":"e5cub5bk","id":"1(@)"}
{"time":"2026-03-13T16:11:20.407691524+01:00","level":"INFO","msg":"handleInformInit: received","streamId":"mmq2dlon","id":"1(@)"}
{"time":"2026-03-13T16:11:20.537810007+01:00","level":"INFO","msg":"handleInformInit: stream started","streamId":"mmq2dlon","id":"1(@)"}
{"time":"2026-03-13T16:12:58.519767046+01:00","level":"INFO","msg":"handleInformFinish: finish message received","streamId":"mmq2dlon","id":"1(@)"}
{"time":"2026-03-13T16:12:58.521155285+01:00","level":"INFO","msg":"handleInformFinish: stream closed","streamId":"mmq2dlon","id":"1(@)"}
{"time":"2026-03-13T16:15:17.987969156+01:00","level":"INFO","msg":"handleInformInit: received","streamId":"gmabxugx","id":"1(@)"}
{"time":"2026-03-13T16:15:18.124037307+01:00","level":"INFO","msg":"handleInformInit: stream started","streamId":"gmabxugx","id":"1(@)"}
{"time":"2026-03-13T16:16:17.663265392+01:00","level":"INFO","msg":"handleInformInit: received","streamId":"f7053ggi","id":"1(@)"}
{"time":"2026-03-13T16:16:17.789495754+01:00","level":"INFO","msg":"handleInformInit: stream started","streamId":"f7053ggi","id":"1(@)"}
{"time":"2026-03-13T16:16:52.926393463+01:00","level":"INFO","msg":"connection: cancelling request","id":"1(@)","requestId":"nomwa645qf95"}
{"time":"2026-03-13T16:16:52.929534538+01:00","level":"INFO","msg":"handleInformFinish: finish message received","streamId":"gmabxugx","id":"1(@)"}
{"time":"2026-03-13T16:16:52.931081467+01:00","level":"INFO","msg":"handleInformFinish: stream closed","streamId":"gmabxugx","id":"1(@)"}
{"time":"2026-03-13T16:20:08.466218214+01:00","level":"INFO","msg":"handleInformFinish: finish message received","streamId":"f7053ggi","id":"1(@)"}
{"time":"2026-03-13T16:20:08.468838016+01:00","level":"INFO","msg":"handleInformFinish: stream closed","streamId":"f7053ggi","id":"1(@)"}
{"time":"2026-03-13T16:21:28.699535054+01:00","level":"INFO","msg":"handleInformInit: received","streamId":"yb92afcq","id":"1(@)"}
{"time":"2026-03-13T16:21:28.82352858+01:00","level":"INFO","msg":"handleInformInit: stream started","streamId":"yb92afcq","id":"1(@)"}
{"time":"2026-03-13T16:24:28.380192694+01:00","level":"INFO","msg":"handleInformFinish: finish message received","streamId":"yb92afcq","id":"1(@)"}
{"time":"2026-03-13T16:24:28.389482303+01:00","level":"INFO","msg":"handleInformFinish: stream closed","streamId":"yb92afcq","id":"1(@)"}
{"time":"2026-03-13T16:25:36.685595296+01:00","level":"INFO","msg":"handleInformInit: received","streamId":"gq68rneq","id":"1(@)"}
{"time":"2026-03-13T16:25:36.812692838+01:00","level":"INFO","msg":"handleInformInit: stream started","streamId":"gq68rneq","id":"1(@)"}
{"time":"2026-03-13T16:27:19.294767921+01:00","level":"INFO","msg":"handleInformFinish: finish message received","streamId":"gq68rneq","id":"1(@)"}
{"time":"2026-03-13T16:27:19.296963299+01:00","level":"INFO","msg":"handleInformFinish: stream closed","streamId":"gq68rneq","id":"1(@)"}
{"time":"2026-03-13T16:29:56.079493689+01:00","level":"INFO","msg":"handleInformInit: received","streamId":"d8g5qw6v","id":"1(@)"}
{"time":"2026-03-13T16:29:56.206591154+01:00","level":"INFO","msg":"handleInformInit: stream started","streamId":"d8g5qw6v","id":"1(@)"}
{"time":"2026-03-13T16:31:53.173870973+01:00","level":"INFO","msg":"handleInformFinish: finish message received","streamId":"d8g5qw6v","id":"1(@)"}
{"time":"2026-03-13T16:31:53.175824458+01:00","level":"INFO","msg":"handleInformFinish: stream closed","streamId":"d8g5qw6v","id":"1(@)"}
{"time":"2026-03-13T16:32:28.071844476+01:00","level":"INFO","msg":"handleInformInit: received","streamId":"nbqn7bm2","id":"1(@)"}
{"time":"2026-03-13T16:32:28.204228738+01:00","level":"INFO","msg":"handleInformInit: stream started","streamId":"nbqn7bm2","id":"1(@)"}
{"time":"2026-03-13T16:34:01.774792854+01:00","level":"INFO","msg":"handleInformFinish: finish message received","streamId":"nbqn7bm2","id":"1(@)"}
{"time":"2026-03-13T16:34:01.777728509+01:00","level":"INFO","msg":"handleInformFinish: stream closed","streamId":"nbqn7bm2","id":"1(@)"}
{"time":"2026-03-13T16:37:25.505546817+01:00","level":"INFO","msg":"handleInformInit: received","streamId":"lrax38gl","id":"1(@)"}
{"time":"2026-03-13T16:37:25.637820902+01:00","level":"INFO","msg":"handleInformInit: stream started","streamId":"lrax38gl","id":"1(@)"}
{"time":"2026-03-13T16:38:27.21331149+01:00","level":"INFO","msg":"handleInformInit: received","streamId":"e9qq7zuz","id":"1(@)"}
{"time":"2026-03-13T16:38:27.336099809+01:00","level":"INFO","msg":"handleInformInit: stream started","streamId":"e9qq7zuz","id":"1(@)"}
{"time":"2026-03-13T16:39:12.078898911+01:00","level":"INFO","msg":"handleInformFinish: finish message received","streamId":"lrax38gl","id":"1(@)"}
{"time":"2026-03-13T16:39:12.081912441+01:00","level":"INFO","msg":"handleInformFinish: stream closed","streamId":"lrax38gl","id":"1(@)"}
{"time":"2026-03-13T16:41:06.144695393+01:00","level":"INFO","msg":"handleInformFinish: finish message received","streamId":"e9qq7zuz","id":"1(@)"}
{"time":"2026-03-13T16:41:06.147296775+01:00","level":"INFO","msg":"handleInformFinish: stream closed","streamId":"e9qq7zuz","id":"1(@)"}
{"time":"2026-03-13T16:44:56.01300511+01:00","level":"INFO","msg":"handleInformInit: received","streamId":"tl6odoy9","id":"1(@)"}
{"time":"2026-03-13T16:44:56.140457411+01:00","level":"INFO","msg":"handleInformInit: stream started","streamId":"tl6odoy9","id":"1(@)"}
{"time":"2026-03-13T16:46:24.60870596+01:00","level":"INFO","msg":"handleInformInit: received","streamId":"ld6xvp35","id":"1(@)"}
{"time":"2026-03-13T16:46:24.733098257+01:00","level":"INFO","msg":"handleInformInit: stream started","streamId":"ld6xvp35","id":"1(@)"}
{"time":"2026-03-13T16:46:36.705754157+01:00","level":"INFO","msg":"handleInformFinish: finish message received","streamId":"tl6odoy9","id":"1(@)"}
{"time":"2026-03-13T16:46:36.708780185+01:00","level":"INFO","msg":"handleInformFinish: stream closed","streamId":"tl6odoy9","id":"1(@)"}
{"time":"2026-03-13T16:48:03.841453907+01:00","level":"INFO","msg":"connection: cancelling request","id":"1(@)","requestId":"4i9onyikwu00"}
{"time":"2026-03-13T16:48:03.844698306+01:00","level":"INFO","msg":"handleInformFinish: finish message received","streamId":"ld6xvp35","id":"1(@)"}
{"time":"2026-03-13T16:48:03.84602566+01:00","level":"INFO","msg":"handleInformFinish: stream closed","streamId":"ld6xvp35","id":"1(@)"}
{"time":"2026-03-13T16:52:06.157303688+01:00","level":"INFO","msg":"handleInformInit: received","streamId":"og1zt7s1","id":"1(@)"}
{"time":"2026-03-13T16:52:06.278556416+01:00","level":"INFO","msg":"handleInformInit: stream started","streamId":"og1zt7s1","id":"1(@)"}
{"time":"2026-03-13T16:52:26.679731636+01:00","level":"INFO","msg":"handleInformInit: received","streamId":"j4u5w1vw","id":"1(@)"}
{"time":"2026-03-13T16:52:26.803577539+01:00","level":"INFO","msg":"handleInformInit: stream started","streamId":"j4u5w1vw","id":"1(@)"}
{"time":"2026-03-13T16:54:04.355753549+01:00","level":"INFO","msg":"handleInformFinish: finish message received","streamId":"j4u5w1vw","id":"1(@)"}
{"time":"2026-03-13T16:54:04.367668595+01:00","level":"INFO","msg":"handleInformFinish: stream closed","streamId":"j4u5w1vw","id":"1(@)"}
{"time":"2026-03-13T16:55:23.45209544+01:00","level":"INFO","msg":"connection: cancelling request","id":"1(@)","requestId":"n1wl31smjdhu"}
{"time":"2026-03-13T16:55:23.455341548+01:00","level":"INFO","msg":"handleInformFinish: finish message received","streamId":"og1zt7s1","id":"1(@)"}
{"time":"2026-03-13T16:55:23.457056214+01:00","level":"INFO","msg":"handleInformFinish: stream closed","streamId":"og1zt7s1","id":"1(@)"}
{"time":"2026-03-13T16:59:37.450989991+01:00","level":"INFO","msg":"handleInformInit: received","streamId":"q7o98k6t","id":"1(@)"}
{"time":"2026-03-13T16:59:37.574654294+01:00","level":"INFO","msg":"handleInformInit: stream started","streamId":"q7o98k6t","id":"1(@)"}
{"time":"2026-03-13T17:00:20.819322462+01:00","level":"INFO","msg":"handleInformInit: received","streamId":"72hfd9xb","id":"1(@)"}
{"time":"2026-03-13T17:00:20.943492598+01:00","level":"INFO","msg":"handleInformInit: stream started","streamId":"72hfd9xb","id":"1(@)"}
{"time":"2026-03-13T17:01:28.479518981+01:00","level":"INFO","msg":"handleInformFinish: finish message received","streamId":"q7o98k6t","id":"1(@)"}
{"time":"2026-03-13T17:01:28.482720998+01:00","level":"INFO","msg":"handleInformFinish: stream closed","streamId":"q7o98k6t","id":"1(@)"}
{"time":"2026-03-13T17:02:08.048271259+01:00","level":"INFO","msg":"handleInformFinish: finish message received","streamId":"72hfd9xb","id":"1(@)"}
{"time":"2026-03-13T17:02:08.051107033+01:00","level":"INFO","msg":"handleInformFinish: stream closed","streamId":"72hfd9xb","id":"1(@)"}
{"time":"2026-03-13T17:07:34.436111386+01:00","level":"INFO","msg":"handleInformInit: received","streamId":"13lyge9v","id":"1(@)"}
{"time":"2026-03-13T17:07:34.563164044+01:00","level":"INFO","msg":"handleInformInit: stream started","streamId":"13lyge9v","id":"1(@)"}
{"time":"2026-03-13T17:07:39.557716098+01:00","level":"INFO","msg":"handleInformInit: received","streamId":"oxm0afx0","id":"1(@)"}
{"time":"2026-03-13T17:07:39.680719893+01:00","level":"INFO","msg":"handleInformInit: stream started","streamId":"oxm0afx0","id":"1(@)"}
{"time":"2026-03-13T17:09:08.155164508+01:00","level":"INFO","msg":"handleInformFinish: finish message received","streamId":"13lyge9v","id":"1(@)"}
{"time":"2026-03-13T17:09:08.157844689+01:00","level":"INFO","msg":"handleInformFinish: stream closed","streamId":"13lyge9v","id":"1(@)"}
{"time":"2026-03-13T17:09:11.450894996+01:00","level":"INFO","msg":"connection: cancelling request","id":"1(@)","requestId":"mdqljrz96r8y"}
{"time":"2026-03-13T17:09:11.453729449+01:00","level":"INFO","msg":"handleInformFinish: finish message received","streamId":"oxm0afx0","id":"1(@)"}
{"time":"2026-03-13T17:09:11.471175502+01:00","level":"INFO","msg":"handleInformFinish: stream closed","streamId":"oxm0afx0","id":"1(@)"}
{"time":"2026-03-13T17:12:57.177496861+01:00","level":"INFO","msg":"handleInformInit: received","streamId":"y3fa8890","id":"1(@)"}
{"time":"2026-03-13T17:12:57.311490942+01:00","level":"INFO","msg":"handleInformInit: stream started","streamId":"y3fa8890","id":"1(@)"}
{"time":"2026-03-13T17:14:27.854739677+01:00","level":"INFO","msg":"handleInformInit: received","streamId":"by1ms2zb","id":"1(@)"}
{"time":"2026-03-13T17:14:28.020804349+01:00","level":"INFO","msg":"handleInformInit: stream started","streamId":"by1ms2zb","id":"1(@)"}
{"time":"2026-03-13T17:16:42.280404599+01:00","level":"INFO","msg":"handleInformFinish: finish message received","streamId":"by1ms2zb","id":"1(@)"}
{"time":"2026-03-13T17:16:42.281977962+01:00","level":"INFO","msg":"handleInformFinish: stream closed","streamId":"by1ms2zb","id":"1(@)"}
{"time":"2026-03-13T17:16:47.883790014+01:00","level":"INFO","msg":"handleInformFinish: finish message received","streamId":"y3fa8890","id":"1(@)"}
{"time":"2026-03-13T17:16:47.887112887+01:00","level":"INFO","msg":"handleInformFinish: stream closed","streamId":"y3fa8890","id":"1(@)"}
{"time":"2026-03-13T17:20:56.768548731+01:00","level":"INFO","msg":"handleInformInit: received","streamId":"7ryp127b","id":"1(@)"}
{"time":"2026-03-13T17:20:56.889278168+01:00","level":"INFO","msg":"handleInformInit: stream started","streamId":"7ryp127b","id":"1(@)"}
{"time":"2026-03-13T17:22:41.703311404+01:00","level":"INFO","msg":"handleInformInit: received","streamId":"kq2ejbp7","id":"1(@)"}
{"time":"2026-03-13T17:22:41.829988041+01:00","level":"INFO","msg":"handleInformInit: stream started","streamId":"kq2ejbp7","id":"1(@)"}
{"time":"2026-03-13T17:23:46.39075526+01:00","level":"INFO","msg":"connection: cancelling request","id":"1(@)","requestId":"ens3ptyhwbot"}
{"time":"2026-03-13T17:23:46.39423324+01:00","level":"INFO","msg":"handleInformFinish: finish message received","streamId":"7ryp127b","id":"1(@)"}
{"time":"2026-03-13T17:23:46.395658122+01:00","level":"INFO","msg":"handleInformFinish: stream closed","streamId":"7ryp127b","id":"1(@)"}
{"time":"2026-03-13T17:24:16.427551282+01:00","level":"INFO","msg":"connection: cancelling request","id":"1(@)","requestId":"4q1rro5p6yu7"}
{"time":"2026-03-13T17:24:16.430972411+01:00","level":"INFO","msg":"handleInformFinish: finish message received","streamId":"kq2ejbp7","id":"1(@)"}
{"time":"2026-03-13T17:24:16.432595886+01:00","level":"INFO","msg":"handleInformFinish: stream closed","streamId":"kq2ejbp7","id":"1(@)"}
{"time":"2026-03-13T17:28:04.829503727+01:00","level":"INFO","msg":"handleInformInit: received","streamId":"3p8k3az4","id":"1(@)"}
{"time":"2026-03-13T17:28:04.959125892+01:00","level":"INFO","msg":"handleInformInit: stream started","streamId":"3p8k3az4","id":"1(@)"}
{"time":"2026-03-13T17:29:33.56634521+01:00","level":"INFO","msg":"handleInformInit: received","streamId":"04e3oy5x","id":"1(@)"}
{"time":"2026-03-13T17:29:33.688743614+01:00","level":"INFO","msg":"handleInformInit: stream started","streamId":"04e3oy5x","id":"1(@)"}
{"time":"2026-03-13T17:29:33.737820201+01:00","level":"INFO","msg":"connection: cancelling request","id":"1(@)","requestId":"twzuwdzjc1l8"}
{"time":"2026-03-13T17:31:09.018631078+01:00","level":"INFO","msg":"handleInformFinish: finish message received","streamId":"3p8k3az4","id":"1(@)"}
{"time":"2026-03-13T17:31:09.026078046+01:00","level":"INFO","msg":"handleInformFinish: stream closed","streamId":"3p8k3az4","id":"1(@)"}
{"time":"2026-03-13T17:31:09.210900925+01:00","level":"INFO","msg":"handleInformTeardown: server teardown initiated","id":"1(@)"}
{"time":"2026-03-13T17:31:09.210964214+01:00","level":"INFO","msg":"handleInformTeardown: server shutdown complete","id":"1(@)"}
{"time":"2026-03-13T17:31:09.210970454+01:00","level":"INFO","msg":"connection: closing","id":"1(@)"}
{"time":"2026-03-13T17:31:09.211031934+01:00","level":"INFO","msg":"server is shutting down"}
{"time":"2026-03-13T17:31:09.211684039+01:00","level":"INFO","msg":"connection: closed successfully","id":"1(@)"}
{"time":"2026-03-13T17:31:09.212146071+01:00","level":"INFO","msg":"connection: ManageConnectionData: connection closed","id":"1(@)"}
{"time":"2026-03-13T17:31:09.21231237+01:00","level":"INFO","msg":"server: listener closed","addr":{"Name":"/tmp/wandb-2206595-2207003-1055128777/socket","Net":"unix"}}
{"time":"2026-03-13T17:31:09.212996755+01:00","level":"INFO","msg":"server is closed"}
{"time":"2026-03-13T17:31:36.15108855+01:00","level":"INFO","msg":"handleInformFinish: finish message received","streamId":"04e3oy5x","id":"1(@)"}
{"time":"2026-03-13T17:31:36.153348315+01:00","level":"INFO","msg":"handleInformFinish: stream closed","streamId":"04e3oy5x","id":"1(@)"}
{"time":"2026-03-13T17:33:49.200687262+01:00","level":"INFO","msg":"handleInformInit: received","streamId":"jvaurhkp","id":"1(@)"}
{"time":"2026-03-13T17:33:49.32255349+01:00","level":"INFO","msg":"handleInformInit: stream started","streamId":"jvaurhkp","id":"1(@)"}
{"time":"2026-03-13T17:38:45.673762495+01:00","level":"INFO","msg":"connection: cancelling request","id":"1(@)","requestId":"9o6sgne30wcp"}
{"time":"2026-03-13T17:38:45.675926454+01:00","level":"INFO","msg":"handleInformFinish: finish message received","streamId":"jvaurhkp","id":"1(@)"}
{"time":"2026-03-13T17:38:45.695372512+01:00","level":"INFO","msg":"handleInformFinish: stream closed","streamId":"jvaurhkp","id":"1(@)"}
{"time":"2026-03-13T17:38:45.986198577+01:00","level":"INFO","msg":"handleInformTeardown: server teardown initiated","id":"1(@)"}
{"time":"2026-03-13T17:38:45.986272495+01:00","level":"INFO","msg":"handleInformTeardown: server shutdown complete","id":"1(@)"}
{"time":"2026-03-13T17:38:45.986523815+01:00","level":"INFO","msg":"server is shutting down"}
{"time":"2026-03-13T17:38:46.003664253+01:00","level":"INFO","msg":"server: listener closed","addr":{"Name":"/tmp/wandb-1292600-1292783-453840610/socket","Net":"unix"}}
{"time":"2026-03-13T17:38:45.986335998+01:00","level":"INFO","msg":"connection: closing","id":"1(@)"}
{"time":"2026-03-13T17:38:46.012841752+01:00","level":"INFO","msg":"connection: closed successfully","id":"1(@)"}
{"time":"2026-03-13T17:38:46.013363834+01:00","level":"INFO","msg":"connection: ManageConnectionData: connection closed","id":"1(@)"}
{"time":"2026-03-13T17:38:46.013845209+01:00","level":"INFO","msg":"server is closed"}
