{"time":"2026-03-13T09:32:30.81399253+01:00","level":"INFO","msg":"main: starting server","port-filename":"/tmp/tmp_9mvdg03/port-2315238.txt","pid":2315238,"log-level":0,"disable-analytics":false,"shutdown-on-parent-exit":false,"enable-dcgm-profiling":false}
{"time":"2026-03-13T09:32:30.814431503+01:00","level":"INFO","msg":"server: accepting connections","addr":{"Name":"/tmp/wandb-2315238-2315404-3942019728/socket","Net":"unix"}}
{"time":"2026-03-13T09:32:30.814500383+01:00","level":"INFO","msg":"server: will exit if parent process dies","ppid":2315238}
{"time":"2026-03-13T09:32:30.903873935+01:00","level":"INFO","msg":"connection: ManageConnectionData: new connection created","id":"1(@)"}
{"time":"2026-03-13T09:32:30.939634676+01:00","level":"INFO","msg":"handleInformInit: received","streamId":"3eb58hr0","id":"1(@)"}
{"time":"2026-03-13T09:32:31.067769827+01:00","level":"INFO","msg":"handleInformInit: stream started","streamId":"3eb58hr0","id":"1(@)"}
{"time":"2026-03-13T09:44:09.954811984+01:00","level":"INFO","msg":"handleInformFinish: finish message received","streamId":"3eb58hr0","id":"1(@)"}
{"time":"2026-03-13T09:44:09.956400774+01:00","level":"INFO","msg":"handleInformFinish: stream closed","streamId":"3eb58hr0","id":"1(@)"}
{"time":"2026-03-13T09:49:30.829605103+01:00","level":"INFO","msg":"handleInformInit: received","streamId":"0do7hjgo","id":"1(@)"}
{"time":"2026-03-13T09:49:30.950338135+01:00","level":"INFO","msg":"handleInformInit: stream started","streamId":"0do7hjgo","id":"1(@)"}
{"time":"2026-03-13T10:02:01.991025261+01:00","level":"INFO","msg":"handleInformFinish: finish message received","streamId":"0do7hjgo","id":"1(@)"}
{"time":"2026-03-13T10:02:01.993387878+01:00","level":"INFO","msg":"handleInformFinish: stream closed","streamId":"0do7hjgo","id":"1(@)"}
{"time":"2026-03-13T10:06:21.113599093+01:00","level":"INFO","msg":"handleInformInit: received","streamId":"m0at76ws","id":"1(@)"}
{"time":"2026-03-13T10:06:21.234342777+01:00","level":"INFO","msg":"handleInformInit: stream started","streamId":"m0at76ws","id":"1(@)"}
{"time":"2026-03-13T10:20:18.335665127+01:00","level":"INFO","msg":"handleInformFinish: finish message received","streamId":"m0at76ws","id":"1(@)"}
{"time":"2026-03-13T10:20:18.356936926+01:00","level":"INFO","msg":"handleInformFinish: stream closed","streamId":"m0at76ws","id":"1(@)"}
{"time":"2026-03-13T10:24:51.441313782+01:00","level":"INFO","msg":"handleInformInit: received","streamId":"0nniitbd","id":"1(@)"}
{"time":"2026-03-13T10:24:51.562200954+01:00","level":"INFO","msg":"handleInformInit: stream started","streamId":"0nniitbd","id":"1(@)"}
{"time":"2026-03-13T10:37:54.466848057+01:00","level":"INFO","msg":"handleInformFinish: finish message received","streamId":"0nniitbd","id":"1(@)"}
{"time":"2026-03-13T10:37:54.47369107+01:00","level":"INFO","msg":"handleInformFinish: stream closed","streamId":"0nniitbd","id":"1(@)"}
{"time":"2026-03-13T10:43:25.800051799+01:00","level":"INFO","msg":"handleInformInit: received","streamId":"cscfv5tu","id":"1(@)"}
{"time":"2026-03-13T10:43:25.931393868+01:00","level":"INFO","msg":"handleInformInit: stream started","streamId":"cscfv5tu","id":"1(@)"}
{"time":"2026-03-13T10:55:34.590359359+01:00","level":"INFO","msg":"handleInformFinish: finish message received","streamId":"cscfv5tu","id":"1(@)"}
{"time":"2026-03-13T10:55:34.592401841+01:00","level":"INFO","msg":"handleInformFinish: stream closed","streamId":"cscfv5tu","id":"1(@)"}
{"time":"2026-03-13T11:00:11.852650041+01:00","level":"INFO","msg":"handleInformInit: received","streamId":"937vlnzi","id":"1(@)"}
{"time":"2026-03-13T11:00:11.979638952+01:00","level":"INFO","msg":"handleInformInit: stream started","streamId":"937vlnzi","id":"1(@)"}
{"time":"2026-03-13T11:13:45.944477369+01:00","level":"INFO","msg":"connection: cancelling request","id":"1(@)","requestId":"hjr2fqfu5dpk"}
{"time":"2026-03-13T11:13:45.946689399+01:00","level":"INFO","msg":"handleInformFinish: finish message received","streamId":"937vlnzi","id":"1(@)"}
{"time":"2026-03-13T11:13:45.948888439+01:00","level":"INFO","msg":"handleInformFinish: stream closed","streamId":"937vlnzi","id":"1(@)"}
{"time":"2026-03-13T11:18:30.492142887+01:00","level":"INFO","msg":"handleInformInit: received","streamId":"pdi2eqi2","id":"1(@)"}
{"time":"2026-03-13T11:18:30.619447592+01:00","level":"INFO","msg":"handleInformInit: stream started","streamId":"pdi2eqi2","id":"1(@)"}
{"time":"2026-03-13T11:31:18.757411284+01:00","level":"INFO","msg":"handleInformFinish: finish message received","streamId":"pdi2eqi2","id":"1(@)"}
{"time":"2026-03-13T11:31:18.759129723+01:00","level":"INFO","msg":"handleInformFinish: stream closed","streamId":"pdi2eqi2","id":"1(@)"}
{"time":"2026-03-13T11:36:28.899660967+01:00","level":"INFO","msg":"handleInformInit: received","streamId":"d8c1cb4z","id":"1(@)"}
{"time":"2026-03-13T11:36:29.024199215+01:00","level":"INFO","msg":"handleInformInit: stream started","streamId":"d8c1cb4z","id":"1(@)"}
{"time":"2026-03-13T11:48:38.388327182+01:00","level":"INFO","msg":"handleInformFinish: finish message received","streamId":"d8c1cb4z","id":"1(@)"}
{"time":"2026-03-13T11:48:38.390062351+01:00","level":"INFO","msg":"handleInformFinish: stream closed","streamId":"d8c1cb4z","id":"1(@)"}
{"time":"2026-03-13T11:52:56.031276026+01:00","level":"INFO","msg":"handleInformInit: received","streamId":"y7hfas6z","id":"1(@)"}
{"time":"2026-03-13T11:52:56.160692738+01:00","level":"INFO","msg":"handleInformInit: stream started","streamId":"y7hfas6z","id":"1(@)"}
{"time":"2026-03-13T12:06:07.639788782+01:00","level":"INFO","msg":"connection: cancelling request","id":"1(@)","requestId":"44thbk5yjk4x"}
{"time":"2026-03-13T12:06:07.658121574+01:00","level":"INFO","msg":"handleInformFinish: finish message received","streamId":"y7hfas6z","id":"1(@)"}
{"time":"2026-03-13T12:06:07.66157532+01:00","level":"INFO","msg":"handleInformFinish: stream closed","streamId":"y7hfas6z","id":"1(@)"}
{"time":"2026-03-13T12:08:30.230571464+01:00","level":"INFO","msg":"handleInformInit: received","streamId":"a24ohrca","id":"1(@)"}
{"time":"2026-03-13T12:08:30.372849356+01:00","level":"INFO","msg":"handleInformInit: stream started","streamId":"a24ohrca","id":"1(@)"}
{"time":"2026-03-13T12:23:58.910953838+01:00","level":"INFO","msg":"handleInformFinish: finish message received","streamId":"a24ohrca","id":"1(@)"}
{"time":"2026-03-13T12:23:58.923332344+01:00","level":"INFO","msg":"handleInformFinish: stream closed","streamId":"a24ohrca","id":"1(@)"}
{"time":"2026-03-13T12:30:07.31503373+01:00","level":"INFO","msg":"handleInformInit: received","streamId":"2kydu9ia","id":"1(@)"}
{"time":"2026-03-13T12:30:07.440783122+01:00","level":"INFO","msg":"handleInformInit: stream started","streamId":"2kydu9ia","id":"1(@)"}
{"time":"2026-03-13T12:42:25.74320662+01:00","level":"INFO","msg":"handleInformFinish: finish message received","streamId":"2kydu9ia","id":"1(@)"}
{"time":"2026-03-13T12:42:25.745494373+01:00","level":"INFO","msg":"handleInformFinish: stream closed","streamId":"2kydu9ia","id":"1(@)"}
{"time":"2026-03-13T12:45:31.00118147+01:00","level":"INFO","msg":"handleInformInit: received","streamId":"xnn6gwwz","id":"1(@)"}
{"time":"2026-03-13T12:45:31.12611656+01:00","level":"INFO","msg":"handleInformInit: stream started","streamId":"xnn6gwwz","id":"1(@)"}
{"time":"2026-03-13T13:00:14.640602865+01:00","level":"INFO","msg":"handleInformFinish: finish message received","streamId":"xnn6gwwz","id":"1(@)"}
{"time":"2026-03-13T13:00:14.642137158+01:00","level":"INFO","msg":"handleInformFinish: stream closed","streamId":"xnn6gwwz","id":"1(@)"}
{"time":"2026-03-13T13:06:00.785906562+01:00","level":"INFO","msg":"handleInformInit: received","streamId":"dstdjiuk","id":"1(@)"}
{"time":"2026-03-13T13:06:00.927621563+01:00","level":"INFO","msg":"handleInformInit: stream started","streamId":"dstdjiuk","id":"1(@)"}
{"time":"2026-03-13T13:17:35.289868878+01:00","level":"INFO","msg":"handleInformFinish: finish message received","streamId":"dstdjiuk","id":"1(@)"}
{"time":"2026-03-13T13:17:35.299198988+01:00","level":"INFO","msg":"handleInformFinish: stream closed","streamId":"dstdjiuk","id":"1(@)"}
{"time":"2026-03-13T13:22:18.153465625+01:00","level":"INFO","msg":"handleInformInit: received","streamId":"wyqzfqmm","id":"1(@)"}
{"time":"2026-03-13T13:22:18.29011367+01:00","level":"INFO","msg":"handleInformInit: stream started","streamId":"wyqzfqmm","id":"1(@)"}
{"time":"2026-03-13T13:23:47.596826088+01:00","level":"INFO","msg":"connection: cancelling request","id":"1(@)","requestId":"bsqi4ajdm39p"}
{"time":"2026-03-13T13:23:47.598747505+01:00","level":"INFO","msg":"handleInformFinish: finish message received","streamId":"wyqzfqmm","id":"1(@)"}
{"time":"2026-03-13T13:23:47.600071193+01:00","level":"INFO","msg":"handleInformFinish: stream closed","streamId":"wyqzfqmm","id":"1(@)"}
{"time":"2026-03-13T13:28:56.546906032+01:00","level":"INFO","msg":"handleInformInit: received","streamId":"eliu7a9c","id":"1(@)"}
{"time":"2026-03-13T13:28:56.675216947+01:00","level":"INFO","msg":"handleInformInit: stream started","streamId":"eliu7a9c","id":"1(@)"}
{"time":"2026-03-13T13:29:48.671922069+01:00","level":"INFO","msg":"connection: cancelling request","id":"1(@)","requestId":"tfbz05gwbprj"}
{"time":"2026-03-13T13:29:48.673860148+01:00","level":"INFO","msg":"handleInformFinish: finish message received","streamId":"eliu7a9c","id":"1(@)"}
{"time":"2026-03-13T13:29:48.675365864+01:00","level":"INFO","msg":"handleInformFinish: stream closed","streamId":"eliu7a9c","id":"1(@)"}
{"time":"2026-03-13T13:35:22.000392648+01:00","level":"INFO","msg":"handleInformInit: received","streamId":"3mrtlq91","id":"1(@)"}
{"time":"2026-03-13T13:35:22.124387143+01:00","level":"INFO","msg":"handleInformInit: stream started","streamId":"3mrtlq91","id":"1(@)"}
{"time":"2026-03-13T13:36:03.276645928+01:00","level":"INFO","msg":"handleInformFinish: finish message received","streamId":"3mrtlq91","id":"1(@)"}
{"time":"2026-03-13T13:36:03.278294823+01:00","level":"INFO","msg":"handleInformFinish: stream closed","streamId":"3mrtlq91","id":"1(@)"}
{"time":"2026-03-13T13:41:12.534796965+01:00","level":"INFO","msg":"handleInformInit: received","streamId":"y2qd6p6t","id":"1(@)"}
{"time":"2026-03-13T13:41:12.660810569+01:00","level":"INFO","msg":"handleInformInit: stream started","streamId":"y2qd6p6t","id":"1(@)"}
{"time":"2026-03-13T13:42:49.469695664+01:00","level":"INFO","msg":"handleInformFinish: finish message received","streamId":"y2qd6p6t","id":"1(@)"}
{"time":"2026-03-13T13:42:49.471419044+01:00","level":"INFO","msg":"handleInformFinish: stream closed","streamId":"y2qd6p6t","id":"1(@)"}
{"time":"2026-03-13T13:46:45.570169343+01:00","level":"INFO","msg":"handleInformInit: received","streamId":"itiwngtv","id":"1(@)"}
{"time":"2026-03-13T13:46:45.697821135+01:00","level":"INFO","msg":"handleInformInit: stream started","streamId":"itiwngtv","id":"1(@)"}
{"time":"2026-03-13T13:49:23.984364387+01:00","level":"INFO","msg":"handleInformFinish: finish message received","streamId":"itiwngtv","id":"1(@)"}
{"time":"2026-03-13T13:49:24.05758562+01:00","level":"INFO","msg":"handleInformFinish: stream closed","streamId":"itiwngtv","id":"1(@)"}
{"time":"2026-03-13T13:55:15.948882033+01:00","level":"INFO","msg":"handleInformInit: received","streamId":"hl2jw5z3","id":"1(@)"}
{"time":"2026-03-13T13:55:19.316221617+01:00","level":"INFO","msg":"handleInformInit: stream started","streamId":"hl2jw5z3","id":"1(@)"}
{"time":"2026-03-13T13:56:00.856182049+01:00","level":"INFO","msg":"handleInformFinish: finish message received","streamId":"hl2jw5z3","id":"1(@)"}
{"time":"2026-03-13T13:56:00.861826229+01:00","level":"INFO","msg":"handleInformFinish: stream closed","streamId":"hl2jw5z3","id":"1(@)"}
{"time":"2026-03-13T14:00:00.659791592+01:00","level":"INFO","msg":"handleInformInit: received","streamId":"sswyx10q","id":"1(@)"}
{"time":"2026-03-13T14:00:00.784367436+01:00","level":"INFO","msg":"handleInformInit: stream started","streamId":"sswyx10q","id":"1(@)"}
{"time":"2026-03-13T14:02:38.275087859+01:00","level":"INFO","msg":"connection: cancelling request","id":"1(@)","requestId":"9u9uzaszma1v"}
{"time":"2026-03-13T14:02:38.276999005+01:00","level":"INFO","msg":"handleInformFinish: finish message received","streamId":"sswyx10q","id":"1(@)"}
{"time":"2026-03-13T14:02:38.278721898+01:00","level":"INFO","msg":"handleInformFinish: stream closed","streamId":"sswyx10q","id":"1(@)"}
{"time":"2026-03-13T14:07:15.460720569+01:00","level":"INFO","msg":"handleInformInit: received","streamId":"gasgsmri","id":"1(@)"}
{"time":"2026-03-13T14:07:15.590631314+01:00","level":"INFO","msg":"handleInformInit: stream started","streamId":"gasgsmri","id":"1(@)"}
{"time":"2026-03-13T14:08:38.478134357+01:00","level":"INFO","msg":"handleInformFinish: finish message received","streamId":"gasgsmri","id":"1(@)"}
{"time":"2026-03-13T14:08:38.47983675+01:00","level":"INFO","msg":"handleInformFinish: stream closed","streamId":"gasgsmri","id":"1(@)"}
{"time":"2026-03-13T14:11:35.916466694+01:00","level":"INFO","msg":"handleInformInit: received","streamId":"8d7b1aez","id":"1(@)"}
{"time":"2026-03-13T14:11:36.042992174+01:00","level":"INFO","msg":"handleInformInit: stream started","streamId":"8d7b1aez","id":"1(@)"}
{"time":"2026-03-13T14:15:03.4651637+01:00","level":"INFO","msg":"handleInformFinish: finish message received","streamId":"8d7b1aez","id":"1(@)"}
{"time":"2026-03-13T14:15:03.467130406+01:00","level":"INFO","msg":"handleInformFinish: stream closed","streamId":"8d7b1aez","id":"1(@)"}
{"time":"2026-03-13T14:20:28.030343789+01:00","level":"INFO","msg":"handleInformInit: received","streamId":"l2yvgz1s","id":"1(@)"}
{"time":"2026-03-13T14:20:28.152956008+01:00","level":"INFO","msg":"handleInformInit: stream started","streamId":"l2yvgz1s","id":"1(@)"}
{"time":"2026-03-13T14:21:44.760325948+01:00","level":"INFO","msg":"connection: cancelling request","id":"1(@)","requestId":"eomus5bp7pjx"}
{"time":"2026-03-13T14:21:44.762207337+01:00","level":"INFO","msg":"handleInformFinish: finish message received","streamId":"l2yvgz1s","id":"1(@)"}
{"time":"2026-03-13T14:21:44.783132235+01:00","level":"INFO","msg":"handleInformFinish: stream closed","streamId":"l2yvgz1s","id":"1(@)"}
{"time":"2026-03-13T14:24:35.44820573+01:00","level":"INFO","msg":"handleInformInit: received","streamId":"liut442f","id":"1(@)"}
{"time":"2026-03-13T14:24:35.574348177+01:00","level":"INFO","msg":"handleInformInit: stream started","streamId":"liut442f","id":"1(@)"}
{"time":"2026-03-13T14:27:41.428412353+01:00","level":"INFO","msg":"handleInformFinish: finish message received","streamId":"liut442f","id":"1(@)"}
{"time":"2026-03-13T14:27:41.43085769+01:00","level":"INFO","msg":"handleInformFinish: stream closed","streamId":"liut442f","id":"1(@)"}
{"time":"2026-03-13T14:31:47.73036186+01:00","level":"INFO","msg":"handleInformInit: received","streamId":"3v2xfj0t","id":"1(@)"}
{"time":"2026-03-13T14:31:47.854644783+01:00","level":"INFO","msg":"handleInformInit: stream started","streamId":"3v2xfj0t","id":"1(@)"}
{"time":"2026-03-13T14:33:52.242567184+01:00","level":"INFO","msg":"connection: cancelling request","id":"1(@)","requestId":"mcs9amgr73ct"}
{"time":"2026-03-13T14:33:52.244784892+01:00","level":"INFO","msg":"handleInformFinish: finish message received","streamId":"3v2xfj0t","id":"1(@)"}
{"time":"2026-03-13T14:33:52.245975216+01:00","level":"INFO","msg":"handleInformFinish: stream closed","streamId":"3v2xfj0t","id":"1(@)"}
{"time":"2026-03-13T14:37:01.664631506+01:00","level":"INFO","msg":"handleInformInit: received","streamId":"rm1bnvnz","id":"1(@)"}
{"time":"2026-03-13T14:37:01.814496648+01:00","level":"INFO","msg":"handleInformInit: stream started","streamId":"rm1bnvnz","id":"1(@)"}
{"time":"2026-03-13T14:40:22.781914278+01:00","level":"INFO","msg":"connection: cancelling request","id":"1(@)","requestId":"my9h9jmap8pa"}
{"time":"2026-03-13T14:40:22.790503876+01:00","level":"INFO","msg":"handleInformFinish: finish message received","streamId":"rm1bnvnz","id":"1(@)"}
{"time":"2026-03-13T14:40:22.792328075+01:00","level":"INFO","msg":"handleInformFinish: stream closed","streamId":"rm1bnvnz","id":"1(@)"}
{"time":"2026-03-13T14:44:43.046373484+01:00","level":"INFO","msg":"handleInformInit: received","streamId":"fywygrni","id":"1(@)"}
{"time":"2026-03-13T14:44:43.172538359+01:00","level":"INFO","msg":"handleInformInit: stream started","streamId":"fywygrni","id":"1(@)"}
{"time":"2026-03-13T14:46:19.993707508+01:00","level":"INFO","msg":"handleInformFinish: finish message received","streamId":"fywygrni","id":"1(@)"}
{"time":"2026-03-13T14:46:19.995041995+01:00","level":"INFO","msg":"handleInformFinish: stream closed","streamId":"fywygrni","id":"1(@)"}
{"time":"2026-03-13T14:51:05.559381594+01:00","level":"INFO","msg":"handleInformInit: received","streamId":"k1l86n1v","id":"1(@)"}
{"time":"2026-03-13T14:51:05.681195576+01:00","level":"INFO","msg":"handleInformInit: stream started","streamId":"k1l86n1v","id":"1(@)"}
{"time":"2026-03-13T14:52:52.723847321+01:00","level":"INFO","msg":"handleInformFinish: finish message received","streamId":"k1l86n1v","id":"1(@)"}
{"time":"2026-03-13T14:52:52.725847405+01:00","level":"INFO","msg":"handleInformFinish: stream closed","streamId":"k1l86n1v","id":"1(@)"}
{"time":"2026-03-13T14:58:11.591320424+01:00","level":"INFO","msg":"handleInformInit: received","streamId":"5llw1swu","id":"1(@)"}
{"time":"2026-03-13T14:58:11.712724524+01:00","level":"INFO","msg":"handleInformInit: stream started","streamId":"5llw1swu","id":"1(@)"}
{"time":"2026-03-13T14:58:40.33173479+01:00","level":"INFO","msg":"handleInformFinish: finish message received","streamId":"5llw1swu","id":"1(@)"}
{"time":"2026-03-13T14:58:40.332973446+01:00","level":"INFO","msg":"handleInformFinish: stream closed","streamId":"5llw1swu","id":"1(@)"}
{"time":"2026-03-13T15:04:20.182975148+01:00","level":"INFO","msg":"handleInformInit: received","streamId":"6wdupp5v","id":"1(@)"}
{"time":"2026-03-13T15:04:20.308293437+01:00","level":"INFO","msg":"handleInformInit: stream started","streamId":"6wdupp5v","id":"1(@)"}
{"time":"2026-03-13T15:05:21.416463409+01:00","level":"INFO","msg":"connection: cancelling request","id":"1(@)","requestId":"yfd3ybzm315m"}
{"time":"2026-03-13T15:05:21.418506162+01:00","level":"INFO","msg":"handleInformFinish: finish message received","streamId":"6wdupp5v","id":"1(@)"}
{"time":"2026-03-13T15:05:21.440482732+01:00","level":"INFO","msg":"handleInformFinish: stream closed","streamId":"6wdupp5v","id":"1(@)"}
{"time":"2026-03-13T15:08:31.104819476+01:00","level":"INFO","msg":"handleInformInit: received","streamId":"f22gswvl","id":"1(@)"}
{"time":"2026-03-13T15:08:31.231300191+01:00","level":"INFO","msg":"handleInformInit: stream started","streamId":"f22gswvl","id":"1(@)"}
{"time":"2026-03-13T15:11:19.855181595+01:00","level":"INFO","msg":"handleInformFinish: finish message received","streamId":"f22gswvl","id":"1(@)"}
{"time":"2026-03-13T15:11:19.856919995+01:00","level":"INFO","msg":"handleInformFinish: stream closed","streamId":"f22gswvl","id":"1(@)"}
{"time":"2026-03-13T15:15:38.147407775+01:00","level":"INFO","msg":"handleInformInit: received","streamId":"nvu3j0ar","id":"1(@)"}
{"time":"2026-03-13T15:15:38.304434104+01:00","level":"INFO","msg":"handleInformInit: stream started","streamId":"nvu3j0ar","id":"1(@)"}
{"time":"2026-03-13T15:17:38.82990777+01:00","level":"INFO","msg":"handleInformFinish: finish message received","streamId":"nvu3j0ar","id":"1(@)"}
{"time":"2026-03-13T15:17:38.832651763+01:00","level":"INFO","msg":"handleInformFinish: stream closed","streamId":"nvu3j0ar","id":"1(@)"}
{"time":"2026-03-13T15:23:14.095133544+01:00","level":"INFO","msg":"handleInformInit: received","streamId":"yllcem5m","id":"1(@)"}
{"time":"2026-03-13T15:23:14.239572538+01:00","level":"INFO","msg":"handleInformInit: stream started","streamId":"yllcem5m","id":"1(@)"}
{"time":"2026-03-13T15:23:42.720839236+01:00","level":"INFO","msg":"handleInformFinish: finish message received","streamId":"yllcem5m","id":"1(@)"}
{"time":"2026-03-13T15:23:42.724161129+01:00","level":"INFO","msg":"handleInformFinish: stream closed","streamId":"yllcem5m","id":"1(@)"}
{"time":"2026-03-13T15:28:32.669955473+01:00","level":"INFO","msg":"handleInformInit: received","streamId":"4u4pdsfp","id":"1(@)"}
{"time":"2026-03-13T15:28:32.795645716+01:00","level":"INFO","msg":"handleInformInit: stream started","streamId":"4u4pdsfp","id":"1(@)"}
{"time":"2026-03-13T15:30:03.261416531+01:00","level":"INFO","msg":"handleInformFinish: finish message received","streamId":"4u4pdsfp","id":"1(@)"}
{"time":"2026-03-13T15:30:03.262952556+01:00","level":"INFO","msg":"handleInformFinish: stream closed","streamId":"4u4pdsfp","id":"1(@)"}
{"time":"2026-03-13T15:34:33.14346642+01:00","level":"INFO","msg":"handleInformInit: received","streamId":"imlcaduk","id":"1(@)"}
{"time":"2026-03-13T15:34:33.264665757+01:00","level":"INFO","msg":"handleInformInit: stream started","streamId":"imlcaduk","id":"1(@)"}
{"time":"2026-03-13T15:36:12.903807145+01:00","level":"INFO","msg":"handleInformFinish: finish message received","streamId":"imlcaduk","id":"1(@)"}
{"time":"2026-03-13T15:36:12.905191893+01:00","level":"INFO","msg":"handleInformFinish: stream closed","streamId":"imlcaduk","id":"1(@)"}
{"time":"2026-03-13T15:41:49.198573257+01:00","level":"INFO","msg":"handleInformInit: received","streamId":"regcseqc","id":"1(@)"}
{"time":"2026-03-13T15:41:49.323887075+01:00","level":"INFO","msg":"handleInformInit: stream started","streamId":"regcseqc","id":"1(@)"}
{"time":"2026-03-13T15:42:17.19149624+01:00","level":"INFO","msg":"connection: cancelling request","id":"1(@)","requestId":"96p1u9rre1y8"}
{"time":"2026-03-13T15:42:17.193437589+01:00","level":"INFO","msg":"handleInformFinish: finish message received","streamId":"regcseqc","id":"1(@)"}
{"time":"2026-03-13T15:42:17.194844853+01:00","level":"INFO","msg":"handleInformFinish: stream closed","streamId":"regcseqc","id":"1(@)"}
{"time":"2026-03-13T15:47:14.519255091+01:00","level":"INFO","msg":"handleInformInit: received","streamId":"arrte2v8","id":"1(@)"}
{"time":"2026-03-13T15:47:14.648185636+01:00","level":"INFO","msg":"handleInformInit: stream started","streamId":"arrte2v8","id":"1(@)"}
{"time":"2026-03-13T15:47:42.867404269+01:00","level":"INFO","msg":"handleInformFinish: finish message received","streamId":"arrte2v8","id":"1(@)"}
{"time":"2026-03-13T15:47:42.868960293+01:00","level":"INFO","msg":"handleInformFinish: stream closed","streamId":"arrte2v8","id":"1(@)"}
{"time":"2026-03-13T15:52:28.823307245+01:00","level":"INFO","msg":"handleInformInit: received","streamId":"6on3sj9a","id":"1(@)"}
{"time":"2026-03-13T15:52:28.945349706+01:00","level":"INFO","msg":"handleInformInit: stream started","streamId":"6on3sj9a","id":"1(@)"}
{"time":"2026-03-13T15:53:50.623253959+01:00","level":"INFO","msg":"handleInformFinish: finish message received","streamId":"6on3sj9a","id":"1(@)"}
{"time":"2026-03-13T15:53:50.625026347+01:00","level":"INFO","msg":"handleInformFinish: stream closed","streamId":"6on3sj9a","id":"1(@)"}
{"time":"2026-03-13T15:57:58.24312918+01:00","level":"INFO","msg":"handleInformInit: received","streamId":"e1girj30","id":"1(@)"}
{"time":"2026-03-13T15:57:58.365534913+01:00","level":"INFO","msg":"handleInformInit: stream started","streamId":"e1girj30","id":"1(@)"}
{"time":"2026-03-13T16:00:13.513626653+01:00","level":"INFO","msg":"handleInformFinish: finish message received","streamId":"e1girj30","id":"1(@)"}
{"time":"2026-03-13T16:00:13.515265788+01:00","level":"INFO","msg":"handleInformFinish: stream closed","streamId":"e1girj30","id":"1(@)"}
{"time":"2026-03-13T16:05:13.15043129+01:00","level":"INFO","msg":"handleInformInit: received","streamId":"4rrcihpe","id":"1(@)"}
{"time":"2026-03-13T16:05:13.260705738+01:00","level":"INFO","msg":"handleInformInit: stream started","streamId":"4rrcihpe","id":"1(@)"}
{"time":"2026-03-13T16:07:28.3187578+01:00","level":"INFO","msg":"connection: cancelling request","id":"1(@)","requestId":"wiinn3nys4kx"}
{"time":"2026-03-13T16:07:28.320725837+01:00","level":"INFO","msg":"handleInformFinish: finish message received","streamId":"4rrcihpe","id":"1(@)"}
{"time":"2026-03-13T16:07:28.331989515+01:00","level":"INFO","msg":"handleInformFinish: stream closed","streamId":"4rrcihpe","id":"1(@)"}
{"time":"2026-03-13T16:13:12.034841533+01:00","level":"INFO","msg":"handleInformInit: received","streamId":"laf34v0t","id":"1(@)"}
{"time":"2026-03-13T16:13:12.156452728+01:00","level":"INFO","msg":"handleInformInit: stream started","streamId":"laf34v0t","id":"1(@)"}
{"time":"2026-03-13T16:15:23.471980539+01:00","level":"INFO","msg":"handleInformFinish: finish message received","streamId":"laf34v0t","id":"1(@)"}
{"time":"2026-03-13T16:15:23.473893493+01:00","level":"INFO","msg":"handleInformFinish: stream closed","streamId":"laf34v0t","id":"1(@)"}
{"time":"2026-03-13T16:20:38.983477074+01:00","level":"INFO","msg":"handleInformInit: received","streamId":"nit5yvmd","id":"1(@)"}
{"time":"2026-03-13T16:20:39.110235928+01:00","level":"INFO","msg":"handleInformInit: stream started","streamId":"nit5yvmd","id":"1(@)"}
{"time":"2026-03-13T16:22:15.104178459+01:00","level":"INFO","msg":"handleInformFinish: finish message received","streamId":"nit5yvmd","id":"1(@)"}
{"time":"2026-03-13T16:22:15.106123404+01:00","level":"INFO","msg":"handleInformFinish: stream closed","streamId":"nit5yvmd","id":"1(@)"}
{"time":"2026-03-13T16:27:26.001189067+01:00","level":"INFO","msg":"handleInformInit: received","streamId":"3stz3zyb","id":"1(@)"}
{"time":"2026-03-13T16:27:26.123467137+01:00","level":"INFO","msg":"handleInformInit: stream started","streamId":"3stz3zyb","id":"1(@)"}
{"time":"2026-03-13T16:29:15.034905347+01:00","level":"INFO","msg":"handleInformFinish: finish message received","streamId":"3stz3zyb","id":"1(@)"}
{"time":"2026-03-13T16:29:15.036864896+01:00","level":"INFO","msg":"handleInformFinish: stream closed","streamId":"3stz3zyb","id":"1(@)"}
{"time":"2026-03-13T16:33:07.530805932+01:00","level":"INFO","msg":"handleInformInit: received","streamId":"bdw32jd3","id":"1(@)"}
{"time":"2026-03-13T16:33:07.657170114+01:00","level":"INFO","msg":"handleInformInit: stream started","streamId":"bdw32jd3","id":"1(@)"}
{"time":"2026-03-13T16:36:31.234814836+01:00","level":"INFO","msg":"connection: cancelling request","id":"1(@)","requestId":"fz4gyyouustp"}
{"time":"2026-03-13T16:36:31.236805473+01:00","level":"INFO","msg":"handleInformFinish: finish message received","streamId":"bdw32jd3","id":"1(@)"}
{"time":"2026-03-13T16:36:31.238829286+01:00","level":"INFO","msg":"handleInformFinish: stream closed","streamId":"bdw32jd3","id":"1(@)"}
{"time":"2026-03-13T16:40:30.933206367+01:00","level":"INFO","msg":"handleInformInit: received","streamId":"33vjig7h","id":"1(@)"}
{"time":"2026-03-13T16:40:31.056011548+01:00","level":"INFO","msg":"handleInformInit: stream started","streamId":"33vjig7h","id":"1(@)"}
{"time":"2026-03-13T16:44:00.055764304+01:00","level":"INFO","msg":"handleInformFinish: finish message received","streamId":"33vjig7h","id":"1(@)"}
{"time":"2026-03-13T16:44:00.060189265+01:00","level":"INFO","msg":"handleInformFinish: stream closed","streamId":"33vjig7h","id":"1(@)"}
{"time":"2026-03-13T16:49:38.085877714+01:00","level":"INFO","msg":"handleInformInit: received","streamId":"np6r0mbo","id":"1(@)"}
{"time":"2026-03-13T16:49:38.206937491+01:00","level":"INFO","msg":"handleInformInit: stream started","streamId":"np6r0mbo","id":"1(@)"}
{"time":"2026-03-13T16:51:15.511084368+01:00","level":"INFO","msg":"handleInformFinish: finish message received","streamId":"np6r0mbo","id":"1(@)"}
{"time":"2026-03-13T16:51:15.51300847+01:00","level":"INFO","msg":"handleInformFinish: stream closed","streamId":"np6r0mbo","id":"1(@)"}
{"time":"2026-03-13T16:56:55.688825218+01:00","level":"INFO","msg":"handleInformInit: received","streamId":"fhf8n9pi","id":"1(@)"}
{"time":"2026-03-13T16:56:55.811467052+01:00","level":"INFO","msg":"handleInformInit: stream started","streamId":"fhf8n9pi","id":"1(@)"}
{"time":"2026-03-13T16:58:28.639479338+01:00","level":"INFO","msg":"handleInformFinish: finish message received","streamId":"fhf8n9pi","id":"1(@)"}
{"time":"2026-03-13T16:58:28.641059421+01:00","level":"INFO","msg":"handleInformFinish: stream closed","streamId":"fhf8n9pi","id":"1(@)"}
{"time":"2026-03-13T17:01:00.279939729+01:00","level":"INFO","msg":"handleInformInit: received","streamId":"lpa4ewi9","id":"1(@)"}
{"time":"2026-03-13T17:01:00.402959936+01:00","level":"INFO","msg":"handleInformInit: stream started","streamId":"lpa4ewi9","id":"1(@)"}
{"time":"2026-03-13T17:05:37.248294517+01:00","level":"INFO","msg":"connection: cancelling request","id":"1(@)","requestId":"ph59dt4gm8wp"}
{"time":"2026-03-13T17:05:37.250482481+01:00","level":"INFO","msg":"handleInformFinish: finish message received","streamId":"lpa4ewi9","id":"1(@)"}
{"time":"2026-03-13T17:05:37.251956314+01:00","level":"INFO","msg":"handleInformFinish: stream closed","streamId":"lpa4ewi9","id":"1(@)"}
{"time":"2026-03-13T17:10:00.854373701+01:00","level":"INFO","msg":"handleInformInit: received","streamId":"kuxqm4zh","id":"1(@)"}
{"time":"2026-03-13T17:10:00.978129163+01:00","level":"INFO","msg":"handleInformInit: stream started","streamId":"kuxqm4zh","id":"1(@)"}
{"time":"2026-03-13T17:12:43.624889136+01:00","level":"INFO","msg":"handleInformFinish: finish message received","streamId":"kuxqm4zh","id":"1(@)"}
{"time":"2026-03-13T17:12:43.626630713+01:00","level":"INFO","msg":"handleInformFinish: stream closed","streamId":"kuxqm4zh","id":"1(@)"}
{"time":"2026-03-13T17:16:38.22904593+01:00","level":"INFO","msg":"handleInformInit: received","streamId":"2h4bs6pu","id":"1(@)"}
{"time":"2026-03-13T17:16:38.355539972+01:00","level":"INFO","msg":"handleInformInit: stream started","streamId":"2h4bs6pu","id":"1(@)"}
{"time":"2026-03-13T17:19:24.980392882+01:00","level":"INFO","msg":"connection: cancelling request","id":"1(@)","requestId":"lcpo7ddxwkw0"}
{"time":"2026-03-13T17:19:24.982378297+01:00","level":"INFO","msg":"handleInformFinish: finish message received","streamId":"2h4bs6pu","id":"1(@)"}
{"time":"2026-03-13T17:19:24.984216222+01:00","level":"INFO","msg":"handleInformFinish: stream closed","streamId":"2h4bs6pu","id":"1(@)"}
{"time":"2026-03-13T17:24:50.290209615+01:00","level":"INFO","msg":"handleInformInit: received","streamId":"9fqxl3n0","id":"1(@)"}
{"time":"2026-03-13T17:24:50.412740852+01:00","level":"INFO","msg":"handleInformInit: stream started","streamId":"9fqxl3n0","id":"1(@)"}
{"time":"2026-03-13T17:26:30.350076068+01:00","level":"INFO","msg":"handleInformFinish: finish message received","streamId":"9fqxl3n0","id":"1(@)"}
{"time":"2026-03-13T17:26:30.35326736+01:00","level":"INFO","msg":"handleInformFinish: stream closed","streamId":"9fqxl3n0","id":"1(@)"}
{"time":"2026-03-13T17:30:35.425976821+01:00","level":"INFO","msg":"handleInformInit: received","streamId":"ao3a22c7","id":"1(@)"}
{"time":"2026-03-13T17:30:35.550218597+01:00","level":"INFO","msg":"handleInformInit: stream started","streamId":"ao3a22c7","id":"1(@)"}
{"time":"2026-03-13T17:33:30.23542044+01:00","level":"INFO","msg":"handleInformFinish: finish message received","streamId":"ao3a22c7","id":"1(@)"}
{"time":"2026-03-13T17:33:30.237091157+01:00","level":"INFO","msg":"handleInformFinish: stream closed","streamId":"ao3a22c7","id":"1(@)"}
{"time":"2026-03-13T17:33:30.263318251+01:00","level":"INFO","msg":"handleInformTeardown: server teardown initiated","id":"1(@)"}
{"time":"2026-03-13T17:33:30.263391815+01:00","level":"INFO","msg":"handleInformTeardown: server shutdown complete","id":"1(@)"}
{"time":"2026-03-13T17:33:30.263406046+01:00","level":"INFO","msg":"connection: closing","id":"1(@)"}
{"time":"2026-03-13T17:33:30.263618037+01:00","level":"INFO","msg":"server is shutting down"}
{"time":"2026-03-13T17:33:30.26410236+01:00","level":"INFO","msg":"connection: closed successfully","id":"1(@)"}
{"time":"2026-03-13T17:33:30.264878134+01:00","level":"INFO","msg":"server: listener closed","addr":{"Name":"/tmp/wandb-2315238-2315404-3942019728/socket","Net":"unix"}}
{"time":"2026-03-13T17:33:30.265728528+01:00","level":"INFO","msg":"connection: ManageConnectionData: connection closed","id":"1(@)"}
{"time":"2026-03-13T17:33:30.266201696+01:00","level":"INFO","msg":"server is closed"}
