{"time":"2026-03-13T09:34:00.887863534+01:00","level":"INFO","msg":"main: starting server","port-filename":"/tmp/tmpglq03i1k/port-2168762.txt","pid":2168762,"log-level":0,"disable-analytics":false,"shutdown-on-parent-exit":false,"enable-dcgm-profiling":false}
{"time":"2026-03-13T09:34:00.888339583+01:00","level":"INFO","msg":"server: will exit if parent process dies","ppid":2168762}
{"time":"2026-03-13T09:34:00.888325199+01:00","level":"INFO","msg":"server: accepting connections","addr":{"Name":"/tmp/wandb-2168762-2168939-3887738369/socket","Net":"unix"}}
{"time":"2026-03-13T09:34:00.966271774+01:00","level":"INFO","msg":"connection: ManageConnectionData: new connection created","id":"1(@)"}
{"time":"2026-03-13T09:34:00.999360867+01:00","level":"INFO","msg":"handleInformInit: received","streamId":"rdpb9tmp","id":"1(@)"}
{"time":"2026-03-13T09:34:01.135814814+01:00","level":"INFO","msg":"handleInformInit: stream started","streamId":"rdpb9tmp","id":"1(@)"}
{"time":"2026-03-13T09:45:03.672021552+01:00","level":"INFO","msg":"handleInformFinish: finish message received","streamId":"rdpb9tmp","id":"1(@)"}
{"time":"2026-03-13T09:45:03.673850491+01:00","level":"INFO","msg":"handleInformFinish: stream closed","streamId":"rdpb9tmp","id":"1(@)"}
{"time":"2026-03-13T09:49:19.33475313+01:00","level":"INFO","msg":"handleInformInit: received","streamId":"bo5l5iiv","id":"1(@)"}
{"time":"2026-03-13T09:49:19.455178779+01:00","level":"INFO","msg":"handleInformInit: stream started","streamId":"bo5l5iiv","id":"1(@)"}
{"time":"2026-03-13T10:02:47.592817377+01:00","level":"INFO","msg":"connection: cancelling request","id":"1(@)","requestId":"4crxa9qky65n"}
{"time":"2026-03-13T10:02:47.596407478+01:00","level":"INFO","msg":"handleInformFinish: finish message received","streamId":"bo5l5iiv","id":"1(@)"}
{"time":"2026-03-13T10:02:47.598082873+01:00","level":"INFO","msg":"handleInformFinish: stream closed","streamId":"bo5l5iiv","id":"1(@)"}
{"time":"2026-03-13T10:08:20.148612865+01:00","level":"INFO","msg":"handleInformInit: received","streamId":"45n1uy8j","id":"1(@)"}
{"time":"2026-03-13T10:08:20.269276167+01:00","level":"INFO","msg":"handleInformInit: stream started","streamId":"45n1uy8j","id":"1(@)"}
{"time":"2026-03-13T10:20:37.005198558+01:00","level":"INFO","msg":"handleInformFinish: finish message received","streamId":"45n1uy8j","id":"1(@)"}
{"time":"2026-03-13T10:20:37.017255087+01:00","level":"INFO","msg":"handleInformFinish: stream closed","streamId":"45n1uy8j","id":"1(@)"}
{"time":"2026-03-13T10:24:35.028133868+01:00","level":"INFO","msg":"handleInformInit: received","streamId":"ygmi8g3p","id":"1(@)"}
{"time":"2026-03-13T10:24:35.157187788+01:00","level":"INFO","msg":"handleInformInit: stream started","streamId":"ygmi8g3p","id":"1(@)"}
{"time":"2026-03-13T10:38:35.815447633+01:00","level":"INFO","msg":"handleInformFinish: finish message received","streamId":"ygmi8g3p","id":"1(@)"}
{"time":"2026-03-13T10:38:35.828828698+01:00","level":"INFO","msg":"handleInformFinish: stream closed","streamId":"ygmi8g3p","id":"1(@)"}
{"time":"2026-03-13T10:44:29.01773117+01:00","level":"INFO","msg":"handleInformInit: received","streamId":"7fpfsy7v","id":"1(@)"}
{"time":"2026-03-13T10:44:29.150133144+01:00","level":"INFO","msg":"handleInformInit: stream started","streamId":"7fpfsy7v","id":"1(@)"}
{"time":"2026-03-13T10:56:32.678613663+01:00","level":"INFO","msg":"handleInformFinish: finish message received","streamId":"7fpfsy7v","id":"1(@)"}
{"time":"2026-03-13T10:56:32.690268662+01:00","level":"INFO","msg":"handleInformFinish: stream closed","streamId":"7fpfsy7v","id":"1(@)"}
{"time":"2026-03-13T11:02:06.779013412+01:00","level":"INFO","msg":"handleInformInit: received","streamId":"o2w2xdix","id":"1(@)"}
{"time":"2026-03-13T11:02:06.909790188+01:00","level":"INFO","msg":"handleInformInit: stream started","streamId":"o2w2xdix","id":"1(@)"}
{"time":"2026-03-13T11:14:20.638244291+01:00","level":"INFO","msg":"connection: cancelling request","id":"1(@)","requestId":"p9zv4fyrbl7l"}
{"time":"2026-03-13T11:14:20.64028473+01:00","level":"INFO","msg":"handleInformFinish: finish message received","streamId":"o2w2xdix","id":"1(@)"}
{"time":"2026-03-13T11:14:20.642017682+01:00","level":"INFO","msg":"handleInformFinish: stream closed","streamId":"o2w2xdix","id":"1(@)"}
{"time":"2026-03-13T11:17:42.112263195+01:00","level":"INFO","msg":"handleInformInit: received","streamId":"bv1um0n9","id":"1(@)"}
{"time":"2026-03-13T11:17:42.24157755+01:00","level":"INFO","msg":"handleInformInit: stream started","streamId":"bv1um0n9","id":"1(@)"}
{"time":"2026-03-13T11:32:29.818088793+01:00","level":"INFO","msg":"handleInformFinish: finish message received","streamId":"bv1um0n9","id":"1(@)"}
{"time":"2026-03-13T11:32:29.831687593+01:00","level":"INFO","msg":"handleInformFinish: stream closed","streamId":"bv1um0n9","id":"1(@)"}
{"time":"2026-03-13T11:37:22.34480051+01:00","level":"INFO","msg":"handleInformInit: received","streamId":"9hwkzwaa","id":"1(@)"}
{"time":"2026-03-13T11:37:22.472383679+01:00","level":"INFO","msg":"handleInformInit: stream started","streamId":"9hwkzwaa","id":"1(@)"}
{"time":"2026-03-13T11:49:27.744977164+01:00","level":"INFO","msg":"handleInformFinish: finish message received","streamId":"9hwkzwaa","id":"1(@)"}
{"time":"2026-03-13T11:49:27.757778259+01:00","level":"INFO","msg":"handleInformFinish: stream closed","streamId":"9hwkzwaa","id":"1(@)"}
{"time":"2026-03-13T11:54:59.84064993+01:00","level":"INFO","msg":"handleInformInit: received","streamId":"nxuq6p7v","id":"1(@)"}
{"time":"2026-03-13T11:54:59.971135972+01:00","level":"INFO","msg":"handleInformInit: stream started","streamId":"nxuq6p7v","id":"1(@)"}
{"time":"2026-03-13T12:06:55.76776009+01:00","level":"INFO","msg":"handleInformFinish: finish message received","streamId":"nxuq6p7v","id":"1(@)"}
{"time":"2026-03-13T12:06:55.826802354+01:00","level":"INFO","msg":"handleInformFinish: stream closed","streamId":"nxuq6p7v","id":"1(@)"}
{"time":"2026-03-13T12:12:03.3294533+01:00","level":"INFO","msg":"handleInformInit: received","streamId":"egro6idc","id":"1(@)"}
{"time":"2026-03-13T12:12:06.471502457+01:00","level":"INFO","msg":"handleInformInit: stream started","streamId":"egro6idc","id":"1(@)"}
{"time":"2026-03-13T12:25:21.672082628+01:00","level":"INFO","msg":"connection: cancelling request","id":"1(@)","requestId":"gyc5g853b1h1"}
{"time":"2026-03-13T12:25:21.748068667+01:00","level":"INFO","msg":"handleInformFinish: finish message received","streamId":"egro6idc","id":"1(@)"}
{"time":"2026-03-13T12:25:21.74958247+01:00","level":"INFO","msg":"handleInformFinish: stream closed","streamId":"egro6idc","id":"1(@)"}
{"time":"2026-03-13T12:28:01.941000949+01:00","level":"INFO","msg":"handleInformInit: received","streamId":"w217rkks","id":"1(@)"}
{"time":"2026-03-13T12:28:02.185150848+01:00","level":"INFO","msg":"handleInformInit: stream started","streamId":"w217rkks","id":"1(@)"}
{"time":"2026-03-13T12:43:05.153193255+01:00","level":"INFO","msg":"handleInformFinish: finish message received","streamId":"w217rkks","id":"1(@)"}
{"time":"2026-03-13T12:43:05.164394046+01:00","level":"INFO","msg":"handleInformFinish: stream closed","streamId":"w217rkks","id":"1(@)"}
{"time":"2026-03-13T12:45:30.381568484+01:00","level":"INFO","msg":"handleInformInit: received","streamId":"khd03070","id":"1(@)"}
{"time":"2026-03-13T12:45:30.508115018+01:00","level":"INFO","msg":"handleInformInit: stream started","streamId":"khd03070","id":"1(@)"}
{"time":"2026-03-13T13:00:42.189627352+01:00","level":"INFO","msg":"connection: cancelling request","id":"1(@)","requestId":"np0syahrot81"}
{"time":"2026-03-13T13:00:42.192045137+01:00","level":"INFO","msg":"handleInformFinish: finish message received","streamId":"khd03070","id":"1(@)"}
{"time":"2026-03-13T13:00:42.193837135+01:00","level":"INFO","msg":"handleInformFinish: stream closed","streamId":"khd03070","id":"1(@)"}
{"time":"2026-03-13T13:04:50.227846248+01:00","level":"INFO","msg":"handleInformInit: received","streamId":"lhkia4p2","id":"1(@)"}
{"time":"2026-03-13T13:04:50.358916791+01:00","level":"INFO","msg":"handleInformInit: stream started","streamId":"lhkia4p2","id":"1(@)"}
{"time":"2026-03-13T13:17:58.705604766+01:00","level":"INFO","msg":"handleInformFinish: finish message received","streamId":"lhkia4p2","id":"1(@)"}
{"time":"2026-03-13T13:17:58.707621947+01:00","level":"INFO","msg":"handleInformFinish: stream closed","streamId":"lhkia4p2","id":"1(@)"}
{"time":"2026-03-13T13:23:11.648623085+01:00","level":"INFO","msg":"handleInformInit: received","streamId":"tc59divi","id":"1(@)"}
{"time":"2026-03-13T13:23:11.776160739+01:00","level":"INFO","msg":"handleInformInit: stream started","streamId":"tc59divi","id":"1(@)"}
{"time":"2026-03-13T13:24:31.366174493+01:00","level":"INFO","msg":"handleInformFinish: finish message received","streamId":"tc59divi","id":"1(@)"}
{"time":"2026-03-13T13:24:31.367941538+01:00","level":"INFO","msg":"handleInformFinish: stream closed","streamId":"tc59divi","id":"1(@)"}
{"time":"2026-03-13T13:29:46.438696978+01:00","level":"INFO","msg":"handleInformInit: received","streamId":"9q5uoci4","id":"1(@)"}
{"time":"2026-03-13T13:29:46.569659821+01:00","level":"INFO","msg":"handleInformInit: stream started","streamId":"9q5uoci4","id":"1(@)"}
{"time":"2026-03-13T13:30:30.849972635+01:00","level":"INFO","msg":"handleInformFinish: finish message received","streamId":"9q5uoci4","id":"1(@)"}
{"time":"2026-03-13T13:30:30.851674038+01:00","level":"INFO","msg":"handleInformFinish: stream closed","streamId":"9q5uoci4","id":"1(@)"}
{"time":"2026-03-13T13:33:57.309695253+01:00","level":"INFO","msg":"handleInformInit: received","streamId":"7ymytgc6","id":"1(@)"}
{"time":"2026-03-13T13:33:57.502827989+01:00","level":"INFO","msg":"handleInformInit: stream started","streamId":"7ymytgc6","id":"1(@)"}
{"time":"2026-03-13T13:36:57.043995996+01:00","level":"INFO","msg":"connection: cancelling request","id":"1(@)","requestId":"bkq938xlwdpl"}
{"time":"2026-03-13T13:36:57.045972817+01:00","level":"INFO","msg":"handleInformFinish: finish message received","streamId":"7ymytgc6","id":"1(@)"}
{"time":"2026-03-13T13:36:57.047668071+01:00","level":"INFO","msg":"handleInformFinish: stream closed","streamId":"7ymytgc6","id":"1(@)"}
{"time":"2026-03-13T13:41:14.307699441+01:00","level":"INFO","msg":"handleInformInit: received","streamId":"7pgvg6mb","id":"1(@)"}
{"time":"2026-03-13T13:41:14.43776577+01:00","level":"INFO","msg":"handleInformInit: stream started","streamId":"7pgvg6mb","id":"1(@)"}
{"time":"2026-03-13T13:44:12.833734738+01:00","level":"INFO","msg":"handleInformFinish: finish message received","streamId":"7pgvg6mb","id":"1(@)"}
{"time":"2026-03-13T13:44:12.83578702+01:00","level":"INFO","msg":"handleInformFinish: stream closed","streamId":"7pgvg6mb","id":"1(@)"}
{"time":"2026-03-13T13:49:29.089347506+01:00","level":"INFO","msg":"handleInformInit: received","streamId":"0xkf294v","id":"1(@)"}
{"time":"2026-03-13T13:49:29.21921828+01:00","level":"INFO","msg":"handleInformInit: stream started","streamId":"0xkf294v","id":"1(@)"}
{"time":"2026-03-13T13:50:10.281529631+01:00","level":"INFO","msg":"handleInformFinish: finish message received","streamId":"0xkf294v","id":"1(@)"}
{"time":"2026-03-13T13:50:10.283314434+01:00","level":"INFO","msg":"handleInformFinish: stream closed","streamId":"0xkf294v","id":"1(@)"}
{"time":"2026-03-13T13:53:41.007894864+01:00","level":"INFO","msg":"handleInformInit: received","streamId":"a0nq7fgu","id":"1(@)"}
{"time":"2026-03-13T13:53:41.131429343+01:00","level":"INFO","msg":"handleInformInit: stream started","streamId":"a0nq7fgu","id":"1(@)"}
{"time":"2026-03-13T13:56:17.824769388+01:00","level":"INFO","msg":"handleInformFinish: finish message received","streamId":"a0nq7fgu","id":"1(@)"}
{"time":"2026-03-13T13:56:17.826189724+01:00","level":"INFO","msg":"handleInformFinish: stream closed","streamId":"a0nq7fgu","id":"1(@)"}
{"time":"2026-03-13T14:01:47.976383197+01:00","level":"INFO","msg":"handleInformInit: received","streamId":"p6rrycpy","id":"1(@)"}
{"time":"2026-03-13T14:01:48.105823255+01:00","level":"INFO","msg":"handleInformInit: stream started","streamId":"p6rrycpy","id":"1(@)"}
{"time":"2026-03-13T14:02:28.621918135+01:00","level":"INFO","msg":"handleInformFinish: finish message received","streamId":"p6rrycpy","id":"1(@)"}
{"time":"2026-03-13T14:02:28.629092891+01:00","level":"INFO","msg":"handleInformFinish: stream closed","streamId":"p6rrycpy","id":"1(@)"}
{"time":"2026-03-13T14:06:29.982972688+01:00","level":"INFO","msg":"handleInformInit: received","streamId":"z1zg2fw3","id":"1(@)"}
{"time":"2026-03-13T14:06:30.112145274+01:00","level":"INFO","msg":"handleInformInit: stream started","streamId":"z1zg2fw3","id":"1(@)"}
{"time":"2026-03-13T14:08:56.179493403+01:00","level":"INFO","msg":"handleInformFinish: finish message received","streamId":"z1zg2fw3","id":"1(@)"}
{"time":"2026-03-13T14:08:56.180984704+01:00","level":"INFO","msg":"handleInformFinish: stream closed","streamId":"z1zg2fw3","id":"1(@)"}
{"time":"2026-03-13T14:14:06.258776286+01:00","level":"INFO","msg":"handleInformInit: received","streamId":"sjmpi5lp","id":"1(@)"}
{"time":"2026-03-13T14:14:06.391965662+01:00","level":"INFO","msg":"handleInformInit: stream started","streamId":"sjmpi5lp","id":"1(@)"}
{"time":"2026-03-13T14:14:46.422597498+01:00","level":"INFO","msg":"handleInformFinish: finish message received","streamId":"sjmpi5lp","id":"1(@)"}
{"time":"2026-03-13T14:14:46.424075508+01:00","level":"INFO","msg":"handleInformFinish: stream closed","streamId":"sjmpi5lp","id":"1(@)"}
{"time":"2026-03-13T14:20:29.735393962+01:00","level":"INFO","msg":"handleInformInit: received","streamId":"28d0lso5","id":"1(@)"}
{"time":"2026-03-13T14:20:29.865154588+01:00","level":"INFO","msg":"handleInformInit: stream started","streamId":"28d0lso5","id":"1(@)"}
{"time":"2026-03-13T14:21:11.388334143+01:00","level":"INFO","msg":"connection: cancelling request","id":"1(@)","requestId":"u9vagd4n7erc"}
{"time":"2026-03-13T14:21:11.3903078+01:00","level":"INFO","msg":"handleInformFinish: finish message received","streamId":"28d0lso5","id":"1(@)"}
{"time":"2026-03-13T14:21:11.391757308+01:00","level":"INFO","msg":"handleInformFinish: stream closed","streamId":"28d0lso5","id":"1(@)"}
{"time":"2026-03-13T14:26:48.124306746+01:00","level":"INFO","msg":"handleInformInit: received","streamId":"qj6z7bts","id":"1(@)"}
{"time":"2026-03-13T14:26:48.255651716+01:00","level":"INFO","msg":"handleInformInit: stream started","streamId":"qj6z7bts","id":"1(@)"}
{"time":"2026-03-13T14:27:29.240848525+01:00","level":"INFO","msg":"handleInformFinish: finish message received","streamId":"qj6z7bts","id":"1(@)"}
{"time":"2026-03-13T14:27:29.242062007+01:00","level":"INFO","msg":"handleInformFinish: stream closed","streamId":"qj6z7bts","id":"1(@)"}
{"time":"2026-03-13T14:30:40.057202133+01:00","level":"INFO","msg":"handleInformInit: received","streamId":"on80853v","id":"1(@)"}
{"time":"2026-03-13T14:30:40.187383285+01:00","level":"INFO","msg":"handleInformInit: stream started","streamId":"on80853v","id":"1(@)"}
{"time":"2026-03-13T14:33:42.377366861+01:00","level":"INFO","msg":"handleInformFinish: finish message received","streamId":"on80853v","id":"1(@)"}
{"time":"2026-03-13T14:33:42.379173209+01:00","level":"INFO","msg":"handleInformFinish: stream closed","streamId":"on80853v","id":"1(@)"}
{"time":"2026-03-13T14:39:17.281955396+01:00","level":"INFO","msg":"handleInformInit: received","streamId":"k9uavntv","id":"1(@)"}
{"time":"2026-03-13T14:39:17.408258268+01:00","level":"INFO","msg":"handleInformInit: stream started","streamId":"k9uavntv","id":"1(@)"}
{"time":"2026-03-13T14:39:55.706852546+01:00","level":"INFO","msg":"handleInformFinish: finish message received","streamId":"k9uavntv","id":"1(@)"}
{"time":"2026-03-13T14:39:55.70875182+01:00","level":"INFO","msg":"handleInformFinish: stream closed","streamId":"k9uavntv","id":"1(@)"}
{"time":"2026-03-13T14:43:15.56806476+01:00","level":"INFO","msg":"handleInformInit: received","streamId":"62xp120s","id":"1(@)"}
{"time":"2026-03-13T14:43:15.698141446+01:00","level":"INFO","msg":"handleInformInit: stream started","streamId":"62xp120s","id":"1(@)"}
{"time":"2026-03-13T14:46:08.87364076+01:00","level":"INFO","msg":"connection: cancelling request","id":"1(@)","requestId":"y70lg7d10f45"}
{"time":"2026-03-13T14:46:08.910884162+01:00","level":"INFO","msg":"handleInformFinish: finish message received","streamId":"62xp120s","id":"1(@)"}
{"time":"2026-03-13T14:46:08.922162611+01:00","level":"INFO","msg":"handleInformFinish: stream closed","streamId":"62xp120s","id":"1(@)"}
{"time":"2026-03-13T14:49:31.011978569+01:00","level":"INFO","msg":"handleInformInit: received","streamId":"ekpn22rx","id":"1(@)"}
{"time":"2026-03-13T14:49:31.14312588+01:00","level":"INFO","msg":"handleInformInit: stream started","streamId":"ekpn22rx","id":"1(@)"}
{"time":"2026-03-13T14:52:10.893157457+01:00","level":"INFO","msg":"connection: cancelling request","id":"1(@)","requestId":"z7w25d6sn72o"}
{"time":"2026-03-13T14:52:10.895032161+01:00","level":"INFO","msg":"handleInformFinish: finish message received","streamId":"ekpn22rx","id":"1(@)"}
{"time":"2026-03-13T14:52:10.896618156+01:00","level":"INFO","msg":"handleInformFinish: stream closed","streamId":"ekpn22rx","id":"1(@)"}
{"time":"2026-03-13T14:57:50.192413988+01:00","level":"INFO","msg":"handleInformInit: received","streamId":"qcjt4ka4","id":"1(@)"}
{"time":"2026-03-13T14:57:50.318741109+01:00","level":"INFO","msg":"handleInformInit: stream started","streamId":"qcjt4ka4","id":"1(@)"}
{"time":"2026-03-13T14:58:24.771111132+01:00","level":"INFO","msg":"handleInformFinish: finish message received","streamId":"qcjt4ka4","id":"1(@)"}
{"time":"2026-03-13T14:58:24.772549789+01:00","level":"INFO","msg":"handleInformFinish: stream closed","streamId":"qcjt4ka4","id":"1(@)"}
{"time":"2026-03-13T15:02:45.705544931+01:00","level":"INFO","msg":"handleInformInit: received","streamId":"e6njowg5","id":"1(@)"}
{"time":"2026-03-13T15:02:45.835426947+01:00","level":"INFO","msg":"handleInformInit: stream started","streamId":"e6njowg5","id":"1(@)"}
{"time":"2026-03-13T15:04:23.08628882+01:00","level":"INFO","msg":"handleInformFinish: finish message received","streamId":"e6njowg5","id":"1(@)"}
{"time":"2026-03-13T15:04:23.190722444+01:00","level":"INFO","msg":"handleInformFinish: stream closed","streamId":"e6njowg5","id":"1(@)"}
{"time":"2026-03-13T15:08:44.178276902+01:00","level":"INFO","msg":"handleInformInit: received","streamId":"qe4548zx","id":"1(@)"}
{"time":"2026-03-13T15:08:44.303231225+01:00","level":"INFO","msg":"handleInformInit: stream started","streamId":"qe4548zx","id":"1(@)"}
{"time":"2026-03-13T15:10:17.614668651+01:00","level":"INFO","msg":"handleInformFinish: finish message received","streamId":"qe4548zx","id":"1(@)"}
{"time":"2026-03-13T15:10:17.616100834+01:00","level":"INFO","msg":"handleInformFinish: stream closed","streamId":"qe4548zx","id":"1(@)"}
{"time":"2026-03-13T15:14:51.988938907+01:00","level":"INFO","msg":"handleInformInit: received","streamId":"p5pe1oie","id":"1(@)"}
{"time":"2026-03-13T15:14:52.111714831+01:00","level":"INFO","msg":"handleInformInit: stream started","streamId":"p5pe1oie","id":"1(@)"}
{"time":"2026-03-13T15:16:46.409289705+01:00","level":"INFO","msg":"handleInformFinish: finish message received","streamId":"p5pe1oie","id":"1(@)"}
{"time":"2026-03-13T15:16:46.411206507+01:00","level":"INFO","msg":"handleInformFinish: stream closed","streamId":"p5pe1oie","id":"1(@)"}
{"time":"2026-03-13T15:18:59.357303067+01:00","level":"INFO","msg":"handleInformInit: received","streamId":"x086hpnf","id":"1(@)"}
{"time":"2026-03-13T15:18:59.486865186+01:00","level":"INFO","msg":"handleInformInit: stream started","streamId":"x086hpnf","id":"1(@)"}
{"time":"2026-03-13T15:23:22.045843829+01:00","level":"INFO","msg":"handleInformFinish: finish message received","streamId":"x086hpnf","id":"1(@)"}
{"time":"2026-03-13T15:23:22.048095021+01:00","level":"INFO","msg":"handleInformFinish: stream closed","streamId":"x086hpnf","id":"1(@)"}
{"time":"2026-03-13T15:26:54.382642945+01:00","level":"INFO","msg":"handleInformInit: received","streamId":"s300cfzb","id":"1(@)"}
{"time":"2026-03-13T15:26:54.512002674+01:00","level":"INFO","msg":"handleInformInit: stream started","streamId":"s300cfzb","id":"1(@)"}
{"time":"2026-03-13T15:29:32.516020822+01:00","level":"INFO","msg":"handleInformFinish: finish message received","streamId":"s300cfzb","id":"1(@)"}
{"time":"2026-03-13T15:29:32.526721024+01:00","level":"INFO","msg":"handleInformFinish: stream closed","streamId":"s300cfzb","id":"1(@)"}
{"time":"2026-03-13T15:34:14.16528011+01:00","level":"INFO","msg":"handleInformInit: received","streamId":"1115xk4q","id":"1(@)"}
{"time":"2026-03-13T15:34:14.29679663+01:00","level":"INFO","msg":"handleInformInit: stream started","streamId":"1115xk4q","id":"1(@)"}
{"time":"2026-03-13T15:35:51.181103002+01:00","level":"INFO","msg":"handleInformFinish: finish message received","streamId":"1115xk4q","id":"1(@)"}
{"time":"2026-03-13T15:35:51.182751084+01:00","level":"INFO","msg":"handleInformFinish: stream closed","streamId":"1115xk4q","id":"1(@)"}
{"time":"2026-03-13T15:41:58.771817091+01:00","level":"INFO","msg":"handleInformInit: received","streamId":"tueivzz1","id":"1(@)"}
{"time":"2026-03-13T15:41:58.901108966+01:00","level":"INFO","msg":"handleInformInit: stream started","streamId":"tueivzz1","id":"1(@)"}
{"time":"2026-03-13T15:42:26.695642328+01:00","level":"INFO","msg":"handleInformFinish: finish message received","streamId":"tueivzz1","id":"1(@)"}
{"time":"2026-03-13T15:42:26.697054199+01:00","level":"INFO","msg":"handleInformFinish: stream closed","streamId":"tueivzz1","id":"1(@)"}
{"time":"2026-03-13T15:48:38.198408135+01:00","level":"INFO","msg":"handleInformInit: received","streamId":"ozp6pwx4","id":"1(@)"}
{"time":"2026-03-13T15:48:38.324395519+01:00","level":"INFO","msg":"handleInformInit: stream started","streamId":"ozp6pwx4","id":"1(@)"}
{"time":"2026-03-13T15:49:06.04446172+01:00","level":"INFO","msg":"connection: cancelling request","id":"1(@)","requestId":"mpf87cgzur4d"}
{"time":"2026-03-13T15:49:06.046323184+01:00","level":"INFO","msg":"handleInformFinish: finish message received","streamId":"ozp6pwx4","id":"1(@)"}
{"time":"2026-03-13T15:49:06.047829392+01:00","level":"INFO","msg":"handleInformFinish: stream closed","streamId":"ozp6pwx4","id":"1(@)"}
{"time":"2026-03-13T15:52:25.043990536+01:00","level":"INFO","msg":"handleInformInit: received","streamId":"50jm162g","id":"1(@)"}
{"time":"2026-03-13T15:52:25.169759535+01:00","level":"INFO","msg":"handleInformInit: stream started","streamId":"50jm162g","id":"1(@)"}
{"time":"2026-03-13T15:54:53.434663327+01:00","level":"INFO","msg":"handleInformFinish: finish message received","streamId":"50jm162g","id":"1(@)"}
{"time":"2026-03-13T15:54:53.43736279+01:00","level":"INFO","msg":"handleInformFinish: stream closed","streamId":"50jm162g","id":"1(@)"}
{"time":"2026-03-13T15:58:09.94332534+01:00","level":"INFO","msg":"handleInformInit: received","streamId":"bb8w90ks","id":"1(@)"}
{"time":"2026-03-13T15:58:10.072769443+01:00","level":"INFO","msg":"handleInformInit: stream started","streamId":"bb8w90ks","id":"1(@)"}
{"time":"2026-03-13T16:01:07.479135039+01:00","level":"INFO","msg":"handleInformFinish: finish message received","streamId":"bb8w90ks","id":"1(@)"}
{"time":"2026-03-13T16:01:07.481243986+01:00","level":"INFO","msg":"handleInformFinish: stream closed","streamId":"bb8w90ks","id":"1(@)"}
{"time":"2026-03-13T16:05:32.183789152+01:00","level":"INFO","msg":"handleInformInit: received","streamId":"lk7431px","id":"1(@)"}
{"time":"2026-03-13T16:05:32.310128579+01:00","level":"INFO","msg":"handleInformInit: stream started","streamId":"lk7431px","id":"1(@)"}
{"time":"2026-03-13T16:08:47.221322615+01:00","level":"INFO","msg":"handleInformFinish: finish message received","streamId":"lk7431px","id":"1(@)"}
{"time":"2026-03-13T16:08:47.223557439+01:00","level":"INFO","msg":"handleInformFinish: stream closed","streamId":"lk7431px","id":"1(@)"}
{"time":"2026-03-13T16:12:40.004327115+01:00","level":"INFO","msg":"handleInformInit: received","streamId":"9bvizffe","id":"1(@)"}
{"time":"2026-03-13T16:12:40.127390454+01:00","level":"INFO","msg":"handleInformInit: stream started","streamId":"9bvizffe","id":"1(@)"}
{"time":"2026-03-13T16:16:26.891555403+01:00","level":"INFO","msg":"connection: cancelling request","id":"1(@)","requestId":"78zywixjncdq"}
{"time":"2026-03-13T16:16:26.893532652+01:00","level":"INFO","msg":"handleInformFinish: finish message received","streamId":"9bvizffe","id":"1(@)"}
{"time":"2026-03-13T16:16:26.895216366+01:00","level":"INFO","msg":"handleInformFinish: stream closed","streamId":"9bvizffe","id":"1(@)"}
{"time":"2026-03-13T16:22:11.901648741+01:00","level":"INFO","msg":"handleInformInit: received","streamId":"zcvxzit6","id":"1(@)"}
{"time":"2026-03-13T16:22:12.032879774+01:00","level":"INFO","msg":"handleInformInit: stream started","streamId":"zcvxzit6","id":"1(@)"}
{"time":"2026-03-13T16:23:59.58487376+01:00","level":"INFO","msg":"handleInformFinish: finish message received","streamId":"zcvxzit6","id":"1(@)"}
{"time":"2026-03-13T16:23:59.586653309+01:00","level":"INFO","msg":"handleInformFinish: stream closed","streamId":"zcvxzit6","id":"1(@)"}
{"time":"2026-03-13T16:28:51.779765651+01:00","level":"INFO","msg":"handleInformInit: received","streamId":"blvnvfeb","id":"1(@)"}
{"time":"2026-03-13T16:28:51.905507592+01:00","level":"INFO","msg":"handleInformInit: stream started","streamId":"blvnvfeb","id":"1(@)"}
{"time":"2026-03-13T16:30:44.041908138+01:00","level":"INFO","msg":"connection: cancelling request","id":"1(@)","requestId":"1qd92ymavgqp"}
{"time":"2026-03-13T16:30:44.044330527+01:00","level":"INFO","msg":"handleInformFinish: finish message received","streamId":"blvnvfeb","id":"1(@)"}
{"time":"2026-03-13T16:30:44.046309845+01:00","level":"INFO","msg":"handleInformFinish: stream closed","streamId":"blvnvfeb","id":"1(@)"}
{"time":"2026-03-13T16:35:04.255361751+01:00","level":"INFO","msg":"handleInformInit: received","streamId":"1stdpxfb","id":"1(@)"}
{"time":"2026-03-13T16:35:04.379275189+01:00","level":"INFO","msg":"handleInformInit: stream started","streamId":"1stdpxfb","id":"1(@)"}
{"time":"2026-03-13T16:37:34.14349082+01:00","level":"INFO","msg":"handleInformFinish: finish message received","streamId":"1stdpxfb","id":"1(@)"}
{"time":"2026-03-13T16:37:34.146615387+01:00","level":"INFO","msg":"handleInformFinish: stream closed","streamId":"1stdpxfb","id":"1(@)"}
{"time":"2026-03-13T16:42:17.152182957+01:00","level":"INFO","msg":"handleInformInit: received","streamId":"rsk1fkg6","id":"1(@)"}
{"time":"2026-03-13T16:42:17.28364748+01:00","level":"INFO","msg":"handleInformInit: stream started","streamId":"rsk1fkg6","id":"1(@)"}
{"time":"2026-03-13T16:45:03.965550582+01:00","level":"INFO","msg":"handleInformFinish: finish message received","streamId":"rsk1fkg6","id":"1(@)"}
{"time":"2026-03-13T16:45:03.967320139+01:00","level":"INFO","msg":"handleInformFinish: stream closed","streamId":"rsk1fkg6","id":"1(@)"}
{"time":"2026-03-13T16:50:44.52105623+01:00","level":"INFO","msg":"handleInformInit: received","streamId":"uacwyo8r","id":"1(@)"}
{"time":"2026-03-13T16:50:44.649498558+01:00","level":"INFO","msg":"handleInformInit: stream started","streamId":"uacwyo8r","id":"1(@)"}
{"time":"2026-03-13T16:52:55.614817812+01:00","level":"INFO","msg":"handleInformFinish: finish message received","streamId":"uacwyo8r","id":"1(@)"}
{"time":"2026-03-13T16:52:55.616801624+01:00","level":"INFO","msg":"handleInformFinish: stream closed","streamId":"uacwyo8r","id":"1(@)"}
{"time":"2026-03-13T16:56:00.452935484+01:00","level":"INFO","msg":"handleInformInit: received","streamId":"yw8w1mo1","id":"1(@)"}
{"time":"2026-03-13T16:56:00.582051863+01:00","level":"INFO","msg":"handleInformInit: stream started","streamId":"yw8w1mo1","id":"1(@)"}
{"time":"2026-03-13T16:59:42.410933649+01:00","level":"INFO","msg":"handleInformFinish: finish message received","streamId":"yw8w1mo1","id":"1(@)"}
{"time":"2026-03-13T16:59:42.413625598+01:00","level":"INFO","msg":"handleInformFinish: stream closed","streamId":"yw8w1mo1","id":"1(@)"}
{"time":"2026-03-13T17:02:42.361905411+01:00","level":"INFO","msg":"handleInformInit: received","streamId":"fuml53d1","id":"1(@)"}
{"time":"2026-03-13T17:02:42.486999286+01:00","level":"INFO","msg":"handleInformInit: stream started","streamId":"fuml53d1","id":"1(@)"}
{"time":"2026-03-13T17:07:17.812120293+01:00","level":"INFO","msg":"connection: cancelling request","id":"1(@)","requestId":"6y8hzkg2e4fj"}
{"time":"2026-03-13T17:07:17.833174063+01:00","level":"INFO","msg":"handleInformFinish: finish message received","streamId":"fuml53d1","id":"1(@)"}
{"time":"2026-03-13T17:07:17.835457367+01:00","level":"INFO","msg":"handleInformFinish: stream closed","streamId":"fuml53d1","id":"1(@)"}
{"time":"2026-03-13T17:12:15.357468734+01:00","level":"INFO","msg":"handleInformInit: received","streamId":"lxdgf3vx","id":"1(@)"}
{"time":"2026-03-13T17:12:15.479968425+01:00","level":"INFO","msg":"handleInformInit: stream started","streamId":"lxdgf3vx","id":"1(@)"}
{"time":"2026-03-13T17:14:32.671775311+01:00","level":"INFO","msg":"handleInformFinish: finish message received","streamId":"lxdgf3vx","id":"1(@)"}
{"time":"2026-03-13T17:14:32.673909874+01:00","level":"INFO","msg":"handleInformFinish: stream closed","streamId":"lxdgf3vx","id":"1(@)"}
{"time":"2026-03-13T17:17:59.879628798+01:00","level":"INFO","msg":"handleInformInit: received","streamId":"x9db6gp1","id":"1(@)"}
{"time":"2026-03-13T17:18:00.004788365+01:00","level":"INFO","msg":"handleInformInit: stream started","streamId":"x9db6gp1","id":"1(@)"}
{"time":"2026-03-13T17:21:39.857610461+01:00","level":"INFO","msg":"handleInformFinish: finish message received","streamId":"x9db6gp1","id":"1(@)"}
{"time":"2026-03-13T17:21:39.859286518+01:00","level":"INFO","msg":"handleInformFinish: stream closed","streamId":"x9db6gp1","id":"1(@)"}
{"time":"2026-03-13T17:26:32.378697972+01:00","level":"INFO","msg":"handleInformInit: received","streamId":"6z6b7cnk","id":"1(@)"}
{"time":"2026-03-13T17:26:32.501162183+01:00","level":"INFO","msg":"handleInformInit: stream started","streamId":"6z6b7cnk","id":"1(@)"}
{"time":"2026-03-13T17:28:52.297982754+01:00","level":"INFO","msg":"handleInformFinish: finish message received","streamId":"6z6b7cnk","id":"1(@)"}
{"time":"2026-03-13T17:28:52.299681917+01:00","level":"INFO","msg":"handleInformFinish: stream closed","streamId":"6z6b7cnk","id":"1(@)"}
{"time":"2026-03-13T17:31:03.022549872+01:00","level":"INFO","msg":"handleInformInit: received","streamId":"xkyvjorw","id":"1(@)"}
{"time":"2026-03-13T17:31:03.145771107+01:00","level":"INFO","msg":"handleInformInit: stream started","streamId":"xkyvjorw","id":"1(@)"}
{"time":"2026-03-13T17:36:10.354583725+01:00","level":"INFO","msg":"handleInformFinish: finish message received","streamId":"xkyvjorw","id":"1(@)"}
{"time":"2026-03-13T17:36:10.356917809+01:00","level":"INFO","msg":"handleInformFinish: stream closed","streamId":"xkyvjorw","id":"1(@)"}
{"time":"2026-03-13T17:36:10.630914161+01:00","level":"INFO","msg":"handleInformTeardown: server teardown initiated","id":"1(@)"}
{"time":"2026-03-13T17:36:10.631075862+01:00","level":"INFO","msg":"server is shutting down"}
{"time":"2026-03-13T17:36:10.630995844+01:00","level":"INFO","msg":"handleInformTeardown: server shutdown complete","id":"1(@)"}
{"time":"2026-03-13T17:36:10.647053125+01:00","level":"INFO","msg":"server: listener closed","addr":{"Name":"/tmp/wandb-2168762-2168939-3887738369/socket","Net":"unix"}}
{"time":"2026-03-13T17:36:10.631005756+01:00","level":"INFO","msg":"connection: closing","id":"1(@)"}
{"time":"2026-03-13T17:36:10.653058095+01:00","level":"INFO","msg":"connection: closed successfully","id":"1(@)"}
{"time":"2026-03-13T17:36:10.661691202+01:00","level":"INFO","msg":"connection: ManageConnectionData: connection closed","id":"1(@)"}
{"time":"2026-03-13T17:36:10.670653942+01:00","level":"INFO","msg":"server is closed"}
