{"time":"2026-03-13T09:30:00.746751022+01:00","level":"INFO","msg":"main: starting server","port-filename":"/tmp/tmpa8qwdb3q/port-3829684.txt","pid":3829684,"log-level":0,"disable-analytics":false,"shutdown-on-parent-exit":false,"enable-dcgm-profiling":false}
{"time":"2026-03-13T09:30:00.747167507+01:00","level":"INFO","msg":"server: will exit if parent process dies","ppid":3829684}
{"time":"2026-03-13T09:30:00.74715151+01:00","level":"INFO","msg":"server: accepting connections","addr":{"Name":"/tmp/wandb-3829684-3829859-3867573633/socket","Net":"unix"}}
{"time":"2026-03-13T09:30:00.83147754+01:00","level":"INFO","msg":"connection: ManageConnectionData: new connection created","id":"1(@)"}
{"time":"2026-03-13T09:30:00.887360276+01:00","level":"INFO","msg":"handleInformInit: received","streamId":"5v92ywo1","id":"1(@)"}
{"time":"2026-03-13T09:30:01.025049541+01:00","level":"INFO","msg":"handleInformInit: stream started","streamId":"5v92ywo1","id":"1(@)"}
{"time":"2026-03-13T09:51:21.923887058+01:00","level":"INFO","msg":"handleInformFinish: finish message received","streamId":"5v92ywo1","id":"1(@)"}
{"time":"2026-03-13T09:51:21.931446176+01:00","level":"INFO","msg":"handleInformFinish: stream closed","streamId":"5v92ywo1","id":"1(@)"}
{"time":"2026-03-13T09:54:42.581287857+01:00","level":"INFO","msg":"handleInformInit: received","streamId":"62w16deb","id":"1(@)"}
{"time":"2026-03-13T09:54:42.702231375+01:00","level":"INFO","msg":"handleInformInit: stream started","streamId":"62w16deb","id":"1(@)"}
{"time":"2026-03-13T09:57:56.002377877+01:00","level":"INFO","msg":"handleInformFinish: finish message received","streamId":"62w16deb","id":"1(@)"}
{"time":"2026-03-13T09:57:56.003804815+01:00","level":"INFO","msg":"handleInformFinish: stream closed","streamId":"62w16deb","id":"1(@)"}
{"time":"2026-03-13T10:01:00.26517717+01:00","level":"INFO","msg":"handleInformInit: received","streamId":"knmips2v","id":"1(@)"}
{"time":"2026-03-13T10:01:00.387662552+01:00","level":"INFO","msg":"handleInformInit: stream started","streamId":"knmips2v","id":"1(@)"}
{"time":"2026-03-13T10:04:37.703490158+01:00","level":"INFO","msg":"handleInformFinish: finish message received","streamId":"knmips2v","id":"1(@)"}
{"time":"2026-03-13T10:04:37.707456147+01:00","level":"INFO","msg":"handleInformFinish: stream closed","streamId":"knmips2v","id":"1(@)"}
{"time":"2026-03-13T10:10:33.837831683+01:00","level":"INFO","msg":"handleInformInit: received","streamId":"apvp5v02","id":"1(@)"}
{"time":"2026-03-13T10:10:33.959526056+01:00","level":"INFO","msg":"handleInformInit: stream started","streamId":"apvp5v02","id":"1(@)"}
{"time":"2026-03-13T10:13:15.986274143+01:00","level":"INFO","msg":"handleInformFinish: finish message received","streamId":"apvp5v02","id":"1(@)"}
{"time":"2026-03-13T10:13:15.987850822+01:00","level":"INFO","msg":"handleInformFinish: stream closed","streamId":"apvp5v02","id":"1(@)"}
{"time":"2026-03-13T10:13:16.013699808+01:00","level":"INFO","msg":"handleInformTeardown: server teardown initiated","id":"1(@)"}
{"time":"2026-03-13T10:13:16.013750126+01:00","level":"INFO","msg":"handleInformTeardown: server shutdown complete","id":"1(@)"}
{"time":"2026-03-13T10:13:16.013765327+01:00","level":"INFO","msg":"server is shutting down"}
{"time":"2026-03-13T10:13:16.013759821+01:00","level":"INFO","msg":"connection: closing","id":"1(@)"}
{"time":"2026-03-13T10:13:16.013871094+01:00","level":"INFO","msg":"server: listener closed","addr":{"Name":"/tmp/wandb-3829684-3829859-3867573633/socket","Net":"unix"}}
{"time":"2026-03-13T10:13:16.013890522+01:00","level":"INFO","msg":"connection: closed successfully","id":"1(@)"}
{"time":"2026-03-13T10:13:16.013910927+01:00","level":"INFO","msg":"connection: ManageConnectionData: connection closed","id":"1(@)"}
{"time":"2026-03-13T10:13:16.013919296+01:00","level":"INFO","msg":"server is closed"}
