{"time":"2026-03-13T09:28:18.407054967+01:00","level":"INFO","msg":"main: starting server","port-filename":"/tmp/tmpelh8h5wg/port-151025.txt","pid":151025,"log-level":0,"disable-analytics":false,"shutdown-on-parent-exit":false,"enable-dcgm-profiling":false}
{"time":"2026-03-13T09:28:18.407486153+01:00","level":"INFO","msg":"server: will exit if parent process dies","ppid":151025}
{"time":"2026-03-13T09:28:18.407471841+01:00","level":"INFO","msg":"server: accepting connections","addr":{"Name":"/tmp/wandb-151025-151204-2828125257/socket","Net":"unix"}}
{"time":"2026-03-13T09:28:18.560653724+01:00","level":"INFO","msg":"connection: ManageConnectionData: new connection created","id":"1(@)"}
{"time":"2026-03-13T09:28:18.594731384+01:00","level":"INFO","msg":"handleInformInit: received","streamId":"sxkzejoy","id":"1(@)"}
{"time":"2026-03-13T09:28:18.723278566+01:00","level":"INFO","msg":"handleInformInit: stream started","streamId":"sxkzejoy","id":"1(@)"}
{"time":"2026-03-13T09:32:03.145845532+01:00","level":"INFO","msg":"handleInformFinish: finish message received","streamId":"sxkzejoy","id":"1(@)"}
{"time":"2026-03-13T09:32:03.147290396+01:00","level":"INFO","msg":"handleInformFinish: stream closed","streamId":"sxkzejoy","id":"1(@)"}
{"time":"2026-03-13T09:36:51.701447807+01:00","level":"INFO","msg":"handleInformInit: received","streamId":"rlni2r6u","id":"1(@)"}
{"time":"2026-03-13T09:36:51.822675114+01:00","level":"INFO","msg":"handleInformInit: stream started","streamId":"rlni2r6u","id":"1(@)"}
{"time":"2026-03-13T09:38:22.298108592+01:00","level":"INFO","msg":"handleInformFinish: finish message received","streamId":"rlni2r6u","id":"1(@)"}
{"time":"2026-03-13T09:38:22.299828742+01:00","level":"INFO","msg":"handleInformFinish: stream closed","streamId":"rlni2r6u","id":"1(@)"}
{"time":"2026-03-13T09:44:19.869392208+01:00","level":"INFO","msg":"handleInformInit: received","streamId":"j37pgwfn","id":"1(@)"}
{"time":"2026-03-13T09:44:19.99094254+01:00","level":"INFO","msg":"handleInformInit: stream started","streamId":"j37pgwfn","id":"1(@)"}
{"time":"2026-03-13T09:44:28.745801596+01:00","level":"INFO","msg":"handleInformFinish: finish message received","streamId":"j37pgwfn","id":"1(@)"}
{"time":"2026-03-13T09:44:28.747108328+01:00","level":"INFO","msg":"handleInformFinish: stream closed","streamId":"j37pgwfn","id":"1(@)"}
{"time":"2026-03-13T09:46:34.876436029+01:00","level":"INFO","msg":"handleInformInit: received","streamId":"24ihh95c","id":"1(@)"}
{"time":"2026-03-13T09:46:34.99779244+01:00","level":"INFO","msg":"handleInformInit: stream started","streamId":"24ihh95c","id":"1(@)"}
{"time":"2026-03-13T09:50:24.688708131+01:00","level":"INFO","msg":"connection: cancelling request","id":"1(@)","requestId":"b0te37vv21r5"}
{"time":"2026-03-13T09:50:24.690723992+01:00","level":"INFO","msg":"handleInformFinish: finish message received","streamId":"24ihh95c","id":"1(@)"}
{"time":"2026-03-13T09:50:24.702101756+01:00","level":"INFO","msg":"handleInformFinish: stream closed","streamId":"24ihh95c","id":"1(@)"}
{"time":"2026-03-13T09:50:24.715177023+01:00","level":"INFO","msg":"handleInformTeardown: server teardown initiated","id":"1(@)"}
{"time":"2026-03-13T09:50:24.715223779+01:00","level":"INFO","msg":"handleInformTeardown: server shutdown complete","id":"1(@)"}
{"time":"2026-03-13T09:50:24.715242888+01:00","level":"INFO","msg":"server is shutting down"}
{"time":"2026-03-13T09:50:24.715235283+01:00","level":"INFO","msg":"connection: closing","id":"1(@)"}
{"time":"2026-03-13T09:50:24.715324228+01:00","level":"INFO","msg":"server: listener closed","addr":{"Name":"/tmp/wandb-151025-151204-2828125257/socket","Net":"unix"}}
{"time":"2026-03-13T09:50:24.715348367+01:00","level":"INFO","msg":"connection: closed successfully","id":"1(@)"}
{"time":"2026-03-13T09:50:24.715367191+01:00","level":"INFO","msg":"connection: ManageConnectionData: connection closed","id":"1(@)"}
{"time":"2026-03-13T09:50:24.715375572+01:00","level":"INFO","msg":"server is closed"}
