{"time":"2026-03-13T09:34:59.591101668+01:00","level":"INFO","msg":"main: starting server","port-filename":"/tmp/tmp5r0vr0l0/port-2975560.txt","pid":2975560,"log-level":0,"disable-analytics":false,"shutdown-on-parent-exit":false,"enable-dcgm-profiling":false}
{"time":"2026-03-13T09:34:59.591524677+01:00","level":"INFO","msg":"server: will exit if parent process dies","ppid":2975560}
{"time":"2026-03-13T09:34:59.591511636+01:00","level":"INFO","msg":"server: accepting connections","addr":{"Name":"/tmp/wandb-2975560-2975742-3103802183/socket","Net":"unix"}}
{"time":"2026-03-13T09:34:59.748336643+01:00","level":"INFO","msg":"connection: ManageConnectionData: new connection created","id":"1(@)"}
{"time":"2026-03-13T09:34:59.761493614+01:00","level":"INFO","msg":"handleInformInit: received","streamId":"xj9g2ie3","id":"1(@)"}
{"time":"2026-03-13T09:34:59.927021539+01:00","level":"INFO","msg":"handleInformInit: stream started","streamId":"xj9g2ie3","id":"1(@)"}
{"time":"2026-03-13T09:45:28.762405625+01:00","level":"INFO","msg":"handleInformFinish: finish message received","streamId":"xj9g2ie3","id":"1(@)"}
{"time":"2026-03-13T09:45:28.764276013+01:00","level":"INFO","msg":"handleInformFinish: stream closed","streamId":"xj9g2ie3","id":"1(@)"}
{"time":"2026-03-13T09:48:27.36582954+01:00","level":"INFO","msg":"handleInformInit: received","streamId":"rp196we9","id":"1(@)"}
{"time":"2026-03-13T09:48:27.488535384+01:00","level":"INFO","msg":"handleInformInit: stream started","streamId":"rp196we9","id":"1(@)"}
{"time":"2026-03-13T10:03:06.248195079+01:00","level":"INFO","msg":"connection: cancelling request","id":"1(@)","requestId":"73i00u36o83w"}
{"time":"2026-03-13T10:03:06.265079214+01:00","level":"INFO","msg":"handleInformFinish: finish message received","streamId":"rp196we9","id":"1(@)"}
{"time":"2026-03-13T10:03:06.26678614+01:00","level":"INFO","msg":"handleInformFinish: stream closed","streamId":"rp196we9","id":"1(@)"}
{"time":"2026-03-13T10:07:40.674875901+01:00","level":"INFO","msg":"handleInformInit: received","streamId":"4i0b6a4d","id":"1(@)"}
{"time":"2026-03-13T10:07:40.795331202+01:00","level":"INFO","msg":"handleInformInit: stream started","streamId":"4i0b6a4d","id":"1(@)"}
{"time":"2026-03-13T10:20:45.789379013+01:00","level":"INFO","msg":"handleInformFinish: finish message received","streamId":"4i0b6a4d","id":"1(@)"}
{"time":"2026-03-13T10:20:45.791866371+01:00","level":"INFO","msg":"handleInformFinish: stream closed","streamId":"4i0b6a4d","id":"1(@)"}
{"time":"2026-03-13T10:24:22.833641615+01:00","level":"INFO","msg":"handleInformInit: received","streamId":"dquc6cf5","id":"1(@)"}
{"time":"2026-03-13T10:24:22.964038354+01:00","level":"INFO","msg":"handleInformInit: stream started","streamId":"dquc6cf5","id":"1(@)"}
{"time":"2026-03-13T10:38:33.951454496+01:00","level":"INFO","msg":"handleInformFinish: finish message received","streamId":"dquc6cf5","id":"1(@)"}
{"time":"2026-03-13T10:38:33.965105622+01:00","level":"INFO","msg":"handleInformFinish: stream closed","streamId":"dquc6cf5","id":"1(@)"}
{"time":"2026-03-13T10:43:00.293376149+01:00","level":"INFO","msg":"handleInformInit: received","streamId":"0oyli99w","id":"1(@)"}
{"time":"2026-03-13T10:43:00.424457034+01:00","level":"INFO","msg":"handleInformInit: stream started","streamId":"0oyli99w","id":"1(@)"}
{"time":"2026-03-13T10:56:19.478342557+01:00","level":"INFO","msg":"handleInformFinish: finish message received","streamId":"0oyli99w","id":"1(@)"}
{"time":"2026-03-13T10:56:19.480126338+01:00","level":"INFO","msg":"handleInformFinish: stream closed","streamId":"0oyli99w","id":"1(@)"}
{"time":"2026-03-13T11:01:33.122417972+01:00","level":"INFO","msg":"handleInformInit: received","streamId":"p4b1siwy","id":"1(@)"}
{"time":"2026-03-13T11:01:33.250399315+01:00","level":"INFO","msg":"handleInformInit: stream started","streamId":"p4b1siwy","id":"1(@)"}
{"time":"2026-03-13T11:14:18.556991284+01:00","level":"INFO","msg":"handleInformFinish: finish message received","streamId":"p4b1siwy","id":"1(@)"}
{"time":"2026-03-13T11:14:18.558801329+01:00","level":"INFO","msg":"handleInformFinish: stream closed","streamId":"p4b1siwy","id":"1(@)"}
{"time":"2026-03-13T11:19:51.856618443+01:00","level":"INFO","msg":"handleInformInit: received","streamId":"l45jr8cl","id":"1(@)"}
{"time":"2026-03-13T11:19:51.985776652+01:00","level":"INFO","msg":"handleInformInit: stream started","streamId":"l45jr8cl","id":"1(@)"}
{"time":"2026-03-13T11:32:03.417307014+01:00","level":"INFO","msg":"handleInformFinish: finish message received","streamId":"l45jr8cl","id":"1(@)"}
{"time":"2026-03-13T11:32:03.419133788+01:00","level":"INFO","msg":"handleInformFinish: stream closed","streamId":"l45jr8cl","id":"1(@)"}
{"time":"2026-03-13T11:36:27.743052111+01:00","level":"INFO","msg":"handleInformInit: received","streamId":"2s3wfng2","id":"1(@)"}
{"time":"2026-03-13T11:36:27.873610626+01:00","level":"INFO","msg":"handleInformInit: stream started","streamId":"2s3wfng2","id":"1(@)"}
{"time":"2026-03-13T11:49:58.418587417+01:00","level":"INFO","msg":"connection: cancelling request","id":"1(@)","requestId":"qynvzl75s3po"}
{"time":"2026-03-13T11:49:58.420595535+01:00","level":"INFO","msg":"handleInformFinish: finish message received","streamId":"2s3wfng2","id":"1(@)"}
{"time":"2026-03-13T11:49:58.422690371+01:00","level":"INFO","msg":"handleInformFinish: stream closed","streamId":"2s3wfng2","id":"1(@)"}
{"time":"2026-03-13T11:53:55.648721229+01:00","level":"INFO","msg":"handleInformInit: received","streamId":"focl422r","id":"1(@)"}
{"time":"2026-03-13T11:53:55.781688818+01:00","level":"INFO","msg":"handleInformInit: stream started","streamId":"focl422r","id":"1(@)"}
{"time":"2026-03-13T12:07:49.982141636+01:00","level":"INFO","msg":"handleInformFinish: finish message received","streamId":"focl422r","id":"1(@)"}
{"time":"2026-03-13T12:07:49.984818201+01:00","level":"INFO","msg":"handleInformFinish: stream closed","streamId":"focl422r","id":"1(@)"}
{"time":"2026-03-13T12:13:54.643928749+01:00","level":"INFO","msg":"handleInformInit: received","streamId":"23w0ntcq","id":"1(@)"}
{"time":"2026-03-13T12:13:54.772945661+01:00","level":"INFO","msg":"handleInformInit: stream started","streamId":"23w0ntcq","id":"1(@)"}
{"time":"2026-03-13T12:26:01.911168331+01:00","level":"INFO","msg":"connection: cancelling request","id":"1(@)","requestId":"k3j3terwruea"}
{"time":"2026-03-13T12:26:01.913341506+01:00","level":"INFO","msg":"handleInformFinish: finish message received","streamId":"23w0ntcq","id":"1(@)"}
{"time":"2026-03-13T12:26:01.925959397+01:00","level":"INFO","msg":"handleInformFinish: stream closed","streamId":"23w0ntcq","id":"1(@)"}
{"time":"2026-03-13T12:31:58.703377568+01:00","level":"INFO","msg":"handleInformInit: received","streamId":"k5s2axdd","id":"1(@)"}
{"time":"2026-03-13T12:31:58.833538639+01:00","level":"INFO","msg":"handleInformInit: stream started","streamId":"k5s2axdd","id":"1(@)"}
{"time":"2026-03-13T12:44:16.913646794+01:00","level":"INFO","msg":"handleInformFinish: finish message received","streamId":"k5s2axdd","id":"1(@)"}
{"time":"2026-03-13T12:44:16.922476167+01:00","level":"INFO","msg":"handleInformFinish: stream closed","streamId":"k5s2axdd","id":"1(@)"}
{"time":"2026-03-13T12:47:55.473375348+01:00","level":"INFO","msg":"handleInformInit: received","streamId":"12mjy6pt","id":"1(@)"}
{"time":"2026-03-13T12:47:55.598853045+01:00","level":"INFO","msg":"handleInformInit: stream started","streamId":"12mjy6pt","id":"1(@)"}
{"time":"2026-03-13T13:02:07.577406251+01:00","level":"INFO","msg":"handleInformFinish: finish message received","streamId":"12mjy6pt","id":"1(@)"}
{"time":"2026-03-13T13:02:07.579394585+01:00","level":"INFO","msg":"handleInformFinish: stream closed","streamId":"12mjy6pt","id":"1(@)"}
{"time":"2026-03-13T13:06:58.0629094+01:00","level":"INFO","msg":"handleInformInit: received","streamId":"2yi50eqy","id":"1(@)"}
{"time":"2026-03-13T13:06:58.197488824+01:00","level":"INFO","msg":"handleInformInit: stream started","streamId":"2yi50eqy","id":"1(@)"}
{"time":"2026-03-13T13:19:00.159080407+01:00","level":"INFO","msg":"connection: cancelling request","id":"1(@)","requestId":"j4esn8ykhoz5"}
{"time":"2026-03-13T13:19:00.161227737+01:00","level":"INFO","msg":"handleInformFinish: finish message received","streamId":"2yi50eqy","id":"1(@)"}
{"time":"2026-03-13T13:19:00.162795248+01:00","level":"INFO","msg":"handleInformFinish: stream closed","streamId":"2yi50eqy","id":"1(@)"}
{"time":"2026-03-13T13:24:26.815686864+01:00","level":"INFO","msg":"handleInformInit: received","streamId":"wxwgsoxo","id":"1(@)"}
{"time":"2026-03-13T13:24:26.941238521+01:00","level":"INFO","msg":"handleInformInit: stream started","streamId":"wxwgsoxo","id":"1(@)"}
{"time":"2026-03-13T13:25:08.077021496+01:00","level":"INFO","msg":"connection: cancelling request","id":"1(@)","requestId":"xfmrfxphma8z"}
{"time":"2026-03-13T13:25:08.078915408+01:00","level":"INFO","msg":"handleInformFinish: finish message received","streamId":"wxwgsoxo","id":"1(@)"}
{"time":"2026-03-13T13:25:08.080614115+01:00","level":"INFO","msg":"handleInformFinish: stream closed","streamId":"wxwgsoxo","id":"1(@)"}
{"time":"2026-03-13T13:30:43.103813444+01:00","level":"INFO","msg":"handleInformInit: received","streamId":"fx6b8oub","id":"1(@)"}
{"time":"2026-03-13T13:30:43.233538518+01:00","level":"INFO","msg":"handleInformInit: stream started","streamId":"fx6b8oub","id":"1(@)"}
{"time":"2026-03-13T13:31:23.639407603+01:00","level":"INFO","msg":"handleInformFinish: finish message received","streamId":"fx6b8oub","id":"1(@)"}
{"time":"2026-03-13T13:31:23.641328579+01:00","level":"INFO","msg":"handleInformFinish: stream closed","streamId":"fx6b8oub","id":"1(@)"}
{"time":"2026-03-13T13:35:53.186820801+01:00","level":"INFO","msg":"handleInformInit: received","streamId":"o5f3d74u","id":"1(@)"}
{"time":"2026-03-13T13:35:53.318294542+01:00","level":"INFO","msg":"handleInformInit: stream started","streamId":"o5f3d74u","id":"1(@)"}
{"time":"2026-03-13T13:37:51.751635129+01:00","level":"INFO","msg":"handleInformFinish: finish message received","streamId":"o5f3d74u","id":"1(@)"}
{"time":"2026-03-13T13:37:51.75322323+01:00","level":"INFO","msg":"handleInformFinish: stream closed","streamId":"o5f3d74u","id":"1(@)"}
{"time":"2026-03-13T13:43:39.621400902+01:00","level":"INFO","msg":"handleInformInit: received","streamId":"ldwabv0y","id":"1(@)"}
{"time":"2026-03-13T13:43:39.751408408+01:00","level":"INFO","msg":"handleInformInit: stream started","streamId":"ldwabv0y","id":"1(@)"}
{"time":"2026-03-13T13:44:19.397955043+01:00","level":"INFO","msg":"handleInformFinish: finish message received","streamId":"ldwabv0y","id":"1(@)"}
{"time":"2026-03-13T13:44:19.39949546+01:00","level":"INFO","msg":"handleInformFinish: stream closed","streamId":"ldwabv0y","id":"1(@)"}
{"time":"2026-03-13T13:49:00.657756076+01:00","level":"INFO","msg":"handleInformInit: received","streamId":"csz53g00","id":"1(@)"}
{"time":"2026-03-13T13:49:00.787594137+01:00","level":"INFO","msg":"handleInformInit: stream started","streamId":"csz53g00","id":"1(@)"}
{"time":"2026-03-13T13:50:39.239131166+01:00","level":"INFO","msg":"handleInformFinish: finish message received","streamId":"csz53g00","id":"1(@)"}
{"time":"2026-03-13T13:50:39.241470142+01:00","level":"INFO","msg":"handleInformFinish: stream closed","streamId":"csz53g00","id":"1(@)"}
{"time":"2026-03-13T13:56:39.884182973+01:00","level":"INFO","msg":"handleInformInit: received","streamId":"cbeyt42f","id":"1(@)"}
{"time":"2026-03-13T13:56:40.014024898+01:00","level":"INFO","msg":"handleInformInit: stream started","streamId":"cbeyt42f","id":"1(@)"}
{"time":"2026-03-13T13:57:20.471827436+01:00","level":"INFO","msg":"handleInformFinish: finish message received","streamId":"cbeyt42f","id":"1(@)"}
{"time":"2026-03-13T13:57:20.473212262+01:00","level":"INFO","msg":"handleInformFinish: stream closed","streamId":"cbeyt42f","id":"1(@)"}
{"time":"2026-03-13T14:02:32.508848734+01:00","level":"INFO","msg":"handleInformInit: received","streamId":"pdxaiphu","id":"1(@)"}
{"time":"2026-03-13T14:02:32.638273134+01:00","level":"INFO","msg":"handleInformInit: stream started","streamId":"pdxaiphu","id":"1(@)"}
{"time":"2026-03-13T14:03:39.570997914+01:00","level":"INFO","msg":"handleInformFinish: finish message received","streamId":"pdxaiphu","id":"1(@)"}
{"time":"2026-03-13T14:03:39.572521206+01:00","level":"INFO","msg":"handleInformFinish: stream closed","streamId":"pdxaiphu","id":"1(@)"}
{"time":"2026-03-13T14:07:18.894098366+01:00","level":"INFO","msg":"handleInformInit: received","streamId":"dj2flolh","id":"1(@)"}
{"time":"2026-03-13T14:07:19.021432576+01:00","level":"INFO","msg":"handleInformInit: stream started","streamId":"dj2flolh","id":"1(@)"}
{"time":"2026-03-13T14:09:57.049190226+01:00","level":"INFO","msg":"connection: cancelling request","id":"1(@)","requestId":"fswxvnoudrqd"}
{"time":"2026-03-13T14:09:57.051135541+01:00","level":"INFO","msg":"handleInformFinish: finish message received","streamId":"dj2flolh","id":"1(@)"}
{"time":"2026-03-13T14:09:57.053330817+01:00","level":"INFO","msg":"handleInformFinish: stream closed","streamId":"dj2flolh","id":"1(@)"}
{"time":"2026-03-13T14:12:25.339178354+01:00","level":"INFO","msg":"handleInformInit: received","streamId":"lia4n4fy","id":"1(@)"}
{"time":"2026-03-13T14:12:25.468959286+01:00","level":"INFO","msg":"handleInformInit: stream started","streamId":"lia4n4fy","id":"1(@)"}
{"time":"2026-03-13T14:16:17.528817115+01:00","level":"INFO","msg":"handleInformFinish: finish message received","streamId":"lia4n4fy","id":"1(@)"}
{"time":"2026-03-13T14:16:17.530932777+01:00","level":"INFO","msg":"handleInformFinish: stream closed","streamId":"lia4n4fy","id":"1(@)"}
{"time":"2026-03-13T14:22:07.698593385+01:00","level":"INFO","msg":"handleInformInit: received","streamId":"9mrt4ugo","id":"1(@)"}
{"time":"2026-03-13T14:22:07.828129548+01:00","level":"INFO","msg":"handleInformInit: stream started","streamId":"9mrt4ugo","id":"1(@)"}
{"time":"2026-03-13T14:22:48.253455236+01:00","level":"INFO","msg":"handleInformFinish: finish message received","streamId":"9mrt4ugo","id":"1(@)"}
{"time":"2026-03-13T14:22:48.255104215+01:00","level":"INFO","msg":"handleInformFinish: stream closed","streamId":"9mrt4ugo","id":"1(@)"}
{"time":"2026-03-13T14:28:05.867914637+01:00","level":"INFO","msg":"handleInformInit: received","streamId":"olr8ytyw","id":"1(@)"}
{"time":"2026-03-13T14:28:05.998042186+01:00","level":"INFO","msg":"handleInformInit: stream started","streamId":"olr8ytyw","id":"1(@)"}
{"time":"2026-03-13T14:29:12.39483132+01:00","level":"INFO","msg":"handleInformFinish: finish message received","streamId":"olr8ytyw","id":"1(@)"}
{"time":"2026-03-13T14:29:12.432568763+01:00","level":"INFO","msg":"handleInformFinish: stream closed","streamId":"olr8ytyw","id":"1(@)"}
{"time":"2026-03-13T14:33:21.664632372+01:00","level":"INFO","msg":"handleInformInit: received","streamId":"xsgrbrhi","id":"1(@)"}
{"time":"2026-03-13T14:33:21.796684807+01:00","level":"INFO","msg":"handleInformInit: stream started","streamId":"xsgrbrhi","id":"1(@)"}
{"time":"2026-03-13T14:35:24.279288661+01:00","level":"INFO","msg":"handleInformFinish: finish message received","streamId":"xsgrbrhi","id":"1(@)"}
{"time":"2026-03-13T14:35:24.281157835+01:00","level":"INFO","msg":"handleInformFinish: stream closed","streamId":"xsgrbrhi","id":"1(@)"}
{"time":"2026-03-13T14:40:49.015190963+01:00","level":"INFO","msg":"handleInformInit: received","streamId":"wjnxrjdb","id":"1(@)"}
{"time":"2026-03-13T14:40:49.142413929+01:00","level":"INFO","msg":"handleInformInit: stream started","streamId":"wjnxrjdb","id":"1(@)"}
{"time":"2026-03-13T14:41:27.702116401+01:00","level":"INFO","msg":"handleInformFinish: finish message received","streamId":"wjnxrjdb","id":"1(@)"}
{"time":"2026-03-13T14:41:27.704167488+01:00","level":"INFO","msg":"handleInformFinish: stream closed","streamId":"wjnxrjdb","id":"1(@)"}
{"time":"2026-03-13T14:46:22.799442472+01:00","level":"INFO","msg":"handleInformInit: received","streamId":"w2u1gt40","id":"1(@)"}
{"time":"2026-03-13T14:46:22.936242326+01:00","level":"INFO","msg":"handleInformInit: stream started","streamId":"w2u1gt40","id":"1(@)"}
{"time":"2026-03-13T14:47:33.335670072+01:00","level":"INFO","msg":"handleInformFinish: finish message received","streamId":"w2u1gt40","id":"1(@)"}
{"time":"2026-03-13T14:47:33.336971118+01:00","level":"INFO","msg":"handleInformFinish: stream closed","streamId":"w2u1gt40","id":"1(@)"}
{"time":"2026-03-13T14:51:59.20615438+01:00","level":"INFO","msg":"handleInformInit: received","streamId":"b2rmxodr","id":"1(@)"}
{"time":"2026-03-13T14:51:59.337745227+01:00","level":"INFO","msg":"handleInformInit: stream started","streamId":"b2rmxodr","id":"1(@)"}
{"time":"2026-03-13T14:53:35.652041605+01:00","level":"INFO","msg":"handleInformFinish: finish message received","streamId":"b2rmxodr","id":"1(@)"}
{"time":"2026-03-13T14:53:35.658303116+01:00","level":"INFO","msg":"handleInformFinish: stream closed","streamId":"b2rmxodr","id":"1(@)"}
{"time":"2026-03-13T14:57:21.202810568+01:00","level":"INFO","msg":"handleInformInit: received","streamId":"kq8scrgm","id":"1(@)"}
{"time":"2026-03-13T14:57:21.336437747+01:00","level":"INFO","msg":"handleInformInit: stream started","streamId":"kq8scrgm","id":"1(@)"}
{"time":"2026-03-13T14:59:51.613915529+01:00","level":"INFO","msg":"handleInformFinish: finish message received","streamId":"kq8scrgm","id":"1(@)"}
{"time":"2026-03-13T14:59:51.623570221+01:00","level":"INFO","msg":"handleInformFinish: stream closed","streamId":"kq8scrgm","id":"1(@)"}
{"time":"2026-03-13T15:04:37.058303973+01:00","level":"INFO","msg":"handleInformInit: received","streamId":"5o4uxcwb","id":"1(@)"}
{"time":"2026-03-13T15:04:37.184044109+01:00","level":"INFO","msg":"handleInformInit: stream started","streamId":"5o4uxcwb","id":"1(@)"}
{"time":"2026-03-13T15:06:17.861911228+01:00","level":"INFO","msg":"handleInformFinish: finish message received","streamId":"5o4uxcwb","id":"1(@)"}
{"time":"2026-03-13T15:06:17.863820204+01:00","level":"INFO","msg":"handleInformFinish: stream closed","streamId":"5o4uxcwb","id":"1(@)"}
{"time":"2026-03-13T15:11:29.637949874+01:00","level":"INFO","msg":"handleInformInit: received","streamId":"7xl38fm0","id":"1(@)"}
{"time":"2026-03-13T15:11:29.767426743+01:00","level":"INFO","msg":"handleInformInit: stream started","streamId":"7xl38fm0","id":"1(@)"}
{"time":"2026-03-13T15:12:10.625114033+01:00","level":"INFO","msg":"handleInformFinish: finish message received","streamId":"7xl38fm0","id":"1(@)"}
{"time":"2026-03-13T15:12:10.626742061+01:00","level":"INFO","msg":"handleInformFinish: stream closed","streamId":"7xl38fm0","id":"1(@)"}
{"time":"2026-03-13T15:17:23.875678571+01:00","level":"INFO","msg":"handleInformInit: received","streamId":"7s2ii5i6","id":"1(@)"}
{"time":"2026-03-13T15:17:24.001019447+01:00","level":"INFO","msg":"handleInformInit: stream started","streamId":"7s2ii5i6","id":"1(@)"}
{"time":"2026-03-13T15:18:25.103766772+01:00","level":"INFO","msg":"handleInformFinish: finish message received","streamId":"7s2ii5i6","id":"1(@)"}
{"time":"2026-03-13T15:18:25.107337138+01:00","level":"INFO","msg":"handleInformFinish: stream closed","streamId":"7s2ii5i6","id":"1(@)"}
{"time":"2026-03-13T15:21:58.8902543+01:00","level":"INFO","msg":"handleInformInit: received","streamId":"ei4zbois","id":"1(@)"}
{"time":"2026-03-13T15:21:59.019416379+01:00","level":"INFO","msg":"handleInformInit: stream started","streamId":"ei4zbois","id":"1(@)"}
{"time":"2026-03-13T15:24:34.049125925+01:00","level":"INFO","msg":"connection: cancelling request","id":"1(@)","requestId":"v8zmzmvvlnc2"}
{"time":"2026-03-13T15:24:34.051148444+01:00","level":"INFO","msg":"handleInformFinish: finish message received","streamId":"ei4zbois","id":"1(@)"}
{"time":"2026-03-13T15:24:34.05284856+01:00","level":"INFO","msg":"handleInformFinish: stream closed","streamId":"ei4zbois","id":"1(@)"}
{"time":"2026-03-13T15:28:53.091900812+01:00","level":"INFO","msg":"handleInformInit: received","streamId":"ak4ldmke","id":"1(@)"}
{"time":"2026-03-13T15:28:53.216900615+01:00","level":"INFO","msg":"handleInformInit: stream started","streamId":"ak4ldmke","id":"1(@)"}
{"time":"2026-03-13T15:30:39.117340079+01:00","level":"INFO","msg":"handleInformFinish: finish message received","streamId":"ak4ldmke","id":"1(@)"}
{"time":"2026-03-13T15:30:39.118647832+01:00","level":"INFO","msg":"handleInformFinish: stream closed","streamId":"ak4ldmke","id":"1(@)"}
{"time":"2026-03-13T15:35:37.165602838+01:00","level":"INFO","msg":"handleInformInit: received","streamId":"ibb69qge","id":"1(@)"}
{"time":"2026-03-13T15:35:37.293219665+01:00","level":"INFO","msg":"handleInformInit: stream started","streamId":"ibb69qge","id":"1(@)"}
{"time":"2026-03-13T15:36:44.314908936+01:00","level":"INFO","msg":"handleInformFinish: finish message received","streamId":"ibb69qge","id":"1(@)"}
{"time":"2026-03-13T15:36:44.316141473+01:00","level":"INFO","msg":"handleInformFinish: stream closed","streamId":"ibb69qge","id":"1(@)"}
{"time":"2026-03-13T15:41:43.139957179+01:00","level":"INFO","msg":"handleInformInit: received","streamId":"2y15jlwy","id":"1(@)"}
{"time":"2026-03-13T15:41:43.267763817+01:00","level":"INFO","msg":"handleInformInit: stream started","streamId":"2y15jlwy","id":"1(@)"}
{"time":"2026-03-13T15:42:11.143766282+01:00","level":"INFO","msg":"handleInformFinish: finish message received","streamId":"2y15jlwy","id":"1(@)"}
{"time":"2026-03-13T15:42:11.145078169+01:00","level":"INFO","msg":"handleInformFinish: stream closed","streamId":"2y15jlwy","id":"1(@)"}
{"time":"2026-03-13T15:46:56.954518631+01:00","level":"INFO","msg":"handleInformInit: received","streamId":"e8cwy2oo","id":"1(@)"}
{"time":"2026-03-13T15:46:57.080351851+01:00","level":"INFO","msg":"handleInformInit: stream started","streamId":"e8cwy2oo","id":"1(@)"}
{"time":"2026-03-13T15:48:07.494994261+01:00","level":"INFO","msg":"handleInformFinish: finish message received","streamId":"e8cwy2oo","id":"1(@)"}
{"time":"2026-03-13T15:48:07.496599858+01:00","level":"INFO","msg":"handleInformFinish: stream closed","streamId":"e8cwy2oo","id":"1(@)"}
{"time":"2026-03-13T15:53:23.94995797+01:00","level":"INFO","msg":"handleInformInit: received","streamId":"uaq3b68q","id":"1(@)"}
{"time":"2026-03-13T15:53:24.074870769+01:00","level":"INFO","msg":"handleInformInit: stream started","streamId":"uaq3b68q","id":"1(@)"}
{"time":"2026-03-13T15:53:55.109226539+01:00","level":"INFO","msg":"handleInformFinish: finish message received","streamId":"uaq3b68q","id":"1(@)"}
{"time":"2026-03-13T15:53:55.110825233+01:00","level":"INFO","msg":"handleInformFinish: stream closed","streamId":"uaq3b68q","id":"1(@)"}
{"time":"2026-03-13T15:57:47.497746639+01:00","level":"INFO","msg":"handleInformInit: received","streamId":"24iyvkdn","id":"1(@)"}
{"time":"2026-03-13T15:57:47.619294485+01:00","level":"INFO","msg":"handleInformInit: stream started","streamId":"24iyvkdn","id":"1(@)"}
{"time":"2026-03-13T15:59:54.389620125+01:00","level":"INFO","msg":"handleInformFinish: finish message received","streamId":"24iyvkdn","id":"1(@)"}
{"time":"2026-03-13T15:59:54.391964747+01:00","level":"INFO","msg":"handleInformFinish: stream closed","streamId":"24iyvkdn","id":"1(@)"}
{"time":"2026-03-13T16:04:36.342524252+01:00","level":"INFO","msg":"handleInformInit: received","streamId":"u3a6e8gn","id":"1(@)"}
{"time":"2026-03-13T16:04:36.464548542+01:00","level":"INFO","msg":"handleInformInit: stream started","streamId":"u3a6e8gn","id":"1(@)"}
{"time":"2026-03-13T16:06:46.361760665+01:00","level":"INFO","msg":"handleInformFinish: finish message received","streamId":"u3a6e8gn","id":"1(@)"}
{"time":"2026-03-13T16:06:46.363269304+01:00","level":"INFO","msg":"handleInformFinish: stream closed","streamId":"u3a6e8gn","id":"1(@)"}
{"time":"2026-03-13T16:12:24.50002078+01:00","level":"INFO","msg":"handleInformInit: received","streamId":"cyghy8h8","id":"1(@)"}
{"time":"2026-03-13T16:12:24.626318675+01:00","level":"INFO","msg":"handleInformInit: stream started","streamId":"cyghy8h8","id":"1(@)"}
{"time":"2026-03-13T16:14:01.548413918+01:00","level":"INFO","msg":"handleInformFinish: finish message received","streamId":"cyghy8h8","id":"1(@)"}
{"time":"2026-03-13T16:14:01.550539887+01:00","level":"INFO","msg":"handleInformFinish: stream closed","streamId":"cyghy8h8","id":"1(@)"}
{"time":"2026-03-13T16:19:07.270398873+01:00","level":"INFO","msg":"handleInformInit: received","streamId":"hignsifj","id":"1(@)"}
{"time":"2026-03-13T16:19:07.393275288+01:00","level":"INFO","msg":"handleInformInit: stream started","streamId":"hignsifj","id":"1(@)"}
{"time":"2026-03-13T16:21:56.498990255+01:00","level":"INFO","msg":"connection: cancelling request","id":"1(@)","requestId":"z787b0kkw1fo"}
{"time":"2026-03-13T16:21:56.501041021+01:00","level":"INFO","msg":"handleInformFinish: finish message received","streamId":"hignsifj","id":"1(@)"}
{"time":"2026-03-13T16:21:56.503573953+01:00","level":"INFO","msg":"handleInformFinish: stream closed","streamId":"hignsifj","id":"1(@)"}
{"time":"2026-03-13T16:27:45.326164237+01:00","level":"INFO","msg":"handleInformInit: received","streamId":"ryrfiywa","id":"1(@)"}
{"time":"2026-03-13T16:27:45.45691169+01:00","level":"INFO","msg":"handleInformInit: stream started","streamId":"ryrfiywa","id":"1(@)"}
{"time":"2026-03-13T16:29:29.775881626+01:00","level":"INFO","msg":"handleInformFinish: finish message received","streamId":"ryrfiywa","id":"1(@)"}
{"time":"2026-03-13T16:29:29.777710787+01:00","level":"INFO","msg":"handleInformFinish: stream closed","streamId":"ryrfiywa","id":"1(@)"}
{"time":"2026-03-13T16:34:55.668995518+01:00","level":"INFO","msg":"handleInformInit: received","streamId":"ezj6c5d6","id":"1(@)"}
{"time":"2026-03-13T16:34:55.796622403+01:00","level":"INFO","msg":"handleInformInit: stream started","streamId":"ezj6c5d6","id":"1(@)"}
{"time":"2026-03-13T16:36:31.595054253+01:00","level":"INFO","msg":"handleInformFinish: finish message received","streamId":"ezj6c5d6","id":"1(@)"}
{"time":"2026-03-13T16:36:31.597206145+01:00","level":"INFO","msg":"handleInformFinish: stream closed","streamId":"ezj6c5d6","id":"1(@)"}
{"time":"2026-03-13T16:40:57.392096634+01:00","level":"INFO","msg":"handleInformInit: received","streamId":"2kp8js14","id":"1(@)"}
{"time":"2026-03-13T16:40:57.518690632+01:00","level":"INFO","msg":"handleInformInit: stream started","streamId":"2kp8js14","id":"1(@)"}
{"time":"2026-03-13T16:43:46.804081495+01:00","level":"INFO","msg":"handleInformFinish: finish message received","streamId":"2kp8js14","id":"1(@)"}
{"time":"2026-03-13T16:43:46.805845646+01:00","level":"INFO","msg":"handleInformFinish: stream closed","streamId":"2kp8js14","id":"1(@)"}
{"time":"2026-03-13T16:48:45.295945954+01:00","level":"INFO","msg":"handleInformInit: received","streamId":"e9dvejay","id":"1(@)"}
{"time":"2026-03-13T16:48:45.418674781+01:00","level":"INFO","msg":"handleInformInit: stream started","streamId":"e9dvejay","id":"1(@)"}
{"time":"2026-03-13T16:51:18.629823456+01:00","level":"INFO","msg":"handleInformFinish: finish message received","streamId":"e9dvejay","id":"1(@)"}
{"time":"2026-03-13T16:51:18.633035879+01:00","level":"INFO","msg":"handleInformFinish: stream closed","streamId":"e9dvejay","id":"1(@)"}
{"time":"2026-03-13T16:55:41.465017381+01:00","level":"INFO","msg":"handleInformInit: received","streamId":"3d0uxha6","id":"1(@)"}
{"time":"2026-03-13T16:55:41.591774904+01:00","level":"INFO","msg":"handleInformInit: stream started","streamId":"3d0uxha6","id":"1(@)"}
{"time":"2026-03-13T16:57:57.892456884+01:00","level":"INFO","msg":"handleInformFinish: finish message received","streamId":"3d0uxha6","id":"1(@)"}
{"time":"2026-03-13T16:57:57.896933197+01:00","level":"INFO","msg":"handleInformFinish: stream closed","streamId":"3d0uxha6","id":"1(@)"}
{"time":"2026-03-13T17:02:39.498648215+01:00","level":"INFO","msg":"handleInformInit: received","streamId":"4wzstzzn","id":"1(@)"}
{"time":"2026-03-13T17:02:39.629766358+01:00","level":"INFO","msg":"handleInformInit: stream started","streamId":"4wzstzzn","id":"1(@)"}
{"time":"2026-03-13T17:05:07.015066667+01:00","level":"INFO","msg":"handleInformFinish: finish message received","streamId":"4wzstzzn","id":"1(@)"}
{"time":"2026-03-13T17:05:07.017187958+01:00","level":"INFO","msg":"handleInformFinish: stream closed","streamId":"4wzstzzn","id":"1(@)"}
{"time":"2026-03-13T17:09:33.607566048+01:00","level":"INFO","msg":"handleInformInit: received","streamId":"2occvi3t","id":"1(@)"}
{"time":"2026-03-13T17:09:33.73336789+01:00","level":"INFO","msg":"handleInformInit: stream started","streamId":"2occvi3t","id":"1(@)"}
{"time":"2026-03-13T17:12:58.232846629+01:00","level":"INFO","msg":"handleInformFinish: finish message received","streamId":"2occvi3t","id":"1(@)"}
{"time":"2026-03-13T17:12:58.246336082+01:00","level":"INFO","msg":"handleInformFinish: stream closed","streamId":"2occvi3t","id":"1(@)"}
{"time":"2026-03-13T17:16:38.62634583+01:00","level":"INFO","msg":"handleInformInit: received","streamId":"adlrm82w","id":"1(@)"}
{"time":"2026-03-13T17:16:38.751954612+01:00","level":"INFO","msg":"handleInformInit: stream started","streamId":"adlrm82w","id":"1(@)"}
{"time":"2026-03-13T17:20:31.861179637+01:00","level":"INFO","msg":"handleInformFinish: finish message received","streamId":"adlrm82w","id":"1(@)"}
{"time":"2026-03-13T17:20:31.961563202+01:00","level":"INFO","msg":"handleInformFinish: stream closed","streamId":"adlrm82w","id":"1(@)"}
{"time":"2026-03-13T17:26:06.982173744+01:00","level":"INFO","msg":"handleInformInit: received","streamId":"ssbseyfy","id":"1(@)"}
{"time":"2026-03-13T17:26:08.190716731+01:00","level":"INFO","msg":"handleInformInit: stream started","streamId":"ssbseyfy","id":"1(@)"}
{"time":"2026-03-13T17:27:49.389077081+01:00","level":"INFO","msg":"connection: cancelling request","id":"1(@)","requestId":"prw9mmxawbsy"}
{"time":"2026-03-13T17:27:49.391093501+01:00","level":"INFO","msg":"handleInformFinish: finish message received","streamId":"ssbseyfy","id":"1(@)"}
{"time":"2026-03-13T17:27:49.393966304+01:00","level":"INFO","msg":"handleInformFinish: stream closed","streamId":"ssbseyfy","id":"1(@)"}
{"time":"2026-03-13T17:31:44.549371771+01:00","level":"INFO","msg":"handleInformInit: received","streamId":"9gt0ozs4","id":"1(@)"}
{"time":"2026-03-13T17:31:44.671350245+01:00","level":"INFO","msg":"handleInformInit: stream started","streamId":"9gt0ozs4","id":"1(@)"}
{"time":"2026-03-13T17:34:41.956593666+01:00","level":"INFO","msg":"handleInformFinish: finish message received","streamId":"9gt0ozs4","id":"1(@)"}
{"time":"2026-03-13T17:34:41.958506714+01:00","level":"INFO","msg":"handleInformFinish: stream closed","streamId":"9gt0ozs4","id":"1(@)"}
{"time":"2026-03-13T17:34:42.074148125+01:00","level":"INFO","msg":"handleInformTeardown: server teardown initiated","id":"1(@)"}
{"time":"2026-03-13T17:34:42.074717046+01:00","level":"INFO","msg":"handleInformTeardown: server shutdown complete","id":"1(@)"}
{"time":"2026-03-13T17:34:42.074725362+01:00","level":"INFO","msg":"connection: closing","id":"1(@)"}
{"time":"2026-03-13T17:34:42.074786948+01:00","level":"INFO","msg":"server is shutting down"}
{"time":"2026-03-13T17:34:42.075457438+01:00","level":"INFO","msg":"connection: closed successfully","id":"1(@)"}
{"time":"2026-03-13T17:34:42.075956727+01:00","level":"INFO","msg":"connection: ManageConnectionData: connection closed","id":"1(@)"}
{"time":"2026-03-13T17:34:42.077120929+01:00","level":"INFO","msg":"server: listener closed","addr":{"Name":"/tmp/wandb-2975560-2975742-3103802183/socket","Net":"unix"}}
{"time":"2026-03-13T17:34:42.077610808+01:00","level":"INFO","msg":"server is closed"}
