{"time":"2026-03-13T09:34:09.781387876+01:00","level":"INFO","msg":"main: starting server","port-filename":"/tmp/tmpyxcfmrns/port-1776.txt","pid":1776,"log-level":0,"disable-analytics":false,"shutdown-on-parent-exit":false,"enable-dcgm-profiling":false}
{"time":"2026-03-13T09:34:09.781808487+01:00","level":"INFO","msg":"server: will exit if parent process dies","ppid":1776}
{"time":"2026-03-13T09:34:09.781792713+01:00","level":"INFO","msg":"server: accepting connections","addr":{"Name":"/tmp/wandb-1776-1925-2333476632/socket","Net":"unix"}}
{"time":"2026-03-13T09:34:09.916850566+01:00","level":"INFO","msg":"connection: ManageConnectionData: new connection created","id":"1(@)"}
{"time":"2026-03-13T09:34:09.958170525+01:00","level":"INFO","msg":"handleInformInit: received","streamId":"0vmig6da","id":"1(@)"}
{"time":"2026-03-13T09:34:10.09319416+01:00","level":"INFO","msg":"handleInformInit: stream started","streamId":"0vmig6da","id":"1(@)"}
{"time":"2026-03-13T09:45:31.006027052+01:00","level":"INFO","msg":"handleInformFinish: finish message received","streamId":"0vmig6da","id":"1(@)"}
{"time":"2026-03-13T09:45:31.014954064+01:00","level":"INFO","msg":"handleInformFinish: stream closed","streamId":"0vmig6da","id":"1(@)"}
{"time":"2026-03-13T09:48:15.821191027+01:00","level":"INFO","msg":"handleInformInit: received","streamId":"gcmukm5v","id":"1(@)"}
{"time":"2026-03-13T09:48:15.942514845+01:00","level":"INFO","msg":"handleInformInit: stream started","streamId":"gcmukm5v","id":"1(@)"}
{"time":"2026-03-13T10:03:47.62798926+01:00","level":"INFO","msg":"handleInformFinish: finish message received","streamId":"gcmukm5v","id":"1(@)"}
{"time":"2026-03-13T10:03:47.630238616+01:00","level":"INFO","msg":"handleInformFinish: stream closed","streamId":"gcmukm5v","id":"1(@)"}
{"time":"2026-03-13T10:08:05.198487045+01:00","level":"INFO","msg":"handleInformInit: received","streamId":"r99pvy6n","id":"1(@)"}
{"time":"2026-03-13T10:08:05.320725088+01:00","level":"INFO","msg":"handleInformInit: stream started","streamId":"r99pvy6n","id":"1(@)"}
{"time":"2026-03-13T10:21:19.099559382+01:00","level":"INFO","msg":"handleInformFinish: finish message received","streamId":"r99pvy6n","id":"1(@)"}
{"time":"2026-03-13T10:21:19.101794081+01:00","level":"INFO","msg":"handleInformFinish: stream closed","streamId":"r99pvy6n","id":"1(@)"}
{"time":"2026-03-13T10:27:06.529542171+01:00","level":"INFO","msg":"handleInformInit: received","streamId":"6wjlqa22","id":"1(@)"}
{"time":"2026-03-13T10:27:06.650522286+01:00","level":"INFO","msg":"handleInformInit: stream started","streamId":"6wjlqa22","id":"1(@)"}
{"time":"2026-03-13T10:39:02.683931082+01:00","level":"INFO","msg":"handleInformFinish: finish message received","streamId":"6wjlqa22","id":"1(@)"}
{"time":"2026-03-13T10:39:02.685485056+01:00","level":"INFO","msg":"handleInformFinish: stream closed","streamId":"6wjlqa22","id":"1(@)"}
{"time":"2026-03-13T10:44:58.346738418+01:00","level":"INFO","msg":"handleInformInit: received","streamId":"2brm569b","id":"1(@)"}
{"time":"2026-03-13T10:44:58.477216723+01:00","level":"INFO","msg":"handleInformInit: stream started","streamId":"2brm569b","id":"1(@)"}
{"time":"2026-03-13T10:56:59.984121175+01:00","level":"INFO","msg":"handleInformFinish: finish message received","streamId":"2brm569b","id":"1(@)"}
{"time":"2026-03-13T10:56:59.985649461+01:00","level":"INFO","msg":"handleInformFinish: stream closed","streamId":"2brm569b","id":"1(@)"}
{"time":"2026-03-13T11:02:13.369393722+01:00","level":"INFO","msg":"handleInformInit: received","streamId":"5cwp57tm","id":"1(@)"}
{"time":"2026-03-13T11:02:13.498041839+01:00","level":"INFO","msg":"handleInformInit: stream started","streamId":"5cwp57tm","id":"1(@)"}
{"time":"2026-03-13T11:14:27.503075472+01:00","level":"INFO","msg":"handleInformFinish: finish message received","streamId":"5cwp57tm","id":"1(@)"}
{"time":"2026-03-13T11:14:27.505033668+01:00","level":"INFO","msg":"handleInformFinish: stream closed","streamId":"5cwp57tm","id":"1(@)"}
{"time":"2026-03-13T11:20:06.50266131+01:00","level":"INFO","msg":"handleInformInit: received","streamId":"47hiqe42","id":"1(@)"}
{"time":"2026-03-13T11:20:06.630373431+01:00","level":"INFO","msg":"handleInformInit: stream started","streamId":"47hiqe42","id":"1(@)"}
{"time":"2026-03-13T11:32:42.303286167+01:00","level":"INFO","msg":"connection: cancelling request","id":"1(@)","requestId":"mi1vt2l1d029"}
{"time":"2026-03-13T11:32:42.305365371+01:00","level":"INFO","msg":"handleInformFinish: finish message received","streamId":"47hiqe42","id":"1(@)"}
{"time":"2026-03-13T11:32:42.307291743+01:00","level":"INFO","msg":"handleInformFinish: stream closed","streamId":"47hiqe42","id":"1(@)"}
{"time":"2026-03-13T11:37:56.591160729+01:00","level":"INFO","msg":"handleInformInit: received","streamId":"qts31ux7","id":"1(@)"}
{"time":"2026-03-13T11:37:56.718501614+01:00","level":"INFO","msg":"handleInformInit: stream started","streamId":"qts31ux7","id":"1(@)"}
{"time":"2026-03-13T11:49:52.285865931+01:00","level":"INFO","msg":"handleInformFinish: finish message received","streamId":"qts31ux7","id":"1(@)"}
{"time":"2026-03-13T11:49:52.287889216+01:00","level":"INFO","msg":"handleInformFinish: stream closed","streamId":"qts31ux7","id":"1(@)"}
{"time":"2026-03-13T11:55:02.521892808+01:00","level":"INFO","msg":"handleInformInit: received","streamId":"vyegdavl","id":"1(@)"}
{"time":"2026-03-13T11:55:02.647983036+01:00","level":"INFO","msg":"handleInformInit: stream started","streamId":"vyegdavl","id":"1(@)"}
{"time":"2026-03-13T12:07:28.825408672+01:00","level":"INFO","msg":"connection: cancelling request","id":"1(@)","requestId":"vvpja25hg2uk"}
{"time":"2026-03-13T12:07:28.830671509+01:00","level":"INFO","msg":"handleInformFinish: finish message received","streamId":"vyegdavl","id":"1(@)"}
{"time":"2026-03-13T12:07:28.832251023+01:00","level":"INFO","msg":"handleInformFinish: stream closed","streamId":"vyegdavl","id":"1(@)"}
{"time":"2026-03-13T12:12:24.596871332+01:00","level":"INFO","msg":"handleInformInit: received","streamId":"fgujpwey","id":"1(@)"}
{"time":"2026-03-13T12:12:24.721085582+01:00","level":"INFO","msg":"handleInformInit: stream started","streamId":"fgujpwey","id":"1(@)"}
{"time":"2026-03-13T12:25:22.83451956+01:00","level":"INFO","msg":"handleInformFinish: finish message received","streamId":"fgujpwey","id":"1(@)"}
{"time":"2026-03-13T12:25:22.842748238+01:00","level":"INFO","msg":"handleInformFinish: stream closed","streamId":"fgujpwey","id":"1(@)"}
{"time":"2026-03-13T12:30:56.134883177+01:00","level":"INFO","msg":"handleInformInit: received","streamId":"axullbj0","id":"1(@)"}
{"time":"2026-03-13T12:30:56.263708489+01:00","level":"INFO","msg":"handleInformInit: stream started","streamId":"axullbj0","id":"1(@)"}
{"time":"2026-03-13T12:43:12.983263845+01:00","level":"INFO","msg":"handleInformFinish: finish message received","streamId":"axullbj0","id":"1(@)"}
{"time":"2026-03-13T12:43:12.985022262+01:00","level":"INFO","msg":"handleInformFinish: stream closed","streamId":"axullbj0","id":"1(@)"}
{"time":"2026-03-13T12:48:42.547111304+01:00","level":"INFO","msg":"handleInformInit: received","streamId":"30fzs77w","id":"1(@)"}
{"time":"2026-03-13T12:48:42.67770391+01:00","level":"INFO","msg":"handleInformInit: stream started","streamId":"30fzs77w","id":"1(@)"}
{"time":"2026-03-13T13:00:50.282066435+01:00","level":"INFO","msg":"handleInformFinish: finish message received","streamId":"30fzs77w","id":"1(@)"}
{"time":"2026-03-13T13:00:50.284415649+01:00","level":"INFO","msg":"handleInformFinish: stream closed","streamId":"30fzs77w","id":"1(@)"}
{"time":"2026-03-13T13:06:02.790645232+01:00","level":"INFO","msg":"handleInformInit: received","streamId":"swst7sat","id":"1(@)"}
{"time":"2026-03-13T13:06:02.922230318+01:00","level":"INFO","msg":"handleInformInit: stream started","streamId":"swst7sat","id":"1(@)"}
{"time":"2026-03-13T13:17:27.906677603+01:00","level":"INFO","msg":"connection: cancelling request","id":"1(@)","requestId":"e4piug7im780"}
{"time":"2026-03-13T13:17:27.908673889+01:00","level":"INFO","msg":"handleInformFinish: finish message received","streamId":"swst7sat","id":"1(@)"}
{"time":"2026-03-13T13:17:27.932228432+01:00","level":"INFO","msg":"handleInformFinish: stream closed","streamId":"swst7sat","id":"1(@)"}
{"time":"2026-03-13T13:20:25.204773761+01:00","level":"INFO","msg":"handleInformInit: received","streamId":"vku3yfep","id":"1(@)"}
{"time":"2026-03-13T13:20:25.329948387+01:00","level":"INFO","msg":"handleInformInit: stream started","streamId":"vku3yfep","id":"1(@)"}
{"time":"2026-03-13T13:23:54.523215656+01:00","level":"INFO","msg":"connection: cancelling request","id":"1(@)","requestId":"d2i32pkvmnwv"}
{"time":"2026-03-13T13:23:54.525111944+01:00","level":"INFO","msg":"handleInformFinish: finish message received","streamId":"vku3yfep","id":"1(@)"}
{"time":"2026-03-13T13:23:54.52646695+01:00","level":"INFO","msg":"handleInformFinish: stream closed","streamId":"vku3yfep","id":"1(@)"}
{"time":"2026-03-13T13:29:20.102812773+01:00","level":"INFO","msg":"handleInformInit: received","streamId":"fkfyuaa2","id":"1(@)"}
{"time":"2026-03-13T13:29:20.232572309+01:00","level":"INFO","msg":"handleInformInit: stream started","streamId":"fkfyuaa2","id":"1(@)"}
{"time":"2026-03-13T13:30:07.652747656+01:00","level":"INFO","msg":"handleInformFinish: finish message received","streamId":"fkfyuaa2","id":"1(@)"}
{"time":"2026-03-13T13:30:07.654749623+01:00","level":"INFO","msg":"handleInformFinish: stream closed","streamId":"fkfyuaa2","id":"1(@)"}
{"time":"2026-03-13T13:34:20.268606831+01:00","level":"INFO","msg":"handleInformInit: received","streamId":"qqoe55nd","id":"1(@)"}
{"time":"2026-03-13T13:34:20.394253563+01:00","level":"INFO","msg":"handleInformInit: stream started","streamId":"qqoe55nd","id":"1(@)"}
{"time":"2026-03-13T13:37:25.491549362+01:00","level":"INFO","msg":"handleInformFinish: finish message received","streamId":"qqoe55nd","id":"1(@)"}
{"time":"2026-03-13T13:37:25.493021359+01:00","level":"INFO","msg":"handleInformFinish: stream closed","streamId":"qqoe55nd","id":"1(@)"}
{"time":"2026-03-13T13:42:59.37327607+01:00","level":"INFO","msg":"handleInformInit: received","streamId":"qul7ve56","id":"1(@)"}
{"time":"2026-03-13T13:42:59.495371441+01:00","level":"INFO","msg":"handleInformInit: stream started","streamId":"qul7ve56","id":"1(@)"}
{"time":"2026-03-13T13:43:41.496899169+01:00","level":"INFO","msg":"handleInformFinish: finish message received","streamId":"qul7ve56","id":"1(@)"}
{"time":"2026-03-13T13:43:41.498478792+01:00","level":"INFO","msg":"handleInformFinish: stream closed","streamId":"qul7ve56","id":"1(@)"}
{"time":"2026-03-13T13:46:37.493488457+01:00","level":"INFO","msg":"handleInformInit: received","streamId":"3t5847e4","id":"1(@)"}
{"time":"2026-03-13T13:46:37.617535523+01:00","level":"INFO","msg":"handleInformInit: stream started","streamId":"3t5847e4","id":"1(@)"}
{"time":"2026-03-13T13:49:55.411001545+01:00","level":"INFO","msg":"handleInformFinish: finish message received","streamId":"3t5847e4","id":"1(@)"}
{"time":"2026-03-13T13:49:55.413201446+01:00","level":"INFO","msg":"handleInformFinish: stream closed","streamId":"3t5847e4","id":"1(@)"}
{"time":"2026-03-13T13:54:24.952056451+01:00","level":"INFO","msg":"handleInformInit: received","streamId":"29k5cv9n","id":"1(@)"}
{"time":"2026-03-13T13:54:25.065628407+01:00","level":"INFO","msg":"handleInformInit: stream started","streamId":"29k5cv9n","id":"1(@)"}
{"time":"2026-03-13T13:56:43.462347487+01:00","level":"INFO","msg":"handleInformFinish: finish message received","streamId":"29k5cv9n","id":"1(@)"}
{"time":"2026-03-13T13:56:43.463432163+01:00","level":"INFO","msg":"handleInformFinish: stream closed","streamId":"29k5cv9n","id":"1(@)"}
{"time":"2026-03-13T14:01:15.120669749+01:00","level":"INFO","msg":"handleInformInit: received","streamId":"553hw8rk","id":"1(@)"}
{"time":"2026-03-13T14:01:15.257654968+01:00","level":"INFO","msg":"handleInformInit: stream started","streamId":"553hw8rk","id":"1(@)"}
{"time":"2026-03-13T14:03:14.759888523+01:00","level":"INFO","msg":"handleInformFinish: finish message received","streamId":"553hw8rk","id":"1(@)"}
{"time":"2026-03-13T14:03:14.768010572+01:00","level":"INFO","msg":"handleInformFinish: stream closed","streamId":"553hw8rk","id":"1(@)"}
{"time":"2026-03-13T14:07:40.6527265+01:00","level":"INFO","msg":"handleInformInit: received","streamId":"ocxwc1fo","id":"1(@)"}
{"time":"2026-03-13T14:07:40.775516913+01:00","level":"INFO","msg":"handleInformInit: stream started","streamId":"ocxwc1fo","id":"1(@)"}
{"time":"2026-03-13T14:09:58.366225687+01:00","level":"INFO","msg":"handleInformFinish: finish message received","streamId":"ocxwc1fo","id":"1(@)"}
{"time":"2026-03-13T14:09:58.378742632+01:00","level":"INFO","msg":"handleInformFinish: stream closed","streamId":"ocxwc1fo","id":"1(@)"}
{"time":"2026-03-13T14:13:12.754836728+01:00","level":"INFO","msg":"handleInformInit: received","streamId":"t8h8afds","id":"1(@)"}
{"time":"2026-03-13T14:13:12.880004541+01:00","level":"INFO","msg":"handleInformInit: stream started","streamId":"t8h8afds","id":"1(@)"}
{"time":"2026-03-13T14:16:24.023699824+01:00","level":"INFO","msg":"handleInformFinish: finish message received","streamId":"t8h8afds","id":"1(@)"}
{"time":"2026-03-13T14:16:24.026201426+01:00","level":"INFO","msg":"handleInformFinish: stream closed","streamId":"t8h8afds","id":"1(@)"}
{"time":"2026-03-13T14:21:25.923970521+01:00","level":"INFO","msg":"handleInformInit: received","streamId":"rh0rk4mz","id":"1(@)"}
{"time":"2026-03-13T14:21:26.04722768+01:00","level":"INFO","msg":"handleInformInit: stream started","streamId":"rh0rk4mz","id":"1(@)"}
{"time":"2026-03-13T14:22:45.025127418+01:00","level":"INFO","msg":"handleInformFinish: finish message received","streamId":"rh0rk4mz","id":"1(@)"}
{"time":"2026-03-13T14:22:45.026287742+01:00","level":"INFO","msg":"handleInformFinish: stream closed","streamId":"rh0rk4mz","id":"1(@)"}
{"time":"2026-03-13T14:27:28.433442606+01:00","level":"INFO","msg":"handleInformInit: received","streamId":"yd3c976u","id":"1(@)"}
{"time":"2026-03-13T14:27:28.54731336+01:00","level":"INFO","msg":"handleInformInit: stream started","streamId":"yd3c976u","id":"1(@)"}
{"time":"2026-03-13T14:29:01.806977409+01:00","level":"INFO","msg":"connection: cancelling request","id":"1(@)","requestId":"206bh5itzggj"}
{"time":"2026-03-13T14:29:01.809066758+01:00","level":"INFO","msg":"handleInformFinish: finish message received","streamId":"yd3c976u","id":"1(@)"}
{"time":"2026-03-13T14:29:01.81543972+01:00","level":"INFO","msg":"handleInformFinish: stream closed","streamId":"yd3c976u","id":"1(@)"}
{"time":"2026-03-13T14:35:06.219802365+01:00","level":"INFO","msg":"handleInformInit: received","streamId":"pqov3osc","id":"1(@)"}
{"time":"2026-03-13T14:35:06.344031861+01:00","level":"INFO","msg":"handleInformInit: stream started","streamId":"pqov3osc","id":"1(@)"}
{"time":"2026-03-13T14:35:47.405184095+01:00","level":"INFO","msg":"connection: cancelling request","id":"1(@)","requestId":"dwmsw6yz23y5"}
{"time":"2026-03-13T14:35:47.407124845+01:00","level":"INFO","msg":"handleInformFinish: finish message received","streamId":"pqov3osc","id":"1(@)"}
{"time":"2026-03-13T14:35:47.409036344+01:00","level":"INFO","msg":"handleInformFinish: stream closed","streamId":"pqov3osc","id":"1(@)"}
{"time":"2026-03-13T14:40:40.233875742+01:00","level":"INFO","msg":"handleInformInit: received","streamId":"afsat2sv","id":"1(@)"}
{"time":"2026-03-13T14:40:40.364778297+01:00","level":"INFO","msg":"handleInformInit: stream started","streamId":"afsat2sv","id":"1(@)"}
{"time":"2026-03-13T14:41:55.150046894+01:00","level":"INFO","msg":"handleInformFinish: finish message received","streamId":"afsat2sv","id":"1(@)"}
{"time":"2026-03-13T14:41:55.151197666+01:00","level":"INFO","msg":"handleInformFinish: stream closed","streamId":"afsat2sv","id":"1(@)"}
{"time":"2026-03-13T14:47:35.723359054+01:00","level":"INFO","msg":"handleInformInit: received","streamId":"9a6mrac6","id":"1(@)"}
{"time":"2026-03-13T14:47:35.853245192+01:00","level":"INFO","msg":"handleInformInit: stream started","streamId":"9a6mrac6","id":"1(@)"}
{"time":"2026-03-13T14:48:04.375209079+01:00","level":"INFO","msg":"handleInformFinish: finish message received","streamId":"9a6mrac6","id":"1(@)"}
{"time":"2026-03-13T14:48:04.376788704+01:00","level":"INFO","msg":"handleInformFinish: stream closed","streamId":"9a6mrac6","id":"1(@)"}
{"time":"2026-03-13T14:51:55.312421587+01:00","level":"INFO","msg":"handleInformInit: received","streamId":"wvs2xy3a","id":"1(@)"}
{"time":"2026-03-13T14:51:55.441753512+01:00","level":"INFO","msg":"handleInformInit: stream started","streamId":"wvs2xy3a","id":"1(@)"}
{"time":"2026-03-13T14:54:20.649530566+01:00","level":"INFO","msg":"handleInformFinish: finish message received","streamId":"wvs2xy3a","id":"1(@)"}
{"time":"2026-03-13T14:54:20.651187428+01:00","level":"INFO","msg":"handleInformFinish: stream closed","streamId":"wvs2xy3a","id":"1(@)"}
{"time":"2026-03-13T14:58:59.299752432+01:00","level":"INFO","msg":"handleInformInit: received","streamId":"p4c0sxxl","id":"1(@)"}
{"time":"2026-03-13T14:58:59.426447598+01:00","level":"INFO","msg":"handleInformInit: stream started","streamId":"p4c0sxxl","id":"1(@)"}
{"time":"2026-03-13T15:00:35.331767651+01:00","level":"INFO","msg":"handleInformFinish: finish message received","streamId":"p4c0sxxl","id":"1(@)"}
{"time":"2026-03-13T15:00:35.333331195+01:00","level":"INFO","msg":"handleInformFinish: stream closed","streamId":"p4c0sxxl","id":"1(@)"}
{"time":"2026-03-13T15:04:13.702374374+01:00","level":"INFO","msg":"handleInformInit: received","streamId":"5yhxd7ex","id":"1(@)"}
{"time":"2026-03-13T15:04:13.824345235+01:00","level":"INFO","msg":"handleInformInit: stream started","streamId":"5yhxd7ex","id":"1(@)"}
{"time":"2026-03-13T15:06:39.156868144+01:00","level":"INFO","msg":"handleInformFinish: finish message received","streamId":"5yhxd7ex","id":"1(@)"}
{"time":"2026-03-13T15:06:39.161560552+01:00","level":"INFO","msg":"handleInformFinish: stream closed","streamId":"5yhxd7ex","id":"1(@)"}
{"time":"2026-03-13T15:12:55.354066491+01:00","level":"INFO","msg":"handleInformInit: received","streamId":"ccczbjep","id":"1(@)"}
{"time":"2026-03-13T15:12:55.476657229+01:00","level":"INFO","msg":"handleInformInit: stream started","streamId":"ccczbjep","id":"1(@)"}
{"time":"2026-03-13T15:13:52.22295267+01:00","level":"INFO","msg":"handleInformFinish: finish message received","streamId":"ccczbjep","id":"1(@)"}
{"time":"2026-03-13T15:13:52.237773313+01:00","level":"INFO","msg":"handleInformFinish: stream closed","streamId":"ccczbjep","id":"1(@)"}
{"time":"2026-03-13T15:19:32.458095987+01:00","level":"INFO","msg":"handleInformInit: received","streamId":"f3wsjdop","id":"1(@)"}
{"time":"2026-03-13T15:19:32.583009565+01:00","level":"INFO","msg":"handleInformInit: stream started","streamId":"f3wsjdop","id":"1(@)"}
{"time":"2026-03-13T15:20:00.515448351+01:00","level":"INFO","msg":"handleInformFinish: finish message received","streamId":"f3wsjdop","id":"1(@)"}
{"time":"2026-03-13T15:20:00.517896323+01:00","level":"INFO","msg":"handleInformFinish: stream closed","streamId":"f3wsjdop","id":"1(@)"}
{"time":"2026-03-13T15:24:39.287703006+01:00","level":"INFO","msg":"handleInformInit: received","streamId":"g22yabc3","id":"1(@)"}
{"time":"2026-03-13T15:24:39.409005988+01:00","level":"INFO","msg":"handleInformInit: stream started","streamId":"g22yabc3","id":"1(@)"}
{"time":"2026-03-13T15:25:36.720360734+01:00","level":"INFO","msg":"handleInformFinish: finish message received","streamId":"g22yabc3","id":"1(@)"}
{"time":"2026-03-13T15:25:36.721635169+01:00","level":"INFO","msg":"handleInformFinish: stream closed","streamId":"g22yabc3","id":"1(@)"}
{"time":"2026-03-13T15:29:17.221160292+01:00","level":"INFO","msg":"handleInformInit: received","streamId":"hdrvyj5c","id":"1(@)"}
{"time":"2026-03-13T15:29:17.343078781+01:00","level":"INFO","msg":"handleInformInit: stream started","streamId":"hdrvyj5c","id":"1(@)"}
{"time":"2026-03-13T15:31:41.518152743+01:00","level":"INFO","msg":"handleInformFinish: finish message received","streamId":"hdrvyj5c","id":"1(@)"}
{"time":"2026-03-13T15:31:41.520593054+01:00","level":"INFO","msg":"handleInformFinish: stream closed","streamId":"hdrvyj5c","id":"1(@)"}
{"time":"2026-03-13T15:37:13.07049187+01:00","level":"INFO","msg":"handleInformInit: received","streamId":"y7lxz6pb","id":"1(@)"}
{"time":"2026-03-13T15:37:13.198235015+01:00","level":"INFO","msg":"handleInformInit: stream started","streamId":"y7lxz6pb","id":"1(@)"}
{"time":"2026-03-13T15:37:40.582129783+01:00","level":"INFO","msg":"handleInformFinish: finish message received","streamId":"y7lxz6pb","id":"1(@)"}
{"time":"2026-03-13T15:37:40.584236998+01:00","level":"INFO","msg":"handleInformFinish: stream closed","streamId":"y7lxz6pb","id":"1(@)"}
{"time":"2026-03-13T15:41:38.808555812+01:00","level":"INFO","msg":"handleInformInit: received","streamId":"stcj0k3l","id":"1(@)"}
{"time":"2026-03-13T15:41:38.930790905+01:00","level":"INFO","msg":"handleInformInit: stream started","streamId":"stcj0k3l","id":"1(@)"}
{"time":"2026-03-13T15:43:23.752609624+01:00","level":"INFO","msg":"connection: cancelling request","id":"1(@)","requestId":"z4v0cug4yj38"}
{"time":"2026-03-13T15:43:23.754536528+01:00","level":"INFO","msg":"handleInformFinish: finish message received","streamId":"stcj0k3l","id":"1(@)"}
{"time":"2026-03-13T15:43:23.756318523+01:00","level":"INFO","msg":"handleInformFinish: stream closed","streamId":"stcj0k3l","id":"1(@)"}
{"time":"2026-03-13T15:49:38.054987864+01:00","level":"INFO","msg":"handleInformInit: received","streamId":"03r41yme","id":"1(@)"}
{"time":"2026-03-13T15:49:38.182913016+01:00","level":"INFO","msg":"handleInformInit: stream started","streamId":"03r41yme","id":"1(@)"}
{"time":"2026-03-13T15:50:06.19135414+01:00","level":"INFO","msg":"handleInformFinish: finish message received","streamId":"03r41yme","id":"1(@)"}
{"time":"2026-03-13T15:50:06.192752824+01:00","level":"INFO","msg":"handleInformFinish: stream closed","streamId":"03r41yme","id":"1(@)"}
{"time":"2026-03-13T15:55:05.407458838+01:00","level":"INFO","msg":"handleInformInit: received","streamId":"zz4cgpr3","id":"1(@)"}
{"time":"2026-03-13T15:55:05.531948716+01:00","level":"INFO","msg":"handleInformInit: stream started","streamId":"zz4cgpr3","id":"1(@)"}
{"time":"2026-03-13T15:55:38.770229991+01:00","level":"INFO","msg":"handleInformFinish: finish message received","streamId":"zz4cgpr3","id":"1(@)"}
{"time":"2026-03-13T15:55:38.772182176+01:00","level":"INFO","msg":"handleInformFinish: stream closed","streamId":"zz4cgpr3","id":"1(@)"}
{"time":"2026-03-13T16:00:34.931463762+01:00","level":"INFO","msg":"handleInformInit: received","streamId":"c4dgb6e7","id":"1(@)"}
{"time":"2026-03-13T16:00:35.053310106+01:00","level":"INFO","msg":"handleInformInit: stream started","streamId":"c4dgb6e7","id":"1(@)"}
{"time":"2026-03-13T16:02:14.247149453+01:00","level":"INFO","msg":"handleInformFinish: finish message received","streamId":"c4dgb6e7","id":"1(@)"}
{"time":"2026-03-13T16:02:14.271994642+01:00","level":"INFO","msg":"handleInformFinish: stream closed","streamId":"c4dgb6e7","id":"1(@)"}
{"time":"2026-03-13T16:08:27.96752483+01:00","level":"INFO","msg":"handleInformInit: received","streamId":"50d8z7x6","id":"1(@)"}
{"time":"2026-03-13T16:08:29.068098756+01:00","level":"INFO","msg":"handleInformInit: stream started","streamId":"50d8z7x6","id":"1(@)"}
{"time":"2026-03-13T16:09:55.0355391+01:00","level":"INFO","msg":"connection: cancelling request","id":"1(@)","requestId":"cc5jwb88jla6"}
{"time":"2026-03-13T16:09:55.047405518+01:00","level":"INFO","msg":"handleInformFinish: finish message received","streamId":"50d8z7x6","id":"1(@)"}
{"time":"2026-03-13T16:09:55.048685149+01:00","level":"INFO","msg":"handleInformFinish: stream closed","streamId":"50d8z7x6","id":"1(@)"}
{"time":"2026-03-13T16:15:30.415207752+01:00","level":"INFO","msg":"handleInformInit: received","streamId":"p8u2y9s6","id":"1(@)"}
{"time":"2026-03-13T16:15:30.546052995+01:00","level":"INFO","msg":"handleInformInit: stream started","streamId":"p8u2y9s6","id":"1(@)"}
{"time":"2026-03-13T16:17:10.213159912+01:00","level":"INFO","msg":"handleInformFinish: finish message received","streamId":"p8u2y9s6","id":"1(@)"}
{"time":"2026-03-13T16:17:10.214904306+01:00","level":"INFO","msg":"handleInformFinish: stream closed","streamId":"p8u2y9s6","id":"1(@)"}
{"time":"2026-03-13T16:22:12.21517789+01:00","level":"INFO","msg":"handleInformInit: received","streamId":"ve7gclqf","id":"1(@)"}
{"time":"2026-03-13T16:22:12.386990419+01:00","level":"INFO","msg":"handleInformInit: stream started","streamId":"ve7gclqf","id":"1(@)"}
{"time":"2026-03-13T16:24:37.271936052+01:00","level":"INFO","msg":"handleInformFinish: finish message received","streamId":"ve7gclqf","id":"1(@)"}
{"time":"2026-03-13T16:24:37.286270799+01:00","level":"INFO","msg":"handleInformFinish: stream closed","streamId":"ve7gclqf","id":"1(@)"}
{"time":"2026-03-13T16:30:29.72044175+01:00","level":"INFO","msg":"handleInformInit: received","streamId":"9c9nqp2o","id":"1(@)"}
{"time":"2026-03-13T16:30:29.845405612+01:00","level":"INFO","msg":"handleInformInit: stream started","streamId":"9c9nqp2o","id":"1(@)"}
{"time":"2026-03-13T16:32:03.244716854+01:00","level":"INFO","msg":"handleInformFinish: finish message received","streamId":"9c9nqp2o","id":"1(@)"}
{"time":"2026-03-13T16:32:03.246705551+01:00","level":"INFO","msg":"handleInformFinish: stream closed","streamId":"9c9nqp2o","id":"1(@)"}
{"time":"2026-03-13T16:37:24.84763479+01:00","level":"INFO","msg":"handleInformInit: received","streamId":"5g4dmu5j","id":"1(@)"}
{"time":"2026-03-13T16:37:24.969433227+01:00","level":"INFO","msg":"handleInformInit: stream started","streamId":"5g4dmu5j","id":"1(@)"}
{"time":"2026-03-13T16:39:00.145732086+01:00","level":"INFO","msg":"handleInformFinish: finish message received","streamId":"5g4dmu5j","id":"1(@)"}
{"time":"2026-03-13T16:39:00.147420818+01:00","level":"INFO","msg":"handleInformFinish: stream closed","streamId":"5g4dmu5j","id":"1(@)"}
{"time":"2026-03-13T16:44:30.888498463+01:00","level":"INFO","msg":"handleInformInit: received","streamId":"kof1ay3o","id":"1(@)"}
{"time":"2026-03-13T16:44:31.010967048+01:00","level":"INFO","msg":"handleInformInit: stream started","streamId":"kof1ay3o","id":"1(@)"}
{"time":"2026-03-13T16:46:29.602102837+01:00","level":"INFO","msg":"handleInformFinish: finish message received","streamId":"kof1ay3o","id":"1(@)"}
{"time":"2026-03-13T16:46:29.603731006+01:00","level":"INFO","msg":"handleInformFinish: stream closed","streamId":"kof1ay3o","id":"1(@)"}
{"time":"2026-03-13T16:51:41.75605344+01:00","level":"INFO","msg":"handleInformInit: received","streamId":"euzvt7xv","id":"1(@)"}
{"time":"2026-03-13T16:51:41.88092534+01:00","level":"INFO","msg":"handleInformInit: stream started","streamId":"euzvt7xv","id":"1(@)"}
{"time":"2026-03-13T16:53:31.332934458+01:00","level":"INFO","msg":"handleInformFinish: finish message received","streamId":"euzvt7xv","id":"1(@)"}
{"time":"2026-03-13T16:53:31.33431337+01:00","level":"INFO","msg":"handleInformFinish: stream closed","streamId":"euzvt7xv","id":"1(@)"}
{"time":"2026-03-13T16:57:24.72486614+01:00","level":"INFO","msg":"handleInformInit: received","streamId":"x1ifg7qf","id":"1(@)"}
{"time":"2026-03-13T16:57:24.863527192+01:00","level":"INFO","msg":"handleInformInit: stream started","streamId":"x1ifg7qf","id":"1(@)"}
{"time":"2026-03-13T16:59:58.343734633+01:00","level":"INFO","msg":"handleInformFinish: finish message received","streamId":"x1ifg7qf","id":"1(@)"}
{"time":"2026-03-13T16:59:58.345583937+01:00","level":"INFO","msg":"handleInformFinish: stream closed","streamId":"x1ifg7qf","id":"1(@)"}
{"time":"2026-03-13T17:02:32.082189824+01:00","level":"INFO","msg":"handleInformInit: received","streamId":"u72hcuhg","id":"1(@)"}
{"time":"2026-03-13T17:02:32.20349848+01:00","level":"INFO","msg":"handleInformInit: stream started","streamId":"u72hcuhg","id":"1(@)"}
{"time":"2026-03-13T17:06:45.22488494+01:00","level":"INFO","msg":"connection: cancelling request","id":"1(@)","requestId":"og8ao3qkdik6"}
{"time":"2026-03-13T17:06:45.226824595+01:00","level":"INFO","msg":"handleInformFinish: finish message received","streamId":"u72hcuhg","id":"1(@)"}
{"time":"2026-03-13T17:06:45.22852034+01:00","level":"INFO","msg":"handleInformFinish: stream closed","streamId":"u72hcuhg","id":"1(@)"}
{"time":"2026-03-13T17:11:21.887129733+01:00","level":"INFO","msg":"handleInformInit: received","streamId":"07fyteyq","id":"1(@)"}
{"time":"2026-03-13T17:11:22.009476806+01:00","level":"INFO","msg":"handleInformInit: stream started","streamId":"07fyteyq","id":"1(@)"}
{"time":"2026-03-13T17:14:24.648193849+01:00","level":"INFO","msg":"handleInformFinish: finish message received","streamId":"07fyteyq","id":"1(@)"}
{"time":"2026-03-13T17:14:24.649786996+01:00","level":"INFO","msg":"handleInformFinish: stream closed","streamId":"07fyteyq","id":"1(@)"}
{"time":"2026-03-13T17:19:01.156908698+01:00","level":"INFO","msg":"handleInformInit: received","streamId":"1pou27yl","id":"1(@)"}
{"time":"2026-03-13T17:19:01.284056723+01:00","level":"INFO","msg":"handleInformInit: stream started","streamId":"1pou27yl","id":"1(@)"}
{"time":"2026-03-13T17:21:49.357831554+01:00","level":"INFO","msg":"handleInformFinish: finish message received","streamId":"1pou27yl","id":"1(@)"}
{"time":"2026-03-13T17:21:49.359764776+01:00","level":"INFO","msg":"handleInformFinish: stream closed","streamId":"1pou27yl","id":"1(@)"}
{"time":"2026-03-13T17:26:24.711473766+01:00","level":"INFO","msg":"handleInformInit: received","streamId":"rk5h2640","id":"1(@)"}
{"time":"2026-03-13T17:26:24.833568489+01:00","level":"INFO","msg":"handleInformInit: stream started","streamId":"rk5h2640","id":"1(@)"}
{"time":"2026-03-13T17:29:15.432333426+01:00","level":"INFO","msg":"handleInformFinish: finish message received","streamId":"rk5h2640","id":"1(@)"}
{"time":"2026-03-13T17:29:15.434052567+01:00","level":"INFO","msg":"handleInformFinish: stream closed","streamId":"rk5h2640","id":"1(@)"}
{"time":"2026-03-13T17:35:29.135596709+01:00","level":"INFO","msg":"handleInformInit: received","streamId":"3265s25n","id":"1(@)"}
{"time":"2026-03-13T17:35:29.257294953+01:00","level":"INFO","msg":"handleInformInit: stream started","streamId":"3265s25n","id":"1(@)"}
{"time":"2026-03-13T17:37:21.464210247+01:00","level":"INFO","msg":"handleInformFinish: finish message received","streamId":"3265s25n","id":"1(@)"}
{"time":"2026-03-13T17:37:21.466083713+01:00","level":"INFO","msg":"handleInformFinish: stream closed","streamId":"3265s25n","id":"1(@)"}
{"time":"2026-03-13T17:37:21.798693659+01:00","level":"INFO","msg":"handleInformTeardown: server teardown initiated","id":"1(@)"}
{"time":"2026-03-13T17:37:21.798741762+01:00","level":"INFO","msg":"handleInformTeardown: server shutdown complete","id":"1(@)"}
{"time":"2026-03-13T17:37:21.798923082+01:00","level":"INFO","msg":"server is shutting down"}
{"time":"2026-03-13T17:37:21.826755505+01:00","level":"INFO","msg":"server: listener closed","addr":{"Name":"/tmp/wandb-1776-1925-2333476632/socket","Net":"unix"}}
{"time":"2026-03-13T17:37:21.798859485+01:00","level":"INFO","msg":"connection: closing","id":"1(@)"}
{"time":"2026-03-13T17:37:21.828639481+01:00","level":"INFO","msg":"connection: closed successfully","id":"1(@)"}
{"time":"2026-03-13T17:37:21.839619495+01:00","level":"INFO","msg":"connection: ManageConnectionData: connection closed","id":"1(@)"}
{"time":"2026-03-13T17:37:21.846354107+01:00","level":"INFO","msg":"server is closed"}
