{"time":"2026-03-13T09:29:06.462995356+01:00","level":"INFO","msg":"main: starting server","port-filename":"/tmp/tmpdj69deez/port-2614678.txt","pid":2614678,"log-level":0,"disable-analytics":false,"shutdown-on-parent-exit":false,"enable-dcgm-profiling":false}
{"time":"2026-03-13T09:29:06.46342729+01:00","level":"INFO","msg":"server: will exit if parent process dies","ppid":2614678}
{"time":"2026-03-13T09:29:06.46342032+01:00","level":"INFO","msg":"server: accepting connections","addr":{"Name":"/tmp/wandb-2614678-2614843-2913870295/socket","Net":"unix"}}
{"time":"2026-03-13T09:29:06.595849281+01:00","level":"INFO","msg":"connection: ManageConnectionData: new connection created","id":"1(@)"}
{"time":"2026-03-13T09:29:06.61853451+01:00","level":"INFO","msg":"handleInformInit: received","streamId":"qa5tkt00","id":"1(@)"}
{"time":"2026-03-13T09:29:06.743238467+01:00","level":"INFO","msg":"handleInformInit: stream started","streamId":"qa5tkt00","id":"1(@)"}
{"time":"2026-03-13T09:52:13.307739244+01:00","level":"INFO","msg":"handleInformFinish: finish message received","streamId":"qa5tkt00","id":"1(@)"}
{"time":"2026-03-13T09:52:13.309343157+01:00","level":"INFO","msg":"handleInformFinish: stream closed","streamId":"qa5tkt00","id":"1(@)"}
{"time":"2026-03-13T09:55:43.093529868+01:00","level":"INFO","msg":"handleInformInit: received","streamId":"hd6t78a0","id":"1(@)"}
{"time":"2026-03-13T09:55:43.21592584+01:00","level":"INFO","msg":"handleInformInit: stream started","streamId":"hd6t78a0","id":"1(@)"}
{"time":"2026-03-13T09:58:49.517514009+01:00","level":"INFO","msg":"handleInformFinish: finish message received","streamId":"hd6t78a0","id":"1(@)"}
{"time":"2026-03-13T09:58:49.524245696+01:00","level":"INFO","msg":"handleInformFinish: stream closed","streamId":"hd6t78a0","id":"1(@)"}
{"time":"2026-03-13T10:03:59.680090046+01:00","level":"INFO","msg":"handleInformInit: received","streamId":"yugv18bh","id":"1(@)"}
{"time":"2026-03-13T10:03:59.801855795+01:00","level":"INFO","msg":"handleInformInit: stream started","streamId":"yugv18bh","id":"1(@)"}
{"time":"2026-03-13T10:05:19.358447508+01:00","level":"INFO","msg":"handleInformFinish: finish message received","streamId":"yugv18bh","id":"1(@)"}
{"time":"2026-03-13T10:05:19.359924627+01:00","level":"INFO","msg":"handleInformFinish: stream closed","streamId":"yugv18bh","id":"1(@)"}
{"time":"2026-03-13T10:08:22.864462091+01:00","level":"INFO","msg":"handleInformInit: received","streamId":"ubayt57j","id":"1(@)"}
{"time":"2026-03-13T10:08:22.985909541+01:00","level":"INFO","msg":"handleInformInit: stream started","streamId":"ubayt57j","id":"1(@)"}
{"time":"2026-03-13T10:13:52.522868622+01:00","level":"INFO","msg":"handleInformFinish: finish message received","streamId":"ubayt57j","id":"1(@)"}
{"time":"2026-03-13T10:13:52.525625909+01:00","level":"INFO","msg":"handleInformFinish: stream closed","streamId":"ubayt57j","id":"1(@)"}
{"time":"2026-03-13T10:13:52.547419029+01:00","level":"INFO","msg":"handleInformTeardown: server teardown initiated","id":"1(@)"}
{"time":"2026-03-13T10:13:52.547455977+01:00","level":"INFO","msg":"handleInformTeardown: server shutdown complete","id":"1(@)"}
{"time":"2026-03-13T10:13:52.547468724+01:00","level":"INFO","msg":"server is shutting down"}
{"time":"2026-03-13T10:13:52.547463293+01:00","level":"INFO","msg":"connection: closing","id":"1(@)"}
{"time":"2026-03-13T10:13:52.547614119+01:00","level":"INFO","msg":"connection: closed successfully","id":"1(@)"}
{"time":"2026-03-13T10:13:52.547624464+01:00","level":"INFO","msg":"connection: ManageConnectionData: connection closed","id":"1(@)"}
{"time":"2026-03-13T10:13:52.547566262+01:00","level":"INFO","msg":"server: listener closed","addr":{"Name":"/tmp/wandb-2614678-2614843-2913870295/socket","Net":"unix"}}
{"time":"2026-03-13T10:13:52.547639712+01:00","level":"INFO","msg":"server is closed"}
