{"time":"2026-03-13T09:28:04.262243394+01:00","level":"INFO","msg":"main: starting server","port-filename":"/tmp/tmp6kvm_shv/port-1916923.txt","pid":1916923,"log-level":0,"disable-analytics":false,"shutdown-on-parent-exit":false,"enable-dcgm-profiling":false}
{"time":"2026-03-13T09:28:04.262790145+01:00","level":"INFO","msg":"server: will exit if parent process dies","ppid":1916923}
{"time":"2026-03-13T09:28:04.26277616+01:00","level":"INFO","msg":"server: accepting connections","addr":{"Name":"/tmp/wandb-1916923-1917100-687277307/socket","Net":"unix"}}
{"time":"2026-03-13T09:28:04.376899205+01:00","level":"INFO","msg":"connection: ManageConnectionData: new connection created","id":"1(@)"}
{"time":"2026-03-13T09:28:04.393717045+01:00","level":"INFO","msg":"handleInformInit: received","streamId":"wg202bss","id":"1(@)"}
{"time":"2026-03-13T09:28:04.517940228+01:00","level":"INFO","msg":"handleInformInit: stream started","streamId":"wg202bss","id":"1(@)"}
{"time":"2026-03-13T09:32:28.123618373+01:00","level":"INFO","msg":"handleInformFinish: finish message received","streamId":"wg202bss","id":"1(@)"}
{"time":"2026-03-13T09:32:28.124971467+01:00","level":"INFO","msg":"handleInformFinish: stream closed","streamId":"wg202bss","id":"1(@)"}
{"time":"2026-03-13T09:38:11.165188172+01:00","level":"INFO","msg":"handleInformInit: received","streamId":"bfc09v4h","id":"1(@)"}
{"time":"2026-03-13T09:38:11.366387563+01:00","level":"INFO","msg":"handleInformInit: stream started","streamId":"bfc09v4h","id":"1(@)"}
{"time":"2026-03-13T09:38:23.556321798+01:00","level":"INFO","msg":"handleInformFinish: finish message received","streamId":"bfc09v4h","id":"1(@)"}
{"time":"2026-03-13T09:38:23.55837007+01:00","level":"INFO","msg":"handleInformFinish: stream closed","streamId":"bfc09v4h","id":"1(@)"}
{"time":"2026-03-13T09:41:49.123442598+01:00","level":"INFO","msg":"handleInformInit: received","streamId":"zy8rjf3v","id":"1(@)"}
{"time":"2026-03-13T09:41:49.244520022+01:00","level":"INFO","msg":"handleInformInit: stream started","streamId":"zy8rjf3v","id":"1(@)"}
{"time":"2026-03-13T09:44:17.82736687+01:00","level":"INFO","msg":"handleInformFinish: finish message received","streamId":"zy8rjf3v","id":"1(@)"}
{"time":"2026-03-13T09:44:17.828823514+01:00","level":"INFO","msg":"handleInformFinish: stream closed","streamId":"zy8rjf3v","id":"1(@)"}
{"time":"2026-03-13T09:48:34.722696033+01:00","level":"INFO","msg":"handleInformInit: received","streamId":"mit722fs","id":"1(@)"}
{"time":"2026-03-13T09:48:34.843374236+01:00","level":"INFO","msg":"handleInformInit: stream started","streamId":"mit722fs","id":"1(@)"}
{"time":"2026-03-13T09:50:41.273310586+01:00","level":"INFO","msg":"handleInformFinish: finish message received","streamId":"mit722fs","id":"1(@)"}
{"time":"2026-03-13T09:50:41.27479289+01:00","level":"INFO","msg":"handleInformFinish: stream closed","streamId":"mit722fs","id":"1(@)"}
{"time":"2026-03-13T09:50:41.298237048+01:00","level":"INFO","msg":"handleInformTeardown: server teardown initiated","id":"1(@)"}
{"time":"2026-03-13T09:50:41.298293804+01:00","level":"INFO","msg":"handleInformTeardown: server shutdown complete","id":"1(@)"}
{"time":"2026-03-13T09:50:41.298313563+01:00","level":"INFO","msg":"server is shutting down"}
{"time":"2026-03-13T09:50:41.298434551+01:00","level":"INFO","msg":"server: listener closed","addr":{"Name":"/tmp/wandb-1916923-1917100-687277307/socket","Net":"unix"}}
{"time":"2026-03-13T09:50:41.298306456+01:00","level":"INFO","msg":"connection: closing","id":"1(@)"}
{"time":"2026-03-13T09:50:41.298485644+01:00","level":"INFO","msg":"connection: closed successfully","id":"1(@)"}
{"time":"2026-03-13T09:50:41.298493838+01:00","level":"INFO","msg":"connection: ManageConnectionData: connection closed","id":"1(@)"}
{"time":"2026-03-13T09:50:41.298501651+01:00","level":"INFO","msg":"server is closed"}
