{"time":"2026-03-13T09:35:04.865349309+01:00","level":"INFO","msg":"main: starting server","port-filename":"/tmp/tmpjasv9409/port-293301.txt","pid":293301,"log-level":0,"disable-analytics":false,"shutdown-on-parent-exit":false,"enable-dcgm-profiling":false}
{"time":"2026-03-13T09:35:04.865788671+01:00","level":"INFO","msg":"server: will exit if parent process dies","ppid":293301}
{"time":"2026-03-13T09:35:04.865789967+01:00","level":"INFO","msg":"server: accepting connections","addr":{"Name":"/tmp/wandb-293301-293487-3579299948/socket","Net":"unix"}}
{"time":"2026-03-13T09:35:05.023042859+01:00","level":"INFO","msg":"connection: ManageConnectionData: new connection created","id":"1(@)"}
{"time":"2026-03-13T09:35:05.05779119+01:00","level":"INFO","msg":"handleInformInit: received","streamId":"113lr6wz","id":"1(@)"}
{"time":"2026-03-13T09:35:05.196907189+01:00","level":"INFO","msg":"handleInformInit: stream started","streamId":"113lr6wz","id":"1(@)"}
{"time":"2026-03-13T09:45:32.209487325+01:00","level":"INFO","msg":"handleInformFinish: finish message received","streamId":"113lr6wz","id":"1(@)"}
{"time":"2026-03-13T09:45:32.211436754+01:00","level":"INFO","msg":"handleInformFinish: stream closed","streamId":"113lr6wz","id":"1(@)"}
{"time":"2026-03-13T09:48:57.633699929+01:00","level":"INFO","msg":"handleInformInit: received","streamId":"kslnqv9w","id":"1(@)"}
{"time":"2026-03-13T09:48:57.754155901+01:00","level":"INFO","msg":"handleInformInit: stream started","streamId":"kslnqv9w","id":"1(@)"}
{"time":"2026-03-13T10:03:25.135385187+01:00","level":"INFO","msg":"handleInformFinish: finish message received","streamId":"kslnqv9w","id":"1(@)"}
{"time":"2026-03-13T10:03:25.137514502+01:00","level":"INFO","msg":"handleInformFinish: stream closed","streamId":"kslnqv9w","id":"1(@)"}
{"time":"2026-03-13T10:07:49.510175642+01:00","level":"INFO","msg":"handleInformInit: received","streamId":"9x31h5uz","id":"1(@)"}
{"time":"2026-03-13T10:07:49.630804645+01:00","level":"INFO","msg":"handleInformInit: stream started","streamId":"9x31h5uz","id":"1(@)"}
{"time":"2026-03-13T10:21:10.819507834+01:00","level":"INFO","msg":"handleInformFinish: finish message received","streamId":"9x31h5uz","id":"1(@)"}
{"time":"2026-03-13T10:21:10.821804521+01:00","level":"INFO","msg":"handleInformFinish: stream closed","streamId":"9x31h5uz","id":"1(@)"}
{"time":"2026-03-13T10:25:02.36730214+01:00","level":"INFO","msg":"handleInformInit: received","streamId":"swkfxmw8","id":"1(@)"}
{"time":"2026-03-13T10:25:02.488791826+01:00","level":"INFO","msg":"handleInformInit: stream started","streamId":"swkfxmw8","id":"1(@)"}
{"time":"2026-03-13T10:38:37.98246641+01:00","level":"INFO","msg":"handleInformFinish: finish message received","streamId":"swkfxmw8","id":"1(@)"}
{"time":"2026-03-13T10:38:37.984157188+01:00","level":"INFO","msg":"handleInformFinish: stream closed","streamId":"swkfxmw8","id":"1(@)"}
{"time":"2026-03-13T10:41:46.50117279+01:00","level":"INFO","msg":"handleInformInit: received","streamId":"dfly83tw","id":"1(@)"}
{"time":"2026-03-13T10:41:46.631167172+01:00","level":"INFO","msg":"handleInformInit: stream started","streamId":"dfly83tw","id":"1(@)"}
{"time":"2026-03-13T10:56:27.587923589+01:00","level":"INFO","msg":"handleInformFinish: finish message received","streamId":"dfly83tw","id":"1(@)"}
{"time":"2026-03-13T10:56:27.596207558+01:00","level":"INFO","msg":"handleInformFinish: stream closed","streamId":"dfly83tw","id":"1(@)"}
{"time":"2026-03-13T11:01:24.534154029+01:00","level":"INFO","msg":"handleInformInit: received","streamId":"wljgnrjk","id":"1(@)"}
{"time":"2026-03-13T11:01:24.660563646+01:00","level":"INFO","msg":"handleInformInit: stream started","streamId":"wljgnrjk","id":"1(@)"}
{"time":"2026-03-13T11:14:20.374752792+01:00","level":"INFO","msg":"handleInformFinish: finish message received","streamId":"wljgnrjk","id":"1(@)"}
{"time":"2026-03-13T11:14:20.376500231+01:00","level":"INFO","msg":"handleInformFinish: stream closed","streamId":"wljgnrjk","id":"1(@)"}
{"time":"2026-03-13T11:20:00.751573489+01:00","level":"INFO","msg":"handleInformInit: received","streamId":"ekksn9h1","id":"1(@)"}
{"time":"2026-03-13T11:20:00.879649203+01:00","level":"INFO","msg":"handleInformInit: stream started","streamId":"ekksn9h1","id":"1(@)"}
{"time":"2026-03-13T11:32:08.622859134+01:00","level":"INFO","msg":"handleInformFinish: finish message received","streamId":"ekksn9h1","id":"1(@)"}
{"time":"2026-03-13T11:32:08.624796567+01:00","level":"INFO","msg":"handleInformFinish: stream closed","streamId":"ekksn9h1","id":"1(@)"}
{"time":"2026-03-13T11:37:47.173660651+01:00","level":"INFO","msg":"handleInformInit: received","streamId":"f261wsy0","id":"1(@)"}
{"time":"2026-03-13T11:37:47.301937603+01:00","level":"INFO","msg":"handleInformInit: stream started","streamId":"f261wsy0","id":"1(@)"}
{"time":"2026-03-13T11:49:11.392187432+01:00","level":"INFO","msg":"handleInformFinish: finish message received","streamId":"f261wsy0","id":"1(@)"}
{"time":"2026-03-13T11:49:11.398116612+01:00","level":"INFO","msg":"handleInformFinish: stream closed","streamId":"f261wsy0","id":"1(@)"}
{"time":"2026-03-13T11:54:11.97693802+01:00","level":"INFO","msg":"handleInformInit: received","streamId":"jat3mc9q","id":"1(@)"}
{"time":"2026-03-13T11:54:12.105041699+01:00","level":"INFO","msg":"handleInformInit: stream started","streamId":"jat3mc9q","id":"1(@)"}
{"time":"2026-03-13T12:06:19.329291236+01:00","level":"INFO","msg":"handleInformFinish: finish message received","streamId":"jat3mc9q","id":"1(@)"}
{"time":"2026-03-13T12:06:19.331868852+01:00","level":"INFO","msg":"handleInformFinish: stream closed","streamId":"jat3mc9q","id":"1(@)"}
{"time":"2026-03-13T12:12:09.681349194+01:00","level":"INFO","msg":"handleInformInit: received","streamId":"80jodgew","id":"1(@)"}
{"time":"2026-03-13T12:12:09.810075422+01:00","level":"INFO","msg":"handleInformInit: stream started","streamId":"80jodgew","id":"1(@)"}
{"time":"2026-03-13T12:24:16.751690124+01:00","level":"INFO","msg":"handleInformFinish: finish message received","streamId":"80jodgew","id":"1(@)"}
{"time":"2026-03-13T12:24:16.753519539+01:00","level":"INFO","msg":"handleInformFinish: stream closed","streamId":"80jodgew","id":"1(@)"}
{"time":"2026-03-13T12:29:29.417602349+01:00","level":"INFO","msg":"handleInformInit: received","streamId":"sw9z3mig","id":"1(@)"}
{"time":"2026-03-13T12:29:29.543373131+01:00","level":"INFO","msg":"handleInformInit: stream started","streamId":"sw9z3mig","id":"1(@)"}
{"time":"2026-03-13T12:41:38.036764149+01:00","level":"INFO","msg":"handleInformFinish: finish message received","streamId":"sw9z3mig","id":"1(@)"}
{"time":"2026-03-13T12:41:38.038386669+01:00","level":"INFO","msg":"handleInformFinish: stream closed","streamId":"sw9z3mig","id":"1(@)"}
{"time":"2026-03-13T12:45:08.783465565+01:00","level":"INFO","msg":"handleInformInit: received","streamId":"jp0xnqxv","id":"1(@)"}
{"time":"2026-03-13T12:45:08.912380572+01:00","level":"INFO","msg":"handleInformInit: stream started","streamId":"jp0xnqxv","id":"1(@)"}
{"time":"2026-03-13T12:59:27.092351506+01:00","level":"INFO","msg":"handleInformFinish: finish message received","streamId":"jp0xnqxv","id":"1(@)"}
{"time":"2026-03-13T12:59:27.094223225+01:00","level":"INFO","msg":"handleInformFinish: stream closed","streamId":"jp0xnqxv","id":"1(@)"}
{"time":"2026-03-13T13:05:19.785586807+01:00","level":"INFO","msg":"handleInformInit: received","streamId":"adph2ben","id":"1(@)"}
{"time":"2026-03-13T13:05:19.917106249+01:00","level":"INFO","msg":"handleInformInit: stream started","streamId":"adph2ben","id":"1(@)"}
{"time":"2026-03-13T13:16:58.286607902+01:00","level":"INFO","msg":"handleInformFinish: finish message received","streamId":"adph2ben","id":"1(@)"}
{"time":"2026-03-13T13:16:58.300964724+01:00","level":"INFO","msg":"handleInformFinish: stream closed","streamId":"adph2ben","id":"1(@)"}
{"time":"2026-03-13T13:22:44.231542966+01:00","level":"INFO","msg":"handleInformInit: received","streamId":"hj1yhdeo","id":"1(@)"}
{"time":"2026-03-13T13:22:44.355111334+01:00","level":"INFO","msg":"handleInformInit: stream started","streamId":"hj1yhdeo","id":"1(@)"}
{"time":"2026-03-13T13:23:20.745178104+01:00","level":"INFO","msg":"handleInformFinish: finish message received","streamId":"hj1yhdeo","id":"1(@)"}
{"time":"2026-03-13T13:23:20.747052484+01:00","level":"INFO","msg":"handleInformFinish: stream closed","streamId":"hj1yhdeo","id":"1(@)"}
{"time":"2026-03-13T13:28:25.29268789+01:00","level":"INFO","msg":"handleInformInit: received","streamId":"1e4mbt6a","id":"1(@)"}
{"time":"2026-03-13T13:28:25.418183813+01:00","level":"INFO","msg":"handleInformInit: stream started","streamId":"1e4mbt6a","id":"1(@)"}
{"time":"2026-03-13T13:29:52.146039647+01:00","level":"INFO","msg":"handleInformFinish: finish message received","streamId":"1e4mbt6a","id":"1(@)"}
{"time":"2026-03-13T13:29:52.147453745+01:00","level":"INFO","msg":"handleInformFinish: stream closed","streamId":"1e4mbt6a","id":"1(@)"}
{"time":"2026-03-13T13:33:16.281674672+01:00","level":"INFO","msg":"handleInformInit: received","streamId":"ylaowtha","id":"1(@)"}
{"time":"2026-03-13T13:33:16.406978987+01:00","level":"INFO","msg":"handleInformInit: stream started","streamId":"ylaowtha","id":"1(@)"}
{"time":"2026-03-13T13:35:47.423963408+01:00","level":"INFO","msg":"handleInformFinish: finish message received","streamId":"ylaowtha","id":"1(@)"}
{"time":"2026-03-13T13:35:47.425811333+01:00","level":"INFO","msg":"handleInformFinish: stream closed","streamId":"ylaowtha","id":"1(@)"}
{"time":"2026-03-13T13:41:08.78962794+01:00","level":"INFO","msg":"handleInformInit: received","streamId":"d115awmv","id":"1(@)"}
{"time":"2026-03-13T13:41:08.91526841+01:00","level":"INFO","msg":"handleInformInit: stream started","streamId":"d115awmv","id":"1(@)"}
{"time":"2026-03-13T13:42:35.90647681+01:00","level":"INFO","msg":"connection: cancelling request","id":"1(@)","requestId":"bpzciltjznb0"}
{"time":"2026-03-13T13:42:36.139539538+01:00","level":"INFO","msg":"handleInformFinish: finish message received","streamId":"d115awmv","id":"1(@)"}
{"time":"2026-03-13T13:42:36.145631244+01:00","level":"INFO","msg":"handleInformFinish: stream closed","streamId":"d115awmv","id":"1(@)"}
{"time":"2026-03-13T13:47:44.041346711+01:00","level":"INFO","msg":"handleInformInit: received","streamId":"qugkjci3","id":"1(@)"}
{"time":"2026-03-13T13:47:46.490232427+01:00","level":"INFO","msg":"handleInformInit: stream started","streamId":"qugkjci3","id":"1(@)"}
{"time":"2026-03-13T13:48:33.084595363+01:00","level":"INFO","msg":"handleInformFinish: finish message received","streamId":"qugkjci3","id":"1(@)"}
{"time":"2026-03-13T13:48:33.086091513+01:00","level":"INFO","msg":"handleInformFinish: stream closed","streamId":"qugkjci3","id":"1(@)"}
{"time":"2026-03-13T13:53:05.033818044+01:00","level":"INFO","msg":"handleInformInit: received","streamId":"tqi0weww","id":"1(@)"}
{"time":"2026-03-13T13:53:05.17828695+01:00","level":"INFO","msg":"handleInformInit: stream started","streamId":"tqi0weww","id":"1(@)"}
{"time":"2026-03-13T13:55:02.05422777+01:00","level":"INFO","msg":"handleInformFinish: finish message received","streamId":"tqi0weww","id":"1(@)"}
{"time":"2026-03-13T13:55:02.056161983+01:00","level":"INFO","msg":"handleInformFinish: stream closed","streamId":"tqi0weww","id":"1(@)"}
{"time":"2026-03-13T13:58:42.373006939+01:00","level":"INFO","msg":"handleInformInit: received","streamId":"bbk71br5","id":"1(@)"}
{"time":"2026-03-13T13:58:42.548512069+01:00","level":"INFO","msg":"handleInformInit: stream started","streamId":"bbk71br5","id":"1(@)"}
{"time":"2026-03-13T14:01:12.375272175+01:00","level":"INFO","msg":"handleInformFinish: finish message received","streamId":"bbk71br5","id":"1(@)"}
{"time":"2026-03-13T14:01:12.37726526+01:00","level":"INFO","msg":"handleInformFinish: stream closed","streamId":"bbk71br5","id":"1(@)"}
{"time":"2026-03-13T14:04:51.167426813+01:00","level":"INFO","msg":"handleInformInit: received","streamId":"de4j33rc","id":"1(@)"}
{"time":"2026-03-13T14:04:51.293152144+01:00","level":"INFO","msg":"handleInformInit: stream started","streamId":"de4j33rc","id":"1(@)"}
{"time":"2026-03-13T14:07:24.794695606+01:00","level":"INFO","msg":"handleInformFinish: finish message received","streamId":"de4j33rc","id":"1(@)"}
{"time":"2026-03-13T14:07:24.796193174+01:00","level":"INFO","msg":"handleInformFinish: stream closed","streamId":"de4j33rc","id":"1(@)"}
{"time":"2026-03-13T14:12:27.110049075+01:00","level":"INFO","msg":"handleInformInit: received","streamId":"wic281u3","id":"1(@)"}
{"time":"2026-03-13T14:12:27.23370178+01:00","level":"INFO","msg":"handleInformInit: stream started","streamId":"wic281u3","id":"1(@)"}
{"time":"2026-03-13T14:13:46.042793044+01:00","level":"INFO","msg":"handleInformFinish: finish message received","streamId":"wic281u3","id":"1(@)"}
{"time":"2026-03-13T14:13:46.044382131+01:00","level":"INFO","msg":"handleInformFinish: stream closed","streamId":"wic281u3","id":"1(@)"}
{"time":"2026-03-13T14:18:15.263359107+01:00","level":"INFO","msg":"handleInformInit: received","streamId":"0mwu0wol","id":"1(@)"}
{"time":"2026-03-13T14:18:15.389772582+01:00","level":"INFO","msg":"handleInformInit: stream started","streamId":"0mwu0wol","id":"1(@)"}
{"time":"2026-03-13T14:20:10.718327154+01:00","level":"INFO","msg":"connection: cancelling request","id":"1(@)","requestId":"huubyqqxskvl"}
{"time":"2026-03-13T14:20:10.720378494+01:00","level":"INFO","msg":"handleInformFinish: finish message received","streamId":"0mwu0wol","id":"1(@)"}
{"time":"2026-03-13T14:20:10.722020918+01:00","level":"INFO","msg":"handleInformFinish: stream closed","streamId":"0mwu0wol","id":"1(@)"}
{"time":"2026-03-13T14:24:53.158158408+01:00","level":"INFO","msg":"handleInformInit: received","streamId":"2bf0r8by","id":"1(@)"}
{"time":"2026-03-13T14:24:53.287606248+01:00","level":"INFO","msg":"handleInformInit: stream started","streamId":"2bf0r8by","id":"1(@)"}
{"time":"2026-03-13T14:26:30.261806761+01:00","level":"INFO","msg":"connection: cancelling request","id":"1(@)","requestId":"om8h713e06ql"}
{"time":"2026-03-13T14:26:30.263883155+01:00","level":"INFO","msg":"handleInformFinish: finish message received","streamId":"2bf0r8by","id":"1(@)"}
{"time":"2026-03-13T14:26:30.265678761+01:00","level":"INFO","msg":"handleInformFinish: stream closed","streamId":"2bf0r8by","id":"1(@)"}
{"time":"2026-03-13T14:31:30.461406513+01:00","level":"INFO","msg":"handleInformInit: received","streamId":"rp3k1atp","id":"1(@)"}
{"time":"2026-03-13T14:31:30.587855764+01:00","level":"INFO","msg":"handleInformInit: stream started","streamId":"rp3k1atp","id":"1(@)"}
{"time":"2026-03-13T14:32:56.737962469+01:00","level":"INFO","msg":"handleInformFinish: finish message received","streamId":"rp3k1atp","id":"1(@)"}
{"time":"2026-03-13T14:32:56.740574937+01:00","level":"INFO","msg":"handleInformFinish: stream closed","streamId":"rp3k1atp","id":"1(@)"}
{"time":"2026-03-13T14:35:42.179102972+01:00","level":"INFO","msg":"handleInformInit: received","streamId":"32lvf3ci","id":"1(@)"}
{"time":"2026-03-13T14:35:42.302114311+01:00","level":"INFO","msg":"handleInformInit: stream started","streamId":"32lvf3ci","id":"1(@)"}
{"time":"2026-03-13T14:39:16.336463305+01:00","level":"INFO","msg":"connection: cancelling request","id":"1(@)","requestId":"9e9qhgu6ojv5"}
{"time":"2026-03-13T14:39:16.338380698+01:00","level":"INFO","msg":"handleInformFinish: finish message received","streamId":"32lvf3ci","id":"1(@)"}
{"time":"2026-03-13T14:39:16.340098558+01:00","level":"INFO","msg":"handleInformFinish: stream closed","streamId":"32lvf3ci","id":"1(@)"}
{"time":"2026-03-13T14:43:59.074323419+01:00","level":"INFO","msg":"handleInformInit: received","streamId":"07b2jrol","id":"1(@)"}
{"time":"2026-03-13T14:43:59.203404744+01:00","level":"INFO","msg":"handleInformInit: stream started","streamId":"07b2jrol","id":"1(@)"}
{"time":"2026-03-13T14:45:02.944165206+01:00","level":"INFO","msg":"handleInformFinish: finish message received","streamId":"07b2jrol","id":"1(@)"}
{"time":"2026-03-13T14:45:02.945976539+01:00","level":"INFO","msg":"handleInformFinish: stream closed","streamId":"07b2jrol","id":"1(@)"}
{"time":"2026-03-13T14:48:36.864397914+01:00","level":"INFO","msg":"handleInformInit: received","streamId":"cgtipi33","id":"1(@)"}
{"time":"2026-03-13T14:48:36.986560508+01:00","level":"INFO","msg":"handleInformInit: stream started","streamId":"cgtipi33","id":"1(@)"}
{"time":"2026-03-13T14:50:52.674803381+01:00","level":"INFO","msg":"handleInformFinish: finish message received","streamId":"cgtipi33","id":"1(@)"}
{"time":"2026-03-13T14:50:52.67661655+01:00","level":"INFO","msg":"handleInformFinish: stream closed","streamId":"cgtipi33","id":"1(@)"}
{"time":"2026-03-13T14:55:35.284681925+01:00","level":"INFO","msg":"handleInformInit: received","streamId":"k0sn5o52","id":"1(@)"}
{"time":"2026-03-13T14:55:35.446943654+01:00","level":"INFO","msg":"handleInformInit: stream started","streamId":"k0sn5o52","id":"1(@)"}
{"time":"2026-03-13T14:56:36.909091968+01:00","level":"INFO","msg":"handleInformFinish: finish message received","streamId":"k0sn5o52","id":"1(@)"}
{"time":"2026-03-13T14:56:36.910615795+01:00","level":"INFO","msg":"handleInformFinish: stream closed","streamId":"k0sn5o52","id":"1(@)"}
{"time":"2026-03-13T15:00:43.50175077+01:00","level":"INFO","msg":"handleInformInit: received","streamId":"fhipe921","id":"1(@)"}
{"time":"2026-03-13T15:00:43.623471395+01:00","level":"INFO","msg":"handleInformInit: stream started","streamId":"fhipe921","id":"1(@)"}
{"time":"2026-03-13T15:03:10.08422503+01:00","level":"INFO","msg":"handleInformFinish: finish message received","streamId":"fhipe921","id":"1(@)"}
{"time":"2026-03-13T15:03:10.086323454+01:00","level":"INFO","msg":"handleInformFinish: stream closed","streamId":"fhipe921","id":"1(@)"}
{"time":"2026-03-13T15:07:06.766242576+01:00","level":"INFO","msg":"handleInformInit: received","streamId":"y9avjlo2","id":"1(@)"}
{"time":"2026-03-13T15:07:06.891031646+01:00","level":"INFO","msg":"handleInformInit: stream started","streamId":"y9avjlo2","id":"1(@)"}
{"time":"2026-03-13T15:09:40.585717761+01:00","level":"INFO","msg":"handleInformFinish: finish message received","streamId":"y9avjlo2","id":"1(@)"}
{"time":"2026-03-13T15:09:40.587175483+01:00","level":"INFO","msg":"handleInformFinish: stream closed","streamId":"y9avjlo2","id":"1(@)"}
{"time":"2026-03-13T15:15:12.990324631+01:00","level":"INFO","msg":"handleInformInit: received","streamId":"mkey50ij","id":"1(@)"}
{"time":"2026-03-13T15:15:13.112774417+01:00","level":"INFO","msg":"handleInformInit: stream started","streamId":"mkey50ij","id":"1(@)"}
{"time":"2026-03-13T15:15:41.345094572+01:00","level":"INFO","msg":"handleInformFinish: finish message received","streamId":"mkey50ij","id":"1(@)"}
{"time":"2026-03-13T15:15:41.346606134+01:00","level":"INFO","msg":"handleInformFinish: stream closed","streamId":"mkey50ij","id":"1(@)"}
{"time":"2026-03-13T15:20:37.363339971+01:00","level":"INFO","msg":"handleInformInit: received","streamId":"kuzqgdrc","id":"1(@)"}
{"time":"2026-03-13T15:20:37.49046972+01:00","level":"INFO","msg":"handleInformInit: stream started","streamId":"kuzqgdrc","id":"1(@)"}
{"time":"2026-03-13T15:21:35.404688572+01:00","level":"INFO","msg":"handleInformFinish: finish message received","streamId":"kuzqgdrc","id":"1(@)"}
{"time":"2026-03-13T15:21:35.406243583+01:00","level":"INFO","msg":"handleInformFinish: stream closed","streamId":"kuzqgdrc","id":"1(@)"}
{"time":"2026-03-13T15:27:19.456355696+01:00","level":"INFO","msg":"handleInformInit: received","streamId":"olbpokr5","id":"1(@)"}
{"time":"2026-03-13T15:27:19.57820347+01:00","level":"INFO","msg":"handleInformInit: stream started","streamId":"olbpokr5","id":"1(@)"}
{"time":"2026-03-13T15:27:55.704365185+01:00","level":"INFO","msg":"handleInformFinish: finish message received","streamId":"olbpokr5","id":"1(@)"}
{"time":"2026-03-13T15:27:55.705748288+01:00","level":"INFO","msg":"handleInformFinish: stream closed","streamId":"olbpokr5","id":"1(@)"}
{"time":"2026-03-13T15:33:45.353072768+01:00","level":"INFO","msg":"handleInformInit: received","streamId":"f1g4p360","id":"1(@)"}
{"time":"2026-03-13T15:33:45.475210221+01:00","level":"INFO","msg":"handleInformInit: stream started","streamId":"f1g4p360","id":"1(@)"}
{"time":"2026-03-13T15:34:13.131723243+01:00","level":"INFO","msg":"handleInformFinish: finish message received","streamId":"f1g4p360","id":"1(@)"}
{"time":"2026-03-13T15:34:13.133278285+01:00","level":"INFO","msg":"handleInformFinish: stream closed","streamId":"f1g4p360","id":"1(@)"}
{"time":"2026-03-13T15:38:57.431448053+01:00","level":"INFO","msg":"handleInformInit: received","streamId":"43nwjky8","id":"1(@)"}
{"time":"2026-03-13T15:38:57.554611107+01:00","level":"INFO","msg":"handleInformInit: stream started","streamId":"43nwjky8","id":"1(@)"}
{"time":"2026-03-13T15:40:24.783590707+01:00","level":"INFO","msg":"connection: cancelling request","id":"1(@)","requestId":"6t2945igw6f4"}
{"time":"2026-03-13T15:40:24.785357255+01:00","level":"INFO","msg":"handleInformFinish: finish message received","streamId":"43nwjky8","id":"1(@)"}
{"time":"2026-03-13T15:40:24.787668443+01:00","level":"INFO","msg":"handleInformFinish: stream closed","streamId":"43nwjky8","id":"1(@)"}
{"time":"2026-03-13T15:45:21.061269124+01:00","level":"INFO","msg":"handleInformInit: received","streamId":"gqxjt8z6","id":"1(@)"}
{"time":"2026-03-13T15:45:21.185974607+01:00","level":"INFO","msg":"handleInformInit: stream started","streamId":"gqxjt8z6","id":"1(@)"}
{"time":"2026-03-13T15:46:42.368899745+01:00","level":"INFO","msg":"handleInformFinish: finish message received","streamId":"gqxjt8z6","id":"1(@)"}
{"time":"2026-03-13T15:46:42.370968287+01:00","level":"INFO","msg":"handleInformFinish: stream closed","streamId":"gqxjt8z6","id":"1(@)"}
{"time":"2026-03-13T15:52:10.943285781+01:00","level":"INFO","msg":"handleInformInit: received","streamId":"0hw7dvvo","id":"1(@)"}
{"time":"2026-03-13T15:52:11.070011709+01:00","level":"INFO","msg":"handleInformInit: stream started","streamId":"0hw7dvvo","id":"1(@)"}
{"time":"2026-03-13T15:53:12.635677474+01:00","level":"INFO","msg":"handleInformFinish: finish message received","streamId":"0hw7dvvo","id":"1(@)"}
{"time":"2026-03-13T15:53:12.6372804+01:00","level":"INFO","msg":"handleInformFinish: stream closed","streamId":"0hw7dvvo","id":"1(@)"}
{"time":"2026-03-13T15:58:33.206868779+01:00","level":"INFO","msg":"handleInformInit: received","streamId":"eo4lnm9g","id":"1(@)"}
{"time":"2026-03-13T15:58:33.330956169+01:00","level":"INFO","msg":"handleInformInit: stream started","streamId":"eo4lnm9g","id":"1(@)"}
{"time":"2026-03-13T16:00:22.457685094+01:00","level":"INFO","msg":"handleInformFinish: finish message received","streamId":"eo4lnm9g","id":"1(@)"}
{"time":"2026-03-13T16:00:22.45890154+01:00","level":"INFO","msg":"handleInformFinish: stream closed","streamId":"eo4lnm9g","id":"1(@)"}
{"time":"2026-03-13T16:05:54.826606723+01:00","level":"INFO","msg":"handleInformInit: received","streamId":"d1ihx4vr","id":"1(@)"}
{"time":"2026-03-13T16:05:54.950955872+01:00","level":"INFO","msg":"handleInformInit: stream started","streamId":"d1ihx4vr","id":"1(@)"}
{"time":"2026-03-13T16:07:20.106757233+01:00","level":"INFO","msg":"handleInformFinish: finish message received","streamId":"d1ihx4vr","id":"1(@)"}
{"time":"2026-03-13T16:07:20.108163117+01:00","level":"INFO","msg":"handleInformFinish: stream closed","streamId":"d1ihx4vr","id":"1(@)"}
{"time":"2026-03-13T16:12:33.591052813+01:00","level":"INFO","msg":"handleInformInit: received","streamId":"g8z3xqxw","id":"1(@)"}
{"time":"2026-03-13T16:12:33.724514487+01:00","level":"INFO","msg":"handleInformInit: stream started","streamId":"g8z3xqxw","id":"1(@)"}
{"time":"2026-03-13T16:14:26.072329004+01:00","level":"INFO","msg":"connection: cancelling request","id":"1(@)","requestId":"v7swq4kfj68f"}
{"time":"2026-03-13T16:14:26.074349989+01:00","level":"INFO","msg":"handleInformFinish: finish message received","streamId":"g8z3xqxw","id":"1(@)"}
{"time":"2026-03-13T16:14:26.075533754+01:00","level":"INFO","msg":"handleInformFinish: stream closed","streamId":"g8z3xqxw","id":"1(@)"}
{"time":"2026-03-13T16:18:59.189491203+01:00","level":"INFO","msg":"handleInformInit: received","streamId":"metv82tb","id":"1(@)"}
{"time":"2026-03-13T16:18:59.311909274+01:00","level":"INFO","msg":"handleInformInit: stream started","streamId":"metv82tb","id":"1(@)"}
{"time":"2026-03-13T16:21:38.484661669+01:00","level":"INFO","msg":"handleInformFinish: finish message received","streamId":"metv82tb","id":"1(@)"}
{"time":"2026-03-13T16:21:38.486710709+01:00","level":"INFO","msg":"handleInformFinish: stream closed","streamId":"metv82tb","id":"1(@)"}
{"time":"2026-03-13T16:25:35.905503276+01:00","level":"INFO","msg":"handleInformInit: received","streamId":"sojkqmbm","id":"1(@)"}
{"time":"2026-03-13T16:25:36.028467536+01:00","level":"INFO","msg":"handleInformInit: stream started","streamId":"sojkqmbm","id":"1(@)"}
{"time":"2026-03-13T16:28:58.096137786+01:00","level":"INFO","msg":"handleInformFinish: finish message received","streamId":"sojkqmbm","id":"1(@)"}
{"time":"2026-03-13T16:28:58.098184445+01:00","level":"INFO","msg":"handleInformFinish: stream closed","streamId":"sojkqmbm","id":"1(@)"}
{"time":"2026-03-13T16:33:22.893319734+01:00","level":"INFO","msg":"handleInformInit: received","streamId":"p49dw373","id":"1(@)"}
{"time":"2026-03-13T16:33:23.020331123+01:00","level":"INFO","msg":"handleInformInit: stream started","streamId":"p49dw373","id":"1(@)"}
{"time":"2026-03-13T16:35:33.325645782+01:00","level":"INFO","msg":"handleInformFinish: finish message received","streamId":"p49dw373","id":"1(@)"}
{"time":"2026-03-13T16:35:33.328125249+01:00","level":"INFO","msg":"handleInformFinish: stream closed","streamId":"p49dw373","id":"1(@)"}
{"time":"2026-03-13T16:38:09.411722774+01:00","level":"INFO","msg":"handleInformInit: received","streamId":"mp7bcaef","id":"1(@)"}
{"time":"2026-03-13T16:38:09.540924247+01:00","level":"INFO","msg":"handleInformInit: stream started","streamId":"mp7bcaef","id":"1(@)"}
{"time":"2026-03-13T16:43:01.267120842+01:00","level":"INFO","msg":"handleInformFinish: finish message received","streamId":"mp7bcaef","id":"1(@)"}
{"time":"2026-03-13T16:43:01.269144762+01:00","level":"INFO","msg":"handleInformFinish: stream closed","streamId":"mp7bcaef","id":"1(@)"}
{"time":"2026-03-13T16:47:31.244547671+01:00","level":"INFO","msg":"handleInformInit: received","streamId":"tie2a94g","id":"1(@)"}
{"time":"2026-03-13T16:47:31.366185357+01:00","level":"INFO","msg":"handleInformInit: stream started","streamId":"tie2a94g","id":"1(@)"}
{"time":"2026-03-13T16:50:20.818135713+01:00","level":"INFO","msg":"connection: cancelling request","id":"1(@)","requestId":"duqskkffmwfb"}
{"time":"2026-03-13T16:50:20.820128071+01:00","level":"INFO","msg":"handleInformFinish: finish message received","streamId":"tie2a94g","id":"1(@)"}
{"time":"2026-03-13T16:50:20.821698777+01:00","level":"INFO","msg":"handleInformFinish: stream closed","streamId":"tie2a94g","id":"1(@)"}
{"time":"2026-03-13T16:55:09.362431788+01:00","level":"INFO","msg":"handleInformInit: received","streamId":"00jb2ivx","id":"1(@)"}
{"time":"2026-03-13T16:55:09.483939058+01:00","level":"INFO","msg":"handleInformInit: stream started","streamId":"00jb2ivx","id":"1(@)"}
{"time":"2026-03-13T16:57:18.461264073+01:00","level":"INFO","msg":"handleInformFinish: finish message received","streamId":"00jb2ivx","id":"1(@)"}
{"time":"2026-03-13T16:57:18.463100531+01:00","level":"INFO","msg":"handleInformFinish: stream closed","streamId":"00jb2ivx","id":"1(@)"}
{"time":"2026-03-13T17:03:01.531628448+01:00","level":"INFO","msg":"handleInformInit: received","streamId":"6ldhuwei","id":"1(@)"}
{"time":"2026-03-13T17:03:01.658215636+01:00","level":"INFO","msg":"handleInformInit: stream started","streamId":"6ldhuwei","id":"1(@)"}
{"time":"2026-03-13T17:04:34.121244908+01:00","level":"INFO","msg":"handleInformFinish: finish message received","streamId":"6ldhuwei","id":"1(@)"}
{"time":"2026-03-13T17:04:34.123142168+01:00","level":"INFO","msg":"handleInformFinish: stream closed","streamId":"6ldhuwei","id":"1(@)"}
{"time":"2026-03-13T17:09:25.860447001+01:00","level":"INFO","msg":"handleInformInit: received","streamId":"5hrzoajn","id":"1(@)"}
{"time":"2026-03-13T17:09:25.98174661+01:00","level":"INFO","msg":"handleInformInit: stream started","streamId":"5hrzoajn","id":"1(@)"}
{"time":"2026-03-13T17:11:18.588266685+01:00","level":"INFO","msg":"handleInformFinish: finish message received","streamId":"5hrzoajn","id":"1(@)"}
{"time":"2026-03-13T17:11:18.589738934+01:00","level":"INFO","msg":"handleInformFinish: stream closed","streamId":"5hrzoajn","id":"1(@)"}
{"time":"2026-03-13T17:17:27.431903746+01:00","level":"INFO","msg":"handleInformInit: received","streamId":"mggvj60d","id":"1(@)"}
{"time":"2026-03-13T17:17:27.60332351+01:00","level":"INFO","msg":"handleInformInit: stream started","streamId":"mggvj60d","id":"1(@)"}
{"time":"2026-03-13T17:19:11.512603266+01:00","level":"INFO","msg":"handleInformFinish: finish message received","streamId":"mggvj60d","id":"1(@)"}
{"time":"2026-03-13T17:19:11.513930313+01:00","level":"INFO","msg":"handleInformFinish: stream closed","streamId":"mggvj60d","id":"1(@)"}
{"time":"2026-03-13T17:24:06.862690718+01:00","level":"INFO","msg":"handleInformInit: received","streamId":"vdfifpfd","id":"1(@)"}
{"time":"2026-03-13T17:24:06.986143645+01:00","level":"INFO","msg":"handleInformInit: stream started","streamId":"vdfifpfd","id":"1(@)"}
{"time":"2026-03-13T17:26:36.362356978+01:00","level":"INFO","msg":"handleInformFinish: finish message received","streamId":"vdfifpfd","id":"1(@)"}
{"time":"2026-03-13T17:26:36.364559035+01:00","level":"INFO","msg":"handleInformFinish: stream closed","streamId":"vdfifpfd","id":"1(@)"}
{"time":"2026-03-13T17:29:40.325009193+01:00","level":"INFO","msg":"handleInformInit: received","streamId":"vcijjsgx","id":"1(@)"}
{"time":"2026-03-13T17:29:40.446823402+01:00","level":"INFO","msg":"handleInformInit: stream started","streamId":"vcijjsgx","id":"1(@)"}
{"time":"2026-03-13T17:33:30.330984083+01:00","level":"INFO","msg":"handleInformFinish: finish message received","streamId":"vcijjsgx","id":"1(@)"}
{"time":"2026-03-13T17:33:30.332474148+01:00","level":"INFO","msg":"handleInformFinish: stream closed","streamId":"vcijjsgx","id":"1(@)"}
{"time":"2026-03-13T17:33:30.359360947+01:00","level":"INFO","msg":"handleInformTeardown: server teardown initiated","id":"1(@)"}
{"time":"2026-03-13T17:33:30.359404921+01:00","level":"INFO","msg":"handleInformTeardown: server shutdown complete","id":"1(@)"}
{"time":"2026-03-13T17:33:30.359418545+01:00","level":"INFO","msg":"connection: closing","id":"1(@)"}
{"time":"2026-03-13T17:33:30.359490921+01:00","level":"INFO","msg":"server is shutting down"}
{"time":"2026-03-13T17:33:30.360147373+01:00","level":"INFO","msg":"connection: closed successfully","id":"1(@)"}
{"time":"2026-03-13T17:33:30.360602774+01:00","level":"INFO","msg":"connection: ManageConnectionData: connection closed","id":"1(@)"}
{"time":"2026-03-13T17:33:30.360991682+01:00","level":"INFO","msg":"server: listener closed","addr":{"Name":"/tmp/wandb-293301-293487-3579299948/socket","Net":"unix"}}
{"time":"2026-03-13T17:33:30.361523466+01:00","level":"INFO","msg":"server is closed"}
