{"time":"2026-03-13T09:34:25.798652617+01:00","level":"INFO","msg":"main: starting server","port-filename":"/tmp/tmplex7zyk4/port-2661056.txt","pid":2661056,"log-level":0,"disable-analytics":false,"shutdown-on-parent-exit":false,"enable-dcgm-profiling":false}
{"time":"2026-03-13T09:34:25.799090528+01:00","level":"INFO","msg":"server: will exit if parent process dies","ppid":2661056}
{"time":"2026-03-13T09:34:25.79908828+01:00","level":"INFO","msg":"server: accepting connections","addr":{"Name":"/tmp/wandb-2661056-2661210-3530527910/socket","Net":"unix"}}
{"time":"2026-03-13T09:34:25.799505606+01:00","level":"INFO","msg":"main: starting server","port-filename":"/tmp/tmpp1jk9oex/port-1805202.txt","pid":1805202,"log-level":0,"disable-analytics":false,"shutdown-on-parent-exit":false,"enable-dcgm-profiling":false}
{"time":"2026-03-13T09:34:25.800898419+01:00","level":"INFO","msg":"server: will exit if parent process dies","ppid":1805202}
{"time":"2026-03-13T09:34:25.800889966+01:00","level":"INFO","msg":"server: accepting connections","addr":{"Name":"/tmp/wandb-1805202-1805377-1599136485/socket","Net":"unix"}}
{"time":"2026-03-13T09:34:25.900897948+01:00","level":"INFO","msg":"connection: ManageConnectionData: new connection created","id":"1(@)"}
{"time":"2026-03-13T09:34:25.90064636+01:00","level":"INFO","msg":"connection: ManageConnectionData: new connection created","id":"1(@)"}
{"time":"2026-03-13T09:34:25.93307322+01:00","level":"INFO","msg":"handleInformInit: received","streamId":"5276nyvh","id":"1(@)"}
{"time":"2026-03-13T09:34:25.933093319+01:00","level":"INFO","msg":"handleInformInit: received","streamId":"muek7lwn","id":"1(@)"}
{"time":"2026-03-13T09:34:26.070650888+01:00","level":"INFO","msg":"handleInformInit: stream started","streamId":"muek7lwn","id":"1(@)"}
{"time":"2026-03-13T09:34:26.071028308+01:00","level":"INFO","msg":"handleInformInit: stream started","streamId":"5276nyvh","id":"1(@)"}
{"time":"2026-03-13T09:44:56.261450294+01:00","level":"INFO","msg":"handleInformFinish: finish message received","streamId":"muek7lwn","id":"1(@)"}
{"time":"2026-03-13T09:44:56.264402227+01:00","level":"INFO","msg":"handleInformFinish: stream closed","streamId":"muek7lwn","id":"1(@)"}
{"time":"2026-03-13T09:45:17.132719321+01:00","level":"INFO","msg":"handleInformFinish: finish message received","streamId":"5276nyvh","id":"1(@)"}
{"time":"2026-03-13T09:45:17.135413638+01:00","level":"INFO","msg":"handleInformFinish: stream closed","streamId":"5276nyvh","id":"1(@)"}
{"time":"2026-03-13T09:48:44.843695893+01:00","level":"INFO","msg":"handleInformInit: received","streamId":"bfnpd8pj","id":"1(@)"}
{"time":"2026-03-13T09:48:44.965510195+01:00","level":"INFO","msg":"handleInformInit: stream started","streamId":"bfnpd8pj","id":"1(@)"}
{"time":"2026-03-13T09:50:27.203544451+01:00","level":"INFO","msg":"handleInformInit: received","streamId":"tv3s7c12","id":"1(@)"}
{"time":"2026-03-13T09:50:27.327550842+01:00","level":"INFO","msg":"handleInformInit: stream started","streamId":"tv3s7c12","id":"1(@)"}
{"time":"2026-03-13T10:02:38.896475992+01:00","level":"INFO","msg":"connection: cancelling request","id":"1(@)","requestId":"rk6fvgt9euu7"}
{"time":"2026-03-13T10:02:38.900154313+01:00","level":"INFO","msg":"handleInformFinish: finish message received","streamId":"bfnpd8pj","id":"1(@)"}
{"time":"2026-03-13T10:02:38.901485055+01:00","level":"INFO","msg":"handleInformFinish: stream closed","streamId":"bfnpd8pj","id":"1(@)"}
{"time":"2026-03-13T10:02:40.281997777+01:00","level":"INFO","msg":"handleInformFinish: finish message received","streamId":"tv3s7c12","id":"1(@)"}
{"time":"2026-03-13T10:02:40.284434237+01:00","level":"INFO","msg":"handleInformFinish: stream closed","streamId":"tv3s7c12","id":"1(@)"}
{"time":"2026-03-13T10:07:21.011952756+01:00","level":"INFO","msg":"handleInformInit: received","streamId":"t00lqxh8","id":"1(@)"}
{"time":"2026-03-13T10:07:21.132542738+01:00","level":"INFO","msg":"handleInformInit: stream started","streamId":"t00lqxh8","id":"1(@)"}
{"time":"2026-03-13T10:07:59.834973862+01:00","level":"INFO","msg":"handleInformInit: received","streamId":"a10napi7","id":"1(@)"}
{"time":"2026-03-13T10:07:59.95718236+01:00","level":"INFO","msg":"handleInformInit: stream started","streamId":"a10napi7","id":"1(@)"}
{"time":"2026-03-13T10:20:43.303366551+01:00","level":"INFO","msg":"handleInformFinish: finish message received","streamId":"a10napi7","id":"1(@)"}
{"time":"2026-03-13T10:20:43.306275592+01:00","level":"INFO","msg":"handleInformFinish: stream closed","streamId":"a10napi7","id":"1(@)"}
{"time":"2026-03-13T10:21:03.504182989+01:00","level":"INFO","msg":"handleInformFinish: finish message received","streamId":"t00lqxh8","id":"1(@)"}
{"time":"2026-03-13T10:21:03.507028039+01:00","level":"INFO","msg":"handleInformFinish: stream closed","streamId":"t00lqxh8","id":"1(@)"}
{"time":"2026-03-13T10:25:12.885270082+01:00","level":"INFO","msg":"handleInformInit: received","streamId":"xvkn5us1","id":"1(@)"}
{"time":"2026-03-13T10:25:13.015699643+01:00","level":"INFO","msg":"handleInformInit: stream started","streamId":"xvkn5us1","id":"1(@)"}
{"time":"2026-03-13T10:27:07.40981147+01:00","level":"INFO","msg":"handleInformInit: received","streamId":"wndvye34","id":"1(@)"}
{"time":"2026-03-13T10:27:07.538555283+01:00","level":"INFO","msg":"handleInformInit: stream started","streamId":"wndvye34","id":"1(@)"}
{"time":"2026-03-13T10:38:14.364666105+01:00","level":"INFO","msg":"handleInformFinish: finish message received","streamId":"xvkn5us1","id":"1(@)"}
{"time":"2026-03-13T10:38:14.369068663+01:00","level":"INFO","msg":"handleInformFinish: stream closed","streamId":"xvkn5us1","id":"1(@)"}
{"time":"2026-03-13T10:39:03.627480957+01:00","level":"INFO","msg":"handleInformFinish: finish message received","streamId":"wndvye34","id":"1(@)"}
{"time":"2026-03-13T10:39:03.629998765+01:00","level":"INFO","msg":"handleInformFinish: stream closed","streamId":"wndvye34","id":"1(@)"}
{"time":"2026-03-13T10:42:38.560355474+01:00","level":"INFO","msg":"handleInformInit: received","streamId":"eqj82iuy","id":"1(@)"}
{"time":"2026-03-13T10:42:38.695960218+01:00","level":"INFO","msg":"handleInformInit: stream started","streamId":"eqj82iuy","id":"1(@)"}
{"time":"2026-03-13T10:44:17.593021753+01:00","level":"INFO","msg":"handleInformInit: received","streamId":"s1dojpuf","id":"1(@)"}
{"time":"2026-03-13T10:44:17.725267521+01:00","level":"INFO","msg":"handleInformInit: stream started","streamId":"s1dojpuf","id":"1(@)"}
{"time":"2026-03-13T10:55:38.73292776+01:00","level":"INFO","msg":"connection: cancelling request","id":"1(@)","requestId":"we6ug0l69z0p"}
{"time":"2026-03-13T10:55:38.736615741+01:00","level":"INFO","msg":"handleInformFinish: finish message received","streamId":"eqj82iuy","id":"1(@)"}
{"time":"2026-03-13T10:55:38.738709997+01:00","level":"INFO","msg":"handleInformFinish: stream closed","streamId":"eqj82iuy","id":"1(@)"}
{"time":"2026-03-13T10:57:03.569102793+01:00","level":"INFO","msg":"handleInformFinish: finish message received","streamId":"s1dojpuf","id":"1(@)"}
{"time":"2026-03-13T10:57:03.603178956+01:00","level":"INFO","msg":"handleInformFinish: stream closed","streamId":"s1dojpuf","id":"1(@)"}
{"time":"2026-03-13T10:58:00.704386653+01:00","level":"INFO","msg":"handleInformInit: received","streamId":"mre4g5vl","id":"1(@)"}
{"time":"2026-03-13T10:58:00.835470992+01:00","level":"INFO","msg":"handleInformInit: stream started","streamId":"mre4g5vl","id":"1(@)"}
{"time":"2026-03-13T11:02:50.984843298+01:00","level":"INFO","msg":"handleInformInit: received","streamId":"l2pep58h","id":"1(@)"}
{"time":"2026-03-13T11:02:51.114084768+01:00","level":"INFO","msg":"handleInformInit: stream started","streamId":"l2pep58h","id":"1(@)"}
{"time":"2026-03-13T11:13:44.118191042+01:00","level":"INFO","msg":"connection: cancelling request","id":"1(@)","requestId":"o0rx93tt3d5i"}
{"time":"2026-03-13T11:13:44.12150932+01:00","level":"INFO","msg":"handleInformFinish: finish message received","streamId":"mre4g5vl","id":"1(@)"}
{"time":"2026-03-13T11:13:44.123375036+01:00","level":"INFO","msg":"handleInformFinish: stream closed","streamId":"mre4g5vl","id":"1(@)"}
{"time":"2026-03-13T11:15:18.016696903+01:00","level":"INFO","msg":"handleInformFinish: finish message received","streamId":"l2pep58h","id":"1(@)"}
{"time":"2026-03-13T11:15:18.019801082+01:00","level":"INFO","msg":"handleInformFinish: stream closed","streamId":"l2pep58h","id":"1(@)"}
{"time":"2026-03-13T11:18:02.00307419+01:00","level":"INFO","msg":"handleInformInit: received","streamId":"kxrkpt51","id":"1(@)"}
{"time":"2026-03-13T11:18:02.131497093+01:00","level":"INFO","msg":"handleInformInit: stream started","streamId":"kxrkpt51","id":"1(@)"}
{"time":"2026-03-13T11:19:12.581888286+01:00","level":"INFO","msg":"handleInformInit: received","streamId":"118wof67","id":"1(@)"}
{"time":"2026-03-13T11:19:12.71265768+01:00","level":"INFO","msg":"handleInformInit: stream started","streamId":"118wof67","id":"1(@)"}
{"time":"2026-03-13T11:31:18.772762233+01:00","level":"INFO","msg":"handleInformFinish: finish message received","streamId":"118wof67","id":"1(@)"}
{"time":"2026-03-13T11:31:18.774634382+01:00","level":"INFO","msg":"handleInformFinish: stream closed","streamId":"118wof67","id":"1(@)"}
{"time":"2026-03-13T11:33:12.249184865+01:00","level":"INFO","msg":"handleInformFinish: finish message received","streamId":"kxrkpt51","id":"1(@)"}
{"time":"2026-03-13T11:33:12.260712167+01:00","level":"INFO","msg":"handleInformFinish: stream closed","streamId":"kxrkpt51","id":"1(@)"}
{"time":"2026-03-13T11:36:16.398724398+01:00","level":"INFO","msg":"handleInformInit: received","streamId":"vy3518bt","id":"1(@)"}
{"time":"2026-03-13T11:36:16.530619879+01:00","level":"INFO","msg":"handleInformInit: stream started","streamId":"vy3518bt","id":"1(@)"}
{"time":"2026-03-13T11:36:55.634236722+01:00","level":"INFO","msg":"handleInformInit: received","streamId":"l0naumr1","id":"1(@)"}
{"time":"2026-03-13T11:36:55.763354317+01:00","level":"INFO","msg":"handleInformInit: stream started","streamId":"l0naumr1","id":"1(@)"}
{"time":"2026-03-13T11:48:35.24676994+01:00","level":"INFO","msg":"connection: cancelling request","id":"1(@)","requestId":"wkq2bpgnem3d"}
{"time":"2026-03-13T11:48:35.250249314+01:00","level":"INFO","msg":"handleInformFinish: finish message received","streamId":"vy3518bt","id":"1(@)"}
{"time":"2026-03-13T11:48:35.252237129+01:00","level":"INFO","msg":"handleInformFinish: stream closed","streamId":"vy3518bt","id":"1(@)"}
{"time":"2026-03-13T11:50:05.276632207+01:00","level":"INFO","msg":"handleInformFinish: finish message received","streamId":"l0naumr1","id":"1(@)"}
{"time":"2026-03-13T11:50:05.287390506+01:00","level":"INFO","msg":"handleInformFinish: stream closed","streamId":"l0naumr1","id":"1(@)"}
{"time":"2026-03-13T11:52:40.800865457+01:00","level":"INFO","msg":"handleInformInit: received","streamId":"u87ibu56","id":"1(@)"}
{"time":"2026-03-13T11:52:40.933709157+01:00","level":"INFO","msg":"handleInformInit: stream started","streamId":"u87ibu56","id":"1(@)"}
{"time":"2026-03-13T11:54:10.524365034+01:00","level":"INFO","msg":"handleInformInit: received","streamId":"kmqv7yz2","id":"1(@)"}
{"time":"2026-03-13T11:54:10.662573386+01:00","level":"INFO","msg":"handleInformInit: stream started","streamId":"kmqv7yz2","id":"1(@)"}
{"time":"2026-03-13T12:06:15.477062338+01:00","level":"INFO","msg":"handleInformFinish: finish message received","streamId":"u87ibu56","id":"1(@)"}
{"time":"2026-03-13T12:06:15.47928804+01:00","level":"INFO","msg":"handleInformFinish: stream closed","streamId":"u87ibu56","id":"1(@)"}
{"time":"2026-03-13T12:07:25.095079502+01:00","level":"INFO","msg":"handleInformFinish: finish message received","streamId":"kmqv7yz2","id":"1(@)"}
{"time":"2026-03-13T12:07:25.097487952+01:00","level":"INFO","msg":"handleInformFinish: stream closed","streamId":"kmqv7yz2","id":"1(@)"}
{"time":"2026-03-13T12:12:18.881231653+01:00","level":"INFO","msg":"handleInformInit: received","streamId":"v9gxczve","id":"1(@)"}
{"time":"2026-03-13T12:12:19.010670394+01:00","level":"INFO","msg":"handleInformInit: stream started","streamId":"v9gxczve","id":"1(@)"}
{"time":"2026-03-13T12:12:40.403054161+01:00","level":"INFO","msg":"handleInformInit: received","streamId":"f3zt7bse","id":"1(@)"}
{"time":"2026-03-13T12:12:40.532035694+01:00","level":"INFO","msg":"handleInformInit: stream started","streamId":"f3zt7bse","id":"1(@)"}
{"time":"2026-03-13T12:24:24.120658861+01:00","level":"INFO","msg":"handleInformFinish: finish message received","streamId":"v9gxczve","id":"1(@)"}
{"time":"2026-03-13T12:24:24.123346355+01:00","level":"INFO","msg":"handleInformFinish: stream closed","streamId":"v9gxczve","id":"1(@)"}
{"time":"2026-03-13T12:25:20.438527427+01:00","level":"INFO","msg":"connection: cancelling request","id":"1(@)","requestId":"53btc2sa4ahr"}
{"time":"2026-03-13T12:25:20.441822376+01:00","level":"INFO","msg":"handleInformFinish: finish message received","streamId":"f3zt7bse","id":"1(@)"}
{"time":"2026-03-13T12:25:20.443671379+01:00","level":"INFO","msg":"handleInformFinish: stream closed","streamId":"f3zt7bse","id":"1(@)"}
{"time":"2026-03-13T12:30:02.031379568+01:00","level":"INFO","msg":"handleInformInit: received","streamId":"3j42gnxs","id":"1(@)"}
{"time":"2026-03-13T12:30:02.16224034+01:00","level":"INFO","msg":"handleInformInit: stream started","streamId":"3j42gnxs","id":"1(@)"}
{"time":"2026-03-13T12:31:08.631513876+01:00","level":"INFO","msg":"handleInformInit: received","streamId":"8nfdtwwf","id":"1(@)"}
{"time":"2026-03-13T12:31:08.761233155+01:00","level":"INFO","msg":"handleInformInit: stream started","streamId":"8nfdtwwf","id":"1(@)"}
{"time":"2026-03-13T12:42:26.836311754+01:00","level":"INFO","msg":"handleInformFinish: finish message received","streamId":"3j42gnxs","id":"1(@)"}
{"time":"2026-03-13T12:42:26.83903245+01:00","level":"INFO","msg":"handleInformFinish: stream closed","streamId":"3j42gnxs","id":"1(@)"}
{"time":"2026-03-13T12:43:42.047493006+01:00","level":"INFO","msg":"handleInformFinish: finish message received","streamId":"8nfdtwwf","id":"1(@)"}
{"time":"2026-03-13T12:43:42.055934052+01:00","level":"INFO","msg":"handleInformFinish: stream closed","streamId":"8nfdtwwf","id":"1(@)"}
{"time":"2026-03-13T12:45:24.336456583+01:00","level":"INFO","msg":"handleInformInit: received","streamId":"c86svv6s","id":"1(@)"}
{"time":"2026-03-13T12:45:24.467058834+01:00","level":"INFO","msg":"handleInformInit: stream started","streamId":"c86svv6s","id":"1(@)"}
{"time":"2026-03-13T12:49:06.056204263+01:00","level":"INFO","msg":"handleInformInit: received","streamId":"or0ojdng","id":"1(@)"}
{"time":"2026-03-13T12:49:06.18670582+01:00","level":"INFO","msg":"handleInformInit: stream started","streamId":"or0ojdng","id":"1(@)"}
{"time":"2026-03-13T13:00:00.583613061+01:00","level":"INFO","msg":"connection: cancelling request","id":"1(@)","requestId":"ddqg3memxt9d"}
{"time":"2026-03-13T13:00:00.586792341+01:00","level":"INFO","msg":"handleInformFinish: finish message received","streamId":"c86svv6s","id":"1(@)"}
{"time":"2026-03-13T13:00:00.588702566+01:00","level":"INFO","msg":"handleInformFinish: stream closed","streamId":"c86svv6s","id":"1(@)"}
{"time":"2026-03-13T13:01:20.402294712+01:00","level":"INFO","msg":"handleInformFinish: finish message received","streamId":"or0ojdng","id":"1(@)"}
{"time":"2026-03-13T13:01:20.405716536+01:00","level":"INFO","msg":"handleInformFinish: stream closed","streamId":"or0ojdng","id":"1(@)"}
{"time":"2026-03-13T13:04:48.878123296+01:00","level":"INFO","msg":"handleInformInit: received","streamId":"0np2370x","id":"1(@)"}
{"time":"2026-03-13T13:04:49.00873401+01:00","level":"INFO","msg":"handleInformInit: stream started","streamId":"0np2370x","id":"1(@)"}
{"time":"2026-03-13T13:06:35.92239622+01:00","level":"INFO","msg":"handleInformInit: received","streamId":"bgqfgr3t","id":"1(@)"}
{"time":"2026-03-13T13:06:36.053027702+01:00","level":"INFO","msg":"handleInformInit: stream started","streamId":"bgqfgr3t","id":"1(@)"}
{"time":"2026-03-13T13:16:42.56948327+01:00","level":"INFO","msg":"connection: cancelling request","id":"1(@)","requestId":"wxm6c8d5fhi8"}
{"time":"2026-03-13T13:16:42.5726068+01:00","level":"INFO","msg":"handleInformFinish: finish message received","streamId":"0np2370x","id":"1(@)"}
{"time":"2026-03-13T13:16:42.57424151+01:00","level":"INFO","msg":"handleInformFinish: stream closed","streamId":"0np2370x","id":"1(@)"}
{"time":"2026-03-13T13:17:59.753095926+01:00","level":"INFO","msg":"handleInformFinish: finish message received","streamId":"bgqfgr3t","id":"1(@)"}
{"time":"2026-03-13T13:17:59.755903105+01:00","level":"INFO","msg":"handleInformFinish: stream closed","streamId":"bgqfgr3t","id":"1(@)"}
{"time":"2026-03-13T13:19:58.275543223+01:00","level":"INFO","msg":"handleInformInit: received","streamId":"ems1r90x","id":"1(@)"}
{"time":"2026-03-13T13:19:58.40705644+01:00","level":"INFO","msg":"handleInformInit: stream started","streamId":"ems1r90x","id":"1(@)"}
{"time":"2026-03-13T13:21:42.346581694+01:00","level":"INFO","msg":"handleInformInit: received","streamId":"8ofvvw1l","id":"1(@)"}
{"time":"2026-03-13T13:21:42.480472965+01:00","level":"INFO","msg":"handleInformInit: stream started","streamId":"8ofvvw1l","id":"1(@)"}
{"time":"2026-03-13T13:22:48.936187354+01:00","level":"INFO","msg":"handleInformFinish: finish message received","streamId":"ems1r90x","id":"1(@)"}
{"time":"2026-03-13T13:22:48.93911212+01:00","level":"INFO","msg":"handleInformFinish: stream closed","streamId":"ems1r90x","id":"1(@)"}
{"time":"2026-03-13T13:24:35.679955787+01:00","level":"INFO","msg":"handleInformFinish: finish message received","streamId":"8ofvvw1l","id":"1(@)"}
{"time":"2026-03-13T13:24:35.682181934+01:00","level":"INFO","msg":"handleInformFinish: stream closed","streamId":"8ofvvw1l","id":"1(@)"}
{"time":"2026-03-13T13:28:15.680082979+01:00","level":"INFO","msg":"handleInformInit: received","streamId":"p6wueude","id":"1(@)"}
{"time":"2026-03-13T13:28:15.810712032+01:00","level":"INFO","msg":"handleInformInit: stream started","streamId":"p6wueude","id":"1(@)"}
{"time":"2026-03-13T13:28:56.338254519+01:00","level":"INFO","msg":"handleInformFinish: finish message received","streamId":"p6wueude","id":"1(@)"}
{"time":"2026-03-13T13:28:56.340936301+01:00","level":"INFO","msg":"handleInformFinish: stream closed","streamId":"p6wueude","id":"1(@)"}
{"time":"2026-03-13T13:29:46.253071447+01:00","level":"INFO","msg":"handleInformInit: received","streamId":"omsu2coa","id":"1(@)"}
{"time":"2026-03-13T13:29:46.382805694+01:00","level":"INFO","msg":"handleInformInit: stream started","streamId":"omsu2coa","id":"1(@)"}
{"time":"2026-03-13T13:30:40.221521078+01:00","level":"INFO","msg":"handleInformFinish: finish message received","streamId":"omsu2coa","id":"1(@)"}
{"time":"2026-03-13T13:30:40.22321418+01:00","level":"INFO","msg":"handleInformFinish: stream closed","streamId":"omsu2coa","id":"1(@)"}
{"time":"2026-03-13T13:33:13.41467533+01:00","level":"INFO","msg":"handleInformInit: received","streamId":"jdgtl069","id":"1(@)"}
{"time":"2026-03-13T13:33:13.543405629+01:00","level":"INFO","msg":"handleInformInit: stream started","streamId":"jdgtl069","id":"1(@)"}
{"time":"2026-03-13T13:33:38.698885009+01:00","level":"INFO","msg":"handleInformInit: received","streamId":"5lq6hpke","id":"1(@)"}
{"time":"2026-03-13T13:33:38.833564808+01:00","level":"INFO","msg":"handleInformInit: stream started","streamId":"5lq6hpke","id":"1(@)"}
{"time":"2026-03-13T13:35:20.877832503+01:00","level":"INFO","msg":"handleInformFinish: finish message received","streamId":"jdgtl069","id":"1(@)"}
{"time":"2026-03-13T13:35:20.880583904+01:00","level":"INFO","msg":"handleInformFinish: stream closed","streamId":"jdgtl069","id":"1(@)"}
{"time":"2026-03-13T13:37:04.43479703+01:00","level":"INFO","msg":"handleInformFinish: finish message received","streamId":"5lq6hpke","id":"1(@)"}
{"time":"2026-03-13T13:37:04.438001999+01:00","level":"INFO","msg":"handleInformFinish: stream closed","streamId":"5lq6hpke","id":"1(@)"}
{"time":"2026-03-13T13:37:53.164256675+01:00","level":"INFO","msg":"handleInformInit: received","streamId":"wwy93yms","id":"1(@)"}
{"time":"2026-03-13T13:37:53.295448071+01:00","level":"INFO","msg":"handleInformInit: stream started","streamId":"wwy93yms","id":"1(@)"}
{"time":"2026-03-13T13:39:59.876188762+01:00","level":"INFO","msg":"handleInformInit: received","streamId":"nu51j75e","id":"1(@)"}
{"time":"2026-03-13T13:39:59.999458278+01:00","level":"INFO","msg":"handleInformInit: stream started","streamId":"nu51j75e","id":"1(@)"}
{"time":"2026-03-13T13:42:18.889256322+01:00","level":"INFO","msg":"handleInformFinish: finish message received","streamId":"wwy93yms","id":"1(@)"}
{"time":"2026-03-13T13:42:18.892636422+01:00","level":"INFO","msg":"handleInformFinish: stream closed","streamId":"wwy93yms","id":"1(@)"}
{"time":"2026-03-13T13:43:43.724717167+01:00","level":"INFO","msg":"handleInformFinish: finish message received","streamId":"nu51j75e","id":"1(@)"}
{"time":"2026-03-13T13:43:43.737975365+01:00","level":"INFO","msg":"handleInformFinish: stream closed","streamId":"nu51j75e","id":"1(@)"}
{"time":"2026-03-13T13:48:01.998937448+01:00","level":"INFO","msg":"handleInformInit: received","streamId":"xalw56of","id":"1(@)"}
{"time":"2026-03-13T13:48:02.127095033+01:00","level":"INFO","msg":"handleInformInit: stream started","streamId":"xalw56of","id":"1(@)"}
{"time":"2026-03-13T13:48:39.188260782+01:00","level":"INFO","msg":"handleInformInit: received","streamId":"ob3wg1f2","id":"1(@)"}
{"time":"2026-03-13T13:48:39.318566394+01:00","level":"INFO","msg":"handleInformInit: stream started","streamId":"ob3wg1f2","id":"1(@)"}
{"time":"2026-03-13T13:48:42.64784716+01:00","level":"INFO","msg":"handleInformFinish: finish message received","streamId":"xalw56of","id":"1(@)"}
{"time":"2026-03-13T13:48:42.65055539+01:00","level":"INFO","msg":"handleInformFinish: stream closed","streamId":"xalw56of","id":"1(@)"}
{"time":"2026-03-13T13:49:53.5460105+01:00","level":"INFO","msg":"handleInformFinish: finish message received","streamId":"ob3wg1f2","id":"1(@)"}
{"time":"2026-03-13T13:49:53.550015362+01:00","level":"INFO","msg":"handleInformFinish: stream closed","streamId":"ob3wg1f2","id":"1(@)"}
{"time":"2026-03-13T13:54:13.00076321+01:00","level":"INFO","msg":"handleInformInit: received","streamId":"gbkwr56f","id":"1(@)"}
{"time":"2026-03-13T13:54:13.126120477+01:00","level":"INFO","msg":"handleInformInit: stream started","streamId":"gbkwr56f","id":"1(@)"}
{"time":"2026-03-13T13:54:23.823756024+01:00","level":"INFO","msg":"handleInformInit: received","streamId":"botwvxax","id":"1(@)"}
{"time":"2026-03-13T13:54:23.954449224+01:00","level":"INFO","msg":"handleInformInit: stream started","streamId":"botwvxax","id":"1(@)"}
{"time":"2026-03-13T13:54:53.574050362+01:00","level":"INFO","msg":"connection: cancelling request","id":"1(@)","requestId":"nzi13g882ltw"}
{"time":"2026-03-13T13:54:53.576923556+01:00","level":"INFO","msg":"handleInformFinish: finish message received","streamId":"gbkwr56f","id":"1(@)"}
{"time":"2026-03-13T13:54:53.578621054+01:00","level":"INFO","msg":"handleInformFinish: stream closed","streamId":"gbkwr56f","id":"1(@)"}
{"time":"2026-03-13T13:56:27.694420987+01:00","level":"INFO","msg":"handleInformFinish: finish message received","streamId":"botwvxax","id":"1(@)"}
{"time":"2026-03-13T13:56:27.697240349+01:00","level":"INFO","msg":"handleInformFinish: stream closed","streamId":"botwvxax","id":"1(@)"}
{"time":"2026-03-13T13:58:43.724611459+01:00","level":"INFO","msg":"handleInformInit: received","streamId":"w7d0mejn","id":"1(@)"}
{"time":"2026-03-13T13:58:43.860422142+01:00","level":"INFO","msg":"handleInformInit: stream started","streamId":"w7d0mejn","id":"1(@)"}
{"time":"2026-03-13T13:59:22.112649847+01:00","level":"INFO","msg":"handleInformInit: received","streamId":"b4o41sei","id":"1(@)"}
{"time":"2026-03-13T13:59:22.240022197+01:00","level":"INFO","msg":"handleInformInit: stream started","streamId":"b4o41sei","id":"1(@)"}
{"time":"2026-03-13T14:01:18.582607844+01:00","level":"INFO","msg":"handleInformFinish: finish message received","streamId":"b4o41sei","id":"1(@)"}
{"time":"2026-03-13T14:01:18.585568426+01:00","level":"INFO","msg":"handleInformFinish: stream closed","streamId":"b4o41sei","id":"1(@)"}
{"time":"2026-03-13T14:02:49.10718707+01:00","level":"INFO","msg":"connection: cancelling request","id":"1(@)","requestId":"aq7q5tzkbc4a"}
{"time":"2026-03-13T14:02:49.110658637+01:00","level":"INFO","msg":"handleInformFinish: finish message received","streamId":"w7d0mejn","id":"1(@)"}
{"time":"2026-03-13T14:02:49.112253496+01:00","level":"INFO","msg":"handleInformFinish: stream closed","streamId":"w7d0mejn","id":"1(@)"}
{"time":"2026-03-13T14:04:56.018811236+01:00","level":"INFO","msg":"handleInformInit: received","streamId":"f07e1fwu","id":"1(@)"}
{"time":"2026-03-13T14:04:56.14921404+01:00","level":"INFO","msg":"handleInformInit: stream started","streamId":"f07e1fwu","id":"1(@)"}
{"time":"2026-03-13T14:06:02.60621653+01:00","level":"INFO","msg":"handleInformInit: received","streamId":"1co384mb","id":"1(@)"}
{"time":"2026-03-13T14:06:02.737605163+01:00","level":"INFO","msg":"handleInformInit: stream started","streamId":"1co384mb","id":"1(@)"}
{"time":"2026-03-13T14:07:35.810860733+01:00","level":"INFO","msg":"handleInformFinish: finish message received","streamId":"1co384mb","id":"1(@)"}
{"time":"2026-03-13T14:07:35.812413408+01:00","level":"INFO","msg":"handleInformFinish: stream closed","streamId":"1co384mb","id":"1(@)"}
{"time":"2026-03-13T14:09:22.305594444+01:00","level":"INFO","msg":"handleInformFinish: finish message received","streamId":"f07e1fwu","id":"1(@)"}
{"time":"2026-03-13T14:09:22.309219017+01:00","level":"INFO","msg":"handleInformFinish: stream closed","streamId":"f07e1fwu","id":"1(@)"}
{"time":"2026-03-13T14:12:09.047452831+01:00","level":"INFO","msg":"handleInformInit: received","streamId":"39ng3orn","id":"1(@)"}
{"time":"2026-03-13T14:12:09.183284379+01:00","level":"INFO","msg":"handleInformInit: stream started","streamId":"39ng3orn","id":"1(@)"}
{"time":"2026-03-13T14:14:05.805879079+01:00","level":"INFO","msg":"handleInformFinish: finish message received","streamId":"39ng3orn","id":"1(@)"}
{"time":"2026-03-13T14:14:05.906767956+01:00","level":"INFO","msg":"handleInformFinish: stream closed","streamId":"39ng3orn","id":"1(@)"}
{"time":"2026-03-13T14:15:04.965954781+01:00","level":"INFO","msg":"handleInformInit: received","streamId":"2da30dit","id":"1(@)"}
{"time":"2026-03-13T14:15:05.094129517+01:00","level":"INFO","msg":"handleInformInit: stream started","streamId":"2da30dit","id":"1(@)"}
{"time":"2026-03-13T14:15:44.635423119+01:00","level":"INFO","msg":"handleInformFinish: finish message received","streamId":"2da30dit","id":"1(@)"}
{"time":"2026-03-13T14:15:44.637347921+01:00","level":"INFO","msg":"handleInformFinish: stream closed","streamId":"2da30dit","id":"1(@)"}
{"time":"2026-03-13T14:19:28.759553546+01:00","level":"INFO","msg":"handleInformInit: received","streamId":"mwzgmn3h","id":"1(@)"}
{"time":"2026-03-13T14:19:30.869509896+01:00","level":"INFO","msg":"handleInformInit: stream started","streamId":"mwzgmn3h","id":"1(@)"}
{"time":"2026-03-13T14:20:27.98243782+01:00","level":"INFO","msg":"handleInformInit: received","streamId":"w32irjtf","id":"1(@)"}
{"time":"2026-03-13T14:20:28.104879632+01:00","level":"INFO","msg":"handleInformInit: stream started","streamId":"w32irjtf","id":"1(@)"}
{"time":"2026-03-13T14:20:35.127075084+01:00","level":"INFO","msg":"handleInformFinish: finish message received","streamId":"mwzgmn3h","id":"1(@)"}
{"time":"2026-03-13T14:20:35.138253464+01:00","level":"INFO","msg":"handleInformFinish: stream closed","streamId":"mwzgmn3h","id":"1(@)"}
{"time":"2026-03-13T14:22:10.754825983+01:00","level":"INFO","msg":"handleInformFinish: finish message received","streamId":"w32irjtf","id":"1(@)"}
{"time":"2026-03-13T14:22:10.757476447+01:00","level":"INFO","msg":"handleInformFinish: stream closed","streamId":"w32irjtf","id":"1(@)"}
{"time":"2026-03-13T14:25:41.872902777+01:00","level":"INFO","msg":"handleInformInit: received","streamId":"8abx17uj","id":"1(@)"}
{"time":"2026-03-13T14:25:42.003913051+01:00","level":"INFO","msg":"handleInformInit: stream started","streamId":"8abx17uj","id":"1(@)"}
{"time":"2026-03-13T14:27:33.313166601+01:00","level":"INFO","msg":"handleInformFinish: finish message received","streamId":"8abx17uj","id":"1(@)"}
{"time":"2026-03-13T14:27:33.315178356+01:00","level":"INFO","msg":"handleInformFinish: stream closed","streamId":"8abx17uj","id":"1(@)"}
{"time":"2026-03-13T14:28:00.139898412+01:00","level":"INFO","msg":"handleInformInit: received","streamId":"4d56f8yg","id":"1(@)"}
{"time":"2026-03-13T14:28:00.269380968+01:00","level":"INFO","msg":"handleInformInit: stream started","streamId":"4d56f8yg","id":"1(@)"}
{"time":"2026-03-13T14:28:45.720370162+01:00","level":"INFO","msg":"handleInformFinish: finish message received","streamId":"4d56f8yg","id":"1(@)"}
{"time":"2026-03-13T14:28:45.72148051+01:00","level":"INFO","msg":"handleInformFinish: stream closed","streamId":"4d56f8yg","id":"1(@)"}
{"time":"2026-03-13T14:32:39.521396098+01:00","level":"INFO","msg":"handleInformInit: received","streamId":"3bpq8ag9","id":"1(@)"}
{"time":"2026-03-13T14:32:39.684181907+01:00","level":"INFO","msg":"handleInformInit: stream started","streamId":"3bpq8ag9","id":"1(@)"}
{"time":"2026-03-13T14:33:21.903778779+01:00","level":"INFO","msg":"handleInformFinish: finish message received","streamId":"3bpq8ag9","id":"1(@)"}
{"time":"2026-03-13T14:33:21.920841228+01:00","level":"INFO","msg":"handleInformFinish: stream closed","streamId":"3bpq8ag9","id":"1(@)"}
{"time":"2026-03-13T14:34:45.636693295+01:00","level":"INFO","msg":"handleInformInit: received","streamId":"ydh683ew","id":"1(@)"}
{"time":"2026-03-13T14:34:45.767411219+01:00","level":"INFO","msg":"handleInformInit: stream started","streamId":"ydh683ew","id":"1(@)"}
{"time":"2026-03-13T14:35:26.203683074+01:00","level":"INFO","msg":"handleInformFinish: finish message received","streamId":"ydh683ew","id":"1(@)"}
{"time":"2026-03-13T14:35:26.204886484+01:00","level":"INFO","msg":"handleInformFinish: stream closed","streamId":"ydh683ew","id":"1(@)"}
{"time":"2026-03-13T14:38:41.942787609+01:00","level":"INFO","msg":"handleInformInit: received","streamId":"puovlt23","id":"1(@)"}
{"time":"2026-03-13T14:38:42.074267432+01:00","level":"INFO","msg":"handleInformInit: stream started","streamId":"puovlt23","id":"1(@)"}
{"time":"2026-03-13T14:39:31.095113368+01:00","level":"INFO","msg":"handleInformInit: received","streamId":"6q89hux7","id":"1(@)"}
{"time":"2026-03-13T14:39:31.225291+01:00","level":"INFO","msg":"handleInformInit: stream started","streamId":"6q89hux7","id":"1(@)"}
{"time":"2026-03-13T14:39:41.481886377+01:00","level":"INFO","msg":"handleInformFinish: finish message received","streamId":"puovlt23","id":"1(@)"}
{"time":"2026-03-13T14:39:41.484249954+01:00","level":"INFO","msg":"handleInformFinish: stream closed","streamId":"puovlt23","id":"1(@)"}
{"time":"2026-03-13T14:41:42.472574429+01:00","level":"INFO","msg":"connection: cancelling request","id":"1(@)","requestId":"m3v6q67jh7jz"}
{"time":"2026-03-13T14:41:42.475851238+01:00","level":"INFO","msg":"handleInformFinish: finish message received","streamId":"6q89hux7","id":"1(@)"}
{"time":"2026-03-13T14:41:42.47717504+01:00","level":"INFO","msg":"handleInformFinish: stream closed","streamId":"6q89hux7","id":"1(@)"}
{"time":"2026-03-13T14:45:05.08075997+01:00","level":"INFO","msg":"handleInformInit: received","streamId":"hzygp0xj","id":"1(@)"}
{"time":"2026-03-13T14:45:05.210799211+01:00","level":"INFO","msg":"handleInformInit: stream started","streamId":"hzygp0xj","id":"1(@)"}
{"time":"2026-03-13T14:46:03.398997536+01:00","level":"INFO","msg":"connection: cancelling request","id":"1(@)","requestId":"pos6xbvvxqbr"}
{"time":"2026-03-13T14:46:03.401106714+01:00","level":"INFO","msg":"handleInformFinish: finish message received","streamId":"hzygp0xj","id":"1(@)"}
{"time":"2026-03-13T14:46:03.402486502+01:00","level":"INFO","msg":"handleInformFinish: stream closed","streamId":"hzygp0xj","id":"1(@)"}
{"time":"2026-03-13T14:46:24.006400144+01:00","level":"INFO","msg":"handleInformInit: received","streamId":"wdy6nq01","id":"1(@)"}
{"time":"2026-03-13T14:46:24.139984375+01:00","level":"INFO","msg":"handleInformInit: stream started","streamId":"wdy6nq01","id":"1(@)"}
{"time":"2026-03-13T14:48:02.127140545+01:00","level":"INFO","msg":"handleInformFinish: finish message received","streamId":"wdy6nq01","id":"1(@)"}
{"time":"2026-03-13T14:48:02.131461844+01:00","level":"INFO","msg":"handleInformFinish: stream closed","streamId":"wdy6nq01","id":"1(@)"}
{"time":"2026-03-13T14:49:45.622668826+01:00","level":"INFO","msg":"handleInformInit: received","streamId":"hlkbxom9","id":"1(@)"}
{"time":"2026-03-13T14:49:45.74742869+01:00","level":"INFO","msg":"handleInformInit: stream started","streamId":"hlkbxom9","id":"1(@)"}
{"time":"2026-03-13T14:52:23.725261729+01:00","level":"INFO","msg":"handleInformFinish: finish message received","streamId":"hlkbxom9","id":"1(@)"}
{"time":"2026-03-13T14:52:23.727442687+01:00","level":"INFO","msg":"handleInformFinish: stream closed","streamId":"hlkbxom9","id":"1(@)"}
{"time":"2026-03-13T14:53:45.300390008+01:00","level":"INFO","msg":"handleInformInit: received","streamId":"myon1jhi","id":"1(@)"}
{"time":"2026-03-13T14:53:45.430951488+01:00","level":"INFO","msg":"handleInformInit: stream started","streamId":"myon1jhi","id":"1(@)"}
{"time":"2026-03-13T14:54:13.758078486+01:00","level":"INFO","msg":"handleInformFinish: finish message received","streamId":"myon1jhi","id":"1(@)"}
{"time":"2026-03-13T14:54:13.760233418+01:00","level":"INFO","msg":"handleInformFinish: stream closed","streamId":"myon1jhi","id":"1(@)"}
{"time":"2026-03-13T14:58:14.62051441+01:00","level":"INFO","msg":"handleInformInit: received","streamId":"pc551qdl","id":"1(@)"}
{"time":"2026-03-13T14:58:14.747476385+01:00","level":"INFO","msg":"handleInformInit: stream started","streamId":"pc551qdl","id":"1(@)"}
{"time":"2026-03-13T14:58:42.723171094+01:00","level":"INFO","msg":"handleInformFinish: finish message received","streamId":"pc551qdl","id":"1(@)"}
{"time":"2026-03-13T14:58:42.724658271+01:00","level":"INFO","msg":"handleInformFinish: stream closed","streamId":"pc551qdl","id":"1(@)"}
{"time":"2026-03-13T14:59:51.436687997+01:00","level":"INFO","msg":"handleInformInit: received","streamId":"1cwkj5cu","id":"1(@)"}
{"time":"2026-03-13T14:59:51.569575211+01:00","level":"INFO","msg":"handleInformInit: stream started","streamId":"1cwkj5cu","id":"1(@)"}
{"time":"2026-03-13T15:00:19.62807795+01:00","level":"INFO","msg":"handleInformFinish: finish message received","streamId":"1cwkj5cu","id":"1(@)"}
{"time":"2026-03-13T15:00:19.62952581+01:00","level":"INFO","msg":"handleInformFinish: stream closed","streamId":"1cwkj5cu","id":"1(@)"}
{"time":"2026-03-13T15:04:21.17338734+01:00","level":"INFO","msg":"handleInformInit: received","streamId":"cqwk9ypa","id":"1(@)"}
{"time":"2026-03-13T15:04:21.300598798+01:00","level":"INFO","msg":"handleInformInit: stream started","streamId":"cqwk9ypa","id":"1(@)"}
{"time":"2026-03-13T15:04:49.626064093+01:00","level":"INFO","msg":"connection: cancelling request","id":"1(@)","requestId":"5yk6ec9e1z0g"}
{"time":"2026-03-13T15:04:49.627975834+01:00","level":"INFO","msg":"handleInformFinish: finish message received","streamId":"cqwk9ypa","id":"1(@)"}
{"time":"2026-03-13T15:04:49.629461959+01:00","level":"INFO","msg":"handleInformFinish: stream closed","streamId":"cqwk9ypa","id":"1(@)"}
{"time":"2026-03-13T15:05:22.571086492+01:00","level":"INFO","msg":"handleInformInit: received","streamId":"i32vwjxq","id":"1(@)"}
{"time":"2026-03-13T15:05:22.705914843+01:00","level":"INFO","msg":"handleInformInit: stream started","streamId":"i32vwjxq","id":"1(@)"}
{"time":"2026-03-13T15:06:34.529770498+01:00","level":"INFO","msg":"handleInformFinish: finish message received","streamId":"i32vwjxq","id":"1(@)"}
{"time":"2026-03-13T15:06:34.531342539+01:00","level":"INFO","msg":"handleInformFinish: stream closed","streamId":"i32vwjxq","id":"1(@)"}
{"time":"2026-03-13T15:07:23.859495634+01:00","level":"INFO","msg":"handleInformInit: received","streamId":"xnezy4n6","id":"1(@)"}
{"time":"2026-03-13T15:07:23.991746781+01:00","level":"INFO","msg":"handleInformInit: stream started","streamId":"xnezy4n6","id":"1(@)"}
{"time":"2026-03-13T15:10:42.274509448+01:00","level":"INFO","msg":"handleInformFinish: finish message received","streamId":"xnezy4n6","id":"1(@)"}
{"time":"2026-03-13T15:10:42.296650025+01:00","level":"INFO","msg":"handleInformFinish: stream closed","streamId":"xnezy4n6","id":"1(@)"}
{"time":"2026-03-13T15:10:45.187119046+01:00","level":"INFO","msg":"handleInformInit: received","streamId":"ug6q3dis","id":"1(@)"}
{"time":"2026-03-13T15:10:45.31454287+01:00","level":"INFO","msg":"handleInformInit: stream started","streamId":"ug6q3dis","id":"1(@)"}
{"time":"2026-03-13T15:12:21.908914987+01:00","level":"INFO","msg":"handleInformFinish: finish message received","streamId":"ug6q3dis","id":"1(@)"}
{"time":"2026-03-13T15:12:21.911260533+01:00","level":"INFO","msg":"handleInformFinish: stream closed","streamId":"ug6q3dis","id":"1(@)"}
{"time":"2026-03-13T15:16:20.244342448+01:00","level":"INFO","msg":"handleInformInit: received","streamId":"z9g58pnv","id":"1(@)"}
{"time":"2026-03-13T15:16:20.360520713+01:00","level":"INFO","msg":"handleInformInit: stream started","streamId":"z9g58pnv","id":"1(@)"}
{"time":"2026-03-13T15:16:48.412024216+01:00","level":"INFO","msg":"handleInformFinish: finish message received","streamId":"z9g58pnv","id":"1(@)"}
{"time":"2026-03-13T15:16:48.417964932+01:00","level":"INFO","msg":"handleInformFinish: stream closed","streamId":"z9g58pnv","id":"1(@)"}
{"time":"2026-03-13T15:18:01.951787541+01:00","level":"INFO","msg":"handleInformInit: received","streamId":"7k14uydr","id":"1(@)"}
{"time":"2026-03-13T15:18:02.083721613+01:00","level":"INFO","msg":"handleInformInit: stream started","streamId":"7k14uydr","id":"1(@)"}
{"time":"2026-03-13T15:18:40.594506471+01:00","level":"INFO","msg":"handleInformFinish: finish message received","streamId":"7k14uydr","id":"1(@)"}
{"time":"2026-03-13T15:18:40.59604336+01:00","level":"INFO","msg":"handleInformFinish: stream closed","streamId":"7k14uydr","id":"1(@)"}
{"time":"2026-03-13T15:22:45.021150226+01:00","level":"INFO","msg":"handleInformInit: received","streamId":"z6gtb5y3","id":"1(@)"}
{"time":"2026-03-13T15:22:45.156877988+01:00","level":"INFO","msg":"handleInformInit: stream started","streamId":"z6gtb5y3","id":"1(@)"}
{"time":"2026-03-13T15:23:12.943615325+01:00","level":"INFO","msg":"handleInformFinish: finish message received","streamId":"z6gtb5y3","id":"1(@)"}
{"time":"2026-03-13T15:23:12.945401666+01:00","level":"INFO","msg":"handleInformFinish: stream closed","streamId":"z6gtb5y3","id":"1(@)"}
{"time":"2026-03-13T15:24:17.803681337+01:00","level":"INFO","msg":"handleInformInit: received","streamId":"p7ssnpb5","id":"1(@)"}
{"time":"2026-03-13T15:24:17.935478349+01:00","level":"INFO","msg":"handleInformInit: stream started","streamId":"p7ssnpb5","id":"1(@)"}
{"time":"2026-03-13T15:24:46.459678616+01:00","level":"INFO","msg":"connection: cancelling request","id":"1(@)","requestId":"0lfnhqv4410l"}
{"time":"2026-03-13T15:24:46.461776788+01:00","level":"INFO","msg":"handleInformFinish: finish message received","streamId":"p7ssnpb5","id":"1(@)"}
{"time":"2026-03-13T15:24:46.464392839+01:00","level":"INFO","msg":"handleInformFinish: stream closed","streamId":"p7ssnpb5","id":"1(@)"}
{"time":"2026-03-13T15:28:07.666044644+01:00","level":"INFO","msg":"handleInformInit: received","streamId":"4ptkr8ba","id":"1(@)"}
{"time":"2026-03-13T15:28:07.793207862+01:00","level":"INFO","msg":"handleInformInit: stream started","streamId":"4ptkr8ba","id":"1(@)"}
{"time":"2026-03-13T15:28:42.320469739+01:00","level":"INFO","msg":"handleInformInit: received","streamId":"gmazs2ey","id":"1(@)"}
{"time":"2026-03-13T15:28:42.451632676+01:00","level":"INFO","msg":"handleInformInit: stream started","streamId":"gmazs2ey","id":"1(@)"}
{"time":"2026-03-13T15:29:08.554160559+01:00","level":"INFO","msg":"handleInformFinish: finish message received","streamId":"gmazs2ey","id":"1(@)"}
{"time":"2026-03-13T15:29:08.555597438+01:00","level":"INFO","msg":"handleInformFinish: stream closed","streamId":"gmazs2ey","id":"1(@)"}
{"time":"2026-03-13T15:30:52.791065068+01:00","level":"INFO","msg":"handleInformFinish: finish message received","streamId":"4ptkr8ba","id":"1(@)"}
{"time":"2026-03-13T15:30:52.794230077+01:00","level":"INFO","msg":"handleInformFinish: stream closed","streamId":"4ptkr8ba","id":"1(@)"}
{"time":"2026-03-13T15:32:47.192638104+01:00","level":"INFO","msg":"handleInformInit: received","streamId":"exkaupdq","id":"1(@)"}
{"time":"2026-03-13T15:32:47.322663465+01:00","level":"INFO","msg":"handleInformInit: stream started","streamId":"exkaupdq","id":"1(@)"}
{"time":"2026-03-13T15:33:36.076904222+01:00","level":"INFO","msg":"handleInformInit: received","streamId":"9smp5bpo","id":"1(@)"}
{"time":"2026-03-13T15:33:36.203671242+01:00","level":"INFO","msg":"handleInformInit: stream started","streamId":"9smp5bpo","id":"1(@)"}
{"time":"2026-03-13T15:35:21.260308802+01:00","level":"INFO","msg":"handleInformFinish: finish message received","streamId":"exkaupdq","id":"1(@)"}
{"time":"2026-03-13T15:35:21.262846842+01:00","level":"INFO","msg":"handleInformFinish: stream closed","streamId":"exkaupdq","id":"1(@)"}
{"time":"2026-03-13T15:37:07.22792586+01:00","level":"INFO","msg":"handleInformFinish: finish message received","streamId":"9smp5bpo","id":"1(@)"}
{"time":"2026-03-13T15:37:07.230704854+01:00","level":"INFO","msg":"handleInformFinish: stream closed","streamId":"9smp5bpo","id":"1(@)"}
{"time":"2026-03-13T15:40:56.771714352+01:00","level":"INFO","msg":"handleInformInit: received","streamId":"audbl87y","id":"1(@)"}
{"time":"2026-03-13T15:40:56.902772195+01:00","level":"INFO","msg":"handleInformInit: stream started","streamId":"audbl87y","id":"1(@)"}
{"time":"2026-03-13T15:41:13.096834262+01:00","level":"INFO","msg":"handleInformInit: received","streamId":"632hskgn","id":"1(@)"}
{"time":"2026-03-13T15:41:13.218834765+01:00","level":"INFO","msg":"handleInformInit: stream started","streamId":"632hskgn","id":"1(@)"}
{"time":"2026-03-13T15:41:24.655553107+01:00","level":"INFO","msg":"connection: cancelling request","id":"1(@)","requestId":"rwtfu14r2o23"}
{"time":"2026-03-13T15:41:24.658637519+01:00","level":"INFO","msg":"handleInformFinish: finish message received","streamId":"audbl87y","id":"1(@)"}
{"time":"2026-03-13T15:41:24.660203119+01:00","level":"INFO","msg":"handleInformFinish: stream closed","streamId":"audbl87y","id":"1(@)"}
{"time":"2026-03-13T15:43:54.104851192+01:00","level":"INFO","msg":"connection: cancelling request","id":"1(@)","requestId":"d7768tvkca22"}
{"time":"2026-03-13T15:43:54.108015654+01:00","level":"INFO","msg":"handleInformFinish: finish message received","streamId":"632hskgn","id":"1(@)"}
{"time":"2026-03-13T15:43:54.109492946+01:00","level":"INFO","msg":"handleInformFinish: stream closed","streamId":"632hskgn","id":"1(@)"}
{"time":"2026-03-13T15:47:17.979550111+01:00","level":"INFO","msg":"handleInformInit: received","streamId":"zaqcltp7","id":"1(@)"}
{"time":"2026-03-13T15:47:18.104070672+01:00","level":"INFO","msg":"handleInformInit: stream started","streamId":"zaqcltp7","id":"1(@)"}
{"time":"2026-03-13T15:47:46.059240731+01:00","level":"INFO","msg":"handleInformFinish: finish message received","streamId":"zaqcltp7","id":"1(@)"}
{"time":"2026-03-13T15:47:46.060746295+01:00","level":"INFO","msg":"handleInformFinish: stream closed","streamId":"zaqcltp7","id":"1(@)"}
{"time":"2026-03-13T15:49:27.182937439+01:00","level":"INFO","msg":"handleInformInit: received","streamId":"dpnx3gqt","id":"1(@)"}
{"time":"2026-03-13T15:49:27.313313249+01:00","level":"INFO","msg":"handleInformInit: stream started","streamId":"dpnx3gqt","id":"1(@)"}
{"time":"2026-03-13T15:50:01.529152173+01:00","level":"INFO","msg":"connection: cancelling request","id":"1(@)","requestId":"7rz0m9oj8ptv"}
{"time":"2026-03-13T15:50:01.531093489+01:00","level":"INFO","msg":"handleInformFinish: finish message received","streamId":"dpnx3gqt","id":"1(@)"}
{"time":"2026-03-13T15:50:01.532817407+01:00","level":"INFO","msg":"handleInformFinish: stream closed","streamId":"dpnx3gqt","id":"1(@)"}
{"time":"2026-03-13T15:50:02.748493963+01:00","level":"INFO","msg":"handleInformInit: received","streamId":"ld74e35l","id":"1(@)"}
{"time":"2026-03-13T15:50:02.871577919+01:00","level":"INFO","msg":"handleInformInit: stream started","streamId":"ld74e35l","id":"1(@)"}
{"time":"2026-03-13T15:53:34.427595977+01:00","level":"INFO","msg":"handleInformFinish: finish message received","streamId":"ld74e35l","id":"1(@)"}
{"time":"2026-03-13T15:53:34.42916608+01:00","level":"INFO","msg":"handleInformFinish: stream closed","streamId":"ld74e35l","id":"1(@)"}
{"time":"2026-03-13T15:55:18.024999602+01:00","level":"INFO","msg":"handleInformInit: received","streamId":"ajk9zglt","id":"1(@)"}
{"time":"2026-03-13T15:55:18.153959117+01:00","level":"INFO","msg":"handleInformInit: stream started","streamId":"ajk9zglt","id":"1(@)"}
{"time":"2026-03-13T15:56:02.254472998+01:00","level":"INFO","msg":"connection: cancelling request","id":"1(@)","requestId":"qw9p9oxkyfkx"}
{"time":"2026-03-13T15:56:02.256656366+01:00","level":"INFO","msg":"handleInformFinish: finish message received","streamId":"ajk9zglt","id":"1(@)"}
{"time":"2026-03-13T15:56:02.258614003+01:00","level":"INFO","msg":"handleInformFinish: stream closed","streamId":"ajk9zglt","id":"1(@)"}
{"time":"2026-03-13T15:59:40.937645004+01:00","level":"INFO","msg":"handleInformInit: received","streamId":"mwr7j0mn","id":"1(@)"}
{"time":"2026-03-13T15:59:41.062024078+01:00","level":"INFO","msg":"handleInformInit: stream started","streamId":"mwr7j0mn","id":"1(@)"}
{"time":"2026-03-13T16:00:07.571222241+01:00","level":"INFO","msg":"connection: cancelling request","id":"1(@)","requestId":"kr95mqa7hwat"}
{"time":"2026-03-13T16:00:07.573092212+01:00","level":"INFO","msg":"handleInformFinish: finish message received","streamId":"mwr7j0mn","id":"1(@)"}
{"time":"2026-03-13T16:00:07.57462078+01:00","level":"INFO","msg":"handleInformFinish: stream closed","streamId":"mwr7j0mn","id":"1(@)"}
{"time":"2026-03-13T16:01:16.672858751+01:00","level":"INFO","msg":"handleInformInit: received","streamId":"bsbcyisz","id":"1(@)"}
{"time":"2026-03-13T16:01:16.795341054+01:00","level":"INFO","msg":"handleInformInit: stream started","streamId":"bsbcyisz","id":"1(@)"}
{"time":"2026-03-13T16:01:43.171218342+01:00","level":"INFO","msg":"handleInformFinish: finish message received","streamId":"bsbcyisz","id":"1(@)"}
{"time":"2026-03-13T16:01:43.173318711+01:00","level":"INFO","msg":"handleInformFinish: stream closed","streamId":"bsbcyisz","id":"1(@)"}
{"time":"2026-03-13T16:03:47.79207752+01:00","level":"INFO","msg":"handleInformInit: received","streamId":"uth47meo","id":"1(@)"}
{"time":"2026-03-13T16:03:47.920113644+01:00","level":"INFO","msg":"handleInformInit: stream started","streamId":"uth47meo","id":"1(@)"}
{"time":"2026-03-13T16:06:10.514126404+01:00","level":"INFO","msg":"handleInformInit: received","streamId":"xdz6zcn1","id":"1(@)"}
{"time":"2026-03-13T16:06:10.64488456+01:00","level":"INFO","msg":"handleInformInit: stream started","streamId":"xdz6zcn1","id":"1(@)"}
{"time":"2026-03-13T16:07:21.174963224+01:00","level":"INFO","msg":"handleInformFinish: finish message received","streamId":"uth47meo","id":"1(@)"}
{"time":"2026-03-13T16:07:21.17771887+01:00","level":"INFO","msg":"handleInformFinish: stream closed","streamId":"uth47meo","id":"1(@)"}
{"time":"2026-03-13T16:08:48.768986906+01:00","level":"INFO","msg":"handleInformFinish: finish message received","streamId":"xdz6zcn1","id":"1(@)"}
{"time":"2026-03-13T16:08:48.771873495+01:00","level":"INFO","msg":"handleInformFinish: stream closed","streamId":"xdz6zcn1","id":"1(@)"}
{"time":"2026-03-13T16:12:46.279575388+01:00","level":"INFO","msg":"handleInformInit: received","streamId":"2aw6whjd","id":"1(@)"}
{"time":"2026-03-13T16:12:46.411899009+01:00","level":"INFO","msg":"handleInformInit: stream started","streamId":"2aw6whjd","id":"1(@)"}
{"time":"2026-03-13T16:13:29.921734306+01:00","level":"INFO","msg":"handleInformInit: received","streamId":"s287lj7g","id":"1(@)"}
{"time":"2026-03-13T16:13:30.047726895+01:00","level":"INFO","msg":"handleInformInit: stream started","streamId":"s287lj7g","id":"1(@)"}
{"time":"2026-03-13T16:15:12.573932524+01:00","level":"INFO","msg":"handleInformFinish: finish message received","streamId":"2aw6whjd","id":"1(@)"}
{"time":"2026-03-13T16:15:12.576818613+01:00","level":"INFO","msg":"handleInformFinish: stream closed","streamId":"2aw6whjd","id":"1(@)"}
{"time":"2026-03-13T16:15:37.432054245+01:00","level":"INFO","msg":"handleInformFinish: finish message received","streamId":"s287lj7g","id":"1(@)"}
{"time":"2026-03-13T16:15:37.434766576+01:00","level":"INFO","msg":"handleInformFinish: stream closed","streamId":"s287lj7g","id":"1(@)"}
{"time":"2026-03-13T16:20:31.140866016+01:00","level":"INFO","msg":"handleInformInit: received","streamId":"2n7shsuc","id":"1(@)"}
{"time":"2026-03-13T16:20:31.264648888+01:00","level":"INFO","msg":"handleInformInit: stream started","streamId":"2n7shsuc","id":"1(@)"}
{"time":"2026-03-13T16:20:46.985306707+01:00","level":"INFO","msg":"handleInformInit: received","streamId":"lwqk1k8y","id":"1(@)"}
{"time":"2026-03-13T16:20:47.108516752+01:00","level":"INFO","msg":"handleInformInit: stream started","streamId":"lwqk1k8y","id":"1(@)"}
{"time":"2026-03-13T16:22:56.126999282+01:00","level":"INFO","msg":"handleInformFinish: finish message received","streamId":"lwqk1k8y","id":"1(@)"}
{"time":"2026-03-13T16:22:56.128504217+01:00","level":"INFO","msg":"handleInformFinish: stream closed","streamId":"lwqk1k8y","id":"1(@)"}
{"time":"2026-03-13T16:22:57.120941085+01:00","level":"INFO","msg":"handleInformFinish: finish message received","streamId":"2n7shsuc","id":"1(@)"}
{"time":"2026-03-13T16:22:57.125118467+01:00","level":"INFO","msg":"handleInformFinish: stream closed","streamId":"2n7shsuc","id":"1(@)"}
{"time":"2026-03-13T16:27:46.440407711+01:00","level":"INFO","msg":"handleInformInit: received","streamId":"qxodf5ox","id":"1(@)"}
{"time":"2026-03-13T16:27:46.570260088+01:00","level":"INFO","msg":"handleInformInit: stream started","streamId":"qxodf5ox","id":"1(@)"}
{"time":"2026-03-13T16:28:41.696659474+01:00","level":"INFO","msg":"handleInformInit: received","streamId":"i9jl1ih9","id":"1(@)"}
{"time":"2026-03-13T16:28:41.825325106+01:00","level":"INFO","msg":"handleInformInit: stream started","streamId":"i9jl1ih9","id":"1(@)"}
{"time":"2026-03-13T16:30:02.991425289+01:00","level":"INFO","msg":"handleInformFinish: finish message received","streamId":"qxodf5ox","id":"1(@)"}
{"time":"2026-03-13T16:30:02.994422956+01:00","level":"INFO","msg":"handleInformFinish: stream closed","streamId":"qxodf5ox","id":"1(@)"}
{"time":"2026-03-13T16:30:13.382614466+01:00","level":"INFO","msg":"handleInformFinish: finish message received","streamId":"i9jl1ih9","id":"1(@)"}
{"time":"2026-03-13T16:30:13.384894391+01:00","level":"INFO","msg":"handleInformFinish: stream closed","streamId":"i9jl1ih9","id":"1(@)"}
{"time":"2026-03-13T16:32:23.714983456+01:00","level":"INFO","msg":"handleInformInit: received","streamId":"1aef226i","id":"1(@)"}
{"time":"2026-03-13T16:32:23.837289664+01:00","level":"INFO","msg":"handleInformInit: stream started","streamId":"1aef226i","id":"1(@)"}
{"time":"2026-03-13T16:35:28.900914125+01:00","level":"INFO","msg":"handleInformInit: received","streamId":"y9xte1h2","id":"1(@)"}
{"time":"2026-03-13T16:35:29.029761394+01:00","level":"INFO","msg":"handleInformInit: stream started","streamId":"y9xte1h2","id":"1(@)"}
{"time":"2026-03-13T16:37:09.573413442+01:00","level":"INFO","msg":"handleInformFinish: finish message received","streamId":"y9xte1h2","id":"1(@)"}
{"time":"2026-03-13T16:37:09.575493789+01:00","level":"INFO","msg":"handleInformFinish: stream closed","streamId":"y9xte1h2","id":"1(@)"}
{"time":"2026-03-13T16:37:30.665822989+01:00","level":"INFO","msg":"handleInformFinish: finish message received","streamId":"1aef226i","id":"1(@)"}
{"time":"2026-03-13T16:37:30.668946324+01:00","level":"INFO","msg":"handleInformFinish: stream closed","streamId":"1aef226i","id":"1(@)"}
{"time":"2026-03-13T16:39:30.589537754+01:00","level":"INFO","msg":"handleInformInit: received","streamId":"uypr0z8v","id":"1(@)"}
{"time":"2026-03-13T16:39:30.716158372+01:00","level":"INFO","msg":"handleInformInit: stream started","streamId":"uypr0z8v","id":"1(@)"}
{"time":"2026-03-13T16:43:17.659262087+01:00","level":"INFO","msg":"handleInformInit: received","streamId":"f7gusfxi","id":"1(@)"}
{"time":"2026-03-13T16:43:17.785956565+01:00","level":"INFO","msg":"handleInformInit: stream started","streamId":"f7gusfxi","id":"1(@)"}
{"time":"2026-03-13T16:43:53.313858062+01:00","level":"INFO","msg":"handleInformFinish: finish message received","streamId":"uypr0z8v","id":"1(@)"}
{"time":"2026-03-13T16:43:53.319407872+01:00","level":"INFO","msg":"handleInformFinish: stream closed","streamId":"uypr0z8v","id":"1(@)"}
{"time":"2026-03-13T16:44:50.798899235+01:00","level":"INFO","msg":"handleInformFinish: finish message received","streamId":"f7gusfxi","id":"1(@)"}
{"time":"2026-03-13T16:44:50.801504256+01:00","level":"INFO","msg":"handleInformFinish: stream closed","streamId":"f7gusfxi","id":"1(@)"}
{"time":"2026-03-13T16:46:55.440474879+01:00","level":"INFO","msg":"handleInformInit: received","streamId":"rbpo3ebe","id":"1(@)"}
{"time":"2026-03-13T16:46:55.568807832+01:00","level":"INFO","msg":"handleInformInit: stream started","streamId":"rbpo3ebe","id":"1(@)"}
{"time":"2026-03-13T16:47:08.840595732+01:00","level":"INFO","msg":"handleInformInit: received","streamId":"i9xpxqzd","id":"1(@)"}
{"time":"2026-03-13T16:47:08.975059897+01:00","level":"INFO","msg":"handleInformInit: stream started","streamId":"i9xpxqzd","id":"1(@)"}
{"time":"2026-03-13T16:51:13.302503376+01:00","level":"INFO","msg":"handleInformFinish: finish message received","streamId":"rbpo3ebe","id":"1(@)"}
{"time":"2026-03-13T16:51:13.307324164+01:00","level":"INFO","msg":"handleInformFinish: stream closed","streamId":"rbpo3ebe","id":"1(@)"}
{"time":"2026-03-13T16:51:49.560272634+01:00","level":"INFO","msg":"handleInformFinish: finish message received","streamId":"i9xpxqzd","id":"1(@)"}
{"time":"2026-03-13T16:51:49.563145664+01:00","level":"INFO","msg":"handleInformFinish: stream closed","streamId":"i9xpxqzd","id":"1(@)"}
{"time":"2026-03-13T16:55:50.891191197+01:00","level":"INFO","msg":"handleInformInit: received","streamId":"p9p7vj0p","id":"1(@)"}
{"time":"2026-03-13T16:55:51.013163017+01:00","level":"INFO","msg":"handleInformInit: stream started","streamId":"p9p7vj0p","id":"1(@)"}
{"time":"2026-03-13T16:56:34.058806962+01:00","level":"INFO","msg":"handleInformInit: received","streamId":"0yfz41af","id":"1(@)"}
{"time":"2026-03-13T16:56:34.185011027+01:00","level":"INFO","msg":"handleInformInit: stream started","streamId":"0yfz41af","id":"1(@)"}
{"time":"2026-03-13T16:58:08.89076073+01:00","level":"INFO","msg":"handleInformFinish: finish message received","streamId":"0yfz41af","id":"1(@)"}
{"time":"2026-03-13T16:58:08.89317349+01:00","level":"INFO","msg":"handleInformFinish: stream closed","streamId":"0yfz41af","id":"1(@)"}
{"time":"2026-03-13T16:58:51.907983212+01:00","level":"INFO","msg":"handleInformFinish: finish message received","streamId":"p9p7vj0p","id":"1(@)"}
{"time":"2026-03-13T16:58:51.913308704+01:00","level":"INFO","msg":"handleInformFinish: stream closed","streamId":"p9p7vj0p","id":"1(@)"}
{"time":"2026-03-13T17:00:02.599457187+01:00","level":"INFO","msg":"handleInformInit: received","streamId":"68n2vxae","id":"1(@)"}
{"time":"2026-03-13T17:00:02.733018126+01:00","level":"INFO","msg":"handleInformInit: stream started","streamId":"68n2vxae","id":"1(@)"}
{"time":"2026-03-13T17:03:17.536171866+01:00","level":"INFO","msg":"handleInformInit: received","streamId":"xitv4qnu","id":"1(@)"}
{"time":"2026-03-13T17:03:17.664135511+01:00","level":"INFO","msg":"handleInformInit: stream started","streamId":"xitv4qnu","id":"1(@)"}
{"time":"2026-03-13T17:05:27.484183135+01:00","level":"INFO","msg":"connection: cancelling request","id":"1(@)","requestId":"bx2ozovt6wdz"}
{"time":"2026-03-13T17:05:27.487613359+01:00","level":"INFO","msg":"handleInformFinish: finish message received","streamId":"68n2vxae","id":"1(@)"}
{"time":"2026-03-13T17:05:27.489167012+01:00","level":"INFO","msg":"handleInformFinish: stream closed","streamId":"68n2vxae","id":"1(@)"}
{"time":"2026-03-13T17:05:45.685562089+01:00","level":"INFO","msg":"handleInformFinish: finish message received","streamId":"xitv4qnu","id":"1(@)"}
{"time":"2026-03-13T17:05:45.688364877+01:00","level":"INFO","msg":"handleInformFinish: stream closed","streamId":"xitv4qnu","id":"1(@)"}
{"time":"2026-03-13T17:09:47.144222153+01:00","level":"INFO","msg":"handleInformInit: received","streamId":"gpr0vf72","id":"1(@)"}
{"time":"2026-03-13T17:09:47.271483226+01:00","level":"INFO","msg":"handleInformInit: stream started","streamId":"gpr0vf72","id":"1(@)"}
{"time":"2026-03-13T17:11:25.930890383+01:00","level":"INFO","msg":"handleInformInit: received","streamId":"kd8o53nv","id":"1(@)"}
{"time":"2026-03-13T17:11:26.055273751+01:00","level":"INFO","msg":"handleInformInit: stream started","streamId":"kd8o53nv","id":"1(@)"}
{"time":"2026-03-13T17:12:07.810741576+01:00","level":"INFO","msg":"connection: cancelling request","id":"1(@)","requestId":"kpoul45mu032"}
{"time":"2026-03-13T17:12:07.81367736+01:00","level":"INFO","msg":"handleInformFinish: finish message received","streamId":"gpr0vf72","id":"1(@)"}
{"time":"2026-03-13T17:12:07.815943318+01:00","level":"INFO","msg":"handleInformFinish: stream closed","streamId":"gpr0vf72","id":"1(@)"}
{"time":"2026-03-13T17:12:59.764879273+01:00","level":"INFO","msg":"connection: cancelling request","id":"1(@)","requestId":"2dldfdpg4qj1"}
{"time":"2026-03-13T17:12:59.768180118+01:00","level":"INFO","msg":"handleInformFinish: finish message received","streamId":"kd8o53nv","id":"1(@)"}
{"time":"2026-03-13T17:12:59.770416207+01:00","level":"INFO","msg":"handleInformFinish: stream closed","streamId":"kd8o53nv","id":"1(@)"}
{"time":"2026-03-13T17:16:39.855225636+01:00","level":"INFO","msg":"handleInformInit: received","streamId":"vl9ntf8h","id":"1(@)"}
{"time":"2026-03-13T17:16:39.983135922+01:00","level":"INFO","msg":"handleInformInit: stream started","streamId":"vl9ntf8h","id":"1(@)"}
{"time":"2026-03-13T17:17:51.048766779+01:00","level":"INFO","msg":"handleInformInit: received","streamId":"cjo3uf7t","id":"1(@)"}
{"time":"2026-03-13T17:17:51.180392591+01:00","level":"INFO","msg":"handleInformInit: stream started","streamId":"cjo3uf7t","id":"1(@)"}
{"time":"2026-03-13T17:19:26.267350611+01:00","level":"INFO","msg":"handleInformFinish: finish message received","streamId":"cjo3uf7t","id":"1(@)"}
{"time":"2026-03-13T17:19:26.268981124+01:00","level":"INFO","msg":"handleInformFinish: stream closed","streamId":"cjo3uf7t","id":"1(@)"}
{"time":"2026-03-13T17:20:32.826956263+01:00","level":"INFO","msg":"handleInformFinish: finish message received","streamId":"vl9ntf8h","id":"1(@)"}
{"time":"2026-03-13T17:20:32.829616501+01:00","level":"INFO","msg":"handleInformFinish: stream closed","streamId":"vl9ntf8h","id":"1(@)"}
{"time":"2026-03-13T17:23:32.342404317+01:00","level":"INFO","msg":"handleInformInit: received","streamId":"ivfv9e0c","id":"1(@)"}
{"time":"2026-03-13T17:23:32.471287711+01:00","level":"INFO","msg":"handleInformInit: stream started","streamId":"ivfv9e0c","id":"1(@)"}
{"time":"2026-03-13T17:24:14.479771571+01:00","level":"INFO","msg":"handleInformInit: received","streamId":"s2sp2eas","id":"1(@)"}
{"time":"2026-03-13T17:24:14.607212668+01:00","level":"INFO","msg":"handleInformInit: stream started","streamId":"s2sp2eas","id":"1(@)"}
{"time":"2026-03-13T17:26:47.204907726+01:00","level":"INFO","msg":"handleInformFinish: finish message received","streamId":"s2sp2eas","id":"1(@)"}
{"time":"2026-03-13T17:26:47.214932296+01:00","level":"INFO","msg":"handleInformFinish: stream closed","streamId":"s2sp2eas","id":"1(@)"}
{"time":"2026-03-13T17:27:49.146976183+01:00","level":"INFO","msg":"handleInformFinish: finish message received","streamId":"ivfv9e0c","id":"1(@)"}
{"time":"2026-03-13T17:27:49.149742596+01:00","level":"INFO","msg":"handleInformFinish: stream closed","streamId":"ivfv9e0c","id":"1(@)"}
{"time":"2026-03-13T17:32:13.603959432+01:00","level":"INFO","msg":"handleInformInit: received","streamId":"02phwf0g","id":"1(@)"}
{"time":"2026-03-13T17:32:15.042074854+01:00","level":"INFO","msg":"handleInformInit: stream started","streamId":"02phwf0g","id":"1(@)"}
{"time":"2026-03-13T17:32:23.824989046+01:00","level":"INFO","msg":"handleInformInit: received","streamId":"yme9zbrf","id":"1(@)"}
{"time":"2026-03-13T17:32:23.952356125+01:00","level":"INFO","msg":"handleInformInit: stream started","streamId":"yme9zbrf","id":"1(@)"}
{"time":"2026-03-13T17:33:44.394619459+01:00","level":"INFO","msg":"handleInformFinish: finish message received","streamId":"02phwf0g","id":"1(@)"}
{"time":"2026-03-13T17:33:44.397783124+01:00","level":"INFO","msg":"handleInformFinish: stream closed","streamId":"02phwf0g","id":"1(@)"}
{"time":"2026-03-13T17:33:44.645276507+01:00","level":"INFO","msg":"handleInformTeardown: server teardown initiated","id":"1(@)"}
{"time":"2026-03-13T17:33:44.645910626+01:00","level":"INFO","msg":"handleInformTeardown: server shutdown complete","id":"1(@)"}
{"time":"2026-03-13T17:33:44.645918732+01:00","level":"INFO","msg":"connection: closing","id":"1(@)"}
{"time":"2026-03-13T17:33:44.645979286+01:00","level":"INFO","msg":"server is shutting down"}
{"time":"2026-03-13T17:33:44.660189271+01:00","level":"INFO","msg":"connection: closed successfully","id":"1(@)"}
{"time":"2026-03-13T17:33:44.66067613+01:00","level":"INFO","msg":"connection: ManageConnectionData: connection closed","id":"1(@)"}
{"time":"2026-03-13T17:33:44.690575304+01:00","level":"INFO","msg":"server: listener closed","addr":{"Name":"/tmp/wandb-1805202-1805377-1599136485/socket","Net":"unix"}}
{"time":"2026-03-13T17:33:44.691279751+01:00","level":"INFO","msg":"server is closed"}
{"time":"2026-03-13T17:35:08.17253225+01:00","level":"INFO","msg":"handleInformFinish: finish message received","streamId":"yme9zbrf","id":"1(@)"}
{"time":"2026-03-13T17:35:08.175468667+01:00","level":"INFO","msg":"handleInformFinish: stream closed","streamId":"yme9zbrf","id":"1(@)"}
{"time":"2026-03-13T17:35:08.388517514+01:00","level":"INFO","msg":"handleInformTeardown: server teardown initiated","id":"1(@)"}
{"time":"2026-03-13T17:35:08.389064213+01:00","level":"INFO","msg":"handleInformTeardown: server shutdown complete","id":"1(@)"}
{"time":"2026-03-13T17:35:08.389196615+01:00","level":"INFO","msg":"connection: closing","id":"1(@)"}
{"time":"2026-03-13T17:35:08.403004488+01:00","level":"INFO","msg":"connection: closed successfully","id":"1(@)"}
{"time":"2026-03-13T17:35:08.403540548+01:00","level":"INFO","msg":"connection: ManageConnectionData: connection closed","id":"1(@)"}
{"time":"2026-03-13T17:35:08.389255864+01:00","level":"INFO","msg":"server is shutting down"}
{"time":"2026-03-13T17:35:08.419573331+01:00","level":"INFO","msg":"server: listener closed","addr":{"Name":"/tmp/wandb-2661056-2661210-3530527910/socket","Net":"unix"}}
{"time":"2026-03-13T17:35:08.420258168+01:00","level":"INFO","msg":"server is closed"}
