{"time":"2026-03-13T09:29:24.4795723+01:00","level":"INFO","msg":"main: starting server","port-filename":"/tmp/tmp5y6k6ity/port-3551672.txt","pid":3551672,"log-level":0,"disable-analytics":false,"shutdown-on-parent-exit":false,"enable-dcgm-profiling":false}
{"time":"2026-03-13T09:29:24.479941225+01:00","level":"INFO","msg":"server: will exit if parent process dies","ppid":3551672}
{"time":"2026-03-13T09:29:24.479936302+01:00","level":"INFO","msg":"server: accepting connections","addr":{"Name":"/tmp/wandb-3551672-3551840-4271010839/socket","Net":"unix"}}
{"time":"2026-03-13T09:29:24.537961721+01:00","level":"INFO","msg":"connection: ManageConnectionData: new connection created","id":"1(@)"}
{"time":"2026-03-13T09:29:24.570093618+01:00","level":"INFO","msg":"handleInformInit: received","streamId":"ji63a1s0","id":"1(@)"}
{"time":"2026-03-13T09:29:24.716429991+01:00","level":"INFO","msg":"handleInformInit: stream started","streamId":"ji63a1s0","id":"1(@)"}
{"time":"2026-03-13T09:51:45.557898435+01:00","level":"INFO","msg":"handleInformFinish: finish message received","streamId":"ji63a1s0","id":"1(@)"}
{"time":"2026-03-13T09:51:45.559678675+01:00","level":"INFO","msg":"handleInformFinish: stream closed","streamId":"ji63a1s0","id":"1(@)"}
{"time":"2026-03-13T09:57:21.231037845+01:00","level":"INFO","msg":"handleInformInit: received","streamId":"u86afpz9","id":"1(@)"}
{"time":"2026-03-13T09:57:21.352222778+01:00","level":"INFO","msg":"handleInformInit: stream started","streamId":"u86afpz9","id":"1(@)"}
{"time":"2026-03-13T09:58:32.673683756+01:00","level":"INFO","msg":"handleInformFinish: finish message received","streamId":"u86afpz9","id":"1(@)"}
{"time":"2026-03-13T09:58:32.675111935+01:00","level":"INFO","msg":"handleInformFinish: stream closed","streamId":"u86afpz9","id":"1(@)"}
{"time":"2026-03-13T10:04:21.130558283+01:00","level":"INFO","msg":"handleInformInit: received","streamId":"bkrij0wr","id":"1(@)"}
{"time":"2026-03-13T10:04:21.251210695+01:00","level":"INFO","msg":"handleInformInit: stream started","streamId":"bkrij0wr","id":"1(@)"}
{"time":"2026-03-13T10:05:11.488223113+01:00","level":"INFO","msg":"handleInformFinish: finish message received","streamId":"bkrij0wr","id":"1(@)"}
{"time":"2026-03-13T10:05:11.489605907+01:00","level":"INFO","msg":"handleInformFinish: stream closed","streamId":"bkrij0wr","id":"1(@)"}
{"time":"2026-03-13T10:08:21.539750161+01:00","level":"INFO","msg":"handleInformInit: received","streamId":"mngod9bl","id":"1(@)"}
{"time":"2026-03-13T10:08:21.661498896+01:00","level":"INFO","msg":"handleInformInit: stream started","streamId":"mngod9bl","id":"1(@)"}
{"time":"2026-03-13T10:13:14.2807799+01:00","level":"INFO","msg":"handleInformFinish: finish message received","streamId":"mngod9bl","id":"1(@)"}
{"time":"2026-03-13T10:13:14.282769732+01:00","level":"INFO","msg":"handleInformFinish: stream closed","streamId":"mngod9bl","id":"1(@)"}
{"time":"2026-03-13T10:13:14.306174355+01:00","level":"INFO","msg":"handleInformTeardown: server teardown initiated","id":"1(@)"}
{"time":"2026-03-13T10:13:14.306260345+01:00","level":"INFO","msg":"handleInformTeardown: server shutdown complete","id":"1(@)"}
{"time":"2026-03-13T10:13:14.306281091+01:00","level":"INFO","msg":"server is shutting down"}
{"time":"2026-03-13T10:13:14.30626895+01:00","level":"INFO","msg":"connection: closing","id":"1(@)"}
{"time":"2026-03-13T10:13:14.306323326+01:00","level":"INFO","msg":"connection: closed successfully","id":"1(@)"}
{"time":"2026-03-13T10:13:14.306331537+01:00","level":"INFO","msg":"connection: ManageConnectionData: connection closed","id":"1(@)"}
{"time":"2026-03-13T10:13:14.30631528+01:00","level":"INFO","msg":"server: listener closed","addr":{"Name":"/tmp/wandb-3551672-3551840-4271010839/socket","Net":"unix"}}
{"time":"2026-03-13T10:13:14.306347436+01:00","level":"INFO","msg":"server is closed"}
