{"time":"2026-03-13T09:32:52.306349523+01:00","level":"INFO","msg":"main: starting server","port-filename":"/tmp/tmprw5w_7cd/port-2053671.txt","pid":2053671,"log-level":0,"disable-analytics":false,"shutdown-on-parent-exit":false,"enable-dcgm-profiling":false}
{"time":"2026-03-13T09:32:52.306810585+01:00","level":"INFO","msg":"server: will exit if parent process dies","ppid":2053671}
{"time":"2026-03-13T09:32:52.306758193+01:00","level":"INFO","msg":"server: accepting connections","addr":{"Name":"/tmp/wandb-2053671-2053834-237591459/socket","Net":"unix"}}
{"time":"2026-03-13T09:32:52.405351647+01:00","level":"INFO","msg":"connection: ManageConnectionData: new connection created","id":"1(@)"}
{"time":"2026-03-13T09:32:52.458117111+01:00","level":"INFO","msg":"handleInformInit: received","streamId":"cyuwmhz3","id":"1(@)"}
{"time":"2026-03-13T09:32:52.609549511+01:00","level":"INFO","msg":"handleInformInit: stream started","streamId":"cyuwmhz3","id":"1(@)"}
{"time":"2026-03-13T09:45:06.834512582+01:00","level":"INFO","msg":"handleInformFinish: finish message received","streamId":"cyuwmhz3","id":"1(@)"}
{"time":"2026-03-13T09:45:06.835965116+01:00","level":"INFO","msg":"handleInformFinish: stream closed","streamId":"cyuwmhz3","id":"1(@)"}
{"time":"2026-03-13T09:51:49.486762871+01:00","level":"INFO","msg":"handleInformInit: received","streamId":"8wszf8k7","id":"1(@)"}
{"time":"2026-03-13T09:51:49.607551475+01:00","level":"INFO","msg":"handleInformInit: stream started","streamId":"8wszf8k7","id":"1(@)"}
{"time":"2026-03-13T10:03:54.328856989+01:00","level":"INFO","msg":"connection: cancelling request","id":"1(@)","requestId":"r8yozofdo3aq"}
{"time":"2026-03-13T10:03:54.332816099+01:00","level":"INFO","msg":"handleInformFinish: finish message received","streamId":"8wszf8k7","id":"1(@)"}
{"time":"2026-03-13T10:03:54.334302982+01:00","level":"INFO","msg":"handleInformFinish: stream closed","streamId":"8wszf8k7","id":"1(@)"}
{"time":"2026-03-13T10:09:52.265976845+01:00","level":"INFO","msg":"handleInformInit: received","streamId":"569hf9oa","id":"1(@)"}
{"time":"2026-03-13T10:09:52.387792987+01:00","level":"INFO","msg":"handleInformInit: stream started","streamId":"569hf9oa","id":"1(@)"}
{"time":"2026-03-13T10:22:03.944075812+01:00","level":"INFO","msg":"handleInformFinish: finish message received","streamId":"569hf9oa","id":"1(@)"}
{"time":"2026-03-13T10:22:03.974858423+01:00","level":"INFO","msg":"handleInformFinish: stream closed","streamId":"569hf9oa","id":"1(@)"}
{"time":"2026-03-13T10:25:38.994558168+01:00","level":"INFO","msg":"handleInformInit: received","streamId":"fej4ho8b","id":"1(@)"}
{"time":"2026-03-13T10:25:39.116076386+01:00","level":"INFO","msg":"handleInformInit: stream started","streamId":"fej4ho8b","id":"1(@)"}
{"time":"2026-03-13T10:40:05.512351319+01:00","level":"INFO","msg":"handleInformFinish: finish message received","streamId":"fej4ho8b","id":"1(@)"}
{"time":"2026-03-13T10:40:05.525238447+01:00","level":"INFO","msg":"handleInformFinish: stream closed","streamId":"fej4ho8b","id":"1(@)"}
{"time":"2026-03-13T10:44:24.912068141+01:00","level":"INFO","msg":"handleInformInit: received","streamId":"k5lc4ds4","id":"1(@)"}
{"time":"2026-03-13T10:44:25.043900184+01:00","level":"INFO","msg":"handleInformInit: stream started","streamId":"k5lc4ds4","id":"1(@)"}
{"time":"2026-03-13T10:57:25.453585512+01:00","level":"INFO","msg":"connection: cancelling request","id":"1(@)","requestId":"2ygkfb8hdqsj"}
{"time":"2026-03-13T10:57:25.47265296+01:00","level":"INFO","msg":"handleInformFinish: finish message received","streamId":"k5lc4ds4","id":"1(@)"}
{"time":"2026-03-13T10:57:25.474962769+01:00","level":"INFO","msg":"handleInformFinish: stream closed","streamId":"k5lc4ds4","id":"1(@)"}
{"time":"2026-03-13T10:59:51.5050695+01:00","level":"INFO","msg":"handleInformInit: received","streamId":"e7lfxmlt","id":"1(@)"}
{"time":"2026-03-13T10:59:51.636200883+01:00","level":"INFO","msg":"handleInformInit: stream started","streamId":"e7lfxmlt","id":"1(@)"}
{"time":"2026-03-13T11:15:12.516183914+01:00","level":"INFO","msg":"handleInformFinish: finish message received","streamId":"e7lfxmlt","id":"1(@)"}
{"time":"2026-03-13T11:15:12.528550501+01:00","level":"INFO","msg":"handleInformFinish: stream closed","streamId":"e7lfxmlt","id":"1(@)"}
{"time":"2026-03-13T11:20:36.456911484+01:00","level":"INFO","msg":"handleInformInit: received","streamId":"3ck6wv6o","id":"1(@)"}
{"time":"2026-03-13T11:20:36.587216582+01:00","level":"INFO","msg":"handleInformInit: stream started","streamId":"3ck6wv6o","id":"1(@)"}
{"time":"2026-03-13T11:32:52.375462273+01:00","level":"INFO","msg":"handleInformFinish: finish message received","streamId":"3ck6wv6o","id":"1(@)"}
{"time":"2026-03-13T11:32:52.404277456+01:00","level":"INFO","msg":"handleInformFinish: stream closed","streamId":"3ck6wv6o","id":"1(@)"}
{"time":"2026-03-13T11:38:47.241172758+01:00","level":"INFO","msg":"handleInformInit: received","streamId":"2sf7kmt1","id":"1(@)"}
{"time":"2026-03-13T11:38:47.374483158+01:00","level":"INFO","msg":"handleInformInit: stream started","streamId":"2sf7kmt1","id":"1(@)"}
{"time":"2026-03-13T11:50:22.692012673+01:00","level":"INFO","msg":"handleInformFinish: finish message received","streamId":"2sf7kmt1","id":"1(@)"}
{"time":"2026-03-13T11:50:22.706708925+01:00","level":"INFO","msg":"handleInformFinish: stream closed","streamId":"2sf7kmt1","id":"1(@)"}
{"time":"2026-03-13T11:56:08.81969052+01:00","level":"INFO","msg":"handleInformInit: received","streamId":"w6kkq8b1","id":"1(@)"}
{"time":"2026-03-13T11:56:08.950525172+01:00","level":"INFO","msg":"handleInformInit: stream started","streamId":"w6kkq8b1","id":"1(@)"}
{"time":"2026-03-13T12:08:14.748466006+01:00","level":"INFO","msg":"handleInformFinish: finish message received","streamId":"w6kkq8b1","id":"1(@)"}
{"time":"2026-03-13T12:08:14.751122833+01:00","level":"INFO","msg":"handleInformFinish: stream closed","streamId":"w6kkq8b1","id":"1(@)"}
{"time":"2026-03-13T12:12:52.711901516+01:00","level":"INFO","msg":"handleInformInit: received","streamId":"k16cgd5i","id":"1(@)"}
{"time":"2026-03-13T12:12:52.833344196+01:00","level":"INFO","msg":"handleInformInit: stream started","streamId":"k16cgd5i","id":"1(@)"}
{"time":"2026-03-13T12:25:58.235789341+01:00","level":"INFO","msg":"connection: cancelling request","id":"1(@)","requestId":"2oodt4t3tyfs"}
{"time":"2026-03-13T12:25:58.237903096+01:00","level":"INFO","msg":"handleInformFinish: finish message received","streamId":"k16cgd5i","id":"1(@)"}
{"time":"2026-03-13T12:25:58.239521863+01:00","level":"INFO","msg":"handleInformFinish: stream closed","streamId":"k16cgd5i","id":"1(@)"}
{"time":"2026-03-13T12:29:54.150314267+01:00","level":"INFO","msg":"handleInformInit: received","streamId":"miailngi","id":"1(@)"}
{"time":"2026-03-13T12:29:54.274905445+01:00","level":"INFO","msg":"handleInformInit: stream started","streamId":"miailngi","id":"1(@)"}
{"time":"2026-03-13T12:43:37.091242403+01:00","level":"INFO","msg":"handleInformFinish: finish message received","streamId":"miailngi","id":"1(@)"}
{"time":"2026-03-13T12:43:37.102795875+01:00","level":"INFO","msg":"handleInformFinish: stream closed","streamId":"miailngi","id":"1(@)"}
{"time":"2026-03-13T12:48:54.262881266+01:00","level":"INFO","msg":"handleInformInit: received","streamId":"r852kbw5","id":"1(@)"}
{"time":"2026-03-13T12:48:54.384664181+01:00","level":"INFO","msg":"handleInformInit: stream started","streamId":"r852kbw5","id":"1(@)"}
{"time":"2026-03-13T13:01:06.577662655+01:00","level":"INFO","msg":"handleInformFinish: finish message received","streamId":"r852kbw5","id":"1(@)"}
{"time":"2026-03-13T13:01:06.586912608+01:00","level":"INFO","msg":"handleInformFinish: stream closed","streamId":"r852kbw5","id":"1(@)"}
{"time":"2026-03-13T13:07:04.620379118+01:00","level":"INFO","msg":"handleInformInit: received","streamId":"09lr961a","id":"1(@)"}
{"time":"2026-03-13T13:07:04.754498925+01:00","level":"INFO","msg":"handleInformInit: stream started","streamId":"09lr961a","id":"1(@)"}
{"time":"2026-03-13T13:18:34.152032066+01:00","level":"INFO","msg":"handleInformFinish: finish message received","streamId":"09lr961a","id":"1(@)"}
{"time":"2026-03-13T13:18:34.153848928+01:00","level":"INFO","msg":"handleInformFinish: stream closed","streamId":"09lr961a","id":"1(@)"}
{"time":"2026-03-13T13:23:51.092458113+01:00","level":"INFO","msg":"handleInformInit: received","streamId":"5qgl75hq","id":"1(@)"}
{"time":"2026-03-13T13:23:51.221594185+01:00","level":"INFO","msg":"handleInformInit: stream started","streamId":"5qgl75hq","id":"1(@)"}
{"time":"2026-03-13T13:25:38.071793609+01:00","level":"INFO","msg":"handleInformFinish: finish message received","streamId":"5qgl75hq","id":"1(@)"}
{"time":"2026-03-13T13:25:38.073500624+01:00","level":"INFO","msg":"handleInformFinish: stream closed","streamId":"5qgl75hq","id":"1(@)"}
{"time":"2026-03-13T13:31:02.087127521+01:00","level":"INFO","msg":"handleInformInit: received","streamId":"pwudggc2","id":"1(@)"}
{"time":"2026-03-13T13:31:02.218283962+01:00","level":"INFO","msg":"handleInformInit: stream started","streamId":"pwudggc2","id":"1(@)"}
{"time":"2026-03-13T13:31:44.618402341+01:00","level":"INFO","msg":"connection: cancelling request","id":"1(@)","requestId":"4noh235336tk"}
{"time":"2026-03-13T13:31:44.620296441+01:00","level":"INFO","msg":"handleInformFinish: finish message received","streamId":"pwudggc2","id":"1(@)"}
{"time":"2026-03-13T13:31:44.622242114+01:00","level":"INFO","msg":"handleInformFinish: stream closed","streamId":"pwudggc2","id":"1(@)"}
{"time":"2026-03-13T13:37:56.169096411+01:00","level":"INFO","msg":"handleInformInit: received","streamId":"d87csaz8","id":"1(@)"}
{"time":"2026-03-13T13:37:56.29773744+01:00","level":"INFO","msg":"handleInformInit: stream started","streamId":"d87csaz8","id":"1(@)"}
{"time":"2026-03-13T13:38:36.713337415+01:00","level":"INFO","msg":"handleInformFinish: finish message received","streamId":"d87csaz8","id":"1(@)"}
{"time":"2026-03-13T13:38:36.714899355+01:00","level":"INFO","msg":"handleInformFinish: stream closed","streamId":"d87csaz8","id":"1(@)"}
{"time":"2026-03-13T13:43:40.048102301+01:00","level":"INFO","msg":"handleInformInit: received","streamId":"gnjuw3k0","id":"1(@)"}
{"time":"2026-03-13T13:43:40.17268993+01:00","level":"INFO","msg":"handleInformInit: stream started","streamId":"gnjuw3k0","id":"1(@)"}
{"time":"2026-03-13T13:44:20.177172973+01:00","level":"INFO","msg":"handleInformFinish: finish message received","streamId":"gnjuw3k0","id":"1(@)"}
{"time":"2026-03-13T13:44:20.178822329+01:00","level":"INFO","msg":"handleInformFinish: stream closed","streamId":"gnjuw3k0","id":"1(@)"}
{"time":"2026-03-13T13:49:40.512038493+01:00","level":"INFO","msg":"handleInformInit: received","streamId":"8uanlzdq","id":"1(@)"}
{"time":"2026-03-13T13:49:40.635021746+01:00","level":"INFO","msg":"handleInformInit: stream started","streamId":"8uanlzdq","id":"1(@)"}
{"time":"2026-03-13T13:50:22.123023286+01:00","level":"INFO","msg":"connection: cancelling request","id":"1(@)","requestId":"qpjt43wen5ol"}
{"time":"2026-03-13T13:50:22.124981332+01:00","level":"INFO","msg":"handleInformFinish: finish message received","streamId":"8uanlzdq","id":"1(@)"}
{"time":"2026-03-13T13:50:22.126696487+01:00","level":"INFO","msg":"handleInformFinish: stream closed","streamId":"8uanlzdq","id":"1(@)"}
{"time":"2026-03-13T13:52:54.041776503+01:00","level":"INFO","msg":"handleInformInit: received","streamId":"cyu0unin","id":"1(@)"}
{"time":"2026-03-13T13:52:56.298653525+01:00","level":"INFO","msg":"handleInformInit: stream started","streamId":"cyu0unin","id":"1(@)"}
{"time":"2026-03-13T13:56:31.980213266+01:00","level":"INFO","msg":"handleInformFinish: finish message received","streamId":"cyu0unin","id":"1(@)"}
{"time":"2026-03-13T13:56:31.983227368+01:00","level":"INFO","msg":"handleInformFinish: stream closed","streamId":"cyu0unin","id":"1(@)"}
{"time":"2026-03-13T14:01:20.819101976+01:00","level":"INFO","msg":"handleInformInit: received","streamId":"zhr9ktac","id":"1(@)"}
{"time":"2026-03-13T14:01:20.944581334+01:00","level":"INFO","msg":"handleInformInit: stream started","streamId":"zhr9ktac","id":"1(@)"}
{"time":"2026-03-13T14:03:15.743929241+01:00","level":"INFO","msg":"handleInformFinish: finish message received","streamId":"zhr9ktac","id":"1(@)"}
{"time":"2026-03-13T14:03:15.745362083+01:00","level":"INFO","msg":"handleInformFinish: stream closed","streamId":"zhr9ktac","id":"1(@)"}
{"time":"2026-03-13T14:09:02.64243384+01:00","level":"INFO","msg":"handleInformInit: received","streamId":"t07f2yn2","id":"1(@)"}
{"time":"2026-03-13T14:09:02.765990468+01:00","level":"INFO","msg":"handleInformInit: stream started","streamId":"t07f2yn2","id":"1(@)"}
{"time":"2026-03-13T14:09:52.094368575+01:00","level":"INFO","msg":"handleInformFinish: finish message received","streamId":"t07f2yn2","id":"1(@)"}
{"time":"2026-03-13T14:09:52.096111734+01:00","level":"INFO","msg":"handleInformFinish: stream closed","streamId":"t07f2yn2","id":"1(@)"}
{"time":"2026-03-13T14:15:09.413807618+01:00","level":"INFO","msg":"handleInformInit: received","streamId":"09x8rlmj","id":"1(@)"}
{"time":"2026-03-13T14:15:09.540637104+01:00","level":"INFO","msg":"handleInformInit: stream started","streamId":"09x8rlmj","id":"1(@)"}
{"time":"2026-03-13T14:16:20.046360711+01:00","level":"INFO","msg":"connection: cancelling request","id":"1(@)","requestId":"uqx9lb7n5to4"}
{"time":"2026-03-13T14:16:20.048398859+01:00","level":"INFO","msg":"handleInformFinish: finish message received","streamId":"09x8rlmj","id":"1(@)"}
{"time":"2026-03-13T14:16:20.050088231+01:00","level":"INFO","msg":"handleInformFinish: stream closed","streamId":"09x8rlmj","id":"1(@)"}
{"time":"2026-03-13T14:22:01.521744816+01:00","level":"INFO","msg":"handleInformInit: received","streamId":"mf7ev8uc","id":"1(@)"}
{"time":"2026-03-13T14:22:01.647306449+01:00","level":"INFO","msg":"handleInformInit: stream started","streamId":"mf7ev8uc","id":"1(@)"}
{"time":"2026-03-13T14:22:42.275161609+01:00","level":"INFO","msg":"handleInformFinish: finish message received","streamId":"mf7ev8uc","id":"1(@)"}
{"time":"2026-03-13T14:22:42.276767669+01:00","level":"INFO","msg":"handleInformFinish: stream closed","streamId":"mf7ev8uc","id":"1(@)"}
{"time":"2026-03-13T14:26:24.1684518+01:00","level":"INFO","msg":"handleInformInit: received","streamId":"l90phd9r","id":"1(@)"}
{"time":"2026-03-13T14:26:24.294543337+01:00","level":"INFO","msg":"handleInformInit: stream started","streamId":"l90phd9r","id":"1(@)"}
{"time":"2026-03-13T14:29:37.443087716+01:00","level":"INFO","msg":"handleInformFinish: finish message received","streamId":"l90phd9r","id":"1(@)"}
{"time":"2026-03-13T14:29:37.444738255+01:00","level":"INFO","msg":"handleInformFinish: stream closed","streamId":"l90phd9r","id":"1(@)"}
{"time":"2026-03-13T14:34:03.75425062+01:00","level":"INFO","msg":"handleInformInit: received","streamId":"sq1vgiaf","id":"1(@)"}
{"time":"2026-03-13T14:34:03.8920935+01:00","level":"INFO","msg":"handleInformInit: stream started","streamId":"sq1vgiaf","id":"1(@)"}
{"time":"2026-03-13T14:35:57.787181279+01:00","level":"INFO","msg":"handleInformFinish: finish message received","streamId":"sq1vgiaf","id":"1(@)"}
{"time":"2026-03-13T14:35:57.789410557+01:00","level":"INFO","msg":"handleInformFinish: stream closed","streamId":"sq1vgiaf","id":"1(@)"}
{"time":"2026-03-13T14:40:37.283414468+01:00","level":"INFO","msg":"handleInformInit: received","streamId":"ma8nbte4","id":"1(@)"}
{"time":"2026-03-13T14:40:37.406900025+01:00","level":"INFO","msg":"handleInformInit: stream started","streamId":"ma8nbte4","id":"1(@)"}
{"time":"2026-03-13T14:42:23.864349043+01:00","level":"INFO","msg":"handleInformFinish: finish message received","streamId":"ma8nbte4","id":"1(@)"}
{"time":"2026-03-13T14:42:23.866553003+01:00","level":"INFO","msg":"handleInformFinish: stream closed","streamId":"ma8nbte4","id":"1(@)"}
{"time":"2026-03-13T14:47:56.342032463+01:00","level":"INFO","msg":"handleInformInit: received","streamId":"67ufskg0","id":"1(@)"}
{"time":"2026-03-13T14:47:56.463343806+01:00","level":"INFO","msg":"handleInformInit: stream started","streamId":"67ufskg0","id":"1(@)"}
{"time":"2026-03-13T14:49:21.174761875+01:00","level":"INFO","msg":"handleInformFinish: finish message received","streamId":"67ufskg0","id":"1(@)"}
{"time":"2026-03-13T14:49:21.177325866+01:00","level":"INFO","msg":"handleInformFinish: stream closed","streamId":"67ufskg0","id":"1(@)"}
{"time":"2026-03-13T14:54:18.991341174+01:00","level":"INFO","msg":"handleInformInit: received","streamId":"hgy01ftb","id":"1(@)"}
{"time":"2026-03-13T14:54:19.113196969+01:00","level":"INFO","msg":"handleInformInit: stream started","streamId":"hgy01ftb","id":"1(@)"}
{"time":"2026-03-13T14:56:02.231242199+01:00","level":"INFO","msg":"handleInformFinish: finish message received","streamId":"hgy01ftb","id":"1(@)"}
{"time":"2026-03-13T14:56:02.300824769+01:00","level":"INFO","msg":"handleInformFinish: stream closed","streamId":"hgy01ftb","id":"1(@)"}
{"time":"2026-03-13T14:58:47.106339445+01:00","level":"INFO","msg":"handleInformInit: received","streamId":"3xm5qac3","id":"1(@)"}
{"time":"2026-03-13T14:58:47.239728872+01:00","level":"INFO","msg":"handleInformInit: stream started","streamId":"3xm5qac3","id":"1(@)"}
{"time":"2026-03-13T15:02:14.802127651+01:00","level":"INFO","msg":"connection: cancelling request","id":"1(@)","requestId":"ztbo9tn0okmb"}
{"time":"2026-03-13T15:02:14.804047613+01:00","level":"INFO","msg":"handleInformFinish: finish message received","streamId":"3xm5qac3","id":"1(@)"}
{"time":"2026-03-13T15:02:14.805632692+01:00","level":"INFO","msg":"handleInformFinish: stream closed","streamId":"3xm5qac3","id":"1(@)"}
{"time":"2026-03-13T15:06:28.520319923+01:00","level":"INFO","msg":"handleInformInit: received","streamId":"vtniyi7m","id":"1(@)"}
{"time":"2026-03-13T15:06:28.645334128+01:00","level":"INFO","msg":"handleInformInit: stream started","streamId":"vtniyi7m","id":"1(@)"}
{"time":"2026-03-13T15:08:01.063020541+01:00","level":"INFO","msg":"handleInformFinish: finish message received","streamId":"vtniyi7m","id":"1(@)"}
{"time":"2026-03-13T15:08:01.06471523+01:00","level":"INFO","msg":"handleInformFinish: stream closed","streamId":"vtniyi7m","id":"1(@)"}
{"time":"2026-03-13T15:13:39.018772891+01:00","level":"INFO","msg":"handleInformInit: received","streamId":"irlcfd8x","id":"1(@)"}
{"time":"2026-03-13T15:13:39.141454776+01:00","level":"INFO","msg":"handleInformInit: stream started","streamId":"irlcfd8x","id":"1(@)"}
{"time":"2026-03-13T15:14:08.422310458+01:00","level":"INFO","msg":"connection: cancelling request","id":"1(@)","requestId":"zu9rfphrob9b"}
{"time":"2026-03-13T15:14:08.424320254+01:00","level":"INFO","msg":"handleInformFinish: finish message received","streamId":"irlcfd8x","id":"1(@)"}
{"time":"2026-03-13T15:14:08.425667639+01:00","level":"INFO","msg":"handleInformFinish: stream closed","streamId":"irlcfd8x","id":"1(@)"}
{"time":"2026-03-13T15:19:45.947788689+01:00","level":"INFO","msg":"handleInformInit: received","streamId":"eqgg34zn","id":"1(@)"}
{"time":"2026-03-13T15:19:46.069169918+01:00","level":"INFO","msg":"handleInformInit: stream started","streamId":"eqgg34zn","id":"1(@)"}
{"time":"2026-03-13T15:20:14.529087208+01:00","level":"INFO","msg":"handleInformFinish: finish message received","streamId":"eqgg34zn","id":"1(@)"}
{"time":"2026-03-13T15:20:14.530753321+01:00","level":"INFO","msg":"handleInformFinish: stream closed","streamId":"eqgg34zn","id":"1(@)"}
{"time":"2026-03-13T15:22:56.148492888+01:00","level":"INFO","msg":"handleInformInit: received","streamId":"51aboutb","id":"1(@)"}
{"time":"2026-03-13T15:22:56.272089778+01:00","level":"INFO","msg":"handleInformInit: stream started","streamId":"51aboutb","id":"1(@)"}
{"time":"2026-03-13T15:26:51.465563084+01:00","level":"INFO","msg":"connection: cancelling request","id":"1(@)","requestId":"hf7wkiuxez6s"}
{"time":"2026-03-13T15:26:51.467441607+01:00","level":"INFO","msg":"handleInformFinish: finish message received","streamId":"51aboutb","id":"1(@)"}
{"time":"2026-03-13T15:26:51.471455877+01:00","level":"INFO","msg":"handleInformFinish: stream closed","streamId":"51aboutb","id":"1(@)"}
{"time":"2026-03-13T15:32:12.196493741+01:00","level":"INFO","msg":"handleInformInit: received","streamId":"2pwbuatu","id":"1(@)"}
{"time":"2026-03-13T15:32:12.333603753+01:00","level":"INFO","msg":"handleInformInit: stream started","streamId":"2pwbuatu","id":"1(@)"}
{"time":"2026-03-13T15:32:38.89093481+01:00","level":"INFO","msg":"handleInformFinish: finish message received","streamId":"2pwbuatu","id":"1(@)"}
{"time":"2026-03-13T15:32:38.893355958+01:00","level":"INFO","msg":"handleInformFinish: stream closed","streamId":"2pwbuatu","id":"1(@)"}
{"time":"2026-03-13T15:36:50.786561841+01:00","level":"INFO","msg":"handleInformInit: received","streamId":"cyil6tpg","id":"1(@)"}
{"time":"2026-03-13T15:36:50.91091076+01:00","level":"INFO","msg":"handleInformInit: stream started","streamId":"cyil6tpg","id":"1(@)"}
{"time":"2026-03-13T15:39:15.92045232+01:00","level":"INFO","msg":"handleInformFinish: finish message received","streamId":"cyil6tpg","id":"1(@)"}
{"time":"2026-03-13T15:39:15.922387903+01:00","level":"INFO","msg":"handleInformFinish: stream closed","streamId":"cyil6tpg","id":"1(@)"}
{"time":"2026-03-13T15:43:48.97014105+01:00","level":"INFO","msg":"handleInformInit: received","streamId":"4nmywctd","id":"1(@)"}
{"time":"2026-03-13T15:43:49.096471596+01:00","level":"INFO","msg":"handleInformInit: stream started","streamId":"4nmywctd","id":"1(@)"}
{"time":"2026-03-13T15:45:27.96934329+01:00","level":"INFO","msg":"handleInformFinish: finish message received","streamId":"4nmywctd","id":"1(@)"}
{"time":"2026-03-13T15:45:27.971139851+01:00","level":"INFO","msg":"handleInformFinish: stream closed","streamId":"4nmywctd","id":"1(@)"}
{"time":"2026-03-13T15:50:54.921327523+01:00","level":"INFO","msg":"handleInformInit: received","streamId":"5ojl2ttp","id":"1(@)"}
{"time":"2026-03-13T15:50:55.0449521+01:00","level":"INFO","msg":"handleInformInit: stream started","streamId":"5ojl2ttp","id":"1(@)"}
{"time":"2026-03-13T15:51:42.318546976+01:00","level":"INFO","msg":"handleInformFinish: finish message received","streamId":"5ojl2ttp","id":"1(@)"}
{"time":"2026-03-13T15:51:42.321434588+01:00","level":"INFO","msg":"handleInformFinish: stream closed","streamId":"5ojl2ttp","id":"1(@)"}
{"time":"2026-03-13T15:57:05.981472975+01:00","level":"INFO","msg":"handleInformInit: received","streamId":"gm4ux2do","id":"1(@)"}
{"time":"2026-03-13T15:57:06.104357968+01:00","level":"INFO","msg":"handleInformInit: stream started","streamId":"gm4ux2do","id":"1(@)"}
{"time":"2026-03-13T15:57:43.380627653+01:00","level":"INFO","msg":"handleInformFinish: finish message received","streamId":"gm4ux2do","id":"1(@)"}
{"time":"2026-03-13T15:57:43.385362829+01:00","level":"INFO","msg":"handleInformFinish: stream closed","streamId":"gm4ux2do","id":"1(@)"}
{"time":"2026-03-13T16:03:17.379400421+01:00","level":"INFO","msg":"handleInformInit: received","streamId":"rbh9vzxo","id":"1(@)"}
{"time":"2026-03-13T16:03:17.50164341+01:00","level":"INFO","msg":"handleInformInit: stream started","streamId":"rbh9vzxo","id":"1(@)"}
{"time":"2026-03-13T16:03:43.946412294+01:00","level":"INFO","msg":"handleInformFinish: finish message received","streamId":"rbh9vzxo","id":"1(@)"}
{"time":"2026-03-13T16:03:43.948267718+01:00","level":"INFO","msg":"handleInformFinish: stream closed","streamId":"rbh9vzxo","id":"1(@)"}
{"time":"2026-03-13T16:07:32.165392022+01:00","level":"INFO","msg":"handleInformInit: received","streamId":"np0s4m9j","id":"1(@)"}
{"time":"2026-03-13T16:07:32.288154645+01:00","level":"INFO","msg":"handleInformInit: stream started","streamId":"np0s4m9j","id":"1(@)"}
{"time":"2026-03-13T16:10:43.912358573+01:00","level":"INFO","msg":"handleInformFinish: finish message received","streamId":"np0s4m9j","id":"1(@)"}
{"time":"2026-03-13T16:10:43.91489549+01:00","level":"INFO","msg":"handleInformFinish: stream closed","streamId":"np0s4m9j","id":"1(@)"}
{"time":"2026-03-13T16:15:18.114538507+01:00","level":"INFO","msg":"handleInformInit: received","streamId":"tmqafbbh","id":"1(@)"}
{"time":"2026-03-13T16:15:18.287200135+01:00","level":"INFO","msg":"handleInformInit: stream started","streamId":"tmqafbbh","id":"1(@)"}
{"time":"2026-03-13T16:17:52.39131269+01:00","level":"INFO","msg":"handleInformFinish: finish message received","streamId":"tmqafbbh","id":"1(@)"}
{"time":"2026-03-13T16:17:52.403216101+01:00","level":"INFO","msg":"handleInformFinish: stream closed","streamId":"tmqafbbh","id":"1(@)"}
{"time":"2026-03-13T16:21:10.606190941+01:00","level":"INFO","msg":"handleInformInit: received","streamId":"qmnf0374","id":"1(@)"}
{"time":"2026-03-13T16:21:10.729296704+01:00","level":"INFO","msg":"handleInformInit: stream started","streamId":"qmnf0374","id":"1(@)"}
{"time":"2026-03-13T16:25:30.383722002+01:00","level":"INFO","msg":"handleInformFinish: finish message received","streamId":"qmnf0374","id":"1(@)"}
{"time":"2026-03-13T16:25:30.389322994+01:00","level":"INFO","msg":"handleInformFinish: stream closed","streamId":"qmnf0374","id":"1(@)"}
{"time":"2026-03-13T16:30:23.517428939+01:00","level":"INFO","msg":"handleInformInit: received","streamId":"6axtr8w5","id":"1(@)"}
{"time":"2026-03-13T16:30:23.641703938+01:00","level":"INFO","msg":"handleInformInit: stream started","streamId":"6axtr8w5","id":"1(@)"}
{"time":"2026-03-13T16:32:38.796630407+01:00","level":"INFO","msg":"connection: cancelling request","id":"1(@)","requestId":"xa6tjqmw95rj"}
{"time":"2026-03-13T16:32:38.798635835+01:00","level":"INFO","msg":"handleInformFinish: finish message received","streamId":"6axtr8w5","id":"1(@)"}
{"time":"2026-03-13T16:32:38.800427209+01:00","level":"INFO","msg":"handleInformFinish: stream closed","streamId":"6axtr8w5","id":"1(@)"}
{"time":"2026-03-13T16:34:40.704196395+01:00","level":"INFO","msg":"handleInformInit: received","streamId":"ujs58esx","id":"1(@)"}
{"time":"2026-03-13T16:34:40.82487437+01:00","level":"INFO","msg":"handleInformInit: stream started","streamId":"ujs58esx","id":"1(@)"}
{"time":"2026-03-13T16:39:16.339231834+01:00","level":"INFO","msg":"handleInformFinish: finish message received","streamId":"ujs58esx","id":"1(@)"}
{"time":"2026-03-13T16:39:16.344139962+01:00","level":"INFO","msg":"handleInformFinish: stream closed","streamId":"ujs58esx","id":"1(@)"}
{"time":"2026-03-13T16:43:02.192731304+01:00","level":"INFO","msg":"handleInformInit: received","streamId":"c6kwxwh2","id":"1(@)"}
{"time":"2026-03-13T16:43:02.318563225+01:00","level":"INFO","msg":"handleInformInit: stream started","streamId":"c6kwxwh2","id":"1(@)"}
{"time":"2026-03-13T16:46:51.656772936+01:00","level":"INFO","msg":"connection: cancelling request","id":"1(@)","requestId":"so5kndotwslb"}
{"time":"2026-03-13T16:46:51.658732783+01:00","level":"INFO","msg":"handleInformFinish: finish message received","streamId":"c6kwxwh2","id":"1(@)"}
{"time":"2026-03-13T16:46:51.660648132+01:00","level":"INFO","msg":"handleInformFinish: stream closed","streamId":"c6kwxwh2","id":"1(@)"}
{"time":"2026-03-13T16:51:58.379606108+01:00","level":"INFO","msg":"handleInformInit: received","streamId":"ya6mj86w","id":"1(@)"}
{"time":"2026-03-13T16:51:58.502151683+01:00","level":"INFO","msg":"handleInformInit: stream started","streamId":"ya6mj86w","id":"1(@)"}
{"time":"2026-03-13T16:54:15.706666733+01:00","level":"INFO","msg":"handleInformFinish: finish message received","streamId":"ya6mj86w","id":"1(@)"}
{"time":"2026-03-13T16:54:15.708369789+01:00","level":"INFO","msg":"handleInformFinish: stream closed","streamId":"ya6mj86w","id":"1(@)"}
{"time":"2026-03-13T17:00:28.783442622+01:00","level":"INFO","msg":"handleInformInit: received","streamId":"9ihl8sfg","id":"1(@)"}
{"time":"2026-03-13T17:00:28.9054075+01:00","level":"INFO","msg":"handleInformInit: stream started","streamId":"9ihl8sfg","id":"1(@)"}
{"time":"2026-03-13T17:01:57.236052713+01:00","level":"INFO","msg":"handleInformFinish: finish message received","streamId":"9ihl8sfg","id":"1(@)"}
{"time":"2026-03-13T17:01:57.237680006+01:00","level":"INFO","msg":"handleInformFinish: stream closed","streamId":"9ihl8sfg","id":"1(@)"}
{"time":"2026-03-13T17:07:11.278807637+01:00","level":"INFO","msg":"handleInformInit: received","streamId":"jpj3fxfx","id":"1(@)"}
{"time":"2026-03-13T17:07:11.400489049+01:00","level":"INFO","msg":"handleInformInit: stream started","streamId":"jpj3fxfx","id":"1(@)"}
{"time":"2026-03-13T17:09:02.027934595+01:00","level":"INFO","msg":"handleInformFinish: finish message received","streamId":"jpj3fxfx","id":"1(@)"}
{"time":"2026-03-13T17:09:02.039661706+01:00","level":"INFO","msg":"handleInformFinish: stream closed","streamId":"jpj3fxfx","id":"1(@)"}
{"time":"2026-03-13T17:13:47.271100082+01:00","level":"INFO","msg":"handleInformInit: received","streamId":"ykjss41v","id":"1(@)"}
{"time":"2026-03-13T17:13:47.403873639+01:00","level":"INFO","msg":"handleInformInit: stream started","streamId":"ykjss41v","id":"1(@)"}
{"time":"2026-03-13T17:16:20.993555634+01:00","level":"INFO","msg":"handleInformFinish: finish message received","streamId":"ykjss41v","id":"1(@)"}
{"time":"2026-03-13T17:16:20.995123081+01:00","level":"INFO","msg":"handleInformFinish: stream closed","streamId":"ykjss41v","id":"1(@)"}
{"time":"2026-03-13T17:22:09.774352595+01:00","level":"INFO","msg":"handleInformInit: received","streamId":"dknb3ja1","id":"1(@)"}
{"time":"2026-03-13T17:22:09.895989149+01:00","level":"INFO","msg":"handleInformInit: stream started","streamId":"dknb3ja1","id":"1(@)"}
{"time":"2026-03-13T17:23:43.888270854+01:00","level":"INFO","msg":"handleInformFinish: finish message received","streamId":"dknb3ja1","id":"1(@)"}
{"time":"2026-03-13T17:23:43.890024926+01:00","level":"INFO","msg":"handleInformFinish: stream closed","streamId":"dknb3ja1","id":"1(@)"}
{"time":"2026-03-13T17:28:52.244396951+01:00","level":"INFO","msg":"handleInformInit: received","streamId":"e8g1ejqf","id":"1(@)"}
{"time":"2026-03-13T17:28:52.376508605+01:00","level":"INFO","msg":"handleInformInit: stream started","streamId":"e8g1ejqf","id":"1(@)"}
{"time":"2026-03-13T17:31:47.330050256+01:00","level":"INFO","msg":"handleInformFinish: finish message received","streamId":"e8g1ejqf","id":"1(@)"}
{"time":"2026-03-13T17:31:47.347475057+01:00","level":"INFO","msg":"handleInformFinish: stream closed","streamId":"e8g1ejqf","id":"1(@)"}
{"time":"2026-03-13T17:36:50.878797081+01:00","level":"INFO","msg":"handleInformInit: received","streamId":"7pxy4i4s","id":"1(@)"}
{"time":"2026-03-13T17:36:51.001280026+01:00","level":"INFO","msg":"handleInformInit: stream started","streamId":"7pxy4i4s","id":"1(@)"}
{"time":"2026-03-13T17:38:31.752812154+01:00","level":"INFO","msg":"handleInformFinish: finish message received","streamId":"7pxy4i4s","id":"1(@)"}
{"time":"2026-03-13T17:38:31.755298469+01:00","level":"INFO","msg":"handleInformFinish: stream closed","streamId":"7pxy4i4s","id":"1(@)"}
{"time":"2026-03-13T17:38:31.806953253+01:00","level":"INFO","msg":"handleInformTeardown: server teardown initiated","id":"1(@)"}
{"time":"2026-03-13T17:38:31.813667779+01:00","level":"INFO","msg":"handleInformTeardown: server shutdown complete","id":"1(@)"}
{"time":"2026-03-13T17:38:31.813739289+01:00","level":"INFO","msg":"server is shutting down"}
{"time":"2026-03-13T17:38:31.813676863+01:00","level":"INFO","msg":"connection: closing","id":"1(@)"}
{"time":"2026-03-13T17:38:31.846081289+01:00","level":"INFO","msg":"connection: closed successfully","id":"1(@)"}
{"time":"2026-03-13T17:38:31.853183063+01:00","level":"INFO","msg":"server: listener closed","addr":{"Name":"/tmp/wandb-2053671-2053834-237591459/socket","Net":"unix"}}
{"time":"2026-03-13T17:38:31.854954579+01:00","level":"INFO","msg":"connection: ManageConnectionData: connection closed","id":"1(@)"}
{"time":"2026-03-13T17:38:31.864087174+01:00","level":"INFO","msg":"server is closed"}
