{"time":"2026-03-13T09:27:28.094539983+01:00","level":"INFO","msg":"main: starting server","port-filename":"/tmp/tmp9d08tk07/port-3326116.txt","pid":3326116,"log-level":0,"disable-analytics":false,"shutdown-on-parent-exit":false,"enable-dcgm-profiling":false}
{"time":"2026-03-13T09:27:28.094974262+01:00","level":"INFO","msg":"server: will exit if parent process dies","ppid":3326116}
{"time":"2026-03-13T09:27:28.094960044+01:00","level":"INFO","msg":"server: accepting connections","addr":{"Name":"/tmp/wandb-3326116-3326295-3375842496/socket","Net":"unix"}}
{"time":"2026-03-13T09:27:28.17457019+01:00","level":"INFO","msg":"connection: ManageConnectionData: new connection created","id":"1(@)"}
{"time":"2026-03-13T09:27:28.235662076+01:00","level":"INFO","msg":"handleInformInit: received","streamId":"pbckz738","id":"1(@)"}
{"time":"2026-03-13T09:27:28.364602034+01:00","level":"INFO","msg":"handleInformInit: stream started","streamId":"pbckz738","id":"1(@)"}
{"time":"2026-03-13T09:31:22.784466231+01:00","level":"INFO","msg":"handleInformFinish: finish message received","streamId":"pbckz738","id":"1(@)"}
{"time":"2026-03-13T09:31:22.786234104+01:00","level":"INFO","msg":"handleInformFinish: stream closed","streamId":"pbckz738","id":"1(@)"}
{"time":"2026-03-13T09:35:21.260368301+01:00","level":"INFO","msg":"handleInformInit: received","streamId":"udbyrf5t","id":"1(@)"}
{"time":"2026-03-13T09:35:21.382673926+01:00","level":"INFO","msg":"handleInformInit: stream started","streamId":"udbyrf5t","id":"1(@)"}
{"time":"2026-03-13T09:36:41.709136106+01:00","level":"INFO","msg":"handleInformFinish: finish message received","streamId":"udbyrf5t","id":"1(@)"}
{"time":"2026-03-13T09:36:41.71054021+01:00","level":"INFO","msg":"handleInformFinish: stream closed","streamId":"udbyrf5t","id":"1(@)"}
{"time":"2026-03-13T09:41:54.153920519+01:00","level":"INFO","msg":"handleInformInit: received","streamId":"57ca54ir","id":"1(@)"}
{"time":"2026-03-13T09:41:54.275853684+01:00","level":"INFO","msg":"handleInformInit: stream started","streamId":"57ca54ir","id":"1(@)"}
{"time":"2026-03-13T09:43:03.490451487+01:00","level":"INFO","msg":"connection: cancelling request","id":"1(@)","requestId":"8lco0vcac0ue"}
{"time":"2026-03-13T09:43:03.492345006+01:00","level":"INFO","msg":"handleInformFinish: finish message received","streamId":"57ca54ir","id":"1(@)"}
{"time":"2026-03-13T09:43:03.494738651+01:00","level":"INFO","msg":"handleInformFinish: stream closed","streamId":"57ca54ir","id":"1(@)"}
{"time":"2026-03-13T09:48:38.097911906+01:00","level":"INFO","msg":"handleInformInit: received","streamId":"upee8qi6","id":"1(@)"}
{"time":"2026-03-13T09:48:38.219994941+01:00","level":"INFO","msg":"handleInformInit: stream started","streamId":"upee8qi6","id":"1(@)"}
{"time":"2026-03-13T09:49:05.720500827+01:00","level":"INFO","msg":"handleInformFinish: finish message received","streamId":"upee8qi6","id":"1(@)"}
{"time":"2026-03-13T09:49:05.721772263+01:00","level":"INFO","msg":"handleInformFinish: stream closed","streamId":"upee8qi6","id":"1(@)"}
{"time":"2026-03-13T09:49:05.744935482+01:00","level":"INFO","msg":"handleInformTeardown: server teardown initiated","id":"1(@)"}
{"time":"2026-03-13T09:49:05.744993512+01:00","level":"INFO","msg":"handleInformTeardown: server shutdown complete","id":"1(@)"}
{"time":"2026-03-13T09:49:05.745010127+01:00","level":"INFO","msg":"server is shutting down"}
{"time":"2026-03-13T09:49:05.745123151+01:00","level":"INFO","msg":"server: listener closed","addr":{"Name":"/tmp/wandb-3326116-3326295-3375842496/socket","Net":"unix"}}
{"time":"2026-03-13T09:49:05.745004405+01:00","level":"INFO","msg":"connection: closing","id":"1(@)"}
{"time":"2026-03-13T09:49:05.745261378+01:00","level":"INFO","msg":"connection: closed successfully","id":"1(@)"}
{"time":"2026-03-13T09:49:05.745274446+01:00","level":"INFO","msg":"connection: ManageConnectionData: connection closed","id":"1(@)"}
{"time":"2026-03-13T09:49:05.745286033+01:00","level":"INFO","msg":"server is closed"}
