{"time":"2026-03-13T09:27:36.73308902+01:00","level":"INFO","msg":"main: starting server","port-filename":"/tmp/tmpkwist9av/port-431500.txt","pid":431500,"log-level":0,"disable-analytics":false,"shutdown-on-parent-exit":false,"enable-dcgm-profiling":false}
{"time":"2026-03-13T09:27:36.733665507+01:00","level":"INFO","msg":"server: will exit if parent process dies","ppid":431500}
{"time":"2026-03-13T09:27:36.733651926+01:00","level":"INFO","msg":"server: accepting connections","addr":{"Name":"/tmp/wandb-431500-431669-516087635/socket","Net":"unix"}}
{"time":"2026-03-13T09:27:36.891862822+01:00","level":"INFO","msg":"connection: ManageConnectionData: new connection created","id":"1(@)"}
{"time":"2026-03-13T09:27:36.927401969+01:00","level":"INFO","msg":"handleInformInit: received","streamId":"hhid1cym","id":"1(@)"}
{"time":"2026-03-13T09:27:37.053762203+01:00","level":"INFO","msg":"handleInformInit: stream started","streamId":"hhid1cym","id":"1(@)"}
{"time":"2026-03-13T09:31:59.256645897+01:00","level":"INFO","msg":"handleInformFinish: finish message received","streamId":"hhid1cym","id":"1(@)"}
{"time":"2026-03-13T09:31:59.257849314+01:00","level":"INFO","msg":"handleInformFinish: stream closed","streamId":"hhid1cym","id":"1(@)"}
{"time":"2026-03-13T09:37:47.283207448+01:00","level":"INFO","msg":"handleInformInit: received","streamId":"qcfsa4nm","id":"1(@)"}
{"time":"2026-03-13T09:37:47.404073982+01:00","level":"INFO","msg":"handleInformInit: stream started","streamId":"qcfsa4nm","id":"1(@)"}
{"time":"2026-03-13T09:38:09.315405665+01:00","level":"INFO","msg":"handleInformFinish: finish message received","streamId":"qcfsa4nm","id":"1(@)"}
{"time":"2026-03-13T09:38:09.316806016+01:00","level":"INFO","msg":"handleInformFinish: stream closed","streamId":"qcfsa4nm","id":"1(@)"}
{"time":"2026-03-13T09:40:36.131982208+01:00","level":"INFO","msg":"handleInformInit: received","streamId":"rszchpuw","id":"1(@)"}
{"time":"2026-03-13T09:40:36.253039614+01:00","level":"INFO","msg":"handleInformInit: stream started","streamId":"rszchpuw","id":"1(@)"}
{"time":"2026-03-13T09:44:12.361779936+01:00","level":"INFO","msg":"handleInformFinish: finish message received","streamId":"rszchpuw","id":"1(@)"}
{"time":"2026-03-13T09:44:12.364096762+01:00","level":"INFO","msg":"handleInformFinish: stream closed","streamId":"rszchpuw","id":"1(@)"}
{"time":"2026-03-13T09:49:48.185240506+01:00","level":"INFO","msg":"handleInformInit: received","streamId":"lsbb9vas","id":"1(@)"}
{"time":"2026-03-13T09:49:48.30610983+01:00","level":"INFO","msg":"handleInformInit: stream started","streamId":"lsbb9vas","id":"1(@)"}
{"time":"2026-03-13T09:50:15.480213642+01:00","level":"INFO","msg":"handleInformFinish: finish message received","streamId":"lsbb9vas","id":"1(@)"}
{"time":"2026-03-13T09:50:15.481616046+01:00","level":"INFO","msg":"handleInformFinish: stream closed","streamId":"lsbb9vas","id":"1(@)"}
{"time":"2026-03-13T09:50:15.502805045+01:00","level":"INFO","msg":"handleInformTeardown: server teardown initiated","id":"1(@)"}
{"time":"2026-03-13T09:50:15.502835777+01:00","level":"INFO","msg":"handleInformTeardown: server shutdown complete","id":"1(@)"}
{"time":"2026-03-13T09:50:15.502854938+01:00","level":"INFO","msg":"server is shutting down"}
{"time":"2026-03-13T09:50:15.502837416+01:00","level":"INFO","msg":"connection: closing","id":"1(@)"}
{"time":"2026-03-13T09:50:15.502896444+01:00","level":"INFO","msg":"connection: closed successfully","id":"1(@)"}
{"time":"2026-03-13T09:50:15.502887449+01:00","level":"INFO","msg":"server: listener closed","addr":{"Name":"/tmp/wandb-431500-431669-516087635/socket","Net":"unix"}}
{"time":"2026-03-13T09:50:15.502905404+01:00","level":"INFO","msg":"connection: ManageConnectionData: connection closed","id":"1(@)"}
{"time":"2026-03-13T09:50:15.502924503+01:00","level":"INFO","msg":"server is closed"}
