{"time":"2026-03-13T09:29:11.691686977+01:00","level":"INFO","msg":"main: starting server","port-filename":"/tmp/tmp4u6ws0s7/port-3613596.txt","pid":3613596,"log-level":0,"disable-analytics":false,"shutdown-on-parent-exit":false,"enable-dcgm-profiling":false}
{"time":"2026-03-13T09:29:11.692167342+01:00","level":"INFO","msg":"server: will exit if parent process dies","ppid":3613596}
{"time":"2026-03-13T09:29:11.692165597+01:00","level":"INFO","msg":"server: accepting connections","addr":{"Name":"/tmp/wandb-3613596-3613753-732011426/socket","Net":"unix"}}
{"time":"2026-03-13T09:29:11.844065682+01:00","level":"INFO","msg":"connection: ManageConnectionData: new connection created","id":"1(@)"}
{"time":"2026-03-13T09:29:11.881483026+01:00","level":"INFO","msg":"handleInformInit: received","streamId":"s51ve75o","id":"1(@)"}
{"time":"2026-03-13T09:29:12.006103289+01:00","level":"INFO","msg":"handleInformInit: stream started","streamId":"s51ve75o","id":"1(@)"}
{"time":"2026-03-13T09:32:54.942477419+01:00","level":"INFO","msg":"handleInformFinish: finish message received","streamId":"s51ve75o","id":"1(@)"}
{"time":"2026-03-13T09:32:54.944143715+01:00","level":"INFO","msg":"handleInformFinish: stream closed","streamId":"s51ve75o","id":"1(@)"}
{"time":"2026-03-13T09:38:48.971332873+01:00","level":"INFO","msg":"handleInformInit: received","streamId":"s9fjwyfy","id":"1(@)"}
{"time":"2026-03-13T09:38:49.092947987+01:00","level":"INFO","msg":"handleInformInit: stream started","streamId":"s9fjwyfy","id":"1(@)"}
{"time":"2026-03-13T09:39:01.203456022+01:00","level":"INFO","msg":"handleInformFinish: finish message received","streamId":"s9fjwyfy","id":"1(@)"}
{"time":"2026-03-13T09:39:01.205481115+01:00","level":"INFO","msg":"handleInformFinish: stream closed","streamId":"s9fjwyfy","id":"1(@)"}
{"time":"2026-03-13T09:42:11.868294339+01:00","level":"INFO","msg":"handleInformInit: received","streamId":"nst3z6f5","id":"1(@)"}
{"time":"2026-03-13T09:42:11.989186233+01:00","level":"INFO","msg":"handleInformInit: stream started","streamId":"nst3z6f5","id":"1(@)"}
{"time":"2026-03-13T09:45:01.906489343+01:00","level":"INFO","msg":"handleInformFinish: finish message received","streamId":"nst3z6f5","id":"1(@)"}
{"time":"2026-03-13T09:45:01.908141348+01:00","level":"INFO","msg":"handleInformFinish: stream closed","streamId":"nst3z6f5","id":"1(@)"}
{"time":"2026-03-13T09:48:13.359364482+01:00","level":"INFO","msg":"handleInformInit: received","streamId":"fcge47sz","id":"1(@)"}
{"time":"2026-03-13T09:48:13.481556099+01:00","level":"INFO","msg":"handleInformInit: stream started","streamId":"fcge47sz","id":"1(@)"}
{"time":"2026-03-13T09:50:55.321625049+01:00","level":"INFO","msg":"handleInformFinish: finish message received","streamId":"fcge47sz","id":"1(@)"}
{"time":"2026-03-13T09:50:55.323154715+01:00","level":"INFO","msg":"handleInformFinish: stream closed","streamId":"fcge47sz","id":"1(@)"}
{"time":"2026-03-13T09:50:55.348239292+01:00","level":"INFO","msg":"handleInformTeardown: server teardown initiated","id":"1(@)"}
{"time":"2026-03-13T09:50:55.348298141+01:00","level":"INFO","msg":"handleInformTeardown: server shutdown complete","id":"1(@)"}
{"time":"2026-03-13T09:50:55.348322798+01:00","level":"INFO","msg":"server is shutting down"}
{"time":"2026-03-13T09:50:55.348307322+01:00","level":"INFO","msg":"connection: closing","id":"1(@)"}
{"time":"2026-03-13T09:50:55.348366453+01:00","level":"INFO","msg":"server: listener closed","addr":{"Name":"/tmp/wandb-3613596-3613753-732011426/socket","Net":"unix"}}
{"time":"2026-03-13T09:50:55.348385777+01:00","level":"INFO","msg":"connection: closed successfully","id":"1(@)"}
{"time":"2026-03-13T09:50:55.348401268+01:00","level":"INFO","msg":"connection: ManageConnectionData: connection closed","id":"1(@)"}
{"time":"2026-03-13T09:50:55.348410599+01:00","level":"INFO","msg":"server is closed"}
