{"time":"2026-03-13T09:26:30.194266205+01:00","level":"INFO","msg":"main: starting server","port-filename":"/tmp/tmp8hxlhd6j/port-1824589.txt","pid":1824589,"log-level":0,"disable-analytics":false,"shutdown-on-parent-exit":false,"enable-dcgm-profiling":false}
{"time":"2026-03-13T09:26:30.194721285+01:00","level":"INFO","msg":"server: will exit if parent process dies","ppid":1824589}
{"time":"2026-03-13T09:26:30.194705758+01:00","level":"INFO","msg":"server: accepting connections","addr":{"Name":"/tmp/wandb-1824589-1824744-1388342548/socket","Net":"unix"}}
{"time":"2026-03-13T09:26:30.281097904+01:00","level":"INFO","msg":"connection: ManageConnectionData: new connection created","id":"1(@)"}
{"time":"2026-03-13T09:26:30.334945207+01:00","level":"INFO","msg":"handleInformInit: received","streamId":"fxkx9n58","id":"1(@)"}
{"time":"2026-03-13T09:26:30.465375578+01:00","level":"INFO","msg":"handleInformInit: stream started","streamId":"fxkx9n58","id":"1(@)"}
{"time":"2026-03-13T09:32:04.205955184+01:00","level":"INFO","msg":"handleInformFinish: finish message received","streamId":"fxkx9n58","id":"1(@)"}
{"time":"2026-03-13T09:32:04.20761412+01:00","level":"INFO","msg":"handleInformFinish: stream closed","streamId":"fxkx9n58","id":"1(@)"}
{"time":"2026-03-13T09:36:50.187098621+01:00","level":"INFO","msg":"handleInformInit: received","streamId":"blxxgbau","id":"1(@)"}
{"time":"2026-03-13T09:36:50.307459189+01:00","level":"INFO","msg":"handleInformInit: stream started","streamId":"blxxgbau","id":"1(@)"}
{"time":"2026-03-13T09:38:01.845204632+01:00","level":"INFO","msg":"handleInformFinish: finish message received","streamId":"blxxgbau","id":"1(@)"}
{"time":"2026-03-13T09:38:01.846513778+01:00","level":"INFO","msg":"handleInformFinish: stream closed","streamId":"blxxgbau","id":"1(@)"}
{"time":"2026-03-13T09:43:24.441742303+01:00","level":"INFO","msg":"handleInformInit: received","streamId":"mm7lgr0w","id":"1(@)"}
{"time":"2026-03-13T09:43:24.563029871+01:00","level":"INFO","msg":"handleInformInit: stream started","streamId":"mm7lgr0w","id":"1(@)"}
{"time":"2026-03-13T09:43:33.108621984+01:00","level":"INFO","msg":"handleInformFinish: finish message received","streamId":"mm7lgr0w","id":"1(@)"}
{"time":"2026-03-13T09:43:33.110322442+01:00","level":"INFO","msg":"handleInformFinish: stream closed","streamId":"mm7lgr0w","id":"1(@)"}
{"time":"2026-03-13T09:48:46.433399243+01:00","level":"INFO","msg":"handleInformInit: received","streamId":"rax9q7a9","id":"1(@)"}
{"time":"2026-03-13T09:48:46.554109717+01:00","level":"INFO","msg":"handleInformInit: stream started","streamId":"rax9q7a9","id":"1(@)"}
{"time":"2026-03-13T09:49:52.250001785+01:00","level":"INFO","msg":"handleInformFinish: finish message received","streamId":"rax9q7a9","id":"1(@)"}
{"time":"2026-03-13T09:49:52.251471928+01:00","level":"INFO","msg":"handleInformFinish: stream closed","streamId":"rax9q7a9","id":"1(@)"}
{"time":"2026-03-13T09:49:52.272921532+01:00","level":"INFO","msg":"handleInformTeardown: server teardown initiated","id":"1(@)"}
{"time":"2026-03-13T09:49:52.2729839+01:00","level":"INFO","msg":"handleInformTeardown: server shutdown complete","id":"1(@)"}
{"time":"2026-03-13T09:49:52.273009959+01:00","level":"INFO","msg":"server is shutting down"}
{"time":"2026-03-13T09:49:52.272993535+01:00","level":"INFO","msg":"connection: closing","id":"1(@)"}
{"time":"2026-03-13T09:49:52.273131391+01:00","level":"INFO","msg":"server: listener closed","addr":{"Name":"/tmp/wandb-1824589-1824744-1388342548/socket","Net":"unix"}}
{"time":"2026-03-13T09:49:52.273165847+01:00","level":"INFO","msg":"connection: closed successfully","id":"1(@)"}
{"time":"2026-03-13T09:49:52.273176064+01:00","level":"INFO","msg":"connection: ManageConnectionData: connection closed","id":"1(@)"}
{"time":"2026-03-13T09:49:52.273185226+01:00","level":"INFO","msg":"server is closed"}
