{"time":"2026-03-13T09:31:21.838258493+01:00","level":"INFO","msg":"main: starting server","port-filename":"/tmp/tmpsdme09xn/port-2598890.txt","pid":2598890,"log-level":0,"disable-analytics":false,"shutdown-on-parent-exit":false,"enable-dcgm-profiling":false}
{"time":"2026-03-13T09:31:21.838741182+01:00","level":"INFO","msg":"server: will exit if parent process dies","ppid":2598890}
{"time":"2026-03-13T09:31:21.838738978+01:00","level":"INFO","msg":"server: accepting connections","addr":{"Name":"/tmp/wandb-2598890-2599076-585727531/socket","Net":"unix"}}
{"time":"2026-03-13T09:31:21.926087185+01:00","level":"INFO","msg":"connection: ManageConnectionData: new connection created","id":"1(@)"}
{"time":"2026-03-13T09:31:21.958855278+01:00","level":"INFO","msg":"handleInformInit: received","streamId":"7x5pm1sr","id":"1(@)"}
{"time":"2026-03-13T09:31:22.092427774+01:00","level":"INFO","msg":"handleInformInit: stream started","streamId":"7x5pm1sr","id":"1(@)"}
{"time":"2026-03-13T09:52:35.107539289+01:00","level":"INFO","msg":"handleInformFinish: finish message received","streamId":"7x5pm1sr","id":"1(@)"}
{"time":"2026-03-13T09:52:35.109457555+01:00","level":"INFO","msg":"handleInformFinish: stream closed","streamId":"7x5pm1sr","id":"1(@)"}
{"time":"2026-03-13T09:57:30.216723373+01:00","level":"INFO","msg":"handleInformInit: received","streamId":"3hqh397m","id":"1(@)"}
{"time":"2026-03-13T09:57:30.337205934+01:00","level":"INFO","msg":"handleInformInit: stream started","streamId":"3hqh397m","id":"1(@)"}
{"time":"2026-03-13T09:59:25.571649583+01:00","level":"INFO","msg":"handleInformFinish: finish message received","streamId":"3hqh397m","id":"1(@)"}
{"time":"2026-03-13T09:59:25.586543697+01:00","level":"INFO","msg":"handleInformFinish: stream closed","streamId":"3hqh397m","id":"1(@)"}
{"time":"2026-03-13T10:03:06.847104498+01:00","level":"INFO","msg":"handleInformInit: received","streamId":"bqu42kp3","id":"1(@)"}
{"time":"2026-03-13T10:03:06.967916892+01:00","level":"INFO","msg":"handleInformInit: stream started","streamId":"bqu42kp3","id":"1(@)"}
{"time":"2026-03-13T10:05:31.362383892+01:00","level":"INFO","msg":"handleInformFinish: finish message received","streamId":"bqu42kp3","id":"1(@)"}
{"time":"2026-03-13T10:05:31.363747697+01:00","level":"INFO","msg":"handleInformFinish: stream closed","streamId":"bqu42kp3","id":"1(@)"}
{"time":"2026-03-13T10:10:48.699555491+01:00","level":"INFO","msg":"handleInformInit: received","streamId":"1vynbec0","id":"1(@)"}
{"time":"2026-03-13T10:10:48.821375339+01:00","level":"INFO","msg":"handleInformInit: stream started","streamId":"1vynbec0","id":"1(@)"}
{"time":"2026-03-13T10:13:30.164749116+01:00","level":"INFO","msg":"handleInformFinish: finish message received","streamId":"1vynbec0","id":"1(@)"}
{"time":"2026-03-13T10:13:30.166118021+01:00","level":"INFO","msg":"handleInformFinish: stream closed","streamId":"1vynbec0","id":"1(@)"}
{"time":"2026-03-13T10:13:30.188029227+01:00","level":"INFO","msg":"handleInformTeardown: server teardown initiated","id":"1(@)"}
{"time":"2026-03-13T10:13:30.188111746+01:00","level":"INFO","msg":"handleInformTeardown: server shutdown complete","id":"1(@)"}
{"time":"2026-03-13T10:13:30.188129432+01:00","level":"INFO","msg":"server is shutting down"}
{"time":"2026-03-13T10:13:30.188231031+01:00","level":"INFO","msg":"server: listener closed","addr":{"Name":"/tmp/wandb-2598890-2599076-585727531/socket","Net":"unix"}}
{"time":"2026-03-13T10:13:30.188118246+01:00","level":"INFO","msg":"connection: closing","id":"1(@)"}
{"time":"2026-03-13T10:13:30.188288782+01:00","level":"INFO","msg":"connection: closed successfully","id":"1(@)"}
{"time":"2026-03-13T10:13:30.188297023+01:00","level":"INFO","msg":"connection: ManageConnectionData: connection closed","id":"1(@)"}
{"time":"2026-03-13T10:13:30.188306149+01:00","level":"INFO","msg":"server is closed"}
