{"time":"2026-03-13T09:33:17.035576152+01:00","level":"INFO","msg":"main: starting server","port-filename":"/tmp/tmpc_ksu94b/port-874639.txt","pid":874639,"log-level":0,"disable-analytics":false,"shutdown-on-parent-exit":false,"enable-dcgm-profiling":false}
{"time":"2026-03-13T09:33:17.036022738+01:00","level":"INFO","msg":"server: will exit if parent process dies","ppid":874639}
{"time":"2026-03-13T09:33:17.036005902+01:00","level":"INFO","msg":"server: accepting connections","addr":{"Name":"/tmp/wandb-874639-874817-3476190898/socket","Net":"unix"}}
{"time":"2026-03-13T09:33:17.181350409+01:00","level":"INFO","msg":"connection: ManageConnectionData: new connection created","id":"1(@)"}
{"time":"2026-03-13T09:33:17.205070838+01:00","level":"INFO","msg":"handleInformInit: received","streamId":"9tr5g7vb","id":"1(@)"}
{"time":"2026-03-13T09:33:17.343308839+01:00","level":"INFO","msg":"handleInformInit: stream started","streamId":"9tr5g7vb","id":"1(@)"}
{"time":"2026-03-13T09:44:46.997090791+01:00","level":"INFO","msg":"handleInformFinish: finish message received","streamId":"9tr5g7vb","id":"1(@)"}
{"time":"2026-03-13T09:44:47.010572427+01:00","level":"INFO","msg":"handleInformFinish: stream closed","streamId":"9tr5g7vb","id":"1(@)"}
{"time":"2026-03-13T09:49:46.276314948+01:00","level":"INFO","msg":"handleInformInit: received","streamId":"eiv7zst5","id":"1(@)"}
{"time":"2026-03-13T09:49:46.397696072+01:00","level":"INFO","msg":"handleInformInit: stream started","streamId":"eiv7zst5","id":"1(@)"}
{"time":"2026-03-13T10:02:06.861807668+01:00","level":"INFO","msg":"handleInformFinish: finish message received","streamId":"eiv7zst5","id":"1(@)"}
{"time":"2026-03-13T10:02:06.863663752+01:00","level":"INFO","msg":"handleInformFinish: stream closed","streamId":"eiv7zst5","id":"1(@)"}
{"time":"2026-03-13T10:07:50.339778374+01:00","level":"INFO","msg":"handleInformInit: received","streamId":"n470dpbo","id":"1(@)"}
{"time":"2026-03-13T10:07:50.460661383+01:00","level":"INFO","msg":"handleInformInit: stream started","streamId":"n470dpbo","id":"1(@)"}
{"time":"2026-03-13T10:20:03.935473389+01:00","level":"INFO","msg":"handleInformFinish: finish message received","streamId":"n470dpbo","id":"1(@)"}
{"time":"2026-03-13T10:20:03.937412186+01:00","level":"INFO","msg":"handleInformFinish: stream closed","streamId":"n470dpbo","id":"1(@)"}
{"time":"2026-03-13T10:24:28.230739038+01:00","level":"INFO","msg":"handleInformInit: received","streamId":"fhrytrpe","id":"1(@)"}
{"time":"2026-03-13T10:24:28.35222292+01:00","level":"INFO","msg":"handleInformInit: stream started","streamId":"fhrytrpe","id":"1(@)"}
{"time":"2026-03-13T10:38:04.779823207+01:00","level":"INFO","msg":"handleInformFinish: finish message received","streamId":"fhrytrpe","id":"1(@)"}
{"time":"2026-03-13T10:38:04.781309554+01:00","level":"INFO","msg":"handleInformFinish: stream closed","streamId":"fhrytrpe","id":"1(@)"}
{"time":"2026-03-13T10:40:46.354740921+01:00","level":"INFO","msg":"handleInformInit: received","streamId":"shng5c9w","id":"1(@)"}
{"time":"2026-03-13T10:40:46.484553306+01:00","level":"INFO","msg":"handleInformInit: stream started","streamId":"shng5c9w","id":"1(@)"}
{"time":"2026-03-13T10:55:37.985313493+01:00","level":"INFO","msg":"handleInformFinish: finish message received","streamId":"shng5c9w","id":"1(@)"}
{"time":"2026-03-13T10:55:37.991983132+01:00","level":"INFO","msg":"handleInformFinish: stream closed","streamId":"shng5c9w","id":"1(@)"}
{"time":"2026-03-13T10:58:48.280897445+01:00","level":"INFO","msg":"handleInformInit: received","streamId":"h0zzds01","id":"1(@)"}
{"time":"2026-03-13T10:58:48.408473456+01:00","level":"INFO","msg":"handleInformInit: stream started","streamId":"h0zzds01","id":"1(@)"}
{"time":"2026-03-13T11:13:14.944471658+01:00","level":"INFO","msg":"handleInformFinish: finish message received","streamId":"h0zzds01","id":"1(@)"}
{"time":"2026-03-13T11:13:14.946876398+01:00","level":"INFO","msg":"handleInformFinish: stream closed","streamId":"h0zzds01","id":"1(@)"}
{"time":"2026-03-13T11:16:29.348869744+01:00","level":"INFO","msg":"handleInformInit: received","streamId":"osogzv49","id":"1(@)"}
{"time":"2026-03-13T11:16:29.478943244+01:00","level":"INFO","msg":"handleInformInit: stream started","streamId":"osogzv49","id":"1(@)"}
{"time":"2026-03-13T11:30:56.294761788+01:00","level":"INFO","msg":"handleInformFinish: finish message received","streamId":"osogzv49","id":"1(@)"}
{"time":"2026-03-13T11:30:56.313824528+01:00","level":"INFO","msg":"handleInformFinish: stream closed","streamId":"osogzv49","id":"1(@)"}
{"time":"2026-03-13T11:35:11.345363226+01:00","level":"INFO","msg":"handleInformInit: received","streamId":"pcp13d0v","id":"1(@)"}
{"time":"2026-03-13T11:35:11.469879478+01:00","level":"INFO","msg":"handleInformInit: stream started","streamId":"pcp13d0v","id":"1(@)"}
{"time":"2026-03-13T11:47:38.426299388+01:00","level":"INFO","msg":"connection: cancelling request","id":"1(@)","requestId":"qdbv00a4qz8d"}
{"time":"2026-03-13T11:47:38.42852594+01:00","level":"INFO","msg":"handleInformFinish: finish message received","streamId":"pcp13d0v","id":"1(@)"}
{"time":"2026-03-13T11:47:38.430259614+01:00","level":"INFO","msg":"handleInformFinish: stream closed","streamId":"pcp13d0v","id":"1(@)"}
{"time":"2026-03-13T11:52:26.473716406+01:00","level":"INFO","msg":"handleInformInit: received","streamId":"fm84qr06","id":"1(@)"}
{"time":"2026-03-13T11:52:26.600649842+01:00","level":"INFO","msg":"handleInformInit: stream started","streamId":"fm84qr06","id":"1(@)"}
{"time":"2026-03-13T12:05:01.829431202+01:00","level":"INFO","msg":"handleInformFinish: finish message received","streamId":"fm84qr06","id":"1(@)"}
{"time":"2026-03-13T12:05:01.8314708+01:00","level":"INFO","msg":"handleInformFinish: stream closed","streamId":"fm84qr06","id":"1(@)"}
{"time":"2026-03-13T12:10:49.723735192+01:00","level":"INFO","msg":"handleInformInit: received","streamId":"vse1hqxo","id":"1(@)"}
{"time":"2026-03-13T12:10:49.846044328+01:00","level":"INFO","msg":"handleInformInit: stream started","streamId":"vse1hqxo","id":"1(@)"}
{"time":"2026-03-13T12:23:08.040225951+01:00","level":"INFO","msg":"handleInformFinish: finish message received","streamId":"vse1hqxo","id":"1(@)"}
{"time":"2026-03-13T12:23:08.042139161+01:00","level":"INFO","msg":"handleInformFinish: stream closed","streamId":"vse1hqxo","id":"1(@)"}
{"time":"2026-03-13T12:25:50.903679593+01:00","level":"INFO","msg":"handleInformInit: received","streamId":"y5no5l8k","id":"1(@)"}
{"time":"2026-03-13T12:25:51.030045234+01:00","level":"INFO","msg":"handleInformInit: stream started","streamId":"y5no5l8k","id":"1(@)"}
{"time":"2026-03-13T12:40:47.577698484+01:00","level":"INFO","msg":"connection: cancelling request","id":"1(@)","requestId":"eb4qw2tj7e1f"}
{"time":"2026-03-13T12:40:47.579703514+01:00","level":"INFO","msg":"handleInformFinish: finish message received","streamId":"y5no5l8k","id":"1(@)"}
{"time":"2026-03-13T12:40:47.594070851+01:00","level":"INFO","msg":"handleInformFinish: stream closed","streamId":"y5no5l8k","id":"1(@)"}
{"time":"2026-03-13T12:42:55.951586944+01:00","level":"INFO","msg":"handleInformInit: received","streamId":"3ee1xazh","id":"1(@)"}
{"time":"2026-03-13T12:42:56.082289119+01:00","level":"INFO","msg":"handleInformInit: stream started","streamId":"3ee1xazh","id":"1(@)"}
{"time":"2026-03-13T12:58:32.599269337+01:00","level":"INFO","msg":"handleInformFinish: finish message received","streamId":"3ee1xazh","id":"1(@)"}
{"time":"2026-03-13T12:58:32.601179251+01:00","level":"INFO","msg":"handleInformFinish: stream closed","streamId":"3ee1xazh","id":"1(@)"}
{"time":"2026-03-13T13:03:22.047458531+01:00","level":"INFO","msg":"handleInformInit: received","streamId":"t05k35g5","id":"1(@)"}
{"time":"2026-03-13T13:03:22.175786026+01:00","level":"INFO","msg":"handleInformInit: stream started","streamId":"t05k35g5","id":"1(@)"}
{"time":"2026-03-13T13:15:31.951949637+01:00","level":"INFO","msg":"connection: cancelling request","id":"1(@)","requestId":"gk2w0gqcxwx2"}
{"time":"2026-03-13T13:15:31.953989332+01:00","level":"INFO","msg":"handleInformFinish: finish message received","streamId":"t05k35g5","id":"1(@)"}
{"time":"2026-03-13T13:15:31.96444164+01:00","level":"INFO","msg":"handleInformFinish: stream closed","streamId":"t05k35g5","id":"1(@)"}
{"time":"2026-03-13T13:20:00.661594548+01:00","level":"INFO","msg":"handleInformInit: received","streamId":"h4iztu0t","id":"1(@)"}
{"time":"2026-03-13T13:20:00.791111963+01:00","level":"INFO","msg":"handleInformInit: stream started","streamId":"h4iztu0t","id":"1(@)"}
{"time":"2026-03-13T13:21:19.360390298+01:00","level":"INFO","msg":"handleInformFinish: finish message received","streamId":"h4iztu0t","id":"1(@)"}
{"time":"2026-03-13T13:21:19.36198156+01:00","level":"INFO","msg":"handleInformFinish: stream closed","streamId":"h4iztu0t","id":"1(@)"}
{"time":"2026-03-13T13:26:21.451625258+01:00","level":"INFO","msg":"handleInformInit: received","streamId":"xpsolzd3","id":"1(@)"}
{"time":"2026-03-13T13:26:23.615007108+01:00","level":"INFO","msg":"handleInformInit: stream started","streamId":"xpsolzd3","id":"1(@)"}
{"time":"2026-03-13T13:27:26.088721396+01:00","level":"INFO","msg":"handleInformFinish: finish message received","streamId":"xpsolzd3","id":"1(@)"}
{"time":"2026-03-13T13:27:26.091479745+01:00","level":"INFO","msg":"handleInformFinish: stream closed","streamId":"xpsolzd3","id":"1(@)"}
{"time":"2026-03-13T13:30:31.810467013+01:00","level":"INFO","msg":"handleInformInit: received","streamId":"dcbkh16b","id":"1(@)"}
{"time":"2026-03-13T13:30:31.932510964+01:00","level":"INFO","msg":"handleInformInit: stream started","streamId":"dcbkh16b","id":"1(@)"}
{"time":"2026-03-13T13:33:24.925704335+01:00","level":"INFO","msg":"handleInformFinish: finish message received","streamId":"dcbkh16b","id":"1(@)"}
{"time":"2026-03-13T13:33:24.941109903+01:00","level":"INFO","msg":"handleInformFinish: stream closed","streamId":"dcbkh16b","id":"1(@)"}
{"time":"2026-03-13T13:38:43.892395808+01:00","level":"INFO","msg":"handleInformInit: received","streamId":"738x1ijx","id":"1(@)"}
{"time":"2026-03-13T13:38:44.023648167+01:00","level":"INFO","msg":"handleInformInit: stream started","streamId":"738x1ijx","id":"1(@)"}
{"time":"2026-03-13T13:39:24.30190273+01:00","level":"INFO","msg":"handleInformFinish: finish message received","streamId":"738x1ijx","id":"1(@)"}
{"time":"2026-03-13T13:39:24.303502608+01:00","level":"INFO","msg":"handleInformFinish: stream closed","streamId":"738x1ijx","id":"1(@)"}
{"time":"2026-03-13T13:42:46.599811627+01:00","level":"INFO","msg":"handleInformInit: received","streamId":"jvy54xbl","id":"1(@)"}
{"time":"2026-03-13T13:42:46.72599167+01:00","level":"INFO","msg":"handleInformInit: stream started","streamId":"jvy54xbl","id":"1(@)"}
{"time":"2026-03-13T13:45:58.377430309+01:00","level":"INFO","msg":"handleInformFinish: finish message received","streamId":"jvy54xbl","id":"1(@)"}
{"time":"2026-03-13T13:45:58.379820473+01:00","level":"INFO","msg":"handleInformFinish: stream closed","streamId":"jvy54xbl","id":"1(@)"}
{"time":"2026-03-13T13:49:27.355152829+01:00","level":"INFO","msg":"handleInformInit: received","streamId":"7osrjhub","id":"1(@)"}
{"time":"2026-03-13T13:49:27.487325711+01:00","level":"INFO","msg":"handleInformInit: stream started","streamId":"7osrjhub","id":"1(@)"}
{"time":"2026-03-13T13:52:10.168307524+01:00","level":"INFO","msg":"handleInformFinish: finish message received","streamId":"7osrjhub","id":"1(@)"}
{"time":"2026-03-13T13:52:10.184158647+01:00","level":"INFO","msg":"handleInformFinish: stream closed","streamId":"7osrjhub","id":"1(@)"}
{"time":"2026-03-13T13:55:34.588999948+01:00","level":"INFO","msg":"handleInformInit: received","streamId":"parix6wm","id":"1(@)"}
{"time":"2026-03-13T13:55:34.712633207+01:00","level":"INFO","msg":"handleInformInit: stream started","streamId":"parix6wm","id":"1(@)"}
{"time":"2026-03-13T13:57:43.971610946+01:00","level":"INFO","msg":"handleInformFinish: finish message received","streamId":"parix6wm","id":"1(@)"}
{"time":"2026-03-13T13:57:43.973272839+01:00","level":"INFO","msg":"handleInformFinish: stream closed","streamId":"parix6wm","id":"1(@)"}
{"time":"2026-03-13T14:02:54.949839699+01:00","level":"INFO","msg":"handleInformInit: received","streamId":"5uxfk8j6","id":"1(@)"}
{"time":"2026-03-13T14:02:55.071717194+01:00","level":"INFO","msg":"handleInformInit: stream started","streamId":"5uxfk8j6","id":"1(@)"}
{"time":"2026-03-13T14:03:58.53980022+01:00","level":"INFO","msg":"connection: cancelling request","id":"1(@)","requestId":"5l4arvyv2q22"}
{"time":"2026-03-13T14:03:58.541664829+01:00","level":"INFO","msg":"handleInformFinish: finish message received","streamId":"5uxfk8j6","id":"1(@)"}
{"time":"2026-03-13T14:03:58.543380107+01:00","level":"INFO","msg":"handleInformFinish: stream closed","streamId":"5uxfk8j6","id":"1(@)"}
{"time":"2026-03-13T14:07:31.892147228+01:00","level":"INFO","msg":"handleInformInit: received","streamId":"l2h8yo24","id":"1(@)"}
{"time":"2026-03-13T14:07:32.020505321+01:00","level":"INFO","msg":"handleInformInit: stream started","streamId":"l2h8yo24","id":"1(@)"}
{"time":"2026-03-13T14:10:07.348086013+01:00","level":"INFO","msg":"handleInformFinish: finish message received","streamId":"l2h8yo24","id":"1(@)"}
{"time":"2026-03-13T14:10:07.350442518+01:00","level":"INFO","msg":"handleInformFinish: stream closed","streamId":"l2h8yo24","id":"1(@)"}
{"time":"2026-03-13T14:12:52.419274289+01:00","level":"INFO","msg":"handleInformInit: received","streamId":"8pryage8","id":"1(@)"}
{"time":"2026-03-13T14:12:52.549899833+01:00","level":"INFO","msg":"handleInformInit: stream started","streamId":"8pryage8","id":"1(@)"}
{"time":"2026-03-13T14:16:22.849766962+01:00","level":"INFO","msg":"connection: cancelling request","id":"1(@)","requestId":"hmvsz4682uik"}
{"time":"2026-03-13T14:16:22.851762069+01:00","level":"INFO","msg":"handleInformFinish: finish message received","streamId":"8pryage8","id":"1(@)"}
{"time":"2026-03-13T14:16:22.859388427+01:00","level":"INFO","msg":"handleInformFinish: stream closed","streamId":"8pryage8","id":"1(@)"}
{"time":"2026-03-13T14:21:25.820946333+01:00","level":"INFO","msg":"handleInformInit: received","streamId":"agskc02t","id":"1(@)"}
{"time":"2026-03-13T14:21:25.946744625+01:00","level":"INFO","msg":"handleInformInit: stream started","streamId":"agskc02t","id":"1(@)"}
{"time":"2026-03-13T14:22:55.123331431+01:00","level":"INFO","msg":"handleInformFinish: finish message received","streamId":"agskc02t","id":"1(@)"}
{"time":"2026-03-13T14:22:55.125333279+01:00","level":"INFO","msg":"handleInformFinish: stream closed","streamId":"agskc02t","id":"1(@)"}
{"time":"2026-03-13T14:27:48.401428821+01:00","level":"INFO","msg":"handleInformInit: received","streamId":"zlridhn2","id":"1(@)"}
{"time":"2026-03-13T14:27:48.526838811+01:00","level":"INFO","msg":"handleInformInit: stream started","streamId":"zlridhn2","id":"1(@)"}
{"time":"2026-03-13T14:29:13.211998995+01:00","level":"INFO","msg":"connection: cancelling request","id":"1(@)","requestId":"gndb1u2sm518"}
{"time":"2026-03-13T14:29:13.214242054+01:00","level":"INFO","msg":"handleInformFinish: finish message received","streamId":"zlridhn2","id":"1(@)"}
{"time":"2026-03-13T14:29:13.216097086+01:00","level":"INFO","msg":"handleInformFinish: stream closed","streamId":"zlridhn2","id":"1(@)"}
{"time":"2026-03-13T14:32:42.672393242+01:00","level":"INFO","msg":"handleInformInit: received","streamId":"vzqx32rv","id":"1(@)"}
{"time":"2026-03-13T14:32:42.830612467+01:00","level":"INFO","msg":"handleInformInit: stream started","streamId":"vzqx32rv","id":"1(@)"}
{"time":"2026-03-13T14:35:42.407340385+01:00","level":"INFO","msg":"handleInformFinish: finish message received","streamId":"vzqx32rv","id":"1(@)"}
{"time":"2026-03-13T14:35:42.41640563+01:00","level":"INFO","msg":"handleInformFinish: stream closed","streamId":"vzqx32rv","id":"1(@)"}
{"time":"2026-03-13T14:39:34.514836965+01:00","level":"INFO","msg":"handleInformInit: received","streamId":"805xy9l2","id":"1(@)"}
{"time":"2026-03-13T14:39:34.637425008+01:00","level":"INFO","msg":"handleInformInit: stream started","streamId":"805xy9l2","id":"1(@)"}
{"time":"2026-03-13T14:42:16.222208706+01:00","level":"INFO","msg":"handleInformFinish: finish message received","streamId":"805xy9l2","id":"1(@)"}
{"time":"2026-03-13T14:42:16.224193547+01:00","level":"INFO","msg":"handleInformFinish: stream closed","streamId":"805xy9l2","id":"1(@)"}
{"time":"2026-03-13T14:47:27.767939835+01:00","level":"INFO","msg":"handleInformInit: received","streamId":"vqodcwro","id":"1(@)"}
{"time":"2026-03-13T14:47:27.890973639+01:00","level":"INFO","msg":"handleInformInit: stream started","streamId":"vqodcwro","id":"1(@)"}
{"time":"2026-03-13T14:47:55.787922795+01:00","level":"INFO","msg":"handleInformFinish: finish message received","streamId":"vqodcwro","id":"1(@)"}
{"time":"2026-03-13T14:47:55.790219752+01:00","level":"INFO","msg":"handleInformFinish: stream closed","streamId":"vqodcwro","id":"1(@)"}
{"time":"2026-03-13T14:53:23.907045487+01:00","level":"INFO","msg":"handleInformInit: received","streamId":"h70k8wlb","id":"1(@)"}
{"time":"2026-03-13T14:53:24.035099186+01:00","level":"INFO","msg":"handleInformInit: stream started","streamId":"h70k8wlb","id":"1(@)"}
{"time":"2026-03-13T14:54:11.878905472+01:00","level":"INFO","msg":"handleInformFinish: finish message received","streamId":"h70k8wlb","id":"1(@)"}
{"time":"2026-03-13T14:54:11.880447179+01:00","level":"INFO","msg":"handleInformFinish: stream closed","streamId":"h70k8wlb","id":"1(@)"}
{"time":"2026-03-13T14:59:51.285840713+01:00","level":"INFO","msg":"handleInformInit: received","streamId":"3lb29vtm","id":"1(@)"}
{"time":"2026-03-13T14:59:51.407254024+01:00","level":"INFO","msg":"handleInformInit: stream started","streamId":"3lb29vtm","id":"1(@)"}
{"time":"2026-03-13T15:00:18.992469195+01:00","level":"INFO","msg":"connection: cancelling request","id":"1(@)","requestId":"79mnfhrirg2t"}
{"time":"2026-03-13T15:00:18.994477533+01:00","level":"INFO","msg":"handleInformFinish: finish message received","streamId":"3lb29vtm","id":"1(@)"}
{"time":"2026-03-13T15:00:18.99585559+01:00","level":"INFO","msg":"handleInformFinish: stream closed","streamId":"3lb29vtm","id":"1(@)"}
{"time":"2026-03-13T15:05:09.440113337+01:00","level":"INFO","msg":"handleInformInit: received","streamId":"54semdyn","id":"1(@)"}
{"time":"2026-03-13T15:05:09.562820348+01:00","level":"INFO","msg":"handleInformInit: stream started","streamId":"54semdyn","id":"1(@)"}
{"time":"2026-03-13T15:06:05.117903537+01:00","level":"INFO","msg":"handleInformFinish: finish message received","streamId":"54semdyn","id":"1(@)"}
{"time":"2026-03-13T15:06:05.122109236+01:00","level":"INFO","msg":"handleInformFinish: stream closed","streamId":"54semdyn","id":"1(@)"}
{"time":"2026-03-13T15:11:16.901847659+01:00","level":"INFO","msg":"handleInformInit: received","streamId":"umzfndbz","id":"1(@)"}
{"time":"2026-03-13T15:11:17.023385763+01:00","level":"INFO","msg":"handleInformInit: stream started","streamId":"umzfndbz","id":"1(@)"}
{"time":"2026-03-13T15:12:13.938962716+01:00","level":"INFO","msg":"handleInformFinish: finish message received","streamId":"umzfndbz","id":"1(@)"}
{"time":"2026-03-13T15:12:13.9405445+01:00","level":"INFO","msg":"handleInformFinish: stream closed","streamId":"umzfndbz","id":"1(@)"}
{"time":"2026-03-13T15:17:05.805604407+01:00","level":"INFO","msg":"handleInformInit: received","streamId":"6kpbvhqa","id":"1(@)"}
{"time":"2026-03-13T15:17:05.931889024+01:00","level":"INFO","msg":"handleInformInit: stream started","streamId":"6kpbvhqa","id":"1(@)"}
{"time":"2026-03-13T15:18:19.340792542+01:00","level":"INFO","msg":"handleInformFinish: finish message received","streamId":"6kpbvhqa","id":"1(@)"}
{"time":"2026-03-13T15:18:19.342697832+01:00","level":"INFO","msg":"handleInformFinish: stream closed","streamId":"6kpbvhqa","id":"1(@)"}
{"time":"2026-03-13T15:23:43.030699837+01:00","level":"INFO","msg":"handleInformInit: received","streamId":"00ksj2rr","id":"1(@)"}
{"time":"2026-03-13T15:23:43.155179511+01:00","level":"INFO","msg":"handleInformInit: stream started","streamId":"00ksj2rr","id":"1(@)"}
{"time":"2026-03-13T15:24:09.356333749+01:00","level":"INFO","msg":"handleInformFinish: finish message received","streamId":"00ksj2rr","id":"1(@)"}
{"time":"2026-03-13T15:24:09.357969735+01:00","level":"INFO","msg":"handleInformFinish: stream closed","streamId":"00ksj2rr","id":"1(@)"}
{"time":"2026-03-13T15:30:00.402508155+01:00","level":"INFO","msg":"handleInformInit: received","streamId":"ru15d57e","id":"1(@)"}
{"time":"2026-03-13T15:30:00.527477301+01:00","level":"INFO","msg":"handleInformInit: stream started","streamId":"ru15d57e","id":"1(@)"}
{"time":"2026-03-13T15:30:36.729841346+01:00","level":"INFO","msg":"handleInformFinish: finish message received","streamId":"ru15d57e","id":"1(@)"}
{"time":"2026-03-13T15:30:36.731558389+01:00","level":"INFO","msg":"handleInformFinish: stream closed","streamId":"ru15d57e","id":"1(@)"}
{"time":"2026-03-13T15:35:27.224530599+01:00","level":"INFO","msg":"handleInformInit: received","streamId":"2jf0k364","id":"1(@)"}
{"time":"2026-03-13T15:35:27.345992627+01:00","level":"INFO","msg":"handleInformInit: stream started","streamId":"2jf0k364","id":"1(@)"}
{"time":"2026-03-13T15:36:43.41415217+01:00","level":"INFO","msg":"handleInformFinish: finish message received","streamId":"2jf0k364","id":"1(@)"}
{"time":"2026-03-13T15:36:43.417759656+01:00","level":"INFO","msg":"handleInformFinish: stream closed","streamId":"2jf0k364","id":"1(@)"}
{"time":"2026-03-13T15:38:44.535501208+01:00","level":"INFO","msg":"handleInformInit: received","streamId":"fm7l54ok","id":"1(@)"}
{"time":"2026-03-13T15:38:44.657119093+01:00","level":"INFO","msg":"handleInformInit: stream started","streamId":"fm7l54ok","id":"1(@)"}
{"time":"2026-03-13T15:42:40.079587098+01:00","level":"INFO","msg":"handleInformFinish: finish message received","streamId":"fm7l54ok","id":"1(@)"}
{"time":"2026-03-13T15:42:40.094942772+01:00","level":"INFO","msg":"handleInformFinish: stream closed","streamId":"fm7l54ok","id":"1(@)"}
{"time":"2026-03-13T15:48:30.693290656+01:00","level":"INFO","msg":"handleInformInit: received","streamId":"980qb8rv","id":"1(@)"}
{"time":"2026-03-13T15:48:30.817598086+01:00","level":"INFO","msg":"handleInformInit: stream started","streamId":"980qb8rv","id":"1(@)"}
{"time":"2026-03-13T15:49:00.145009026+01:00","level":"INFO","msg":"handleInformFinish: finish message received","streamId":"980qb8rv","id":"1(@)"}
{"time":"2026-03-13T15:49:00.146757005+01:00","level":"INFO","msg":"handleInformFinish: stream closed","streamId":"980qb8rv","id":"1(@)"}
{"time":"2026-03-13T15:54:18.534042681+01:00","level":"INFO","msg":"handleInformInit: received","streamId":"2ns79vqr","id":"1(@)"}
{"time":"2026-03-13T15:54:18.678879995+01:00","level":"INFO","msg":"handleInformInit: stream started","streamId":"2ns79vqr","id":"1(@)"}
{"time":"2026-03-13T15:54:58.250977398+01:00","level":"INFO","msg":"handleInformFinish: finish message received","streamId":"2ns79vqr","id":"1(@)"}
{"time":"2026-03-13T15:54:58.253251562+01:00","level":"INFO","msg":"handleInformFinish: stream closed","streamId":"2ns79vqr","id":"1(@)"}
{"time":"2026-03-13T15:58:02.717819041+01:00","level":"INFO","msg":"handleInformInit: received","streamId":"84zw644l","id":"1(@)"}
{"time":"2026-03-13T15:58:02.841768685+01:00","level":"INFO","msg":"handleInformInit: stream started","streamId":"84zw644l","id":"1(@)"}
{"time":"2026-03-13T16:02:06.799100387+01:00","level":"INFO","msg":"handleInformFinish: finish message received","streamId":"84zw644l","id":"1(@)"}
{"time":"2026-03-13T16:02:06.801803706+01:00","level":"INFO","msg":"handleInformFinish: stream closed","streamId":"84zw644l","id":"1(@)"}
{"time":"2026-03-13T16:07:09.709532401+01:00","level":"INFO","msg":"handleInformInit: received","streamId":"gba6kdbp","id":"1(@)"}
{"time":"2026-03-13T16:07:09.830610038+01:00","level":"INFO","msg":"handleInformInit: stream started","streamId":"gba6kdbp","id":"1(@)"}
{"time":"2026-03-13T16:09:11.217839341+01:00","level":"INFO","msg":"handleInformFinish: finish message received","streamId":"gba6kdbp","id":"1(@)"}
{"time":"2026-03-13T16:09:11.220002021+01:00","level":"INFO","msg":"handleInformFinish: stream closed","streamId":"gba6kdbp","id":"1(@)"}
{"time":"2026-03-13T16:12:47.233822356+01:00","level":"INFO","msg":"handleInformInit: received","streamId":"49lael3e","id":"1(@)"}
{"time":"2026-03-13T16:12:47.354633215+01:00","level":"INFO","msg":"handleInformInit: stream started","streamId":"49lael3e","id":"1(@)"}
{"time":"2026-03-13T16:15:47.36117624+01:00","level":"INFO","msg":"handleInformFinish: finish message received","streamId":"49lael3e","id":"1(@)"}
{"time":"2026-03-13T16:15:47.374066648+01:00","level":"INFO","msg":"handleInformFinish: stream closed","streamId":"49lael3e","id":"1(@)"}
{"time":"2026-03-13T16:20:22.121454311+01:00","level":"INFO","msg":"handleInformInit: received","streamId":"ddpufu63","id":"1(@)"}
{"time":"2026-03-13T16:20:22.265605327+01:00","level":"INFO","msg":"handleInformInit: stream started","streamId":"ddpufu63","id":"1(@)"}
{"time":"2026-03-13T16:22:49.258717813+01:00","level":"INFO","msg":"handleInformFinish: finish message received","streamId":"ddpufu63","id":"1(@)"}
{"time":"2026-03-13T16:22:49.260621235+01:00","level":"INFO","msg":"handleInformFinish: stream closed","streamId":"ddpufu63","id":"1(@)"}
{"time":"2026-03-13T16:28:09.660092586+01:00","level":"INFO","msg":"handleInformInit: received","streamId":"va2t0ovz","id":"1(@)"}
{"time":"2026-03-13T16:28:09.783275866+01:00","level":"INFO","msg":"handleInformInit: stream started","streamId":"va2t0ovz","id":"1(@)"}
{"time":"2026-03-13T16:29:43.562762471+01:00","level":"INFO","msg":"handleInformFinish: finish message received","streamId":"va2t0ovz","id":"1(@)"}
{"time":"2026-03-13T16:29:43.567610488+01:00","level":"INFO","msg":"handleInformFinish: stream closed","streamId":"va2t0ovz","id":"1(@)"}
{"time":"2026-03-13T16:34:22.952915655+01:00","level":"INFO","msg":"handleInformInit: received","streamId":"4poay0w3","id":"1(@)"}
{"time":"2026-03-13T16:34:23.077441576+01:00","level":"INFO","msg":"handleInformInit: stream started","streamId":"4poay0w3","id":"1(@)"}
{"time":"2026-03-13T16:36:54.865206932+01:00","level":"INFO","msg":"connection: cancelling request","id":"1(@)","requestId":"1vzel5608ewz"}
{"time":"2026-03-13T16:36:54.867178467+01:00","level":"INFO","msg":"handleInformFinish: finish message received","streamId":"4poay0w3","id":"1(@)"}
{"time":"2026-03-13T16:36:54.869285039+01:00","level":"INFO","msg":"handleInformFinish: stream closed","streamId":"4poay0w3","id":"1(@)"}
{"time":"2026-03-13T16:38:52.05240522+01:00","level":"INFO","msg":"handleInformInit: received","streamId":"nu3ezkgb","id":"1(@)"}
{"time":"2026-03-13T16:38:52.174552433+01:00","level":"INFO","msg":"handleInformInit: stream started","streamId":"nu3ezkgb","id":"1(@)"}
{"time":"2026-03-13T16:44:20.655561666+01:00","level":"INFO","msg":"connection: cancelling request","id":"1(@)","requestId":"hckdz0gnze96"}
{"time":"2026-03-13T16:44:20.675557713+01:00","level":"INFO","msg":"handleInformFinish: finish message received","streamId":"nu3ezkgb","id":"1(@)"}
{"time":"2026-03-13T16:44:20.677367299+01:00","level":"INFO","msg":"handleInformFinish: stream closed","streamId":"nu3ezkgb","id":"1(@)"}
{"time":"2026-03-13T16:50:16.264241328+01:00","level":"INFO","msg":"handleInformInit: received","streamId":"f8s9tkwt","id":"1(@)"}
{"time":"2026-03-13T16:50:16.389085416+01:00","level":"INFO","msg":"handleInformInit: stream started","streamId":"f8s9tkwt","id":"1(@)"}
{"time":"2026-03-13T16:51:44.719759409+01:00","level":"INFO","msg":"handleInformFinish: finish message received","streamId":"f8s9tkwt","id":"1(@)"}
{"time":"2026-03-13T16:51:44.721485745+01:00","level":"INFO","msg":"handleInformFinish: stream closed","streamId":"f8s9tkwt","id":"1(@)"}
{"time":"2026-03-13T16:57:05.406315549+01:00","level":"INFO","msg":"handleInformInit: received","streamId":"gz906l2e","id":"1(@)"}
{"time":"2026-03-13T16:57:05.531119253+01:00","level":"INFO","msg":"handleInformInit: stream started","streamId":"gz906l2e","id":"1(@)"}
{"time":"2026-03-13T16:59:01.795652809+01:00","level":"INFO","msg":"connection: cancelling request","id":"1(@)","requestId":"cz94r0ez8wp7"}
{"time":"2026-03-13T16:59:01.838589002+01:00","level":"INFO","msg":"handleInformFinish: finish message received","streamId":"gz906l2e","id":"1(@)"}
{"time":"2026-03-13T16:59:01.841863932+01:00","level":"INFO","msg":"handleInformFinish: stream closed","streamId":"gz906l2e","id":"1(@)"}
{"time":"2026-03-13T17:01:06.909653589+01:00","level":"INFO","msg":"handleInformInit: received","streamId":"9zzli30p","id":"1(@)"}
{"time":"2026-03-13T17:01:07.034498924+01:00","level":"INFO","msg":"handleInformInit: stream started","streamId":"9zzli30p","id":"1(@)"}
{"time":"2026-03-13T17:06:02.965667332+01:00","level":"INFO","msg":"handleInformFinish: finish message received","streamId":"9zzli30p","id":"1(@)"}
{"time":"2026-03-13T17:06:02.967801032+01:00","level":"INFO","msg":"handleInformFinish: stream closed","streamId":"9zzli30p","id":"1(@)"}
{"time":"2026-03-13T17:11:57.213285365+01:00","level":"INFO","msg":"handleInformInit: received","streamId":"765er8t1","id":"1(@)"}
{"time":"2026-03-13T17:11:57.335109658+01:00","level":"INFO","msg":"handleInformInit: stream started","streamId":"765er8t1","id":"1(@)"}
{"time":"2026-03-13T17:14:23.147571103+01:00","level":"INFO","msg":"handleInformFinish: finish message received","streamId":"765er8t1","id":"1(@)"}
{"time":"2026-03-13T17:14:23.148907455+01:00","level":"INFO","msg":"handleInformFinish: stream closed","streamId":"765er8t1","id":"1(@)"}
{"time":"2026-03-13T17:20:11.407540043+01:00","level":"INFO","msg":"handleInformInit: received","streamId":"attpornj","id":"1(@)"}
{"time":"2026-03-13T17:20:11.529661522+01:00","level":"INFO","msg":"handleInformInit: stream started","streamId":"attpornj","id":"1(@)"}
{"time":"2026-03-13T17:21:47.042101146+01:00","level":"INFO","msg":"handleInformFinish: finish message received","streamId":"attpornj","id":"1(@)"}
{"time":"2026-03-13T17:21:47.044098168+01:00","level":"INFO","msg":"handleInformFinish: stream closed","streamId":"attpornj","id":"1(@)"}
{"time":"2026-03-13T17:26:44.60521246+01:00","level":"INFO","msg":"handleInformInit: received","streamId":"d3rk4qch","id":"1(@)"}
{"time":"2026-03-13T17:26:44.728716817+01:00","level":"INFO","msg":"handleInformInit: stream started","streamId":"d3rk4qch","id":"1(@)"}
{"time":"2026-03-13T17:29:14.410047345+01:00","level":"INFO","msg":"handleInformFinish: finish message received","streamId":"d3rk4qch","id":"1(@)"}
{"time":"2026-03-13T17:29:14.412022799+01:00","level":"INFO","msg":"handleInformFinish: stream closed","streamId":"d3rk4qch","id":"1(@)"}
{"time":"2026-03-13T17:29:14.709455927+01:00","level":"INFO","msg":"handleInformTeardown: server teardown initiated","id":"1(@)"}
{"time":"2026-03-13T17:29:14.709564917+01:00","level":"INFO","msg":"handleInformTeardown: server shutdown complete","id":"1(@)"}
{"time":"2026-03-13T17:29:14.709677556+01:00","level":"INFO","msg":"server is shutting down"}
{"time":"2026-03-13T17:29:14.72130503+01:00","level":"INFO","msg":"server: listener closed","addr":{"Name":"/tmp/wandb-874639-874817-3476190898/socket","Net":"unix"}}
{"time":"2026-03-13T17:29:14.709620252+01:00","level":"INFO","msg":"connection: closing","id":"1(@)"}
{"time":"2026-03-13T17:29:14.732663706+01:00","level":"INFO","msg":"connection: closed successfully","id":"1(@)"}
{"time":"2026-03-13T17:29:14.741109803+01:00","level":"INFO","msg":"connection: ManageConnectionData: connection closed","id":"1(@)"}
{"time":"2026-03-13T17:29:14.750013565+01:00","level":"INFO","msg":"server is closed"}
