{"time":"2026-03-13T09:27:57.339367266+01:00","level":"INFO","msg":"main: starting server","port-filename":"/tmp/tmp460hlimo/port-1204937.txt","pid":1204937,"log-level":0,"disable-analytics":false,"shutdown-on-parent-exit":false,"enable-dcgm-profiling":false}
{"time":"2026-03-13T09:27:57.33982749+01:00","level":"INFO","msg":"server: will exit if parent process dies","ppid":1204937}
{"time":"2026-03-13T09:27:57.33981424+01:00","level":"INFO","msg":"server: accepting connections","addr":{"Name":"/tmp/wandb-1204937-1205108-2108709417/socket","Net":"unix"}}
{"time":"2026-03-13T09:27:57.434675071+01:00","level":"INFO","msg":"connection: ManageConnectionData: new connection created","id":"1(@)"}
{"time":"2026-03-13T09:27:57.480333193+01:00","level":"INFO","msg":"handleInformInit: received","streamId":"oa3mu2s1","id":"1(@)"}
{"time":"2026-03-13T09:27:57.61561635+01:00","level":"INFO","msg":"handleInformInit: stream started","streamId":"oa3mu2s1","id":"1(@)"}
{"time":"2026-03-13T09:32:16.79120823+01:00","level":"INFO","msg":"handleInformFinish: finish message received","streamId":"oa3mu2s1","id":"1(@)"}
{"time":"2026-03-13T09:32:16.792802228+01:00","level":"INFO","msg":"handleInformFinish: stream closed","streamId":"oa3mu2s1","id":"1(@)"}
{"time":"2026-03-13T09:36:34.677886821+01:00","level":"INFO","msg":"handleInformInit: received","streamId":"bwlep3q7","id":"1(@)"}
{"time":"2026-03-13T09:36:34.799399397+01:00","level":"INFO","msg":"handleInformInit: stream started","streamId":"bwlep3q7","id":"1(@)"}
{"time":"2026-03-13T09:37:37.180895761+01:00","level":"INFO","msg":"handleInformFinish: finish message received","streamId":"bwlep3q7","id":"1(@)"}
{"time":"2026-03-13T09:37:37.182143502+01:00","level":"INFO","msg":"handleInformFinish: stream closed","streamId":"bwlep3q7","id":"1(@)"}
{"time":"2026-03-13T09:42:36.724050831+01:00","level":"INFO","msg":"handleInformInit: received","streamId":"5ihsdqsv","id":"1(@)"}
{"time":"2026-03-13T09:42:36.844877215+01:00","level":"INFO","msg":"handleInformInit: stream started","streamId":"5ihsdqsv","id":"1(@)"}
{"time":"2026-03-13T09:43:20.884879557+01:00","level":"INFO","msg":"handleInformFinish: finish message received","streamId":"5ihsdqsv","id":"1(@)"}
{"time":"2026-03-13T09:43:20.886400404+01:00","level":"INFO","msg":"handleInformFinish: stream closed","streamId":"5ihsdqsv","id":"1(@)"}
{"time":"2026-03-13T09:46:08.104269418+01:00","level":"INFO","msg":"handleInformInit: received","streamId":"49ct1b3y","id":"1(@)"}
{"time":"2026-03-13T09:46:08.223756615+01:00","level":"INFO","msg":"handleInformInit: stream started","streamId":"49ct1b3y","id":"1(@)"}
{"time":"2026-03-13T09:49:46.918709675+01:00","level":"INFO","msg":"handleInformFinish: finish message received","streamId":"49ct1b3y","id":"1(@)"}
{"time":"2026-03-13T09:49:46.919811207+01:00","level":"INFO","msg":"handleInformFinish: stream closed","streamId":"49ct1b3y","id":"1(@)"}
{"time":"2026-03-13T09:49:46.942407195+01:00","level":"INFO","msg":"handleInformTeardown: server teardown initiated","id":"1(@)"}
{"time":"2026-03-13T09:49:46.942469196+01:00","level":"INFO","msg":"handleInformTeardown: server shutdown complete","id":"1(@)"}
{"time":"2026-03-13T09:49:46.942491647+01:00","level":"INFO","msg":"server is shutting down"}
{"time":"2026-03-13T09:49:46.942482371+01:00","level":"INFO","msg":"connection: closing","id":"1(@)"}
{"time":"2026-03-13T09:49:46.942633086+01:00","level":"INFO","msg":"connection: closed successfully","id":"1(@)"}
{"time":"2026-03-13T09:49:46.942641353+01:00","level":"INFO","msg":"connection: ManageConnectionData: connection closed","id":"1(@)"}
{"time":"2026-03-13T09:49:46.942577642+01:00","level":"INFO","msg":"server: listener closed","addr":{"Name":"/tmp/wandb-1204937-1205108-2108709417/socket","Net":"unix"}}
{"time":"2026-03-13T09:49:46.942656399+01:00","level":"INFO","msg":"server is closed"}
