{"time":"2026-03-13T09:31:42.953613397+01:00","level":"INFO","msg":"main: starting server","port-filename":"/tmp/tmpgom41rib/port-2571484.txt","pid":2571484,"log-level":0,"disable-analytics":false,"shutdown-on-parent-exit":false,"enable-dcgm-profiling":false}
{"time":"2026-03-13T09:31:42.954211529+01:00","level":"INFO","msg":"server: will exit if parent process dies","ppid":2571484}
{"time":"2026-03-13T09:31:42.954204225+01:00","level":"INFO","msg":"server: accepting connections","addr":{"Name":"/tmp/wandb-2571484-2571646-3770223108/socket","Net":"unix"}}
{"time":"2026-03-13T09:31:43.08287462+01:00","level":"INFO","msg":"connection: ManageConnectionData: new connection created","id":"1(@)"}
{"time":"2026-03-13T09:31:43.128071274+01:00","level":"INFO","msg":"handleInformInit: received","streamId":"d0pqss18","id":"1(@)"}
{"time":"2026-03-13T09:31:43.258927565+01:00","level":"INFO","msg":"handleInformInit: stream started","streamId":"d0pqss18","id":"1(@)"}
{"time":"2026-03-13T09:55:21.994999526+01:00","level":"INFO","msg":"handleInformFinish: finish message received","streamId":"d0pqss18","id":"1(@)"}
{"time":"2026-03-13T09:55:21.996650487+01:00","level":"INFO","msg":"handleInformFinish: stream closed","streamId":"d0pqss18","id":"1(@)"}
{"time":"2026-03-13T09:59:27.22104623+01:00","level":"INFO","msg":"handleInformInit: received","streamId":"ltwbrlc7","id":"1(@)"}
{"time":"2026-03-13T09:59:27.341798834+01:00","level":"INFO","msg":"handleInformInit: stream started","streamId":"ltwbrlc7","id":"1(@)"}
{"time":"2026-03-13T10:02:23.689485514+01:00","level":"INFO","msg":"handleInformFinish: finish message received","streamId":"ltwbrlc7","id":"1(@)"}
{"time":"2026-03-13T10:02:23.691038665+01:00","level":"INFO","msg":"handleInformFinish: stream closed","streamId":"ltwbrlc7","id":"1(@)"}
{"time":"2026-03-13T10:06:47.03299146+01:00","level":"INFO","msg":"handleInformInit: received","streamId":"p9jgse92","id":"1(@)"}
{"time":"2026-03-13T10:06:47.154157701+01:00","level":"INFO","msg":"handleInformInit: stream started","streamId":"p9jgse92","id":"1(@)"}
{"time":"2026-03-13T10:09:13.279106775+01:00","level":"INFO","msg":"handleInformFinish: finish message received","streamId":"p9jgse92","id":"1(@)"}
{"time":"2026-03-13T10:09:13.280721146+01:00","level":"INFO","msg":"handleInformFinish: stream closed","streamId":"p9jgse92","id":"1(@)"}
{"time":"2026-03-13T10:14:58.687563628+01:00","level":"INFO","msg":"handleInformInit: received","streamId":"eps5zcmb","id":"1(@)"}
{"time":"2026-03-13T10:14:58.808258799+01:00","level":"INFO","msg":"handleInformInit: stream started","streamId":"eps5zcmb","id":"1(@)"}
{"time":"2026-03-13T10:17:41.269669806+01:00","level":"INFO","msg":"handleInformFinish: finish message received","streamId":"eps5zcmb","id":"1(@)"}
{"time":"2026-03-13T10:17:41.271095341+01:00","level":"INFO","msg":"handleInformFinish: stream closed","streamId":"eps5zcmb","id":"1(@)"}
{"time":"2026-03-13T10:17:41.294611439+01:00","level":"INFO","msg":"handleInformTeardown: server teardown initiated","id":"1(@)"}
{"time":"2026-03-13T10:17:41.294662127+01:00","level":"INFO","msg":"handleInformTeardown: server shutdown complete","id":"1(@)"}
{"time":"2026-03-13T10:17:41.294680541+01:00","level":"INFO","msg":"server is shutting down"}
{"time":"2026-03-13T10:17:41.29467279+01:00","level":"INFO","msg":"connection: closing","id":"1(@)"}
{"time":"2026-03-13T10:17:41.294833258+01:00","level":"INFO","msg":"connection: closed successfully","id":"1(@)"}
{"time":"2026-03-13T10:17:41.294843181+01:00","level":"INFO","msg":"connection: ManageConnectionData: connection closed","id":"1(@)"}
{"time":"2026-03-13T10:17:41.294792305+01:00","level":"INFO","msg":"server: listener closed","addr":{"Name":"/tmp/wandb-2571484-2571646-3770223108/socket","Net":"unix"}}
{"time":"2026-03-13T10:17:41.294861974+01:00","level":"INFO","msg":"server is closed"}
