{"time":"2026-03-13T09:28:28.938630254+01:00","level":"INFO","msg":"main: starting server","port-filename":"/tmp/tmp26ujlsn3/port-869446.txt","pid":869446,"log-level":0,"disable-analytics":false,"shutdown-on-parent-exit":false,"enable-dcgm-profiling":false}
{"time":"2026-03-13T09:28:28.939171176+01:00","level":"INFO","msg":"server: will exit if parent process dies","ppid":869446}
{"time":"2026-03-13T09:28:28.939160313+01:00","level":"INFO","msg":"server: accepting connections","addr":{"Name":"/tmp/wandb-869446-869625-3058120573/socket","Net":"unix"}}
{"time":"2026-03-13T09:28:29.095064155+01:00","level":"INFO","msg":"connection: ManageConnectionData: new connection created","id":"1(@)"}
{"time":"2026-03-13T09:28:29.109408894+01:00","level":"INFO","msg":"handleInformInit: received","streamId":"p17tfi5m","id":"1(@)"}
{"time":"2026-03-13T09:28:29.234497696+01:00","level":"INFO","msg":"handleInformInit: stream started","streamId":"p17tfi5m","id":"1(@)"}
{"time":"2026-03-13T09:32:01.390582099+01:00","level":"INFO","msg":"handleInformFinish: finish message received","streamId":"p17tfi5m","id":"1(@)"}
{"time":"2026-03-13T09:32:01.392204113+01:00","level":"INFO","msg":"handleInformFinish: stream closed","streamId":"p17tfi5m","id":"1(@)"}
{"time":"2026-03-13T09:36:38.068492677+01:00","level":"INFO","msg":"handleInformInit: received","streamId":"iylgi1bv","id":"1(@)"}
{"time":"2026-03-13T09:36:38.191523561+01:00","level":"INFO","msg":"handleInformInit: stream started","streamId":"iylgi1bv","id":"1(@)"}
{"time":"2026-03-13T09:37:36.811339904+01:00","level":"INFO","msg":"handleInformFinish: finish message received","streamId":"iylgi1bv","id":"1(@)"}
{"time":"2026-03-13T09:37:36.813165957+01:00","level":"INFO","msg":"handleInformFinish: stream closed","streamId":"iylgi1bv","id":"1(@)"}
{"time":"2026-03-13T09:43:35.849349379+01:00","level":"INFO","msg":"handleInformInit: received","streamId":"4ifs4cp2","id":"1(@)"}
{"time":"2026-03-13T09:43:35.97023568+01:00","level":"INFO","msg":"handleInformInit: stream started","streamId":"4ifs4cp2","id":"1(@)"}
{"time":"2026-03-13T09:43:44.509935689+01:00","level":"INFO","msg":"handleInformFinish: finish message received","streamId":"4ifs4cp2","id":"1(@)"}
{"time":"2026-03-13T09:43:44.511546699+01:00","level":"INFO","msg":"handleInformFinish: stream closed","streamId":"4ifs4cp2","id":"1(@)"}
{"time":"2026-03-13T09:49:53.426085315+01:00","level":"INFO","msg":"handleInformInit: received","streamId":"meyaxpya","id":"1(@)"}
{"time":"2026-03-13T09:49:53.54696852+01:00","level":"INFO","msg":"handleInformInit: stream started","streamId":"meyaxpya","id":"1(@)"}
{"time":"2026-03-13T09:50:20.456202175+01:00","level":"INFO","msg":"handleInformFinish: finish message received","streamId":"meyaxpya","id":"1(@)"}
{"time":"2026-03-13T09:50:20.457675719+01:00","level":"INFO","msg":"handleInformFinish: stream closed","streamId":"meyaxpya","id":"1(@)"}
{"time":"2026-03-13T09:50:20.480928085+01:00","level":"INFO","msg":"handleInformTeardown: server teardown initiated","id":"1(@)"}
{"time":"2026-03-13T09:50:20.480982399+01:00","level":"INFO","msg":"handleInformTeardown: server shutdown complete","id":"1(@)"}
{"time":"2026-03-13T09:50:20.48100613+01:00","level":"INFO","msg":"server is shutting down"}
{"time":"2026-03-13T09:50:20.480988553+01:00","level":"INFO","msg":"connection: closing","id":"1(@)"}
{"time":"2026-03-13T09:50:20.481108322+01:00","level":"INFO","msg":"server: listener closed","addr":{"Name":"/tmp/wandb-869446-869625-3058120573/socket","Net":"unix"}}
{"time":"2026-03-13T09:50:20.481156055+01:00","level":"INFO","msg":"connection: closed successfully","id":"1(@)"}
{"time":"2026-03-13T09:50:20.481166106+01:00","level":"INFO","msg":"connection: ManageConnectionData: connection closed","id":"1(@)"}
{"time":"2026-03-13T09:50:20.481175392+01:00","level":"INFO","msg":"server is closed"}
