{"time":"2026-03-13T09:34:45.363255798+01:00","level":"INFO","msg":"main: starting server","port-filename":"/tmp/tmpk2vof4x7/port-4142395.txt","pid":4142395,"log-level":0,"disable-analytics":false,"shutdown-on-parent-exit":false,"enable-dcgm-profiling":false}
{"time":"2026-03-13T09:34:45.363588743+01:00","level":"INFO","msg":"main: starting server","port-filename":"/tmp/tmpse18659d/port-1747458.txt","pid":1747458,"log-level":0,"disable-analytics":false,"shutdown-on-parent-exit":false,"enable-dcgm-profiling":false}
{"time":"2026-03-13T09:34:45.363719009+01:00","level":"INFO","msg":"server: will exit if parent process dies","ppid":4142395}
{"time":"2026-03-13T09:34:45.365024364+01:00","level":"INFO","msg":"server: will exit if parent process dies","ppid":1747458}
{"time":"2026-03-13T09:34:45.363707429+01:00","level":"INFO","msg":"server: accepting connections","addr":{"Name":"/tmp/wandb-4142395-4142581-3608100018/socket","Net":"unix"}}
{"time":"2026-03-13T09:34:45.365006238+01:00","level":"INFO","msg":"server: accepting connections","addr":{"Name":"/tmp/wandb-1747458-1747641-792401475/socket","Net":"unix"}}
{"time":"2026-03-13T09:34:45.418334243+01:00","level":"INFO","msg":"connection: ManageConnectionData: new connection created","id":"1(@)"}
{"time":"2026-03-13T09:34:45.418323072+01:00","level":"INFO","msg":"connection: ManageConnectionData: new connection created","id":"1(@)"}
{"time":"2026-03-13T09:34:45.450124168+01:00","level":"INFO","msg":"handleInformInit: received","streamId":"oq4uq6vt","id":"1(@)"}
{"time":"2026-03-13T09:34:45.450123814+01:00","level":"INFO","msg":"handleInformInit: received","streamId":"hqu2s73u","id":"1(@)"}
{"time":"2026-03-13T09:34:45.585242437+01:00","level":"INFO","msg":"handleInformInit: stream started","streamId":"oq4uq6vt","id":"1(@)"}
{"time":"2026-03-13T09:34:45.585450309+01:00","level":"INFO","msg":"handleInformInit: stream started","streamId":"hqu2s73u","id":"1(@)"}
{"time":"2026-03-13T09:45:13.371769769+01:00","level":"INFO","msg":"handleInformFinish: finish message received","streamId":"hqu2s73u","id":"1(@)"}
{"time":"2026-03-13T09:45:13.373463407+01:00","level":"INFO","msg":"handleInformFinish: stream closed","streamId":"hqu2s73u","id":"1(@)"}
{"time":"2026-03-13T09:45:18.187909683+01:00","level":"INFO","msg":"handleInformFinish: finish message received","streamId":"oq4uq6vt","id":"1(@)"}
{"time":"2026-03-13T09:45:18.190939748+01:00","level":"INFO","msg":"handleInformFinish: stream closed","streamId":"oq4uq6vt","id":"1(@)"}
{"time":"2026-03-13T09:48:51.949687725+01:00","level":"INFO","msg":"handleInformInit: received","streamId":"tb7f7exs","id":"1(@)"}
{"time":"2026-03-13T09:48:52.071442222+01:00","level":"INFO","msg":"handleInformInit: stream started","streamId":"tb7f7exs","id":"1(@)"}
{"time":"2026-03-13T09:49:10.409932284+01:00","level":"INFO","msg":"handleInformInit: received","streamId":"w38fbu5e","id":"1(@)"}
{"time":"2026-03-13T09:49:10.532332192+01:00","level":"INFO","msg":"handleInformInit: stream started","streamId":"w38fbu5e","id":"1(@)"}
{"time":"2026-03-13T10:02:46.835768017+01:00","level":"INFO","msg":"connection: cancelling request","id":"1(@)","requestId":"fi07ngqpndj9"}
{"time":"2026-03-13T10:02:46.853605308+01:00","level":"INFO","msg":"handleInformFinish: finish message received","streamId":"w38fbu5e","id":"1(@)"}
{"time":"2026-03-13T10:02:46.855141009+01:00","level":"INFO","msg":"handleInformFinish: stream closed","streamId":"w38fbu5e","id":"1(@)"}
{"time":"2026-03-13T10:03:29.026230141+01:00","level":"INFO","msg":"handleInformFinish: finish message received","streamId":"tb7f7exs","id":"1(@)"}
{"time":"2026-03-13T10:03:29.028937493+01:00","level":"INFO","msg":"handleInformFinish: stream closed","streamId":"tb7f7exs","id":"1(@)"}
{"time":"2026-03-13T10:08:11.694867926+01:00","level":"INFO","msg":"handleInformInit: received","streamId":"18k1ryeh","id":"1(@)"}
{"time":"2026-03-13T10:08:11.817801395+01:00","level":"INFO","msg":"handleInformInit: stream started","streamId":"18k1ryeh","id":"1(@)"}
{"time":"2026-03-13T10:08:24.973538181+01:00","level":"INFO","msg":"handleInformInit: received","streamId":"z5f1yl7k","id":"1(@)"}
{"time":"2026-03-13T10:08:25.095424608+01:00","level":"INFO","msg":"handleInformInit: stream started","streamId":"z5f1yl7k","id":"1(@)"}
{"time":"2026-03-13T10:20:44.312182577+01:00","level":"INFO","msg":"handleInformFinish: finish message received","streamId":"18k1ryeh","id":"1(@)"}
{"time":"2026-03-13T10:20:44.330183609+01:00","level":"INFO","msg":"handleInformFinish: stream closed","streamId":"18k1ryeh","id":"1(@)"}
{"time":"2026-03-13T10:20:56.871678633+01:00","level":"INFO","msg":"connection: cancelling request","id":"1(@)","requestId":"mp6iifzhqnpz"}
{"time":"2026-03-13T10:20:56.874888412+01:00","level":"INFO","msg":"handleInformFinish: finish message received","streamId":"z5f1yl7k","id":"1(@)"}
{"time":"2026-03-13T10:20:56.87682446+01:00","level":"INFO","msg":"handleInformFinish: stream closed","streamId":"z5f1yl7k","id":"1(@)"}
{"time":"2026-03-13T10:25:26.966695835+01:00","level":"INFO","msg":"handleInformInit: received","streamId":"nw7j15es","id":"1(@)"}
{"time":"2026-03-13T10:25:27.09393729+01:00","level":"INFO","msg":"handleInformInit: stream started","streamId":"nw7j15es","id":"1(@)"}
{"time":"2026-03-13T10:25:27.624308208+01:00","level":"INFO","msg":"handleInformInit: received","streamId":"vp9wdp84","id":"1(@)"}
{"time":"2026-03-13T10:25:27.747626695+01:00","level":"INFO","msg":"handleInformInit: stream started","streamId":"vp9wdp84","id":"1(@)"}
{"time":"2026-03-13T10:37:48.600681218+01:00","level":"INFO","msg":"connection: cancelling request","id":"1(@)","requestId":"pg023lzo8ukb"}
{"time":"2026-03-13T10:37:48.605028608+01:00","level":"INFO","msg":"handleInformFinish: finish message received","streamId":"nw7j15es","id":"1(@)"}
{"time":"2026-03-13T10:37:48.615218675+01:00","level":"INFO","msg":"handleInformFinish: stream closed","streamId":"nw7j15es","id":"1(@)"}
{"time":"2026-03-13T10:38:18.97593941+01:00","level":"INFO","msg":"connection: cancelling request","id":"1(@)","requestId":"f1vrfw54ej6t"}
{"time":"2026-03-13T10:38:18.979566245+01:00","level":"INFO","msg":"handleInformFinish: finish message received","streamId":"vp9wdp84","id":"1(@)"}
{"time":"2026-03-13T10:38:18.981093129+01:00","level":"INFO","msg":"handleInformFinish: stream closed","streamId":"vp9wdp84","id":"1(@)"}
{"time":"2026-03-13T10:42:24.073800104+01:00","level":"INFO","msg":"handleInformInit: received","streamId":"v4yqg2bu","id":"1(@)"}
{"time":"2026-03-13T10:42:28.780803133+01:00","level":"INFO","msg":"handleInformInit: stream started","streamId":"v4yqg2bu","id":"1(@)"}
{"time":"2026-03-13T10:42:56.709875793+01:00","level":"INFO","msg":"handleInformInit: received","streamId":"gaygmo1m","id":"1(@)"}
{"time":"2026-03-13T10:42:56.843531804+01:00","level":"INFO","msg":"handleInformInit: stream started","streamId":"gaygmo1m","id":"1(@)"}
{"time":"2026-03-13T10:55:49.592493627+01:00","level":"INFO","msg":"handleInformFinish: finish message received","streamId":"gaygmo1m","id":"1(@)"}
{"time":"2026-03-13T10:55:49.594203625+01:00","level":"INFO","msg":"handleInformFinish: stream closed","streamId":"gaygmo1m","id":"1(@)"}
{"time":"2026-03-13T10:56:11.787005643+01:00","level":"INFO","msg":"handleInformFinish: finish message received","streamId":"v4yqg2bu","id":"1(@)"}
{"time":"2026-03-13T10:56:11.791213827+01:00","level":"INFO","msg":"handleInformFinish: stream closed","streamId":"v4yqg2bu","id":"1(@)"}
{"time":"2026-03-13T10:59:45.205368365+01:00","level":"INFO","msg":"handleInformInit: received","streamId":"6meue47i","id":"1(@)"}
{"time":"2026-03-13T10:59:45.365620106+01:00","level":"INFO","msg":"handleInformInit: stream started","streamId":"6meue47i","id":"1(@)"}
{"time":"2026-03-13T11:01:37.294611071+01:00","level":"INFO","msg":"handleInformInit: received","streamId":"sxf0oghc","id":"1(@)"}
{"time":"2026-03-13T11:01:37.422918658+01:00","level":"INFO","msg":"handleInformInit: stream started","streamId":"sxf0oghc","id":"1(@)"}
{"time":"2026-03-13T11:13:52.695347528+01:00","level":"INFO","msg":"handleInformFinish: finish message received","streamId":"sxf0oghc","id":"1(@)"}
{"time":"2026-03-13T11:13:52.697696353+01:00","level":"INFO","msg":"handleInformFinish: stream closed","streamId":"sxf0oghc","id":"1(@)"}
{"time":"2026-03-13T11:14:11.492731684+01:00","level":"INFO","msg":"handleInformFinish: finish message received","streamId":"6meue47i","id":"1(@)"}
{"time":"2026-03-13T11:14:11.495519246+01:00","level":"INFO","msg":"handleInformFinish: stream closed","streamId":"6meue47i","id":"1(@)"}
{"time":"2026-03-13T11:19:24.252453054+01:00","level":"INFO","msg":"handleInformInit: received","streamId":"3flps7ao","id":"1(@)"}
{"time":"2026-03-13T11:19:24.381742063+01:00","level":"INFO","msg":"handleInformInit: stream started","streamId":"3flps7ao","id":"1(@)"}
{"time":"2026-03-13T11:19:35.054164157+01:00","level":"INFO","msg":"handleInformInit: received","streamId":"5az32unm","id":"1(@)"}
{"time":"2026-03-13T11:19:35.18489931+01:00","level":"INFO","msg":"handleInformInit: stream started","streamId":"5az32unm","id":"1(@)"}
{"time":"2026-03-13T11:31:57.236760284+01:00","level":"INFO","msg":"connection: cancelling request","id":"1(@)","requestId":"r88aoqi01p31"}
{"time":"2026-03-13T11:31:57.240488679+01:00","level":"INFO","msg":"handleInformFinish: finish message received","streamId":"3flps7ao","id":"1(@)"}
{"time":"2026-03-13T11:31:57.242053136+01:00","level":"INFO","msg":"handleInformFinish: stream closed","streamId":"3flps7ao","id":"1(@)"}
{"time":"2026-03-13T11:32:14.736695617+01:00","level":"INFO","msg":"handleInformFinish: finish message received","streamId":"5az32unm","id":"1(@)"}
{"time":"2026-03-13T11:32:14.739391963+01:00","level":"INFO","msg":"handleInformFinish: stream closed","streamId":"5az32unm","id":"1(@)"}
{"time":"2026-03-13T11:37:22.360005539+01:00","level":"INFO","msg":"handleInformInit: received","streamId":"utjpp6sx","id":"1(@)"}
{"time":"2026-03-13T11:37:22.489922035+01:00","level":"INFO","msg":"handleInformInit: stream started","streamId":"utjpp6sx","id":"1(@)"}
{"time":"2026-03-13T11:37:56.513555738+01:00","level":"INFO","msg":"handleInformInit: received","streamId":"3h6n2xf8","id":"1(@)"}
{"time":"2026-03-13T11:37:56.642128079+01:00","level":"INFO","msg":"handleInformInit: stream started","streamId":"3h6n2xf8","id":"1(@)"}
{"time":"2026-03-13T11:48:48.528295966+01:00","level":"INFO","msg":"handleInformFinish: finish message received","streamId":"utjpp6sx","id":"1(@)"}
{"time":"2026-03-13T11:48:48.531211262+01:00","level":"INFO","msg":"handleInformFinish: stream closed","streamId":"utjpp6sx","id":"1(@)"}
{"time":"2026-03-13T11:49:15.657709237+01:00","level":"INFO","msg":"handleInformFinish: finish message received","streamId":"3h6n2xf8","id":"1(@)"}
{"time":"2026-03-13T11:49:15.672545554+01:00","level":"INFO","msg":"handleInformFinish: stream closed","streamId":"3h6n2xf8","id":"1(@)"}
{"time":"2026-03-13T11:52:43.80002623+01:00","level":"INFO","msg":"handleInformInit: received","streamId":"z7jkpdg3","id":"1(@)"}
{"time":"2026-03-13T11:52:43.931762996+01:00","level":"INFO","msg":"handleInformInit: stream started","streamId":"z7jkpdg3","id":"1(@)"}
{"time":"2026-03-13T11:54:20.842528047+01:00","level":"INFO","msg":"handleInformInit: received","streamId":"6hx17m3u","id":"1(@)"}
{"time":"2026-03-13T11:54:20.980737131+01:00","level":"INFO","msg":"handleInformInit: stream started","streamId":"6hx17m3u","id":"1(@)"}
{"time":"2026-03-13T12:06:28.713649708+01:00","level":"INFO","msg":"handleInformFinish: finish message received","streamId":"6hx17m3u","id":"1(@)"}
{"time":"2026-03-13T12:06:28.716007657+01:00","level":"INFO","msg":"handleInformFinish: stream closed","streamId":"6hx17m3u","id":"1(@)"}
{"time":"2026-03-13T12:07:29.383081226+01:00","level":"INFO","msg":"handleInformFinish: finish message received","streamId":"z7jkpdg3","id":"1(@)"}
{"time":"2026-03-13T12:07:29.385663684+01:00","level":"INFO","msg":"handleInformFinish: stream closed","streamId":"z7jkpdg3","id":"1(@)"}
{"time":"2026-03-13T12:10:42.365163044+01:00","level":"INFO","msg":"handleInformInit: received","streamId":"6qk6nbyh","id":"1(@)"}
{"time":"2026-03-13T12:10:42.495206362+01:00","level":"INFO","msg":"handleInformInit: stream started","streamId":"6qk6nbyh","id":"1(@)"}
{"time":"2026-03-13T12:12:27.448170652+01:00","level":"INFO","msg":"handleInformInit: received","streamId":"wz2wuvas","id":"1(@)"}
{"time":"2026-03-13T12:12:27.577786888+01:00","level":"INFO","msg":"handleInformInit: stream started","streamId":"wz2wuvas","id":"1(@)"}
{"time":"2026-03-13T12:24:26.119464537+01:00","level":"INFO","msg":"handleInformFinish: finish message received","streamId":"6qk6nbyh","id":"1(@)"}
{"time":"2026-03-13T12:24:26.129450354+01:00","level":"INFO","msg":"handleInformFinish: stream closed","streamId":"6qk6nbyh","id":"1(@)"}
{"time":"2026-03-13T12:25:44.540845091+01:00","level":"INFO","msg":"handleInformFinish: finish message received","streamId":"wz2wuvas","id":"1(@)"}
{"time":"2026-03-13T12:25:44.555047118+01:00","level":"INFO","msg":"handleInformFinish: stream closed","streamId":"wz2wuvas","id":"1(@)"}
{"time":"2026-03-13T12:29:14.489640508+01:00","level":"INFO","msg":"handleInformInit: received","streamId":"6k79dze7","id":"1(@)"}
{"time":"2026-03-13T12:29:14.618278009+01:00","level":"INFO","msg":"handleInformInit: stream started","streamId":"6k79dze7","id":"1(@)"}
{"time":"2026-03-13T12:31:11.324322339+01:00","level":"INFO","msg":"handleInformInit: received","streamId":"30vb937w","id":"1(@)"}
{"time":"2026-03-13T12:31:11.448827238+01:00","level":"INFO","msg":"handleInformInit: stream started","streamId":"30vb937w","id":"1(@)"}
{"time":"2026-03-13T12:42:03.224473852+01:00","level":"INFO","msg":"handleInformFinish: finish message received","streamId":"6k79dze7","id":"1(@)"}
{"time":"2026-03-13T12:42:03.227325157+01:00","level":"INFO","msg":"handleInformFinish: stream closed","streamId":"6k79dze7","id":"1(@)"}
{"time":"2026-03-13T12:43:30.566362265+01:00","level":"INFO","msg":"handleInformFinish: finish message received","streamId":"30vb937w","id":"1(@)"}
{"time":"2026-03-13T12:43:30.569086305+01:00","level":"INFO","msg":"handleInformFinish: stream closed","streamId":"30vb937w","id":"1(@)"}
{"time":"2026-03-13T12:47:50.120604396+01:00","level":"INFO","msg":"handleInformInit: received","streamId":"wkdhnfm4","id":"1(@)"}
{"time":"2026-03-13T12:47:50.250770087+01:00","level":"INFO","msg":"handleInformInit: stream started","streamId":"wkdhnfm4","id":"1(@)"}
{"time":"2026-03-13T12:48:31.692384962+01:00","level":"INFO","msg":"handleInformInit: received","streamId":"ptugimvy","id":"1(@)"}
{"time":"2026-03-13T12:48:31.822156938+01:00","level":"INFO","msg":"handleInformInit: stream started","streamId":"ptugimvy","id":"1(@)"}
{"time":"2026-03-13T12:59:57.654553086+01:00","level":"INFO","msg":"connection: cancelling request","id":"1(@)","requestId":"7dn0z02zeqka"}
{"time":"2026-03-13T12:59:57.657870766+01:00","level":"INFO","msg":"handleInformFinish: finish message received","streamId":"wkdhnfm4","id":"1(@)"}
{"time":"2026-03-13T12:59:57.666854791+01:00","level":"INFO","msg":"handleInformFinish: stream closed","streamId":"wkdhnfm4","id":"1(@)"}
{"time":"2026-03-13T13:01:18.601508328+01:00","level":"INFO","msg":"handleInformFinish: finish message received","streamId":"ptugimvy","id":"1(@)"}
{"time":"2026-03-13T13:01:18.604263613+01:00","level":"INFO","msg":"handleInformFinish: stream closed","streamId":"ptugimvy","id":"1(@)"}
{"time":"2026-03-13T13:04:49.530712163+01:00","level":"INFO","msg":"handleInformInit: received","streamId":"6grihgmt","id":"1(@)"}
{"time":"2026-03-13T13:04:49.662688416+01:00","level":"INFO","msg":"handleInformInit: stream started","streamId":"6grihgmt","id":"1(@)"}
{"time":"2026-03-13T13:06:45.808502433+01:00","level":"INFO","msg":"handleInformInit: received","streamId":"xil6x6ny","id":"1(@)"}
{"time":"2026-03-13T13:06:45.941638095+01:00","level":"INFO","msg":"handleInformInit: stream started","streamId":"xil6x6ny","id":"1(@)"}
{"time":"2026-03-13T13:17:18.455292629+01:00","level":"INFO","msg":"connection: cancelling request","id":"1(@)","requestId":"d0f7nfkad8hn"}
{"time":"2026-03-13T13:17:18.458344793+01:00","level":"INFO","msg":"handleInformFinish: finish message received","streamId":"6grihgmt","id":"1(@)"}
{"time":"2026-03-13T13:17:18.469576852+01:00","level":"INFO","msg":"handleInformFinish: stream closed","streamId":"6grihgmt","id":"1(@)"}
{"time":"2026-03-13T13:18:22.491992791+01:00","level":"INFO","msg":"handleInformFinish: finish message received","streamId":"xil6x6ny","id":"1(@)"}
{"time":"2026-03-13T13:18:22.502327596+01:00","level":"INFO","msg":"handleInformFinish: stream closed","streamId":"xil6x6ny","id":"1(@)"}
{"time":"2026-03-13T13:22:17.572802801+01:00","level":"INFO","msg":"handleInformInit: received","streamId":"48btd4up","id":"1(@)"}
{"time":"2026-03-13T13:22:17.707011819+01:00","level":"INFO","msg":"handleInformInit: stream started","streamId":"48btd4up","id":"1(@)"}
{"time":"2026-03-13T13:23:46.239586818+01:00","level":"INFO","msg":"handleInformFinish: finish message received","streamId":"48btd4up","id":"1(@)"}
{"time":"2026-03-13T13:23:46.241452025+01:00","level":"INFO","msg":"handleInformFinish: stream closed","streamId":"48btd4up","id":"1(@)"}
{"time":"2026-03-13T13:23:56.563577686+01:00","level":"INFO","msg":"handleInformInit: received","streamId":"v5pm4rpu","id":"1(@)"}
{"time":"2026-03-13T13:23:56.690105517+01:00","level":"INFO","msg":"handleInformInit: stream started","streamId":"v5pm4rpu","id":"1(@)"}
{"time":"2026-03-13T13:24:33.548919598+01:00","level":"INFO","msg":"handleInformFinish: finish message received","streamId":"v5pm4rpu","id":"1(@)"}
{"time":"2026-03-13T13:24:33.550126666+01:00","level":"INFO","msg":"handleInformFinish: stream closed","streamId":"v5pm4rpu","id":"1(@)"}
{"time":"2026-03-13T13:25:56.159599766+01:00","level":"INFO","msg":"handleInformInit: received","streamId":"wrczjaei","id":"1(@)"}
{"time":"2026-03-13T13:25:56.288502279+01:00","level":"INFO","msg":"handleInformInit: stream started","streamId":"wrczjaei","id":"1(@)"}
{"time":"2026-03-13T13:30:19.56468274+01:00","level":"INFO","msg":"connection: cancelling request","id":"1(@)","requestId":"ogvf0k1nng9b"}
{"time":"2026-03-13T13:30:19.566586106+01:00","level":"INFO","msg":"handleInformFinish: finish message received","streamId":"wrczjaei","id":"1(@)"}
{"time":"2026-03-13T13:30:19.569159613+01:00","level":"INFO","msg":"handleInformFinish: stream closed","streamId":"wrczjaei","id":"1(@)"}
{"time":"2026-03-13T13:30:28.602930374+01:00","level":"INFO","msg":"handleInformInit: received","streamId":"g2fozthl","id":"1(@)"}
{"time":"2026-03-13T13:30:28.729331219+01:00","level":"INFO","msg":"handleInformInit: stream started","streamId":"g2fozthl","id":"1(@)"}
{"time":"2026-03-13T13:31:09.572771609+01:00","level":"INFO","msg":"handleInformFinish: finish message received","streamId":"g2fozthl","id":"1(@)"}
{"time":"2026-03-13T13:31:09.574371656+01:00","level":"INFO","msg":"handleInformFinish: stream closed","streamId":"g2fozthl","id":"1(@)"}
{"time":"2026-03-13T13:33:01.541671141+01:00","level":"INFO","msg":"handleInformInit: received","streamId":"sluz2ixt","id":"1(@)"}
{"time":"2026-03-13T13:33:01.666232263+01:00","level":"INFO","msg":"handleInformInit: stream started","streamId":"sluz2ixt","id":"1(@)"}
{"time":"2026-03-13T13:36:21.421431938+01:00","level":"INFO","msg":"handleInformInit: received","streamId":"71zl9nmp","id":"1(@)"}
{"time":"2026-03-13T13:36:21.543463944+01:00","level":"INFO","msg":"handleInformInit: stream started","streamId":"71zl9nmp","id":"1(@)"}
{"time":"2026-03-13T13:36:30.87836966+01:00","level":"INFO","msg":"handleInformFinish: finish message received","streamId":"sluz2ixt","id":"1(@)"}
{"time":"2026-03-13T13:36:30.881342532+01:00","level":"INFO","msg":"handleInformFinish: stream closed","streamId":"sluz2ixt","id":"1(@)"}
{"time":"2026-03-13T13:37:25.745132836+01:00","level":"INFO","msg":"handleInformFinish: finish message received","streamId":"71zl9nmp","id":"1(@)"}
{"time":"2026-03-13T13:37:25.747344643+01:00","level":"INFO","msg":"handleInformFinish: stream closed","streamId":"71zl9nmp","id":"1(@)"}
{"time":"2026-03-13T13:41:05.569100274+01:00","level":"INFO","msg":"handleInformInit: received","streamId":"3blyzk04","id":"1(@)"}
{"time":"2026-03-13T13:41:05.69268654+01:00","level":"INFO","msg":"handleInformInit: stream started","streamId":"3blyzk04","id":"1(@)"}
{"time":"2026-03-13T13:43:02.107846279+01:00","level":"INFO","msg":"handleInformFinish: finish message received","streamId":"3blyzk04","id":"1(@)"}
{"time":"2026-03-13T13:43:02.109262213+01:00","level":"INFO","msg":"handleInformFinish: stream closed","streamId":"3blyzk04","id":"1(@)"}
{"time":"2026-03-13T13:43:24.476149206+01:00","level":"INFO","msg":"handleInformInit: received","streamId":"nm5w9fyc","id":"1(@)"}
{"time":"2026-03-13T13:43:24.604527037+01:00","level":"INFO","msg":"handleInformInit: stream started","streamId":"nm5w9fyc","id":"1(@)"}
{"time":"2026-03-13T13:44:05.202396778+01:00","level":"INFO","msg":"connection: cancelling request","id":"1(@)","requestId":"v4zomhthnqzh"}
{"time":"2026-03-13T13:44:05.204409492+01:00","level":"INFO","msg":"handleInformFinish: finish message received","streamId":"nm5w9fyc","id":"1(@)"}
{"time":"2026-03-13T13:44:05.205732154+01:00","level":"INFO","msg":"handleInformFinish: stream closed","streamId":"nm5w9fyc","id":"1(@)"}
{"time":"2026-03-13T13:48:42.072848996+01:00","level":"INFO","msg":"handleInformInit: received","streamId":"p7wqgo6k","id":"1(@)"}
{"time":"2026-03-13T13:48:42.196871131+01:00","level":"INFO","msg":"handleInformInit: stream started","streamId":"p7wqgo6k","id":"1(@)"}
{"time":"2026-03-13T13:49:42.060022801+01:00","level":"INFO","msg":"connection: cancelling request","id":"1(@)","requestId":"t6dbsxl1a6uw"}
{"time":"2026-03-13T13:49:42.061895282+01:00","level":"INFO","msg":"handleInformFinish: finish message received","streamId":"p7wqgo6k","id":"1(@)"}
{"time":"2026-03-13T13:49:42.063451683+01:00","level":"INFO","msg":"handleInformFinish: stream closed","streamId":"p7wqgo6k","id":"1(@)"}
{"time":"2026-03-13T13:49:50.420763696+01:00","level":"INFO","msg":"handleInformInit: received","streamId":"pvr0fmq1","id":"1(@)"}
{"time":"2026-03-13T13:49:50.547658709+01:00","level":"INFO","msg":"handleInformInit: stream started","streamId":"pvr0fmq1","id":"1(@)"}
{"time":"2026-03-13T13:50:31.804851788+01:00","level":"INFO","msg":"handleInformFinish: finish message received","streamId":"pvr0fmq1","id":"1(@)"}
{"time":"2026-03-13T13:50:31.806172004+01:00","level":"INFO","msg":"handleInformFinish: stream closed","streamId":"pvr0fmq1","id":"1(@)"}
{"time":"2026-03-13T13:54:16.620083683+01:00","level":"INFO","msg":"handleInformInit: received","streamId":"ddxfts3s","id":"1(@)"}
{"time":"2026-03-13T13:54:16.745674446+01:00","level":"INFO","msg":"handleInformInit: stream started","streamId":"ddxfts3s","id":"1(@)"}
{"time":"2026-03-13T13:56:00.3414935+01:00","level":"INFO","msg":"handleInformFinish: finish message received","streamId":"ddxfts3s","id":"1(@)"}
{"time":"2026-03-13T13:56:00.342775639+01:00","level":"INFO","msg":"handleInformFinish: stream closed","streamId":"ddxfts3s","id":"1(@)"}
{"time":"2026-03-13T13:56:19.960359427+01:00","level":"INFO","msg":"handleInformInit: received","streamId":"sxk1itol","id":"1(@)"}
{"time":"2026-03-13T13:56:20.146692441+01:00","level":"INFO","msg":"handleInformInit: stream started","streamId":"sxk1itol","id":"1(@)"}
{"time":"2026-03-13T13:57:05.509808087+01:00","level":"INFO","msg":"handleInformFinish: finish message received","streamId":"sxk1itol","id":"1(@)"}
{"time":"2026-03-13T13:57:05.513122076+01:00","level":"INFO","msg":"handleInformFinish: stream closed","streamId":"sxk1itol","id":"1(@)"}
{"time":"2026-03-13T14:01:28.595240541+01:00","level":"INFO","msg":"handleInformInit: received","streamId":"fgbm8enw","id":"1(@)"}
{"time":"2026-03-13T14:01:28.725170888+01:00","level":"INFO","msg":"handleInformInit: stream started","streamId":"fgbm8enw","id":"1(@)"}
{"time":"2026-03-13T14:01:48.727449099+01:00","level":"INFO","msg":"handleInformInit: received","streamId":"8gbm9c05","id":"1(@)"}
{"time":"2026-03-13T14:01:48.850805685+01:00","level":"INFO","msg":"handleInformInit: stream started","streamId":"8gbm9c05","id":"1(@)"}
{"time":"2026-03-13T14:02:23.15015867+01:00","level":"INFO","msg":"handleInformFinish: finish message received","streamId":"fgbm8enw","id":"1(@)"}
{"time":"2026-03-13T14:02:23.15308076+01:00","level":"INFO","msg":"handleInformFinish: stream closed","streamId":"fgbm8enw","id":"1(@)"}
{"time":"2026-03-13T14:04:03.848104319+01:00","level":"INFO","msg":"handleInformFinish: finish message received","streamId":"8gbm9c05","id":"1(@)"}
{"time":"2026-03-13T14:04:03.850473432+01:00","level":"INFO","msg":"handleInformFinish: stream closed","streamId":"8gbm9c05","id":"1(@)"}
{"time":"2026-03-13T14:06:23.749094243+01:00","level":"INFO","msg":"handleInformInit: received","streamId":"ksu6rrce","id":"1(@)"}
{"time":"2026-03-13T14:06:23.887649969+01:00","level":"INFO","msg":"handleInformInit: stream started","streamId":"ksu6rrce","id":"1(@)"}
{"time":"2026-03-13T14:08:29.041260798+01:00","level":"INFO","msg":"handleInformFinish: finish message received","streamId":"ksu6rrce","id":"1(@)"}
{"time":"2026-03-13T14:08:29.042818231+01:00","level":"INFO","msg":"handleInformFinish: stream closed","streamId":"ksu6rrce","id":"1(@)"}
{"time":"2026-03-13T14:08:58.803245674+01:00","level":"INFO","msg":"handleInformInit: received","streamId":"zy7l371f","id":"1(@)"}
{"time":"2026-03-13T14:08:58.930007222+01:00","level":"INFO","msg":"handleInformInit: stream started","streamId":"zy7l371f","id":"1(@)"}
{"time":"2026-03-13T14:10:29.32301365+01:00","level":"INFO","msg":"handleInformFinish: finish message received","streamId":"zy7l371f","id":"1(@)"}
{"time":"2026-03-13T14:10:29.325781722+01:00","level":"INFO","msg":"handleInformFinish: stream closed","streamId":"zy7l371f","id":"1(@)"}
{"time":"2026-03-13T14:14:08.086651385+01:00","level":"INFO","msg":"handleInformInit: received","streamId":"bavj7l5w","id":"1(@)"}
{"time":"2026-03-13T14:14:08.224493753+01:00","level":"INFO","msg":"handleInformInit: stream started","streamId":"bavj7l5w","id":"1(@)"}
{"time":"2026-03-13T14:14:48.183438422+01:00","level":"INFO","msg":"handleInformFinish: finish message received","streamId":"bavj7l5w","id":"1(@)"}
{"time":"2026-03-13T14:14:48.18473659+01:00","level":"INFO","msg":"handleInformFinish: stream closed","streamId":"bavj7l5w","id":"1(@)"}
{"time":"2026-03-13T14:16:00.903080913+01:00","level":"INFO","msg":"handleInformInit: received","streamId":"slhgg64r","id":"1(@)"}
{"time":"2026-03-13T14:16:01.035179898+01:00","level":"INFO","msg":"handleInformInit: stream started","streamId":"slhgg64r","id":"1(@)"}
{"time":"2026-03-13T14:16:41.395565331+01:00","level":"INFO","msg":"handleInformFinish: finish message received","streamId":"slhgg64r","id":"1(@)"}
{"time":"2026-03-13T14:16:41.398415269+01:00","level":"INFO","msg":"handleInformFinish: stream closed","streamId":"slhgg64r","id":"1(@)"}
{"time":"2026-03-13T14:18:39.261095768+01:00","level":"INFO","msg":"handleInformInit: received","streamId":"9wijnt18","id":"1(@)"}
{"time":"2026-03-13T14:18:39.387518598+01:00","level":"INFO","msg":"handleInformInit: stream started","streamId":"9wijnt18","id":"1(@)"}
{"time":"2026-03-13T14:21:13.605012098+01:00","level":"INFO","msg":"handleInformFinish: finish message received","streamId":"9wijnt18","id":"1(@)"}
{"time":"2026-03-13T14:21:13.606630237+01:00","level":"INFO","msg":"handleInformFinish: stream closed","streamId":"9wijnt18","id":"1(@)"}
{"time":"2026-03-13T14:22:14.604747753+01:00","level":"INFO","msg":"handleInformInit: received","streamId":"jtnlmyjo","id":"1(@)"}
{"time":"2026-03-13T14:22:14.731479698+01:00","level":"INFO","msg":"handleInformInit: stream started","streamId":"jtnlmyjo","id":"1(@)"}
{"time":"2026-03-13T14:22:55.849794554+01:00","level":"INFO","msg":"handleInformFinish: finish message received","streamId":"jtnlmyjo","id":"1(@)"}
{"time":"2026-03-13T14:22:55.851355427+01:00","level":"INFO","msg":"handleInformFinish: stream closed","streamId":"jtnlmyjo","id":"1(@)"}
{"time":"2026-03-13T14:26:18.646827066+01:00","level":"INFO","msg":"handleInformInit: received","streamId":"e6hn1p8s","id":"1(@)"}
{"time":"2026-03-13T14:26:18.774531543+01:00","level":"INFO","msg":"handleInformInit: stream started","streamId":"e6hn1p8s","id":"1(@)"}
{"time":"2026-03-13T14:27:35.36619009+01:00","level":"INFO","msg":"handleInformFinish: finish message received","streamId":"e6hn1p8s","id":"1(@)"}
{"time":"2026-03-13T14:27:35.367594211+01:00","level":"INFO","msg":"handleInformFinish: stream closed","streamId":"e6hn1p8s","id":"1(@)"}
{"time":"2026-03-13T14:28:37.424019929+01:00","level":"INFO","msg":"handleInformInit: received","streamId":"wh3crgrv","id":"1(@)"}
{"time":"2026-03-13T14:28:37.550550329+01:00","level":"INFO","msg":"handleInformInit: stream started","streamId":"wh3crgrv","id":"1(@)"}
{"time":"2026-03-13T14:29:18.351595051+01:00","level":"INFO","msg":"handleInformFinish: finish message received","streamId":"wh3crgrv","id":"1(@)"}
{"time":"2026-03-13T14:29:18.443918177+01:00","level":"INFO","msg":"handleInformFinish: stream closed","streamId":"wh3crgrv","id":"1(@)"}
{"time":"2026-03-13T14:31:56.316443589+01:00","level":"INFO","msg":"handleInformInit: received","streamId":"v76y7gcd","id":"1(@)"}
{"time":"2026-03-13T14:31:56.446506452+01:00","level":"INFO","msg":"handleInformInit: stream started","streamId":"v76y7gcd","id":"1(@)"}
{"time":"2026-03-13T14:33:31.488943611+01:00","level":"INFO","msg":"handleInformInit: received","streamId":"2vo9pdnt","id":"1(@)"}
{"time":"2026-03-13T14:33:31.614033581+01:00","level":"INFO","msg":"handleInformInit: stream started","streamId":"2vo9pdnt","id":"1(@)"}
{"time":"2026-03-13T14:33:35.568364515+01:00","level":"INFO","msg":"handleInformFinish: finish message received","streamId":"v76y7gcd","id":"1(@)"}
{"time":"2026-03-13T14:33:35.571452901+01:00","level":"INFO","msg":"handleInformFinish: stream closed","streamId":"v76y7gcd","id":"1(@)"}
{"time":"2026-03-13T14:35:29.570546046+01:00","level":"INFO","msg":"connection: cancelling request","id":"1(@)","requestId":"e96vlyl3jw8r"}
{"time":"2026-03-13T14:35:29.573519982+01:00","level":"INFO","msg":"handleInformFinish: finish message received","streamId":"2vo9pdnt","id":"1(@)"}
{"time":"2026-03-13T14:35:29.583867963+01:00","level":"INFO","msg":"handleInformFinish: stream closed","streamId":"2vo9pdnt","id":"1(@)"}
{"time":"2026-03-13T14:39:13.561383587+01:00","level":"INFO","msg":"handleInformInit: received","streamId":"8wdeia75","id":"1(@)"}
{"time":"2026-03-13T14:39:13.690820409+01:00","level":"INFO","msg":"handleInformInit: stream started","streamId":"8wdeia75","id":"1(@)"}
{"time":"2026-03-13T14:40:08.893025756+01:00","level":"INFO","msg":"handleInformFinish: finish message received","streamId":"8wdeia75","id":"1(@)"}
{"time":"2026-03-13T14:40:08.894399065+01:00","level":"INFO","msg":"handleInformFinish: stream closed","streamId":"8wdeia75","id":"1(@)"}
{"time":"2026-03-13T14:40:22.957311376+01:00","level":"INFO","msg":"handleInformInit: received","streamId":"9wc07e0m","id":"1(@)"}
{"time":"2026-03-13T14:40:23.084654004+01:00","level":"INFO","msg":"handleInformInit: stream started","streamId":"9wc07e0m","id":"1(@)"}
{"time":"2026-03-13T14:41:44.493154596+01:00","level":"INFO","msg":"handleInformFinish: finish message received","streamId":"9wc07e0m","id":"1(@)"}
{"time":"2026-03-13T14:41:44.495840451+01:00","level":"INFO","msg":"handleInformFinish: stream closed","streamId":"9wc07e0m","id":"1(@)"}
{"time":"2026-03-13T14:43:20.625313359+01:00","level":"INFO","msg":"handleInformInit: received","streamId":"j0mvu10a","id":"1(@)"}
{"time":"2026-03-13T14:43:20.75670309+01:00","level":"INFO","msg":"handleInformInit: stream started","streamId":"j0mvu10a","id":"1(@)"}
{"time":"2026-03-13T14:46:27.312835984+01:00","level":"INFO","msg":"handleInformFinish: finish message received","streamId":"j0mvu10a","id":"1(@)"}
{"time":"2026-03-13T14:46:27.314410594+01:00","level":"INFO","msg":"handleInformFinish: stream closed","streamId":"j0mvu10a","id":"1(@)"}
{"time":"2026-03-13T14:46:49.012855592+01:00","level":"INFO","msg":"handleInformInit: received","streamId":"jzlq4u1a","id":"1(@)"}
{"time":"2026-03-13T14:46:49.147300813+01:00","level":"INFO","msg":"handleInformInit: stream started","streamId":"jzlq4u1a","id":"1(@)"}
{"time":"2026-03-13T14:48:00.073229121+01:00","level":"INFO","msg":"handleInformFinish: finish message received","streamId":"jzlq4u1a","id":"1(@)"}
{"time":"2026-03-13T14:48:00.074744674+01:00","level":"INFO","msg":"handleInformFinish: stream closed","streamId":"jzlq4u1a","id":"1(@)"}
{"time":"2026-03-13T14:49:10.331857138+01:00","level":"INFO","msg":"handleInformInit: received","streamId":"cfvrgf5z","id":"1(@)"}
{"time":"2026-03-13T14:49:10.462952692+01:00","level":"INFO","msg":"handleInformInit: stream started","streamId":"cfvrgf5z","id":"1(@)"}
{"time":"2026-03-13T14:51:16.322628144+01:00","level":"INFO","msg":"handleInformInit: received","streamId":"qvb3bm4k","id":"1(@)"}
{"time":"2026-03-13T14:51:16.445726974+01:00","level":"INFO","msg":"handleInformInit: stream started","streamId":"qvb3bm4k","id":"1(@)"}
{"time":"2026-03-13T14:52:36.674290986+01:00","level":"INFO","msg":"handleInformFinish: finish message received","streamId":"cfvrgf5z","id":"1(@)"}
{"time":"2026-03-13T14:52:36.68937078+01:00","level":"INFO","msg":"handleInformFinish: stream closed","streamId":"cfvrgf5z","id":"1(@)"}
{"time":"2026-03-13T14:53:56.299951686+01:00","level":"INFO","msg":"handleInformFinish: finish message received","streamId":"qvb3bm4k","id":"1(@)"}
{"time":"2026-03-13T14:53:56.317949053+01:00","level":"INFO","msg":"handleInformFinish: stream closed","streamId":"qvb3bm4k","id":"1(@)"}
{"time":"2026-03-13T14:58:15.124603496+01:00","level":"INFO","msg":"handleInformInit: received","streamId":"hm5r4ayi","id":"1(@)"}
{"time":"2026-03-13T14:58:15.260039042+01:00","level":"INFO","msg":"handleInformInit: stream started","streamId":"hm5r4ayi","id":"1(@)"}
{"time":"2026-03-13T14:59:00.0866556+01:00","level":"INFO","msg":"connection: cancelling request","id":"1(@)","requestId":"iqfsp3n1f5ko"}
{"time":"2026-03-13T14:59:00.08866197+01:00","level":"INFO","msg":"handleInformFinish: finish message received","streamId":"hm5r4ayi","id":"1(@)"}
{"time":"2026-03-13T14:59:00.09029123+01:00","level":"INFO","msg":"handleInformFinish: stream closed","streamId":"hm5r4ayi","id":"1(@)"}
{"time":"2026-03-13T14:59:15.180994344+01:00","level":"INFO","msg":"handleInformInit: received","streamId":"1vqtks4j","id":"1(@)"}
{"time":"2026-03-13T14:59:15.419692165+01:00","level":"INFO","msg":"handleInformInit: stream started","streamId":"1vqtks4j","id":"1(@)"}
{"time":"2026-03-13T15:00:27.938356387+01:00","level":"INFO","msg":"handleInformFinish: finish message received","streamId":"1vqtks4j","id":"1(@)"}
{"time":"2026-03-13T15:00:27.940142138+01:00","level":"INFO","msg":"handleInformFinish: stream closed","streamId":"1vqtks4j","id":"1(@)"}
{"time":"2026-03-13T15:04:13.905272027+01:00","level":"INFO","msg":"handleInformInit: received","streamId":"ekhxkhtf","id":"1(@)"}
{"time":"2026-03-13T15:04:14.030011816+01:00","level":"INFO","msg":"handleInformInit: stream started","streamId":"ekhxkhtf","id":"1(@)"}
{"time":"2026-03-13T15:04:51.931520216+01:00","level":"INFO","msg":"handleInformInit: received","streamId":"y9axfgti","id":"1(@)"}
{"time":"2026-03-13T15:04:52.056253423+01:00","level":"INFO","msg":"handleInformInit: stream started","streamId":"y9axfgti","id":"1(@)"}
{"time":"2026-03-13T15:05:04.186412534+01:00","level":"INFO","msg":"connection: cancelling request","id":"1(@)","requestId":"z4lcn3rtbdv7"}
{"time":"2026-03-13T15:05:04.190127282+01:00","level":"INFO","msg":"handleInformFinish: finish message received","streamId":"ekhxkhtf","id":"1(@)"}
{"time":"2026-03-13T15:05:04.191220523+01:00","level":"INFO","msg":"handleInformFinish: stream closed","streamId":"ekhxkhtf","id":"1(@)"}
{"time":"2026-03-13T15:07:03.555965751+01:00","level":"INFO","msg":"handleInformFinish: finish message received","streamId":"y9axfgti","id":"1(@)"}
{"time":"2026-03-13T15:07:03.558199481+01:00","level":"INFO","msg":"handleInformFinish: stream closed","streamId":"y9axfgti","id":"1(@)"}
{"time":"2026-03-13T15:09:30.863890758+01:00","level":"INFO","msg":"handleInformInit: received","streamId":"dsd9ooj8","id":"1(@)"}
{"time":"2026-03-13T15:09:30.995867312+01:00","level":"INFO","msg":"handleInformInit: stream started","streamId":"dsd9ooj8","id":"1(@)"}
{"time":"2026-03-13T15:10:47.784899599+01:00","level":"INFO","msg":"handleInformInit: received","streamId":"7lgp5h0n","id":"1(@)"}
{"time":"2026-03-13T15:10:47.907713061+01:00","level":"INFO","msg":"handleInformInit: stream started","streamId":"7lgp5h0n","id":"1(@)"}
{"time":"2026-03-13T15:11:16.097170285+01:00","level":"INFO","msg":"connection: cancelling request","id":"1(@)","requestId":"qhzwp3bj8sq0"}
{"time":"2026-03-13T15:11:16.099997088+01:00","level":"INFO","msg":"handleInformFinish: finish message received","streamId":"dsd9ooj8","id":"1(@)"}
{"time":"2026-03-13T15:11:16.102460305+01:00","level":"INFO","msg":"handleInformFinish: stream closed","streamId":"dsd9ooj8","id":"1(@)"}
{"time":"2026-03-13T15:13:06.614454029+01:00","level":"INFO","msg":"handleInformFinish: finish message received","streamId":"7lgp5h0n","id":"1(@)"}
{"time":"2026-03-13T15:13:06.616723872+01:00","level":"INFO","msg":"handleInformFinish: stream closed","streamId":"7lgp5h0n","id":"1(@)"}
{"time":"2026-03-13T15:15:18.970684581+01:00","level":"INFO","msg":"handleInformInit: received","streamId":"72i2itg2","id":"1(@)"}
{"time":"2026-03-13T15:15:19.093723996+01:00","level":"INFO","msg":"handleInformInit: stream started","streamId":"72i2itg2","id":"1(@)"}
{"time":"2026-03-13T15:17:00.963967923+01:00","level":"INFO","msg":"connection: cancelling request","id":"1(@)","requestId":"e3i3f4d3qbyi"}
{"time":"2026-03-13T15:17:00.966078258+01:00","level":"INFO","msg":"handleInformFinish: finish message received","streamId":"72i2itg2","id":"1(@)"}
{"time":"2026-03-13T15:17:00.968095627+01:00","level":"INFO","msg":"handleInformFinish: stream closed","streamId":"72i2itg2","id":"1(@)"}
{"time":"2026-03-13T15:19:06.449139062+01:00","level":"INFO","msg":"handleInformInit: received","streamId":"5asd4xtx","id":"1(@)"}
{"time":"2026-03-13T15:19:06.571319512+01:00","level":"INFO","msg":"handleInformInit: stream started","streamId":"5asd4xtx","id":"1(@)"}
{"time":"2026-03-13T15:19:35.782059489+01:00","level":"INFO","msg":"handleInformFinish: finish message received","streamId":"5asd4xtx","id":"1(@)"}
{"time":"2026-03-13T15:19:35.783312599+01:00","level":"INFO","msg":"handleInformFinish: stream closed","streamId":"5asd4xtx","id":"1(@)"}
{"time":"2026-03-13T15:22:29.924132641+01:00","level":"INFO","msg":"handleInformInit: received","streamId":"naraq3gk","id":"1(@)"}
{"time":"2026-03-13T15:22:30.071283848+01:00","level":"INFO","msg":"handleInformInit: stream started","streamId":"naraq3gk","id":"1(@)"}
{"time":"2026-03-13T15:22:57.942939907+01:00","level":"INFO","msg":"handleInformFinish: finish message received","streamId":"naraq3gk","id":"1(@)"}
{"time":"2026-03-13T15:22:57.944793268+01:00","level":"INFO","msg":"handleInformFinish: stream closed","streamId":"naraq3gk","id":"1(@)"}
{"time":"2026-03-13T15:24:46.449472147+01:00","level":"INFO","msg":"handleInformInit: received","streamId":"qwix4br2","id":"1(@)"}
{"time":"2026-03-13T15:24:46.573503938+01:00","level":"INFO","msg":"handleInformInit: stream started","streamId":"qwix4br2","id":"1(@)"}
{"time":"2026-03-13T15:25:14.580872821+01:00","level":"INFO","msg":"handleInformFinish: finish message received","streamId":"qwix4br2","id":"1(@)"}
{"time":"2026-03-13T15:25:14.582369888+01:00","level":"INFO","msg":"handleInformFinish: stream closed","streamId":"qwix4br2","id":"1(@)"}
{"time":"2026-03-13T15:28:02.978262779+01:00","level":"INFO","msg":"handleInformInit: received","streamId":"fsskkcj6","id":"1(@)"}
{"time":"2026-03-13T15:28:03.112520247+01:00","level":"INFO","msg":"handleInformInit: stream started","streamId":"fsskkcj6","id":"1(@)"}
{"time":"2026-03-13T15:29:17.980116527+01:00","level":"INFO","msg":"connection: cancelling request","id":"1(@)","requestId":"z8hjwo3rs7hh"}
{"time":"2026-03-13T15:29:17.982137753+01:00","level":"INFO","msg":"handleInformFinish: finish message received","streamId":"fsskkcj6","id":"1(@)"}
{"time":"2026-03-13T15:29:17.98329948+01:00","level":"INFO","msg":"handleInformFinish: stream closed","streamId":"fsskkcj6","id":"1(@)"}
{"time":"2026-03-13T15:30:52.141525476+01:00","level":"INFO","msg":"handleInformInit: received","streamId":"9oy1us3f","id":"1(@)"}
{"time":"2026-03-13T15:30:52.267260667+01:00","level":"INFO","msg":"handleInformInit: stream started","streamId":"9oy1us3f","id":"1(@)"}
{"time":"2026-03-13T15:31:20.735360359+01:00","level":"INFO","msg":"handleInformFinish: finish message received","streamId":"9oy1us3f","id":"1(@)"}
{"time":"2026-03-13T15:31:20.737725798+01:00","level":"INFO","msg":"handleInformFinish: stream closed","streamId":"9oy1us3f","id":"1(@)"}
{"time":"2026-03-13T15:34:38.897928296+01:00","level":"INFO","msg":"handleInformInit: received","streamId":"u3z6hd9i","id":"1(@)"}
{"time":"2026-03-13T15:34:39.021482156+01:00","level":"INFO","msg":"handleInformInit: stream started","streamId":"u3z6hd9i","id":"1(@)"}
{"time":"2026-03-13T15:35:05.583899256+01:00","level":"INFO","msg":"handleInformInit: received","streamId":"cik5hxkv","id":"1(@)"}
{"time":"2026-03-13T15:35:05.708879001+01:00","level":"INFO","msg":"handleInformInit: stream started","streamId":"cik5hxkv","id":"1(@)"}
{"time":"2026-03-13T15:35:05.858047511+01:00","level":"INFO","msg":"connection: cancelling request","id":"1(@)","requestId":"85mmmwo4sqe1"}
{"time":"2026-03-13T15:35:37.991758253+01:00","level":"INFO","msg":"handleInformFinish: finish message received","streamId":"u3z6hd9i","id":"1(@)"}
{"time":"2026-03-13T15:35:37.993942269+01:00","level":"INFO","msg":"handleInformFinish: stream closed","streamId":"u3z6hd9i","id":"1(@)"}
{"time":"2026-03-13T15:37:46.538914829+01:00","level":"INFO","msg":"connection: cancelling request","id":"1(@)","requestId":"wqrvog8sivon"}
{"time":"2026-03-13T15:37:46.54279871+01:00","level":"INFO","msg":"handleInformFinish: finish message received","streamId":"cik5hxkv","id":"1(@)"}
{"time":"2026-03-13T15:37:46.545575125+01:00","level":"INFO","msg":"handleInformFinish: stream closed","streamId":"cik5hxkv","id":"1(@)"}
{"time":"2026-03-13T15:41:22.229963787+01:00","level":"INFO","msg":"handleInformInit: received","streamId":"znlb5177","id":"1(@)"}
{"time":"2026-03-13T15:41:22.352203089+01:00","level":"INFO","msg":"handleInformInit: stream started","streamId":"znlb5177","id":"1(@)"}
{"time":"2026-03-13T15:41:57.855267116+01:00","level":"INFO","msg":"handleInformFinish: finish message received","streamId":"znlb5177","id":"1(@)"}
{"time":"2026-03-13T15:41:57.85687137+01:00","level":"INFO","msg":"handleInformFinish: stream closed","streamId":"znlb5177","id":"1(@)"}
{"time":"2026-03-13T15:43:45.803834823+01:00","level":"INFO","msg":"handleInformInit: received","streamId":"r3a8qdum","id":"1(@)"}
{"time":"2026-03-13T15:43:45.929645591+01:00","level":"INFO","msg":"handleInformInit: stream started","streamId":"r3a8qdum","id":"1(@)"}
{"time":"2026-03-13T15:44:17.922215386+01:00","level":"INFO","msg":"handleInformFinish: finish message received","streamId":"r3a8qdum","id":"1(@)"}
{"time":"2026-03-13T15:44:17.923749532+01:00","level":"INFO","msg":"handleInformFinish: stream closed","streamId":"r3a8qdum","id":"1(@)"}
{"time":"2026-03-13T15:46:20.538921765+01:00","level":"INFO","msg":"handleInformInit: received","streamId":"hna7zbh8","id":"1(@)"}
{"time":"2026-03-13T15:46:20.665490476+01:00","level":"INFO","msg":"handleInformInit: stream started","streamId":"hna7zbh8","id":"1(@)"}
{"time":"2026-03-13T15:48:12.355643252+01:00","level":"INFO","msg":"handleInformFinish: finish message received","streamId":"hna7zbh8","id":"1(@)"}
{"time":"2026-03-13T15:48:12.358157211+01:00","level":"INFO","msg":"handleInformFinish: stream closed","streamId":"hna7zbh8","id":"1(@)"}
{"time":"2026-03-13T15:49:26.58704583+01:00","level":"INFO","msg":"handleInformInit: received","streamId":"0uttbz56","id":"1(@)"}
{"time":"2026-03-13T15:49:26.712950457+01:00","level":"INFO","msg":"handleInformInit: stream started","streamId":"0uttbz56","id":"1(@)"}
{"time":"2026-03-13T15:50:49.024845457+01:00","level":"INFO","msg":"handleInformFinish: finish message received","streamId":"0uttbz56","id":"1(@)"}
{"time":"2026-03-13T15:50:49.026716211+01:00","level":"INFO","msg":"handleInformFinish: stream closed","streamId":"0uttbz56","id":"1(@)"}
{"time":"2026-03-13T15:51:52.310953827+01:00","level":"INFO","msg":"handleInformInit: received","streamId":"ovtvqf0n","id":"1(@)"}
{"time":"2026-03-13T15:51:52.441648269+01:00","level":"INFO","msg":"handleInformInit: stream started","streamId":"ovtvqf0n","id":"1(@)"}
{"time":"2026-03-13T15:54:39.168726376+01:00","level":"INFO","msg":"handleInformFinish: finish message received","streamId":"ovtvqf0n","id":"1(@)"}
{"time":"2026-03-13T15:54:39.171085917+01:00","level":"INFO","msg":"handleInformFinish: stream closed","streamId":"ovtvqf0n","id":"1(@)"}
{"time":"2026-03-13T15:56:32.301664353+01:00","level":"INFO","msg":"handleInformInit: received","streamId":"hytfk9ff","id":"1(@)"}
{"time":"2026-03-13T15:56:32.51402567+01:00","level":"INFO","msg":"handleInformInit: stream started","streamId":"hytfk9ff","id":"1(@)"}
{"time":"2026-03-13T15:57:07.216864365+01:00","level":"INFO","msg":"handleInformFinish: finish message received","streamId":"hytfk9ff","id":"1(@)"}
{"time":"2026-03-13T15:57:07.219609445+01:00","level":"INFO","msg":"handleInformFinish: stream closed","streamId":"hytfk9ff","id":"1(@)"}
{"time":"2026-03-13T16:00:00.361000096+01:00","level":"INFO","msg":"handleInformInit: received","streamId":"xdeqfj68","id":"1(@)"}
{"time":"2026-03-13T16:00:00.486692301+01:00","level":"INFO","msg":"handleInformInit: stream started","streamId":"xdeqfj68","id":"1(@)"}
{"time":"2026-03-13T16:00:26.586217157+01:00","level":"INFO","msg":"handleInformFinish: finish message received","streamId":"xdeqfj68","id":"1(@)"}
{"time":"2026-03-13T16:00:26.587420385+01:00","level":"INFO","msg":"handleInformFinish: stream closed","streamId":"xdeqfj68","id":"1(@)"}
{"time":"2026-03-13T16:01:47.489038485+01:00","level":"INFO","msg":"handleInformInit: received","streamId":"v5n7pl2p","id":"1(@)"}
{"time":"2026-03-13T16:01:47.612679948+01:00","level":"INFO","msg":"handleInformInit: stream started","streamId":"v5n7pl2p","id":"1(@)"}
{"time":"2026-03-13T16:03:26.948163166+01:00","level":"INFO","msg":"handleInformInit: received","streamId":"z2me8vfs","id":"1(@)"}
{"time":"2026-03-13T16:03:27.070297602+01:00","level":"INFO","msg":"handleInformInit: stream started","streamId":"z2me8vfs","id":"1(@)"}
{"time":"2026-03-13T16:03:28.191695839+01:00","level":"INFO","msg":"connection: cancelling request","id":"1(@)","requestId":"yf0httayx346"}
{"time":"2026-03-13T16:03:28.194838227+01:00","level":"INFO","msg":"handleInformFinish: finish message received","streamId":"v5n7pl2p","id":"1(@)"}
{"time":"2026-03-13T16:03:28.196067302+01:00","level":"INFO","msg":"handleInformFinish: stream closed","streamId":"v5n7pl2p","id":"1(@)"}
{"time":"2026-03-13T16:07:14.358446221+01:00","level":"INFO","msg":"connection: cancelling request","id":"1(@)","requestId":"qtd4yrpptuo4"}
{"time":"2026-03-13T16:07:14.361375261+01:00","level":"INFO","msg":"handleInformFinish: finish message received","streamId":"z2me8vfs","id":"1(@)"}
{"time":"2026-03-13T16:07:14.374634365+01:00","level":"INFO","msg":"handleInformFinish: stream closed","streamId":"z2me8vfs","id":"1(@)"}
{"time":"2026-03-13T16:08:37.049900773+01:00","level":"INFO","msg":"handleInformInit: received","streamId":"3jad3vim","id":"1(@)"}
{"time":"2026-03-13T16:08:37.178138456+01:00","level":"INFO","msg":"handleInformInit: stream started","streamId":"3jad3vim","id":"1(@)"}
{"time":"2026-03-13T16:10:01.0925206+01:00","level":"INFO","msg":"handleInformFinish: finish message received","streamId":"3jad3vim","id":"1(@)"}
{"time":"2026-03-13T16:10:01.093911721+01:00","level":"INFO","msg":"handleInformFinish: stream closed","streamId":"3jad3vim","id":"1(@)"}
{"time":"2026-03-13T16:10:33.226348887+01:00","level":"INFO","msg":"handleInformInit: received","streamId":"g8tz0nu0","id":"1(@)"}
{"time":"2026-03-13T16:10:33.354408564+01:00","level":"INFO","msg":"handleInformInit: stream started","streamId":"g8tz0nu0","id":"1(@)"}
{"time":"2026-03-13T16:14:42.258209764+01:00","level":"INFO","msg":"connection: cancelling request","id":"1(@)","requestId":"sl1mysfcjb86"}
{"time":"2026-03-13T16:14:42.260208613+01:00","level":"INFO","msg":"handleInformFinish: finish message received","streamId":"g8tz0nu0","id":"1(@)"}
{"time":"2026-03-13T16:14:42.261716276+01:00","level":"INFO","msg":"handleInformFinish: stream closed","streamId":"g8tz0nu0","id":"1(@)"}
{"time":"2026-03-13T16:14:55.189606162+01:00","level":"INFO","msg":"handleInformInit: received","streamId":"85yd9vri","id":"1(@)"}
{"time":"2026-03-13T16:14:55.317149104+01:00","level":"INFO","msg":"handleInformInit: stream started","streamId":"85yd9vri","id":"1(@)"}
{"time":"2026-03-13T16:17:21.712140314+01:00","level":"INFO","msg":"handleInformFinish: finish message received","streamId":"85yd9vri","id":"1(@)"}
{"time":"2026-03-13T16:17:21.71669491+01:00","level":"INFO","msg":"handleInformFinish: stream closed","streamId":"85yd9vri","id":"1(@)"}
{"time":"2026-03-13T16:19:25.6628663+01:00","level":"INFO","msg":"handleInformInit: received","streamId":"5aqf9kuy","id":"1(@)"}
{"time":"2026-03-13T16:19:25.788992393+01:00","level":"INFO","msg":"handleInformInit: stream started","streamId":"5aqf9kuy","id":"1(@)"}
{"time":"2026-03-13T16:21:14.832095841+01:00","level":"INFO","msg":"handleInformInit: received","streamId":"djx9uxqr","id":"1(@)"}
{"time":"2026-03-13T16:21:14.960181458+01:00","level":"INFO","msg":"handleInformInit: stream started","streamId":"djx9uxqr","id":"1(@)"}
{"time":"2026-03-13T16:21:50.425426072+01:00","level":"INFO","msg":"handleInformFinish: finish message received","streamId":"5aqf9kuy","id":"1(@)"}
{"time":"2026-03-13T16:21:50.428138639+01:00","level":"INFO","msg":"handleInformFinish: stream closed","streamId":"5aqf9kuy","id":"1(@)"}
{"time":"2026-03-13T16:24:21.610349205+01:00","level":"INFO","msg":"handleInformFinish: finish message received","streamId":"djx9uxqr","id":"1(@)"}
{"time":"2026-03-13T16:24:21.614166045+01:00","level":"INFO","msg":"handleInformFinish: stream closed","streamId":"djx9uxqr","id":"1(@)"}
{"time":"2026-03-13T16:25:54.725010687+01:00","level":"INFO","msg":"handleInformInit: received","streamId":"9lwmu2ry","id":"1(@)"}
{"time":"2026-03-13T16:25:54.853923977+01:00","level":"INFO","msg":"handleInformInit: stream started","streamId":"9lwmu2ry","id":"1(@)"}
{"time":"2026-03-13T16:29:12.562724904+01:00","level":"INFO","msg":"handleInformInit: received","streamId":"dlbe11qu","id":"1(@)"}
{"time":"2026-03-13T16:29:12.685125426+01:00","level":"INFO","msg":"handleInformInit: stream started","streamId":"dlbe11qu","id":"1(@)"}
{"time":"2026-03-13T16:29:23.921639429+01:00","level":"INFO","msg":"handleInformFinish: finish message received","streamId":"9lwmu2ry","id":"1(@)"}
{"time":"2026-03-13T16:29:23.924532073+01:00","level":"INFO","msg":"handleInformFinish: stream closed","streamId":"9lwmu2ry","id":"1(@)"}
{"time":"2026-03-13T16:31:49.486879294+01:00","level":"INFO","msg":"handleInformFinish: finish message received","streamId":"dlbe11qu","id":"1(@)"}
{"time":"2026-03-13T16:31:49.530339083+01:00","level":"INFO","msg":"handleInformFinish: stream closed","streamId":"dlbe11qu","id":"1(@)"}
{"time":"2026-03-13T16:35:38.264150811+01:00","level":"INFO","msg":"handleInformInit: received","streamId":"hqyqqo6j","id":"1(@)"}
{"time":"2026-03-13T16:35:38.403378148+01:00","level":"INFO","msg":"handleInformInit: stream started","streamId":"hqyqqo6j","id":"1(@)"}
{"time":"2026-03-13T16:36:26.76091371+01:00","level":"INFO","msg":"handleInformInit: received","streamId":"ldcap4xj","id":"1(@)"}
{"time":"2026-03-13T16:36:26.884885649+01:00","level":"INFO","msg":"handleInformInit: stream started","streamId":"ldcap4xj","id":"1(@)"}
{"time":"2026-03-13T16:37:11.870931924+01:00","level":"INFO","msg":"handleInformFinish: finish message received","streamId":"hqyqqo6j","id":"1(@)"}
{"time":"2026-03-13T16:37:11.873829245+01:00","level":"INFO","msg":"handleInformFinish: stream closed","streamId":"hqyqqo6j","id":"1(@)"}
{"time":"2026-03-13T16:38:45.36787057+01:00","level":"INFO","msg":"handleInformFinish: finish message received","streamId":"ldcap4xj","id":"1(@)"}
{"time":"2026-03-13T16:38:45.406889554+01:00","level":"INFO","msg":"handleInformFinish: stream closed","streamId":"ldcap4xj","id":"1(@)"}
{"time":"2026-03-13T16:42:18.913208831+01:00","level":"INFO","msg":"handleInformInit: received","streamId":"kfiu7h94","id":"1(@)"}
{"time":"2026-03-13T16:42:19.034688766+01:00","level":"INFO","msg":"handleInformInit: stream started","streamId":"kfiu7h94","id":"1(@)"}
{"time":"2026-03-13T16:43:31.903743457+01:00","level":"INFO","msg":"handleInformInit: received","streamId":"cwia4m2u","id":"1(@)"}
{"time":"2026-03-13T16:43:32.033661004+01:00","level":"INFO","msg":"handleInformInit: stream started","streamId":"cwia4m2u","id":"1(@)"}
{"time":"2026-03-13T16:44:32.470261231+01:00","level":"INFO","msg":"connection: cancelling request","id":"1(@)","requestId":"mox67ik7vd2f"}
{"time":"2026-03-13T16:44:32.473013139+01:00","level":"INFO","msg":"handleInformFinish: finish message received","streamId":"kfiu7h94","id":"1(@)"}
{"time":"2026-03-13T16:44:32.474476916+01:00","level":"INFO","msg":"handleInformFinish: stream closed","streamId":"kfiu7h94","id":"1(@)"}
{"time":"2026-03-13T16:45:52.443311661+01:00","level":"INFO","msg":"handleInformFinish: finish message received","streamId":"cwia4m2u","id":"1(@)"}
{"time":"2026-03-13T16:45:52.445807644+01:00","level":"INFO","msg":"handleInformFinish: stream closed","streamId":"cwia4m2u","id":"1(@)"}
{"time":"2026-03-13T16:50:01.759298615+01:00","level":"INFO","msg":"handleInformInit: received","streamId":"ez87qw9a","id":"1(@)"}
{"time":"2026-03-13T16:50:01.881501868+01:00","level":"INFO","msg":"handleInformInit: stream started","streamId":"ez87qw9a","id":"1(@)"}
{"time":"2026-03-13T16:50:17.066424015+01:00","level":"INFO","msg":"handleInformInit: received","streamId":"0xew2ha6","id":"1(@)"}
{"time":"2026-03-13T16:50:17.197282488+01:00","level":"INFO","msg":"handleInformInit: stream started","streamId":"0xew2ha6","id":"1(@)"}
{"time":"2026-03-13T16:51:51.066812589+01:00","level":"INFO","msg":"handleInformFinish: finish message received","streamId":"0xew2ha6","id":"1(@)"}
{"time":"2026-03-13T16:51:51.070329524+01:00","level":"INFO","msg":"handleInformFinish: stream closed","streamId":"0xew2ha6","id":"1(@)"}
{"time":"2026-03-13T16:52:35.831237879+01:00","level":"INFO","msg":"handleInformFinish: finish message received","streamId":"ez87qw9a","id":"1(@)"}
{"time":"2026-03-13T16:52:35.834022433+01:00","level":"INFO","msg":"handleInformFinish: stream closed","streamId":"ez87qw9a","id":"1(@)"}
{"time":"2026-03-13T16:57:43.309220846+01:00","level":"INFO","msg":"handleInformInit: received","streamId":"9g9a538g","id":"1(@)"}
{"time":"2026-03-13T16:57:43.439815941+01:00","level":"INFO","msg":"handleInformInit: stream started","streamId":"9g9a538g","id":"1(@)"}
{"time":"2026-03-13T16:58:19.89692921+01:00","level":"INFO","msg":"handleInformInit: received","streamId":"5467jkwf","id":"1(@)"}
{"time":"2026-03-13T16:58:20.023237885+01:00","level":"INFO","msg":"handleInformInit: stream started","streamId":"5467jkwf","id":"1(@)"}
{"time":"2026-03-13T16:59:16.96260852+01:00","level":"INFO","msg":"handleInformFinish: finish message received","streamId":"9g9a538g","id":"1(@)"}
{"time":"2026-03-13T16:59:16.965963479+01:00","level":"INFO","msg":"handleInformFinish: stream closed","streamId":"9g9a538g","id":"1(@)"}
{"time":"2026-03-13T17:00:26.026790642+01:00","level":"INFO","msg":"handleInformFinish: finish message received","streamId":"5467jkwf","id":"1(@)"}
{"time":"2026-03-13T17:00:26.029279884+01:00","level":"INFO","msg":"handleInformFinish: stream closed","streamId":"5467jkwf","id":"1(@)"}
{"time":"2026-03-13T17:04:02.332844476+01:00","level":"INFO","msg":"handleInformInit: received","streamId":"0yqmm2zv","id":"1(@)"}
{"time":"2026-03-13T17:04:02.455472066+01:00","level":"INFO","msg":"handleInformInit: stream started","streamId":"0yqmm2zv","id":"1(@)"}
{"time":"2026-03-13T17:04:54.131796448+01:00","level":"INFO","msg":"handleInformInit: received","streamId":"yuiphk62","id":"1(@)"}
{"time":"2026-03-13T17:04:54.256362397+01:00","level":"INFO","msg":"handleInformInit: stream started","streamId":"yuiphk62","id":"1(@)"}
{"time":"2026-03-13T17:06:35.33395599+01:00","level":"INFO","msg":"handleInformFinish: finish message received","streamId":"0yqmm2zv","id":"1(@)"}
{"time":"2026-03-13T17:06:35.336073492+01:00","level":"INFO","msg":"handleInformFinish: stream closed","streamId":"0yqmm2zv","id":"1(@)"}
{"time":"2026-03-13T17:07:33.27562938+01:00","level":"INFO","msg":"handleInformFinish: finish message received","streamId":"yuiphk62","id":"1(@)"}
{"time":"2026-03-13T17:07:33.288857909+01:00","level":"INFO","msg":"handleInformFinish: stream closed","streamId":"yuiphk62","id":"1(@)"}
{"time":"2026-03-13T17:10:16.743934853+01:00","level":"INFO","msg":"handleInformInit: received","streamId":"zoqu8rxo","id":"1(@)"}
{"time":"2026-03-13T17:10:16.866393237+01:00","level":"INFO","msg":"handleInformInit: stream started","streamId":"zoqu8rxo","id":"1(@)"}
{"time":"2026-03-13T17:13:16.996410839+01:00","level":"INFO","msg":"handleInformInit: received","streamId":"2lhlgf4r","id":"1(@)"}
{"time":"2026-03-13T17:13:17.118645251+01:00","level":"INFO","msg":"handleInformInit: stream started","streamId":"2lhlgf4r","id":"1(@)"}
{"time":"2026-03-13T17:13:24.517304406+01:00","level":"INFO","msg":"connection: cancelling request","id":"1(@)","requestId":"aakfl5h2nki3"}
{"time":"2026-03-13T17:13:24.520945625+01:00","level":"INFO","msg":"handleInformFinish: finish message received","streamId":"zoqu8rxo","id":"1(@)"}
{"time":"2026-03-13T17:13:24.523376819+01:00","level":"INFO","msg":"handleInformFinish: stream closed","streamId":"zoqu8rxo","id":"1(@)"}
{"time":"2026-03-13T17:14:51.303743775+01:00","level":"INFO","msg":"handleInformFinish: finish message received","streamId":"2lhlgf4r","id":"1(@)"}
{"time":"2026-03-13T17:14:51.306617999+01:00","level":"INFO","msg":"handleInformFinish: stream closed","streamId":"2lhlgf4r","id":"1(@)"}
{"time":"2026-03-13T17:16:41.068504729+01:00","level":"INFO","msg":"handleInformInit: received","streamId":"zjnbduo4","id":"1(@)"}
{"time":"2026-03-13T17:16:41.192332957+01:00","level":"INFO","msg":"handleInformInit: stream started","streamId":"zjnbduo4","id":"1(@)"}
{"time":"2026-03-13T17:18:58.207920613+01:00","level":"INFO","msg":"handleInformInit: received","streamId":"3j4ouyu5","id":"1(@)"}
{"time":"2026-03-13T17:18:58.335207014+01:00","level":"INFO","msg":"handleInformInit: stream started","streamId":"3j4ouyu5","id":"1(@)"}
{"time":"2026-03-13T17:20:33.534381471+01:00","level":"INFO","msg":"connection: cancelling request","id":"1(@)","requestId":"giuksys3idzl"}
{"time":"2026-03-13T17:20:33.536616849+01:00","level":"INFO","msg":"handleInformFinish: finish message received","streamId":"3j4ouyu5","id":"1(@)"}
{"time":"2026-03-13T17:20:33.538221506+01:00","level":"INFO","msg":"handleInformFinish: stream closed","streamId":"3j4ouyu5","id":"1(@)"}
{"time":"2026-03-13T17:22:30.249821314+01:00","level":"INFO","msg":"handleInformFinish: finish message received","streamId":"zjnbduo4","id":"1(@)"}
{"time":"2026-03-13T17:22:30.252658914+01:00","level":"INFO","msg":"handleInformFinish: stream closed","streamId":"zjnbduo4","id":"1(@)"}
{"time":"2026-03-13T17:25:13.702918073+01:00","level":"INFO","msg":"handleInformInit: received","streamId":"b090rhsc","id":"1(@)"}
{"time":"2026-03-13T17:25:13.825608394+01:00","level":"INFO","msg":"handleInformInit: stream started","streamId":"b090rhsc","id":"1(@)"}
{"time":"2026-03-13T17:26:19.297436036+01:00","level":"INFO","msg":"handleInformInit: received","streamId":"yniwshih","id":"1(@)"}
{"time":"2026-03-13T17:26:19.425984065+01:00","level":"INFO","msg":"handleInformInit: stream started","streamId":"yniwshih","id":"1(@)"}
{"time":"2026-03-13T17:28:24.478347587+01:00","level":"INFO","msg":"handleInformFinish: finish message received","streamId":"yniwshih","id":"1(@)"}
{"time":"2026-03-13T17:28:24.489142829+01:00","level":"INFO","msg":"handleInformFinish: stream closed","streamId":"yniwshih","id":"1(@)"}
{"time":"2026-03-13T17:29:25.850833573+01:00","level":"INFO","msg":"handleInformFinish: finish message received","streamId":"b090rhsc","id":"1(@)"}
{"time":"2026-03-13T17:29:25.853698595+01:00","level":"INFO","msg":"handleInformFinish: stream closed","streamId":"b090rhsc","id":"1(@)"}
{"time":"2026-03-13T17:32:12.990079885+01:00","level":"INFO","msg":"handleInformInit: received","streamId":"48yshsp3","id":"1(@)"}
{"time":"2026-03-13T17:32:13.11409834+01:00","level":"INFO","msg":"handleInformInit: stream started","streamId":"48yshsp3","id":"1(@)"}
{"time":"2026-03-13T17:34:38.102282983+01:00","level":"INFO","msg":"handleInformInit: received","streamId":"zowed2qh","id":"1(@)"}
{"time":"2026-03-13T17:34:38.224938413+01:00","level":"INFO","msg":"handleInformInit: stream started","streamId":"zowed2qh","id":"1(@)"}
{"time":"2026-03-13T17:35:50.377681825+01:00","level":"INFO","msg":"handleInformFinish: finish message received","streamId":"48yshsp3","id":"1(@)"}
{"time":"2026-03-13T17:35:50.380197482+01:00","level":"INFO","msg":"handleInformFinish: stream closed","streamId":"48yshsp3","id":"1(@)"}
{"time":"2026-03-13T17:35:50.400608793+01:00","level":"INFO","msg":"handleInformTeardown: server teardown initiated","id":"1(@)"}
{"time":"2026-03-13T17:35:50.400654579+01:00","level":"INFO","msg":"handleInformTeardown: server shutdown complete","id":"1(@)"}
{"time":"2026-03-13T17:35:50.400672182+01:00","level":"INFO","msg":"connection: closing","id":"1(@)"}
{"time":"2026-03-13T17:35:50.400713724+01:00","level":"INFO","msg":"connection: closed successfully","id":"1(@)"}
{"time":"2026-03-13T17:35:50.400722945+01:00","level":"INFO","msg":"connection: ManageConnectionData: connection closed","id":"1(@)"}
{"time":"2026-03-13T17:35:50.400733777+01:00","level":"INFO","msg":"server is shutting down"}
{"time":"2026-03-13T17:35:50.400762887+01:00","level":"INFO","msg":"server: listener closed","addr":{"Name":"/tmp/wandb-4142395-4142581-3608100018/socket","Net":"unix"}}
{"time":"2026-03-13T17:35:50.400788134+01:00","level":"INFO","msg":"server is closed"}
{"time":"2026-03-13T17:36:59.028761327+01:00","level":"INFO","msg":"handleInformFinish: finish message received","streamId":"zowed2qh","id":"1(@)"}
{"time":"2026-03-13T17:36:59.031301028+01:00","level":"INFO","msg":"handleInformFinish: stream closed","streamId":"zowed2qh","id":"1(@)"}
{"time":"2026-03-13T17:36:59.356653251+01:00","level":"INFO","msg":"handleInformTeardown: server teardown initiated","id":"1(@)"}
{"time":"2026-03-13T17:36:59.356762004+01:00","level":"INFO","msg":"handleInformTeardown: server shutdown complete","id":"1(@)"}
{"time":"2026-03-13T17:36:59.356828296+01:00","level":"INFO","msg":"server is shutting down"}
{"time":"2026-03-13T17:36:59.374145594+01:00","level":"INFO","msg":"server: listener closed","addr":{"Name":"/tmp/wandb-1747458-1747641-792401475/socket","Net":"unix"}}
{"time":"2026-03-13T17:36:59.356766667+01:00","level":"INFO","msg":"connection: closing","id":"1(@)"}
{"time":"2026-03-13T17:36:59.37857757+01:00","level":"INFO","msg":"connection: closed successfully","id":"1(@)"}
{"time":"2026-03-13T17:36:59.387226788+01:00","level":"INFO","msg":"connection: ManageConnectionData: connection closed","id":"1(@)"}
{"time":"2026-03-13T17:36:59.396333266+01:00","level":"INFO","msg":"server is closed"}
