{"time":"2026-03-13T09:33:07.423146275+01:00","level":"INFO","msg":"main: starting server","port-filename":"/tmp/tmpjgih7nn2/port-615735.txt","pid":615735,"log-level":0,"disable-analytics":false,"shutdown-on-parent-exit":false,"enable-dcgm-profiling":false}
{"time":"2026-03-13T09:33:07.423552445+01:00","level":"INFO","msg":"server: will exit if parent process dies","ppid":615735}
{"time":"2026-03-13T09:33:07.423540747+01:00","level":"INFO","msg":"server: accepting connections","addr":{"Name":"/tmp/wandb-615735-615904-4244217834/socket","Net":"unix"}}
{"time":"2026-03-13T09:33:07.423501676+01:00","level":"INFO","msg":"main: starting server","port-filename":"/tmp/tmpoq9p3t7s/port-2076015.txt","pid":2076015,"log-level":0,"disable-analytics":false,"shutdown-on-parent-exit":false,"enable-dcgm-profiling":false}
{"time":"2026-03-13T09:33:07.425065386+01:00","level":"INFO","msg":"server: will exit if parent process dies","ppid":2076015}
{"time":"2026-03-13T09:33:07.425056841+01:00","level":"INFO","msg":"server: accepting connections","addr":{"Name":"/tmp/wandb-2076015-2076181-4061786158/socket","Net":"unix"}}
{"time":"2026-03-13T09:33:07.572514318+01:00","level":"INFO","msg":"connection: ManageConnectionData: new connection created","id":"1(@)"}
{"time":"2026-03-13T09:33:07.575467537+01:00","level":"INFO","msg":"connection: ManageConnectionData: new connection created","id":"1(@)"}
{"time":"2026-03-13T09:33:07.615387162+01:00","level":"INFO","msg":"handleInformInit: received","streamId":"vhzor3is","id":"1(@)"}
{"time":"2026-03-13T09:33:07.61558755+01:00","level":"INFO","msg":"handleInformInit: received","streamId":"1gz4e54y","id":"1(@)"}
{"time":"2026-03-13T09:33:07.742142074+01:00","level":"INFO","msg":"handleInformInit: stream started","streamId":"vhzor3is","id":"1(@)"}
{"time":"2026-03-13T09:33:07.742860941+01:00","level":"INFO","msg":"handleInformInit: stream started","streamId":"1gz4e54y","id":"1(@)"}
{"time":"2026-03-13T09:45:15.629356418+01:00","level":"INFO","msg":"handleInformFinish: finish message received","streamId":"vhzor3is","id":"1(@)"}
{"time":"2026-03-13T09:45:15.640139211+01:00","level":"INFO","msg":"handleInformFinish: stream closed","streamId":"vhzor3is","id":"1(@)"}
{"time":"2026-03-13T09:50:21.343027711+01:00","level":"INFO","msg":"handleInformInit: received","streamId":"e22flh99","id":"1(@)"}
{"time":"2026-03-13T09:50:21.464773862+01:00","level":"INFO","msg":"handleInformInit: stream started","streamId":"e22flh99","id":"1(@)"}
{"time":"2026-03-13T09:55:15.505957121+01:00","level":"INFO","msg":"handleInformFinish: finish message received","streamId":"1gz4e54y","id":"1(@)"}
{"time":"2026-03-13T09:55:15.508060174+01:00","level":"INFO","msg":"handleInformFinish: stream closed","streamId":"1gz4e54y","id":"1(@)"}
{"time":"2026-03-13T10:00:46.104750237+01:00","level":"INFO","msg":"handleInformInit: received","streamId":"lxt0tmji","id":"1(@)"}
{"time":"2026-03-13T10:00:46.226080295+01:00","level":"INFO","msg":"handleInformInit: stream started","streamId":"lxt0tmji","id":"1(@)"}
{"time":"2026-03-13T10:01:57.889074483+01:00","level":"INFO","msg":"handleInformFinish: finish message received","streamId":"lxt0tmji","id":"1(@)"}
{"time":"2026-03-13T10:01:57.890315084+01:00","level":"INFO","msg":"handleInformFinish: stream closed","streamId":"lxt0tmji","id":"1(@)"}
{"time":"2026-03-13T10:03:42.984243857+01:00","level":"INFO","msg":"handleInformFinish: finish message received","streamId":"e22flh99","id":"1(@)"}
{"time":"2026-03-13T10:03:42.9866868+01:00","level":"INFO","msg":"handleInformFinish: stream closed","streamId":"e22flh99","id":"1(@)"}
{"time":"2026-03-13T10:05:24.567229297+01:00","level":"INFO","msg":"handleInformInit: received","streamId":"3tdbgjho","id":"1(@)"}
{"time":"2026-03-13T10:05:24.689597611+01:00","level":"INFO","msg":"handleInformInit: stream started","streamId":"3tdbgjho","id":"1(@)"}
{"time":"2026-03-13T10:08:46.793712813+01:00","level":"INFO","msg":"handleInformFinish: finish message received","streamId":"3tdbgjho","id":"1(@)"}
{"time":"2026-03-13T10:08:46.795012886+01:00","level":"INFO","msg":"handleInformFinish: stream closed","streamId":"3tdbgjho","id":"1(@)"}
{"time":"2026-03-13T10:09:20.018733637+01:00","level":"INFO","msg":"handleInformInit: received","streamId":"gxkz96wt","id":"1(@)"}
{"time":"2026-03-13T10:09:20.14025252+01:00","level":"INFO","msg":"handleInformInit: stream started","streamId":"gxkz96wt","id":"1(@)"}
{"time":"2026-03-13T10:12:18.836654229+01:00","level":"INFO","msg":"handleInformInit: received","streamId":"ymk4wqm5","id":"1(@)"}
{"time":"2026-03-13T10:12:18.959670772+01:00","level":"INFO","msg":"handleInformInit: stream started","streamId":"ymk4wqm5","id":"1(@)"}
{"time":"2026-03-13T10:17:00.911114158+01:00","level":"INFO","msg":"handleInformFinish: finish message received","streamId":"ymk4wqm5","id":"1(@)"}
{"time":"2026-03-13T10:17:00.91284887+01:00","level":"INFO","msg":"handleInformFinish: stream closed","streamId":"ymk4wqm5","id":"1(@)"}
{"time":"2026-03-13T10:17:00.937853282+01:00","level":"INFO","msg":"handleInformTeardown: server teardown initiated","id":"1(@)"}
{"time":"2026-03-13T10:17:00.937920159+01:00","level":"INFO","msg":"handleInformTeardown: server shutdown complete","id":"1(@)"}
{"time":"2026-03-13T10:17:00.937952478+01:00","level":"INFO","msg":"connection: closing","id":"1(@)"}
{"time":"2026-03-13T10:17:00.937997358+01:00","level":"INFO","msg":"connection: closed successfully","id":"1(@)"}
{"time":"2026-03-13T10:17:00.938005321+01:00","level":"INFO","msg":"connection: ManageConnectionData: connection closed","id":"1(@)"}
{"time":"2026-03-13T10:17:00.938014077+01:00","level":"INFO","msg":"server is shutting down"}
{"time":"2026-03-13T10:17:00.938043591+01:00","level":"INFO","msg":"server: listener closed","addr":{"Name":"/tmp/wandb-615735-615904-4244217834/socket","Net":"unix"}}
{"time":"2026-03-13T10:17:00.938067168+01:00","level":"INFO","msg":"server is closed"}
{"time":"2026-03-13T10:21:32.433878955+01:00","level":"INFO","msg":"handleInformFinish: finish message received","streamId":"gxkz96wt","id":"1(@)"}
{"time":"2026-03-13T10:21:32.436787213+01:00","level":"INFO","msg":"handleInformFinish: stream closed","streamId":"gxkz96wt","id":"1(@)"}
{"time":"2026-03-13T10:27:17.95370362+01:00","level":"INFO","msg":"handleInformInit: received","streamId":"gpsc1gi7","id":"1(@)"}
{"time":"2026-03-13T10:27:18.086508039+01:00","level":"INFO","msg":"handleInformInit: stream started","streamId":"gpsc1gi7","id":"1(@)"}
{"time":"2026-03-13T10:39:22.940763168+01:00","level":"INFO","msg":"handleInformFinish: finish message received","streamId":"gpsc1gi7","id":"1(@)"}
{"time":"2026-03-13T10:39:22.958363815+01:00","level":"INFO","msg":"handleInformFinish: stream closed","streamId":"gpsc1gi7","id":"1(@)"}
{"time":"2026-03-13T10:44:19.78226924+01:00","level":"INFO","msg":"handleInformInit: received","streamId":"j1eqbkef","id":"1(@)"}
{"time":"2026-03-13T10:44:19.913531754+01:00","level":"INFO","msg":"handleInformInit: stream started","streamId":"j1eqbkef","id":"1(@)"}
{"time":"2026-03-13T10:57:34.396439446+01:00","level":"INFO","msg":"handleInformFinish: finish message received","streamId":"j1eqbkef","id":"1(@)"}
{"time":"2026-03-13T10:57:34.398145067+01:00","level":"INFO","msg":"handleInformFinish: stream closed","streamId":"j1eqbkef","id":"1(@)"}
{"time":"2026-03-13T11:01:25.727768227+01:00","level":"INFO","msg":"handleInformInit: received","streamId":"lldi7g40","id":"1(@)"}
{"time":"2026-03-13T11:01:25.85740409+01:00","level":"INFO","msg":"handleInformInit: stream started","streamId":"lldi7g40","id":"1(@)"}
{"time":"2026-03-13T11:15:37.061932668+01:00","level":"INFO","msg":"handleInformFinish: finish message received","streamId":"lldi7g40","id":"1(@)"}
{"time":"2026-03-13T11:15:37.073670975+01:00","level":"INFO","msg":"handleInformFinish: stream closed","streamId":"lldi7g40","id":"1(@)"}
{"time":"2026-03-13T11:20:11.008330017+01:00","level":"INFO","msg":"handleInformInit: received","streamId":"lwaaf3su","id":"1(@)"}
{"time":"2026-03-13T11:20:11.136716735+01:00","level":"INFO","msg":"handleInformInit: stream started","streamId":"lwaaf3su","id":"1(@)"}
{"time":"2026-03-13T11:33:06.136334197+01:00","level":"INFO","msg":"handleInformFinish: finish message received","streamId":"lwaaf3su","id":"1(@)"}
{"time":"2026-03-13T11:33:06.13796297+01:00","level":"INFO","msg":"handleInformFinish: stream closed","streamId":"lwaaf3su","id":"1(@)"}
{"time":"2026-03-13T11:38:46.825225431+01:00","level":"INFO","msg":"handleInformInit: received","streamId":"gy69r7th","id":"1(@)"}
{"time":"2026-03-13T11:38:46.953319519+01:00","level":"INFO","msg":"handleInformInit: stream started","streamId":"gy69r7th","id":"1(@)"}
{"time":"2026-03-13T11:50:08.027623167+01:00","level":"INFO","msg":"handleInformFinish: finish message received","streamId":"gy69r7th","id":"1(@)"}
{"time":"2026-03-13T11:50:08.0295392+01:00","level":"INFO","msg":"handleInformFinish: stream closed","streamId":"gy69r7th","id":"1(@)"}
{"time":"2026-03-13T11:55:27.27473731+01:00","level":"INFO","msg":"handleInformInit: received","streamId":"rp6osw1s","id":"1(@)"}
{"time":"2026-03-13T11:55:27.405364948+01:00","level":"INFO","msg":"handleInformInit: stream started","streamId":"rp6osw1s","id":"1(@)"}
{"time":"2026-03-13T12:07:54.492397581+01:00","level":"INFO","msg":"handleInformFinish: finish message received","streamId":"rp6osw1s","id":"1(@)"}
{"time":"2026-03-13T12:07:54.501533005+01:00","level":"INFO","msg":"handleInformFinish: stream closed","streamId":"rp6osw1s","id":"1(@)"}
{"time":"2026-03-13T12:12:17.460803141+01:00","level":"INFO","msg":"handleInformInit: received","streamId":"eai2fwa0","id":"1(@)"}
{"time":"2026-03-13T12:12:19.505171263+01:00","level":"INFO","msg":"handleInformInit: stream started","streamId":"eai2fwa0","id":"1(@)"}
{"time":"2026-03-13T12:25:28.302429863+01:00","level":"INFO","msg":"handleInformFinish: finish message received","streamId":"eai2fwa0","id":"1(@)"}
{"time":"2026-03-13T12:25:28.304476438+01:00","level":"INFO","msg":"handleInformFinish: stream closed","streamId":"eai2fwa0","id":"1(@)"}
{"time":"2026-03-13T12:30:56.671043182+01:00","level":"INFO","msg":"handleInformInit: received","streamId":"f8d059t9","id":"1(@)"}
{"time":"2026-03-13T12:30:56.834084717+01:00","level":"INFO","msg":"handleInformInit: stream started","streamId":"f8d059t9","id":"1(@)"}
{"time":"2026-03-13T12:43:18.30192218+01:00","level":"INFO","msg":"handleInformFinish: finish message received","streamId":"f8d059t9","id":"1(@)"}
{"time":"2026-03-13T12:43:18.310550382+01:00","level":"INFO","msg":"handleInformFinish: stream closed","streamId":"f8d059t9","id":"1(@)"}
{"time":"2026-03-13T12:48:37.024684205+01:00","level":"INFO","msg":"handleInformInit: received","streamId":"dl7ouv1j","id":"1(@)"}
{"time":"2026-03-13T12:48:37.153539434+01:00","level":"INFO","msg":"handleInformInit: stream started","streamId":"dl7ouv1j","id":"1(@)"}
{"time":"2026-03-13T13:00:44.85551447+01:00","level":"INFO","msg":"handleInformFinish: finish message received","streamId":"dl7ouv1j","id":"1(@)"}
{"time":"2026-03-13T13:00:44.857093958+01:00","level":"INFO","msg":"handleInformFinish: stream closed","streamId":"dl7ouv1j","id":"1(@)"}
{"time":"2026-03-13T13:06:12.260759929+01:00","level":"INFO","msg":"handleInformInit: received","streamId":"l2io8njw","id":"1(@)"}
{"time":"2026-03-13T13:06:12.411442078+01:00","level":"INFO","msg":"handleInformInit: stream started","streamId":"l2io8njw","id":"1(@)"}
{"time":"2026-03-13T13:18:04.577646522+01:00","level":"INFO","msg":"handleInformFinish: finish message received","streamId":"l2io8njw","id":"1(@)"}
{"time":"2026-03-13T13:18:04.579819143+01:00","level":"INFO","msg":"handleInformFinish: stream closed","streamId":"l2io8njw","id":"1(@)"}
{"time":"2026-03-13T13:20:23.913159179+01:00","level":"INFO","msg":"handleInformInit: received","streamId":"to4g65mr","id":"1(@)"}
{"time":"2026-03-13T13:20:24.041133216+01:00","level":"INFO","msg":"handleInformInit: stream started","streamId":"to4g65mr","id":"1(@)"}
{"time":"2026-03-13T13:24:22.114673749+01:00","level":"INFO","msg":"handleInformFinish: finish message received","streamId":"to4g65mr","id":"1(@)"}
{"time":"2026-03-13T13:24:22.116613893+01:00","level":"INFO","msg":"handleInformFinish: stream closed","streamId":"to4g65mr","id":"1(@)"}
{"time":"2026-03-13T13:29:11.458326563+01:00","level":"INFO","msg":"handleInformInit: received","streamId":"dnmud370","id":"1(@)"}
{"time":"2026-03-13T13:29:11.586654047+01:00","level":"INFO","msg":"handleInformInit: stream started","streamId":"dnmud370","id":"1(@)"}
{"time":"2026-03-13T13:30:37.50215706+01:00","level":"INFO","msg":"connection: cancelling request","id":"1(@)","requestId":"myhb22d8738l"}
{"time":"2026-03-13T13:30:37.504683924+01:00","level":"INFO","msg":"handleInformFinish: finish message received","streamId":"dnmud370","id":"1(@)"}
{"time":"2026-03-13T13:30:37.506487831+01:00","level":"INFO","msg":"handleInformFinish: stream closed","streamId":"dnmud370","id":"1(@)"}
{"time":"2026-03-13T13:35:33.029356595+01:00","level":"INFO","msg":"handleInformInit: received","streamId":"7420n4wu","id":"1(@)"}
{"time":"2026-03-13T13:35:33.159251192+01:00","level":"INFO","msg":"handleInformInit: stream started","streamId":"7420n4wu","id":"1(@)"}
{"time":"2026-03-13T13:36:47.423744337+01:00","level":"INFO","msg":"handleInformFinish: finish message received","streamId":"7420n4wu","id":"1(@)"}
{"time":"2026-03-13T13:36:47.425263341+01:00","level":"INFO","msg":"handleInformFinish: stream closed","streamId":"7420n4wu","id":"1(@)"}
{"time":"2026-03-13T13:41:24.409744272+01:00","level":"INFO","msg":"handleInformInit: received","streamId":"ap9jz4pu","id":"1(@)"}
{"time":"2026-03-13T13:41:24.538600436+01:00","level":"INFO","msg":"handleInformInit: stream started","streamId":"ap9jz4pu","id":"1(@)"}
{"time":"2026-03-13T13:42:56.799872901+01:00","level":"INFO","msg":"handleInformFinish: finish message received","streamId":"ap9jz4pu","id":"1(@)"}
{"time":"2026-03-13T13:42:56.801467798+01:00","level":"INFO","msg":"handleInformFinish: stream closed","streamId":"ap9jz4pu","id":"1(@)"}
{"time":"2026-03-13T13:46:57.392714757+01:00","level":"INFO","msg":"handleInformInit: received","streamId":"yzp0amvh","id":"1(@)"}
{"time":"2026-03-13T13:46:57.519313953+01:00","level":"INFO","msg":"handleInformInit: stream started","streamId":"yzp0amvh","id":"1(@)"}
{"time":"2026-03-13T13:50:15.932178198+01:00","level":"INFO","msg":"handleInformFinish: finish message received","streamId":"yzp0amvh","id":"1(@)"}
{"time":"2026-03-13T13:50:15.933949168+01:00","level":"INFO","msg":"handleInformFinish: stream closed","streamId":"yzp0amvh","id":"1(@)"}
{"time":"2026-03-13T13:53:01.027325908+01:00","level":"INFO","msg":"handleInformInit: received","streamId":"fua0uhw8","id":"1(@)"}
{"time":"2026-03-13T13:53:01.152389533+01:00","level":"INFO","msg":"handleInformInit: stream started","streamId":"fua0uhw8","id":"1(@)"}
{"time":"2026-03-13T13:56:06.741346643+01:00","level":"INFO","msg":"connection: cancelling request","id":"1(@)","requestId":"m9c5t4k6e87y"}
{"time":"2026-03-13T13:56:06.743253255+01:00","level":"INFO","msg":"handleInformFinish: finish message received","streamId":"fua0uhw8","id":"1(@)"}
{"time":"2026-03-13T13:56:06.744975747+01:00","level":"INFO","msg":"handleInformFinish: stream closed","streamId":"fua0uhw8","id":"1(@)"}
{"time":"2026-03-13T14:02:03.163840931+01:00","level":"INFO","msg":"handleInformInit: received","streamId":"mtueev15","id":"1(@)"}
{"time":"2026-03-13T14:02:03.292741144+01:00","level":"INFO","msg":"handleInformInit: stream started","streamId":"mtueev15","id":"1(@)"}
{"time":"2026-03-13T14:02:44.025460546+01:00","level":"INFO","msg":"handleInformFinish: finish message received","streamId":"mtueev15","id":"1(@)"}
{"time":"2026-03-13T14:02:44.026981667+01:00","level":"INFO","msg":"handleInformFinish: stream closed","streamId":"mtueev15","id":"1(@)"}
{"time":"2026-03-13T14:06:28.776580522+01:00","level":"INFO","msg":"handleInformInit: received","streamId":"38r6yts6","id":"1(@)"}
{"time":"2026-03-13T14:06:28.905664089+01:00","level":"INFO","msg":"handleInformInit: stream started","streamId":"38r6yts6","id":"1(@)"}
{"time":"2026-03-13T14:09:04.789126133+01:00","level":"INFO","msg":"handleInformFinish: finish message received","streamId":"38r6yts6","id":"1(@)"}
{"time":"2026-03-13T14:09:04.793064238+01:00","level":"INFO","msg":"handleInformFinish: stream closed","streamId":"38r6yts6","id":"1(@)"}
{"time":"2026-03-13T14:14:33.255545643+01:00","level":"INFO","msg":"handleInformInit: received","streamId":"tiz0dig6","id":"1(@)"}
{"time":"2026-03-13T14:14:33.385891696+01:00","level":"INFO","msg":"handleInformInit: stream started","streamId":"tiz0dig6","id":"1(@)"}
{"time":"2026-03-13T14:15:27.351125346+01:00","level":"INFO","msg":"connection: cancelling request","id":"1(@)","requestId":"1syxw1jtt5io"}
{"time":"2026-03-13T14:15:27.35296084+01:00","level":"INFO","msg":"handleInformFinish: finish message received","streamId":"tiz0dig6","id":"1(@)"}
{"time":"2026-03-13T14:15:27.354200951+01:00","level":"INFO","msg":"handleInformFinish: stream closed","streamId":"tiz0dig6","id":"1(@)"}
{"time":"2026-03-13T14:20:32.998224412+01:00","level":"INFO","msg":"handleInformInit: received","streamId":"8rtfysbg","id":"1(@)"}
{"time":"2026-03-13T14:20:33.125928921+01:00","level":"INFO","msg":"handleInformInit: stream started","streamId":"8rtfysbg","id":"1(@)"}
{"time":"2026-03-13T14:21:45.942028464+01:00","level":"INFO","msg":"handleInformFinish: finish message received","streamId":"8rtfysbg","id":"1(@)"}
{"time":"2026-03-13T14:21:45.944015797+01:00","level":"INFO","msg":"handleInformFinish: stream closed","streamId":"8rtfysbg","id":"1(@)"}
{"time":"2026-03-13T14:26:48.10736665+01:00","level":"INFO","msg":"handleInformInit: received","streamId":"118m1tk1","id":"1(@)"}
{"time":"2026-03-13T14:26:48.233540747+01:00","level":"INFO","msg":"handleInformInit: stream started","streamId":"118m1tk1","id":"1(@)"}
{"time":"2026-03-13T14:27:49.086657069+01:00","level":"INFO","msg":"handleInformFinish: finish message received","streamId":"118m1tk1","id":"1(@)"}
{"time":"2026-03-13T14:27:49.088039454+01:00","level":"INFO","msg":"handleInformFinish: stream closed","streamId":"118m1tk1","id":"1(@)"}
{"time":"2026-03-13T14:31:53.708766366+01:00","level":"INFO","msg":"handleInformInit: received","streamId":"6qp99hyq","id":"1(@)"}
{"time":"2026-03-13T14:31:53.839408101+01:00","level":"INFO","msg":"handleInformInit: stream started","streamId":"6qp99hyq","id":"1(@)"}
{"time":"2026-03-13T14:34:35.073107963+01:00","level":"INFO","msg":"handleInformFinish: finish message received","streamId":"6qp99hyq","id":"1(@)"}
{"time":"2026-03-13T14:34:35.076556416+01:00","level":"INFO","msg":"handleInformFinish: stream closed","streamId":"6qp99hyq","id":"1(@)"}
{"time":"2026-03-13T14:39:10.355283268+01:00","level":"INFO","msg":"handleInformInit: received","streamId":"h0at7nu7","id":"1(@)"}
{"time":"2026-03-13T14:39:10.477837648+01:00","level":"INFO","msg":"handleInformInit: stream started","streamId":"h0at7nu7","id":"1(@)"}
{"time":"2026-03-13T14:41:12.829409313+01:00","level":"INFO","msg":"connection: cancelling request","id":"1(@)","requestId":"op6vezsjg9nm"}
{"time":"2026-03-13T14:41:12.83137683+01:00","level":"INFO","msg":"handleInformFinish: finish message received","streamId":"h0at7nu7","id":"1(@)"}
{"time":"2026-03-13T14:41:12.832869406+01:00","level":"INFO","msg":"handleInformFinish: stream closed","streamId":"h0at7nu7","id":"1(@)"}
{"time":"2026-03-13T14:46:33.365175687+01:00","level":"INFO","msg":"handleInformInit: received","streamId":"z8tu861f","id":"1(@)"}
{"time":"2026-03-13T14:46:33.491113582+01:00","level":"INFO","msg":"handleInformInit: stream started","streamId":"z8tu861f","id":"1(@)"}
{"time":"2026-03-13T14:46:58.840272308+01:00","level":"INFO","msg":"handleInformFinish: finish message received","streamId":"z8tu861f","id":"1(@)"}
{"time":"2026-03-13T14:46:58.841777846+01:00","level":"INFO","msg":"handleInformFinish: stream closed","streamId":"z8tu861f","id":"1(@)"}
{"time":"2026-03-13T14:52:41.953336267+01:00","level":"INFO","msg":"handleInformInit: received","streamId":"zvykuqen","id":"1(@)"}
{"time":"2026-03-13T14:52:42.080287887+01:00","level":"INFO","msg":"handleInformInit: stream started","streamId":"zvykuqen","id":"1(@)"}
{"time":"2026-03-13T14:53:19.726495289+01:00","level":"INFO","msg":"handleInformFinish: finish message received","streamId":"zvykuqen","id":"1(@)"}
{"time":"2026-03-13T14:53:19.727683155+01:00","level":"INFO","msg":"handleInformFinish: stream closed","streamId":"zvykuqen","id":"1(@)"}
{"time":"2026-03-13T14:56:59.746257098+01:00","level":"INFO","msg":"handleInformInit: received","streamId":"3ew600fh","id":"1(@)"}
{"time":"2026-03-13T14:56:59.872299879+01:00","level":"INFO","msg":"handleInformInit: stream started","streamId":"3ew600fh","id":"1(@)"}
{"time":"2026-03-13T14:59:29.695331697+01:00","level":"INFO","msg":"connection: cancelling request","id":"1(@)","requestId":"pfnxqhny3ojo"}
{"time":"2026-03-13T14:59:29.697262369+01:00","level":"INFO","msg":"handleInformFinish: finish message received","streamId":"3ew600fh","id":"1(@)"}
{"time":"2026-03-13T14:59:29.698973841+01:00","level":"INFO","msg":"handleInformFinish: stream closed","streamId":"3ew600fh","id":"1(@)"}
{"time":"2026-03-13T15:04:04.18110544+01:00","level":"INFO","msg":"handleInformInit: received","streamId":"lxixv3vk","id":"1(@)"}
{"time":"2026-03-13T15:04:04.307268999+01:00","level":"INFO","msg":"handleInformInit: stream started","streamId":"lxixv3vk","id":"1(@)"}
{"time":"2026-03-13T15:05:49.213107055+01:00","level":"INFO","msg":"handleInformFinish: finish message received","streamId":"lxixv3vk","id":"1(@)"}
{"time":"2026-03-13T15:05:49.214589366+01:00","level":"INFO","msg":"handleInformFinish: stream closed","streamId":"lxixv3vk","id":"1(@)"}
{"time":"2026-03-13T15:11:26.360053275+01:00","level":"INFO","msg":"handleInformInit: received","streamId":"v5pbm9wm","id":"1(@)"}
{"time":"2026-03-13T15:11:26.481464232+01:00","level":"INFO","msg":"handleInformInit: stream started","streamId":"v5pbm9wm","id":"1(@)"}
{"time":"2026-03-13T15:11:57.325381551+01:00","level":"INFO","msg":"handleInformFinish: finish message received","streamId":"v5pbm9wm","id":"1(@)"}
{"time":"2026-03-13T15:11:57.327320321+01:00","level":"INFO","msg":"handleInformFinish: stream closed","streamId":"v5pbm9wm","id":"1(@)"}
{"time":"2026-03-13T15:17:23.786090442+01:00","level":"INFO","msg":"handleInformInit: received","streamId":"byhuc5da","id":"1(@)"}
{"time":"2026-03-13T15:17:23.919200678+01:00","level":"INFO","msg":"handleInformInit: stream started","streamId":"byhuc5da","id":"1(@)"}
{"time":"2026-03-13T15:18:08.774821872+01:00","level":"INFO","msg":"handleInformFinish: finish message received","streamId":"byhuc5da","id":"1(@)"}
{"time":"2026-03-13T15:18:08.777429712+01:00","level":"INFO","msg":"handleInformFinish: stream closed","streamId":"byhuc5da","id":"1(@)"}
{"time":"2026-03-13T15:22:38.512067685+01:00","level":"INFO","msg":"handleInformInit: received","streamId":"i4pd9s6r","id":"1(@)"}
{"time":"2026-03-13T15:22:38.642479387+01:00","level":"INFO","msg":"handleInformInit: stream started","streamId":"i4pd9s6r","id":"1(@)"}
{"time":"2026-03-13T15:24:30.623682594+01:00","level":"INFO","msg":"handleInformFinish: finish message received","streamId":"i4pd9s6r","id":"1(@)"}
{"time":"2026-03-13T15:24:30.62509344+01:00","level":"INFO","msg":"handleInformFinish: stream closed","streamId":"i4pd9s6r","id":"1(@)"}
{"time":"2026-03-13T15:27:22.731014589+01:00","level":"INFO","msg":"handleInformInit: received","streamId":"qqkjnaas","id":"1(@)"}
{"time":"2026-03-13T15:27:22.857133814+01:00","level":"INFO","msg":"handleInformInit: stream started","streamId":"qqkjnaas","id":"1(@)"}
{"time":"2026-03-13T15:30:49.286025527+01:00","level":"INFO","msg":"connection: cancelling request","id":"1(@)","requestId":"odjbts60m50d"}
{"time":"2026-03-13T15:30:49.288009935+01:00","level":"INFO","msg":"handleInformFinish: finish message received","streamId":"qqkjnaas","id":"1(@)"}
{"time":"2026-03-13T15:30:49.289587655+01:00","level":"INFO","msg":"handleInformFinish: stream closed","streamId":"qqkjnaas","id":"1(@)"}
{"time":"2026-03-13T15:36:13.252107445+01:00","level":"INFO","msg":"handleInformInit: received","streamId":"gykd3xih","id":"1(@)"}
{"time":"2026-03-13T15:36:13.374134047+01:00","level":"INFO","msg":"handleInformInit: stream started","streamId":"gykd3xih","id":"1(@)"}
{"time":"2026-03-13T15:37:16.440075859+01:00","level":"INFO","msg":"connection: cancelling request","id":"1(@)","requestId":"cs5jazqkq1uq"}
{"time":"2026-03-13T15:37:16.441994153+01:00","level":"INFO","msg":"handleInformFinish: finish message received","streamId":"gykd3xih","id":"1(@)"}
{"time":"2026-03-13T15:37:16.445820959+01:00","level":"INFO","msg":"handleInformFinish: stream closed","streamId":"gykd3xih","id":"1(@)"}
{"time":"2026-03-13T15:41:41.789015958+01:00","level":"INFO","msg":"handleInformInit: received","streamId":"fnklev73","id":"1(@)"}
{"time":"2026-03-13T15:41:41.950593846+01:00","level":"INFO","msg":"handleInformInit: stream started","streamId":"fnklev73","id":"1(@)"}
{"time":"2026-03-13T15:43:37.427563627+01:00","level":"INFO","msg":"handleInformFinish: finish message received","streamId":"fnklev73","id":"1(@)"}
{"time":"2026-03-13T15:43:37.428825217+01:00","level":"INFO","msg":"handleInformFinish: stream closed","streamId":"fnklev73","id":"1(@)"}
{"time":"2026-03-13T15:47:58.557959112+01:00","level":"INFO","msg":"handleInformInit: received","streamId":"e5aand6c","id":"1(@)"}
{"time":"2026-03-13T15:47:58.680087534+01:00","level":"INFO","msg":"handleInformInit: stream started","streamId":"e5aand6c","id":"1(@)"}
{"time":"2026-03-13T15:49:20.599758913+01:00","level":"INFO","msg":"handleInformFinish: finish message received","streamId":"e5aand6c","id":"1(@)"}
{"time":"2026-03-13T15:49:20.601147403+01:00","level":"INFO","msg":"handleInformFinish: stream closed","streamId":"e5aand6c","id":"1(@)"}
{"time":"2026-03-13T15:54:55.447823394+01:00","level":"INFO","msg":"handleInformInit: received","streamId":"5um9hfdu","id":"1(@)"}
{"time":"2026-03-13T15:54:55.577180183+01:00","level":"INFO","msg":"handleInformInit: stream started","streamId":"5um9hfdu","id":"1(@)"}
{"time":"2026-03-13T15:55:49.833283949+01:00","level":"INFO","msg":"handleInformFinish: finish message received","streamId":"5um9hfdu","id":"1(@)"}
{"time":"2026-03-13T15:55:49.83494989+01:00","level":"INFO","msg":"handleInformFinish: stream closed","streamId":"5um9hfdu","id":"1(@)"}
{"time":"2026-03-13T16:00:58.968422126+01:00","level":"INFO","msg":"handleInformInit: received","streamId":"z5f3vbeb","id":"1(@)"}
{"time":"2026-03-13T16:00:59.092861129+01:00","level":"INFO","msg":"handleInformInit: stream started","streamId":"z5f3vbeb","id":"1(@)"}
{"time":"2026-03-13T16:02:21.403604285+01:00","level":"INFO","msg":"handleInformFinish: finish message received","streamId":"z5f3vbeb","id":"1(@)"}
{"time":"2026-03-13T16:02:21.405666029+01:00","level":"INFO","msg":"handleInformFinish: stream closed","streamId":"z5f3vbeb","id":"1(@)"}
{"time":"2026-03-13T16:07:45.570107568+01:00","level":"INFO","msg":"handleInformInit: received","streamId":"s9vdzi1j","id":"1(@)"}
{"time":"2026-03-13T16:07:45.699751852+01:00","level":"INFO","msg":"handleInformInit: stream started","streamId":"s9vdzi1j","id":"1(@)"}
{"time":"2026-03-13T16:09:40.270607808+01:00","level":"INFO","msg":"handleInformFinish: finish message received","streamId":"s9vdzi1j","id":"1(@)"}
{"time":"2026-03-13T16:09:40.27241917+01:00","level":"INFO","msg":"handleInformFinish: stream closed","streamId":"s9vdzi1j","id":"1(@)"}
{"time":"2026-03-13T16:15:18.61456068+01:00","level":"INFO","msg":"handleInformInit: received","streamId":"z5guv4x4","id":"1(@)"}
{"time":"2026-03-13T16:15:18.735898522+01:00","level":"INFO","msg":"handleInformInit: stream started","streamId":"z5guv4x4","id":"1(@)"}
{"time":"2026-03-13T16:16:53.186357724+01:00","level":"INFO","msg":"handleInformFinish: finish message received","streamId":"z5guv4x4","id":"1(@)"}
{"time":"2026-03-13T16:16:53.188168318+01:00","level":"INFO","msg":"handleInformFinish: stream closed","streamId":"z5guv4x4","id":"1(@)"}
{"time":"2026-03-13T16:21:43.707271733+01:00","level":"INFO","msg":"handleInformInit: received","streamId":"mp5zi8dp","id":"1(@)"}
{"time":"2026-03-13T16:21:43.828581714+01:00","level":"INFO","msg":"handleInformInit: stream started","streamId":"mp5zi8dp","id":"1(@)"}
{"time":"2026-03-13T16:24:09.873657828+01:00","level":"INFO","msg":"connection: cancelling request","id":"1(@)","requestId":"xpr7y4st78if"}
{"time":"2026-03-13T16:24:09.875632453+01:00","level":"INFO","msg":"handleInformFinish: finish message received","streamId":"mp5zi8dp","id":"1(@)"}
{"time":"2026-03-13T16:24:09.877119869+01:00","level":"INFO","msg":"handleInformFinish: stream closed","streamId":"mp5zi8dp","id":"1(@)"}
{"time":"2026-03-13T16:28:18.156917088+01:00","level":"INFO","msg":"handleInformInit: received","streamId":"7tmaygrm","id":"1(@)"}
{"time":"2026-03-13T16:28:18.280846521+01:00","level":"INFO","msg":"handleInformInit: stream started","streamId":"7tmaygrm","id":"1(@)"}
{"time":"2026-03-13T16:31:41.504748737+01:00","level":"INFO","msg":"handleInformFinish: finish message received","streamId":"7tmaygrm","id":"1(@)"}
{"time":"2026-03-13T16:31:41.513244239+01:00","level":"INFO","msg":"handleInformFinish: stream closed","streamId":"7tmaygrm","id":"1(@)"}
{"time":"2026-03-13T16:37:14.054325998+01:00","level":"INFO","msg":"handleInformInit: received","streamId":"1cf755fe","id":"1(@)"}
{"time":"2026-03-13T16:37:14.177340869+01:00","level":"INFO","msg":"handleInformInit: stream started","streamId":"1cf755fe","id":"1(@)"}
{"time":"2026-03-13T16:38:49.75073105+01:00","level":"INFO","msg":"handleInformFinish: finish message received","streamId":"1cf755fe","id":"1(@)"}
{"time":"2026-03-13T16:38:49.753756457+01:00","level":"INFO","msg":"handleInformFinish: stream closed","streamId":"1cf755fe","id":"1(@)"}
{"time":"2026-03-13T16:44:34.837721856+01:00","level":"INFO","msg":"handleInformInit: received","streamId":"mx5bpa2b","id":"1(@)"}
{"time":"2026-03-13T16:44:34.968141329+01:00","level":"INFO","msg":"handleInformInit: stream started","streamId":"mx5bpa2b","id":"1(@)"}
{"time":"2026-03-13T16:46:08.803344371+01:00","level":"INFO","msg":"handleInformFinish: finish message received","streamId":"mx5bpa2b","id":"1(@)"}
{"time":"2026-03-13T16:46:08.805649248+01:00","level":"INFO","msg":"handleInformFinish: stream closed","streamId":"mx5bpa2b","id":"1(@)"}
{"time":"2026-03-13T16:50:17.13315247+01:00","level":"INFO","msg":"handleInformInit: received","streamId":"36zbh73h","id":"1(@)"}
{"time":"2026-03-13T16:50:17.255989368+01:00","level":"INFO","msg":"handleInformInit: stream started","streamId":"36zbh73h","id":"1(@)"}
{"time":"2026-03-13T16:53:58.14534209+01:00","level":"INFO","msg":"connection: cancelling request","id":"1(@)","requestId":"xf43t7pcnc54"}
{"time":"2026-03-13T16:53:58.147342237+01:00","level":"INFO","msg":"handleInformFinish: finish message received","streamId":"36zbh73h","id":"1(@)"}
{"time":"2026-03-13T16:53:58.148834808+01:00","level":"INFO","msg":"handleInformFinish: stream closed","streamId":"36zbh73h","id":"1(@)"}
{"time":"2026-03-13T16:57:54.267991388+01:00","level":"INFO","msg":"handleInformInit: received","streamId":"41x1g932","id":"1(@)"}
{"time":"2026-03-13T16:57:54.390232055+01:00","level":"INFO","msg":"handleInformInit: stream started","streamId":"41x1g932","id":"1(@)"}
{"time":"2026-03-13T17:00:57.305152063+01:00","level":"INFO","msg":"connection: cancelling request","id":"1(@)","requestId":"k8sh1i6kt3it"}
{"time":"2026-03-13T17:00:57.307055556+01:00","level":"INFO","msg":"handleInformFinish: finish message received","streamId":"41x1g932","id":"1(@)"}
{"time":"2026-03-13T17:00:57.309254253+01:00","level":"INFO","msg":"handleInformFinish: stream closed","streamId":"41x1g932","id":"1(@)"}
{"time":"2026-03-13T17:05:35.701861858+01:00","level":"INFO","msg":"handleInformInit: received","streamId":"5yu44v4q","id":"1(@)"}
{"time":"2026-03-13T17:05:35.824597853+01:00","level":"INFO","msg":"handleInformInit: stream started","streamId":"5yu44v4q","id":"1(@)"}
{"time":"2026-03-13T17:05:37.41796305+01:00","level":"INFO","msg":"connection: cancelling request","id":"1(@)","requestId":"e6nw0m5c1dsn"}
{"time":"2026-03-13T17:07:57.123979155+01:00","level":"INFO","msg":"connection: cancelling request","id":"1(@)","requestId":"a3nhu5ecy0d2"}
{"time":"2026-03-13T17:07:57.126329092+01:00","level":"INFO","msg":"handleInformFinish: finish message received","streamId":"5yu44v4q","id":"1(@)"}
{"time":"2026-03-13T17:07:57.12799097+01:00","level":"INFO","msg":"handleInformFinish: stream closed","streamId":"5yu44v4q","id":"1(@)"}
{"time":"2026-03-13T17:11:10.249195529+01:00","level":"INFO","msg":"handleInformInit: received","streamId":"rjoim16x","id":"1(@)"}
{"time":"2026-03-13T17:11:10.376343717+01:00","level":"INFO","msg":"handleInformInit: stream started","streamId":"rjoim16x","id":"1(@)"}
{"time":"2026-03-13T17:15:00.022865487+01:00","level":"INFO","msg":"handleInformFinish: finish message received","streamId":"rjoim16x","id":"1(@)"}
{"time":"2026-03-13T17:15:00.025128214+01:00","level":"INFO","msg":"handleInformFinish: stream closed","streamId":"rjoim16x","id":"1(@)"}
{"time":"2026-03-13T17:20:07.831639005+01:00","level":"INFO","msg":"handleInformInit: received","streamId":"4ilh7tkb","id":"1(@)"}
{"time":"2026-03-13T17:20:07.956554849+01:00","level":"INFO","msg":"handleInformInit: stream started","streamId":"4ilh7tkb","id":"1(@)"}
{"time":"2026-03-13T17:22:05.639456377+01:00","level":"INFO","msg":"handleInformFinish: finish message received","streamId":"4ilh7tkb","id":"1(@)"}
{"time":"2026-03-13T17:22:05.641259174+01:00","level":"INFO","msg":"handleInformFinish: stream closed","streamId":"4ilh7tkb","id":"1(@)"}
{"time":"2026-03-13T17:27:12.265596818+01:00","level":"INFO","msg":"handleInformInit: received","streamId":"icxacl2c","id":"1(@)"}
{"time":"2026-03-13T17:27:12.387869048+01:00","level":"INFO","msg":"handleInformInit: stream started","streamId":"icxacl2c","id":"1(@)"}
{"time":"2026-03-13T17:29:24.93558853+01:00","level":"INFO","msg":"handleInformFinish: finish message received","streamId":"icxacl2c","id":"1(@)"}
{"time":"2026-03-13T17:29:24.937246471+01:00","level":"INFO","msg":"handleInformFinish: stream closed","streamId":"icxacl2c","id":"1(@)"}
{"time":"2026-03-13T17:34:32.398432688+01:00","level":"INFO","msg":"handleInformInit: received","streamId":"xvr6esvk","id":"1(@)"}
{"time":"2026-03-13T17:34:32.522482142+01:00","level":"INFO","msg":"handleInformInit: stream started","streamId":"xvr6esvk","id":"1(@)"}
{"time":"2026-03-13T17:37:22.706997915+01:00","level":"INFO","msg":"handleInformFinish: finish message received","streamId":"xvr6esvk","id":"1(@)"}
{"time":"2026-03-13T17:37:22.70840616+01:00","level":"INFO","msg":"handleInformFinish: stream closed","streamId":"xvr6esvk","id":"1(@)"}
{"time":"2026-03-13T17:37:22.736041319+01:00","level":"INFO","msg":"handleInformTeardown: server teardown initiated","id":"1(@)"}
{"time":"2026-03-13T17:37:22.736113869+01:00","level":"INFO","msg":"handleInformTeardown: server shutdown complete","id":"1(@)"}
{"time":"2026-03-13T17:37:22.73619542+01:00","level":"INFO","msg":"server is shutting down"}
{"time":"2026-03-13T17:37:22.736124561+01:00","level":"INFO","msg":"connection: closing","id":"1(@)"}
{"time":"2026-03-13T17:37:22.737679146+01:00","level":"INFO","msg":"connection: closed successfully","id":"1(@)"}
{"time":"2026-03-13T17:37:22.737822684+01:00","level":"INFO","msg":"server: listener closed","addr":{"Name":"/tmp/wandb-2076015-2076181-4061786158/socket","Net":"unix"}}
{"time":"2026-03-13T17:37:22.738658384+01:00","level":"INFO","msg":"connection: ManageConnectionData: connection closed","id":"1(@)"}
{"time":"2026-03-13T17:37:22.739161773+01:00","level":"INFO","msg":"server is closed"}
