{"time":"2026-03-13T09:34:14.487547632+01:00","level":"INFO","msg":"main: starting server","port-filename":"/tmp/tmpk_iof5sa/port-1340367.txt","pid":1340367,"log-level":0,"disable-analytics":false,"shutdown-on-parent-exit":false,"enable-dcgm-profiling":false}
{"time":"2026-03-13T09:34:14.487975418+01:00","level":"INFO","msg":"server: will exit if parent process dies","ppid":1340367}
{"time":"2026-03-13T09:34:14.487959106+01:00","level":"INFO","msg":"server: accepting connections","addr":{"Name":"/tmp/wandb-1340367-1340542-143736142/socket","Net":"unix"}}
{"time":"2026-03-13T09:34:14.641482217+01:00","level":"INFO","msg":"connection: ManageConnectionData: new connection created","id":"1(@)"}
{"time":"2026-03-13T09:34:14.682325352+01:00","level":"INFO","msg":"handleInformInit: received","streamId":"83prkq1c","id":"1(@)"}
{"time":"2026-03-13T09:34:14.807288173+01:00","level":"INFO","msg":"handleInformInit: stream started","streamId":"83prkq1c","id":"1(@)"}
{"time":"2026-03-13T09:44:48.912138339+01:00","level":"INFO","msg":"handleInformFinish: finish message received","streamId":"83prkq1c","id":"1(@)"}
{"time":"2026-03-13T09:44:48.913741852+01:00","level":"INFO","msg":"handleInformFinish: stream closed","streamId":"83prkq1c","id":"1(@)"}
{"time":"2026-03-13T09:50:01.817058681+01:00","level":"INFO","msg":"handleInformInit: received","streamId":"3wu8cmn1","id":"1(@)"}
{"time":"2026-03-13T09:50:01.938567369+01:00","level":"INFO","msg":"handleInformInit: stream started","streamId":"3wu8cmn1","id":"1(@)"}
{"time":"2026-03-13T10:03:09.008106187+01:00","level":"INFO","msg":"handleInformFinish: finish message received","streamId":"3wu8cmn1","id":"1(@)"}
{"time":"2026-03-13T10:03:09.010245664+01:00","level":"INFO","msg":"handleInformFinish: stream closed","streamId":"3wu8cmn1","id":"1(@)"}
{"time":"2026-03-13T10:08:26.683857532+01:00","level":"INFO","msg":"handleInformInit: received","streamId":"oeuu9h06","id":"1(@)"}
{"time":"2026-03-13T10:08:26.804896009+01:00","level":"INFO","msg":"handleInformInit: stream started","streamId":"oeuu9h06","id":"1(@)"}
{"time":"2026-03-13T10:20:40.974434548+01:00","level":"INFO","msg":"handleInformFinish: finish message received","streamId":"oeuu9h06","id":"1(@)"}
{"time":"2026-03-13T10:20:40.988799095+01:00","level":"INFO","msg":"handleInformFinish: stream closed","streamId":"oeuu9h06","id":"1(@)"}
{"time":"2026-03-13T10:26:07.563183437+01:00","level":"INFO","msg":"handleInformInit: received","streamId":"bnt17567","id":"1(@)"}
{"time":"2026-03-13T10:26:07.691042405+01:00","level":"INFO","msg":"handleInformInit: stream started","streamId":"bnt17567","id":"1(@)"}
{"time":"2026-03-13T10:38:11.682346573+01:00","level":"INFO","msg":"connection: cancelling request","id":"1(@)","requestId":"ltoacz60795b"}
{"time":"2026-03-13T10:38:11.684510439+01:00","level":"INFO","msg":"handleInformFinish: finish message received","streamId":"bnt17567","id":"1(@)"}
{"time":"2026-03-13T10:38:11.694767506+01:00","level":"INFO","msg":"handleInformFinish: stream closed","streamId":"bnt17567","id":"1(@)"}
{"time":"2026-03-13T10:44:25.814542439+01:00","level":"INFO","msg":"handleInformInit: received","streamId":"hhmzm0d0","id":"1(@)"}
{"time":"2026-03-13T10:44:25.94598944+01:00","level":"INFO","msg":"handleInformInit: stream started","streamId":"hhmzm0d0","id":"1(@)"}
{"time":"2026-03-13T10:56:41.629702122+01:00","level":"INFO","msg":"handleInformFinish: finish message received","streamId":"hhmzm0d0","id":"1(@)"}
{"time":"2026-03-13T10:56:41.631449209+01:00","level":"INFO","msg":"handleInformFinish: stream closed","streamId":"hhmzm0d0","id":"1(@)"}
{"time":"2026-03-13T11:02:01.072746042+01:00","level":"INFO","msg":"handleInformInit: received","streamId":"sghjau6z","id":"1(@)"}
{"time":"2026-03-13T11:02:01.216577761+01:00","level":"INFO","msg":"handleInformInit: stream started","streamId":"sghjau6z","id":"1(@)"}
{"time":"2026-03-13T11:14:46.006240325+01:00","level":"INFO","msg":"handleInformFinish: finish message received","streamId":"sghjau6z","id":"1(@)"}
{"time":"2026-03-13T11:14:46.007847765+01:00","level":"INFO","msg":"handleInformFinish: stream closed","streamId":"sghjau6z","id":"1(@)"}
{"time":"2026-03-13T11:18:34.316004658+01:00","level":"INFO","msg":"handleInformInit: received","streamId":"cvf0wt3s","id":"1(@)"}
{"time":"2026-03-13T11:18:34.442951446+01:00","level":"INFO","msg":"handleInformInit: stream started","streamId":"cvf0wt3s","id":"1(@)"}
{"time":"2026-03-13T11:32:38.404339783+01:00","level":"INFO","msg":"handleInformFinish: finish message received","streamId":"cvf0wt3s","id":"1(@)"}
{"time":"2026-03-13T11:32:38.405940718+01:00","level":"INFO","msg":"handleInformFinish: stream closed","streamId":"cvf0wt3s","id":"1(@)"}
{"time":"2026-03-13T11:37:19.402230296+01:00","level":"INFO","msg":"handleInformInit: received","streamId":"c09fijc6","id":"1(@)"}
{"time":"2026-03-13T11:37:19.53060246+01:00","level":"INFO","msg":"handleInformInit: stream started","streamId":"c09fijc6","id":"1(@)"}
{"time":"2026-03-13T11:49:58.089062946+01:00","level":"INFO","msg":"handleInformFinish: finish message received","streamId":"c09fijc6","id":"1(@)"}
{"time":"2026-03-13T11:49:58.090680366+01:00","level":"INFO","msg":"handleInformFinish: stream closed","streamId":"c09fijc6","id":"1(@)"}
{"time":"2026-03-13T11:54:36.035162181+01:00","level":"INFO","msg":"handleInformInit: received","streamId":"qri5pq2c","id":"1(@)"}
{"time":"2026-03-13T11:54:36.168646591+01:00","level":"INFO","msg":"handleInformInit: stream started","streamId":"qri5pq2c","id":"1(@)"}
{"time":"2026-03-13T12:07:39.727371862+01:00","level":"INFO","msg":"handleInformFinish: finish message received","streamId":"qri5pq2c","id":"1(@)"}
{"time":"2026-03-13T12:07:39.729443327+01:00","level":"INFO","msg":"handleInformFinish: stream closed","streamId":"qri5pq2c","id":"1(@)"}
{"time":"2026-03-13T12:13:13.166291453+01:00","level":"INFO","msg":"handleInformInit: received","streamId":"f39m8r35","id":"1(@)"}
{"time":"2026-03-13T12:13:13.294724138+01:00","level":"INFO","msg":"handleInformInit: stream started","streamId":"f39m8r35","id":"1(@)"}
{"time":"2026-03-13T12:25:36.423720139+01:00","level":"INFO","msg":"connection: cancelling request","id":"1(@)","requestId":"axef45cyaz17"}
{"time":"2026-03-13T12:25:36.425779214+01:00","level":"INFO","msg":"handleInformFinish: finish message received","streamId":"f39m8r35","id":"1(@)"}
{"time":"2026-03-13T12:25:36.435936765+01:00","level":"INFO","msg":"handleInformFinish: stream closed","streamId":"f39m8r35","id":"1(@)"}
{"time":"2026-03-13T12:30:26.473870733+01:00","level":"INFO","msg":"handleInformInit: received","streamId":"utfn2dss","id":"1(@)"}
{"time":"2026-03-13T12:30:26.605718424+01:00","level":"INFO","msg":"handleInformInit: stream started","streamId":"utfn2dss","id":"1(@)"}
{"time":"2026-03-13T12:43:18.893245156+01:00","level":"INFO","msg":"handleInformFinish: finish message received","streamId":"utfn2dss","id":"1(@)"}
{"time":"2026-03-13T12:43:18.901563007+01:00","level":"INFO","msg":"handleInformFinish: stream closed","streamId":"utfn2dss","id":"1(@)"}
{"time":"2026-03-13T12:47:58.040247825+01:00","level":"INFO","msg":"handleInformInit: received","streamId":"b7q75cmb","id":"1(@)"}
{"time":"2026-03-13T12:47:58.168331056+01:00","level":"INFO","msg":"handleInformInit: stream started","streamId":"b7q75cmb","id":"1(@)"}
{"time":"2026-03-13T13:01:19.259667848+01:00","level":"INFO","msg":"handleInformFinish: finish message received","streamId":"b7q75cmb","id":"1(@)"}
{"time":"2026-03-13T13:01:19.261885162+01:00","level":"INFO","msg":"handleInformFinish: stream closed","streamId":"b7q75cmb","id":"1(@)"}
{"time":"2026-03-13T13:06:21.403967691+01:00","level":"INFO","msg":"handleInformInit: received","streamId":"qjupaciu","id":"1(@)"}
{"time":"2026-03-13T13:06:21.535048529+01:00","level":"INFO","msg":"handleInformInit: stream started","streamId":"qjupaciu","id":"1(@)"}
{"time":"2026-03-13T13:18:33.124412737+01:00","level":"INFO","msg":"handleInformFinish: finish message received","streamId":"qjupaciu","id":"1(@)"}
{"time":"2026-03-13T13:18:33.126953064+01:00","level":"INFO","msg":"handleInformFinish: stream closed","streamId":"qjupaciu","id":"1(@)"}
{"time":"2026-03-13T13:23:53.382225671+01:00","level":"INFO","msg":"handleInformInit: received","streamId":"mxc3ubhn","id":"1(@)"}
{"time":"2026-03-13T13:23:53.511614065+01:00","level":"INFO","msg":"handleInformInit: stream started","streamId":"mxc3ubhn","id":"1(@)"}
{"time":"2026-03-13T13:24:44.560925563+01:00","level":"INFO","msg":"handleInformFinish: finish message received","streamId":"mxc3ubhn","id":"1(@)"}
{"time":"2026-03-13T13:24:44.562417109+01:00","level":"INFO","msg":"handleInformFinish: stream closed","streamId":"mxc3ubhn","id":"1(@)"}
{"time":"2026-03-13T13:30:04.264373658+01:00","level":"INFO","msg":"handleInformInit: received","streamId":"h0dwcrjg","id":"1(@)"}
{"time":"2026-03-13T13:30:04.397414265+01:00","level":"INFO","msg":"handleInformInit: stream started","streamId":"h0dwcrjg","id":"1(@)"}
{"time":"2026-03-13T13:31:34.034250186+01:00","level":"INFO","msg":"handleInformFinish: finish message received","streamId":"h0dwcrjg","id":"1(@)"}
{"time":"2026-03-13T13:31:34.036391729+01:00","level":"INFO","msg":"handleInformFinish: stream closed","streamId":"h0dwcrjg","id":"1(@)"}
{"time":"2026-03-13T13:36:23.15701359+01:00","level":"INFO","msg":"handleInformInit: received","streamId":"8vl7o1le","id":"1(@)"}
{"time":"2026-03-13T13:36:23.288404296+01:00","level":"INFO","msg":"handleInformInit: stream started","streamId":"8vl7o1le","id":"1(@)"}
{"time":"2026-03-13T13:37:45.059341531+01:00","level":"INFO","msg":"handleInformFinish: finish message received","streamId":"8vl7o1le","id":"1(@)"}
{"time":"2026-03-13T13:37:45.060861427+01:00","level":"INFO","msg":"handleInformFinish: stream closed","streamId":"8vl7o1le","id":"1(@)"}
{"time":"2026-03-13T13:42:59.505959578+01:00","level":"INFO","msg":"handleInformInit: received","streamId":"arpaxash","id":"1(@)"}
{"time":"2026-03-13T13:42:59.636905125+01:00","level":"INFO","msg":"handleInformInit: stream started","streamId":"arpaxash","id":"1(@)"}
{"time":"2026-03-13T13:44:00.272395675+01:00","level":"INFO","msg":"connection: cancelling request","id":"1(@)","requestId":"5a8866kkk2ha"}
{"time":"2026-03-13T13:44:00.274408126+01:00","level":"INFO","msg":"handleInformFinish: finish message received","streamId":"arpaxash","id":"1(@)"}
{"time":"2026-03-13T13:44:00.276037391+01:00","level":"INFO","msg":"handleInformFinish: stream closed","streamId":"arpaxash","id":"1(@)"}
{"time":"2026-03-13T13:49:52.581656508+01:00","level":"INFO","msg":"handleInformInit: received","streamId":"f2yibjp7","id":"1(@)"}
{"time":"2026-03-13T13:49:52.711152616+01:00","level":"INFO","msg":"handleInformInit: stream started","streamId":"f2yibjp7","id":"1(@)"}
{"time":"2026-03-13T13:50:33.918873517+01:00","level":"INFO","msg":"handleInformFinish: finish message received","streamId":"f2yibjp7","id":"1(@)"}
{"time":"2026-03-13T13:50:33.920469577+01:00","level":"INFO","msg":"handleInformFinish: stream closed","streamId":"f2yibjp7","id":"1(@)"}
{"time":"2026-03-13T13:55:00.203313207+01:00","level":"INFO","msg":"handleInformInit: received","streamId":"2256agh3","id":"1(@)"}
{"time":"2026-03-13T13:55:00.329502079+01:00","level":"INFO","msg":"handleInformInit: stream started","streamId":"2256agh3","id":"1(@)"}
{"time":"2026-03-13T13:56:36.1042884+01:00","level":"INFO","msg":"handleInformFinish: finish message received","streamId":"2256agh3","id":"1(@)"}
{"time":"2026-03-13T13:56:36.106029036+01:00","level":"INFO","msg":"handleInformFinish: stream closed","streamId":"2256agh3","id":"1(@)"}
{"time":"2026-03-13T14:00:36.208043042+01:00","level":"INFO","msg":"handleInformInit: received","streamId":"e91m8oly","id":"1(@)"}
{"time":"2026-03-13T14:00:36.325456782+01:00","level":"INFO","msg":"handleInformInit: stream started","streamId":"e91m8oly","id":"1(@)"}
{"time":"2026-03-13T14:02:14.239224321+01:00","level":"INFO","msg":"connection: cancelling request","id":"1(@)","requestId":"2mbndu9lp485"}
{"time":"2026-03-13T14:02:14.241181123+01:00","level":"INFO","msg":"handleInformFinish: finish message received","streamId":"e91m8oly","id":"1(@)"}
{"time":"2026-03-13T14:02:14.242801604+01:00","level":"INFO","msg":"handleInformFinish: stream closed","streamId":"e91m8oly","id":"1(@)"}
{"time":"2026-03-13T14:07:48.278867513+01:00","level":"INFO","msg":"handleInformInit: received","streamId":"8no5prdf","id":"1(@)"}
{"time":"2026-03-13T14:07:48.408582691+01:00","level":"INFO","msg":"handleInformInit: stream started","streamId":"8no5prdf","id":"1(@)"}
{"time":"2026-03-13T14:08:36.114926566+01:00","level":"INFO","msg":"handleInformFinish: finish message received","streamId":"8no5prdf","id":"1(@)"}
{"time":"2026-03-13T14:08:36.116214906+01:00","level":"INFO","msg":"handleInformFinish: stream closed","streamId":"8no5prdf","id":"1(@)"}
{"time":"2026-03-13T14:12:22.811691231+01:00","level":"INFO","msg":"handleInformInit: received","streamId":"on7rdfy0","id":"1(@)"}
{"time":"2026-03-13T14:12:22.945092491+01:00","level":"INFO","msg":"handleInformInit: stream started","streamId":"on7rdfy0","id":"1(@)"}
{"time":"2026-03-13T14:15:00.272009251+01:00","level":"INFO","msg":"handleInformFinish: finish message received","streamId":"on7rdfy0","id":"1(@)"}
{"time":"2026-03-13T14:15:00.274613779+01:00","level":"INFO","msg":"handleInformFinish: stream closed","streamId":"on7rdfy0","id":"1(@)"}
{"time":"2026-03-13T14:20:29.161782714+01:00","level":"INFO","msg":"handleInformInit: received","streamId":"ba89pz8k","id":"1(@)"}
{"time":"2026-03-13T14:20:29.283302169+01:00","level":"INFO","msg":"handleInformInit: stream started","streamId":"ba89pz8k","id":"1(@)"}
{"time":"2026-03-13T14:21:11.436156461+01:00","level":"INFO","msg":"handleInformFinish: finish message received","streamId":"ba89pz8k","id":"1(@)"}
{"time":"2026-03-13T14:21:11.437844314+01:00","level":"INFO","msg":"handleInformFinish: stream closed","streamId":"ba89pz8k","id":"1(@)"}
{"time":"2026-03-13T14:26:34.711029801+01:00","level":"INFO","msg":"handleInformInit: received","streamId":"gcqqhvuf","id":"1(@)"}
{"time":"2026-03-13T14:26:34.839788032+01:00","level":"INFO","msg":"handleInformInit: stream started","streamId":"gcqqhvuf","id":"1(@)"}
{"time":"2026-03-13T14:27:16.132986345+01:00","level":"INFO","msg":"handleInformFinish: finish message received","streamId":"gcqqhvuf","id":"1(@)"}
{"time":"2026-03-13T14:27:16.134773164+01:00","level":"INFO","msg":"handleInformFinish: stream closed","streamId":"gcqqhvuf","id":"1(@)"}
{"time":"2026-03-13T14:29:33.365468892+01:00","level":"INFO","msg":"handleInformInit: received","streamId":"smoupjcg","id":"1(@)"}
{"time":"2026-03-13T14:29:33.495893772+01:00","level":"INFO","msg":"handleInformInit: stream started","streamId":"smoupjcg","id":"1(@)"}
{"time":"2026-03-13T14:33:44.01203577+01:00","level":"INFO","msg":"handleInformFinish: finish message received","streamId":"smoupjcg","id":"1(@)"}
{"time":"2026-03-13T14:33:44.028492176+01:00","level":"INFO","msg":"handleInformFinish: stream closed","streamId":"smoupjcg","id":"1(@)"}
{"time":"2026-03-13T14:38:53.024980926+01:00","level":"INFO","msg":"handleInformInit: received","streamId":"i8ja3nsq","id":"1(@)"}
{"time":"2026-03-13T14:38:53.152348324+01:00","level":"INFO","msg":"handleInformInit: stream started","streamId":"i8ja3nsq","id":"1(@)"}
{"time":"2026-03-13T14:39:32.302376157+01:00","level":"INFO","msg":"connection: cancelling request","id":"1(@)","requestId":"upvfuzkjjvqi"}
{"time":"2026-03-13T14:39:32.304486413+01:00","level":"INFO","msg":"handleInformFinish: finish message received","streamId":"i8ja3nsq","id":"1(@)"}
{"time":"2026-03-13T14:39:32.30584033+01:00","level":"INFO","msg":"handleInformFinish: stream closed","streamId":"i8ja3nsq","id":"1(@)"}
{"time":"2026-03-13T14:44:12.54216463+01:00","level":"INFO","msg":"handleInformInit: received","streamId":"s8sp1dh4","id":"1(@)"}
{"time":"2026-03-13T14:44:12.671055936+01:00","level":"INFO","msg":"handleInformInit: stream started","streamId":"s8sp1dh4","id":"1(@)"}
{"time":"2026-03-13T14:45:06.128849095+01:00","level":"INFO","msg":"handleInformFinish: finish message received","streamId":"s8sp1dh4","id":"1(@)"}
{"time":"2026-03-13T14:45:06.130559568+01:00","level":"INFO","msg":"handleInformFinish: stream closed","streamId":"s8sp1dh4","id":"1(@)"}
{"time":"2026-03-13T14:49:21.189465787+01:00","level":"INFO","msg":"handleInformInit: received","streamId":"u6mqiv95","id":"1(@)"}
{"time":"2026-03-13T14:49:21.319271529+01:00","level":"INFO","msg":"handleInformInit: stream started","streamId":"u6mqiv95","id":"1(@)"}
{"time":"2026-03-13T14:50:51.72310909+01:00","level":"INFO","msg":"handleInformFinish: finish message received","streamId":"u6mqiv95","id":"1(@)"}
{"time":"2026-03-13T14:50:51.724979279+01:00","level":"INFO","msg":"handleInformFinish: stream closed","streamId":"u6mqiv95","id":"1(@)"}
{"time":"2026-03-13T14:56:29.85441761+01:00","level":"INFO","msg":"handleInformInit: received","streamId":"amwnqhlk","id":"1(@)"}
{"time":"2026-03-13T14:56:29.979891616+01:00","level":"INFO","msg":"handleInformInit: stream started","streamId":"amwnqhlk","id":"1(@)"}
{"time":"2026-03-13T14:57:03.334446618+01:00","level":"INFO","msg":"handleInformFinish: finish message received","streamId":"amwnqhlk","id":"1(@)"}
{"time":"2026-03-13T14:57:03.337353192+01:00","level":"INFO","msg":"handleInformFinish: stream closed","streamId":"amwnqhlk","id":"1(@)"}
{"time":"2026-03-13T15:02:23.632939389+01:00","level":"INFO","msg":"handleInformInit: received","streamId":"9tq1s113","id":"1(@)"}
{"time":"2026-03-13T15:02:23.761078261+01:00","level":"INFO","msg":"handleInformInit: stream started","streamId":"9tq1s113","id":"1(@)"}
{"time":"2026-03-13T15:03:07.329834462+01:00","level":"INFO","msg":"handleInformFinish: finish message received","streamId":"9tq1s113","id":"1(@)"}
{"time":"2026-03-13T15:03:07.331979434+01:00","level":"INFO","msg":"handleInformFinish: stream closed","streamId":"9tq1s113","id":"1(@)"}
{"time":"2026-03-13T15:08:19.081073129+01:00","level":"INFO","msg":"handleInformInit: received","streamId":"sqaocxfn","id":"1(@)"}
{"time":"2026-03-13T15:08:19.20650648+01:00","level":"INFO","msg":"handleInformInit: stream started","streamId":"sqaocxfn","id":"1(@)"}
{"time":"2026-03-13T15:09:27.171225816+01:00","level":"INFO","msg":"handleInformFinish: finish message received","streamId":"sqaocxfn","id":"1(@)"}
{"time":"2026-03-13T15:09:27.17413958+01:00","level":"INFO","msg":"handleInformFinish: stream closed","streamId":"sqaocxfn","id":"1(@)"}
{"time":"2026-03-13T15:14:21.383220961+01:00","level":"INFO","msg":"handleInformInit: received","streamId":"xllyic0h","id":"1(@)"}
{"time":"2026-03-13T15:14:21.508940304+01:00","level":"INFO","msg":"handleInformInit: stream started","streamId":"xllyic0h","id":"1(@)"}
{"time":"2026-03-13T15:15:24.356927863+01:00","level":"INFO","msg":"handleInformFinish: finish message received","streamId":"xllyic0h","id":"1(@)"}
{"time":"2026-03-13T15:15:24.358376556+01:00","level":"INFO","msg":"handleInformFinish: stream closed","streamId":"xllyic0h","id":"1(@)"}
{"time":"2026-03-13T15:19:56.817796756+01:00","level":"INFO","msg":"handleInformInit: received","streamId":"9k3k8aj0","id":"1(@)"}
{"time":"2026-03-13T15:19:56.946571759+01:00","level":"INFO","msg":"handleInformInit: stream started","streamId":"9k3k8aj0","id":"1(@)"}
{"time":"2026-03-13T15:21:08.343088632+01:00","level":"INFO","msg":"handleInformFinish: finish message received","streamId":"9k3k8aj0","id":"1(@)"}
{"time":"2026-03-13T15:21:08.344702629+01:00","level":"INFO","msg":"handleInformFinish: stream closed","streamId":"9k3k8aj0","id":"1(@)"}
{"time":"2026-03-13T15:26:36.122235668+01:00","level":"INFO","msg":"handleInformInit: received","streamId":"1rhpbans","id":"1(@)"}
{"time":"2026-03-13T15:26:36.251701403+01:00","level":"INFO","msg":"handleInformInit: stream started","streamId":"1rhpbans","id":"1(@)"}
{"time":"2026-03-13T15:27:02.655058904+01:00","level":"INFO","msg":"handleInformFinish: finish message received","streamId":"1rhpbans","id":"1(@)"}
{"time":"2026-03-13T15:27:02.656637512+01:00","level":"INFO","msg":"handleInformFinish: stream closed","streamId":"1rhpbans","id":"1(@)"}
{"time":"2026-03-13T15:30:53.748808634+01:00","level":"INFO","msg":"handleInformInit: received","streamId":"gqt6n7iz","id":"1(@)"}
{"time":"2026-03-13T15:30:53.871038624+01:00","level":"INFO","msg":"handleInformInit: stream started","streamId":"gqt6n7iz","id":"1(@)"}
{"time":"2026-03-13T15:33:19.998319311+01:00","level":"INFO","msg":"connection: cancelling request","id":"1(@)","requestId":"3c8hgn9qd6he"}
{"time":"2026-03-13T15:33:20.000256782+01:00","level":"INFO","msg":"handleInformFinish: finish message received","streamId":"gqt6n7iz","id":"1(@)"}
{"time":"2026-03-13T15:33:20.006433231+01:00","level":"INFO","msg":"handleInformFinish: stream closed","streamId":"gqt6n7iz","id":"1(@)"}
{"time":"2026-03-13T15:39:27.670080841+01:00","level":"INFO","msg":"handleInformInit: received","streamId":"jdxsqu63","id":"1(@)"}
{"time":"2026-03-13T15:39:27.796508578+01:00","level":"INFO","msg":"handleInformInit: stream started","streamId":"jdxsqu63","id":"1(@)"}
{"time":"2026-03-13T15:40:05.08577827+01:00","level":"INFO","msg":"handleInformFinish: finish message received","streamId":"jdxsqu63","id":"1(@)"}
{"time":"2026-03-13T15:40:05.087486569+01:00","level":"INFO","msg":"handleInformFinish: stream closed","streamId":"jdxsqu63","id":"1(@)"}
{"time":"2026-03-13T15:44:58.437080327+01:00","level":"INFO","msg":"handleInformInit: received","streamId":"vi7mx5ai","id":"1(@)"}
{"time":"2026-03-13T15:44:58.559577369+01:00","level":"INFO","msg":"handleInformInit: stream started","streamId":"vi7mx5ai","id":"1(@)"}
{"time":"2026-03-13T15:46:45.814839142+01:00","level":"INFO","msg":"handleInformFinish: finish message received","streamId":"vi7mx5ai","id":"1(@)"}
{"time":"2026-03-13T15:46:45.816742055+01:00","level":"INFO","msg":"handleInformFinish: stream closed","streamId":"vi7mx5ai","id":"1(@)"}
{"time":"2026-03-13T15:52:31.081144696+01:00","level":"INFO","msg":"handleInformInit: received","streamId":"026aa2gb","id":"1(@)"}
{"time":"2026-03-13T15:52:31.20706491+01:00","level":"INFO","msg":"handleInformInit: stream started","streamId":"026aa2gb","id":"1(@)"}
{"time":"2026-03-13T15:53:00.051161065+01:00","level":"INFO","msg":"handleInformFinish: finish message received","streamId":"026aa2gb","id":"1(@)"}
{"time":"2026-03-13T15:53:00.053003311+01:00","level":"INFO","msg":"handleInformFinish: stream closed","streamId":"026aa2gb","id":"1(@)"}
{"time":"2026-03-13T15:58:56.600960689+01:00","level":"INFO","msg":"handleInformInit: received","streamId":"9ukvsbzj","id":"1(@)"}
{"time":"2026-03-13T15:58:56.726652251+01:00","level":"INFO","msg":"handleInformInit: stream started","streamId":"9ukvsbzj","id":"1(@)"}
{"time":"2026-03-13T15:59:22.848222003+01:00","level":"INFO","msg":"handleInformFinish: finish message received","streamId":"9ukvsbzj","id":"1(@)"}
{"time":"2026-03-13T15:59:22.849800302+01:00","level":"INFO","msg":"handleInformFinish: stream closed","streamId":"9ukvsbzj","id":"1(@)"}
{"time":"2026-03-13T16:01:18.552346535+01:00","level":"INFO","msg":"handleInformInit: received","streamId":"34hrvy0d","id":"1(@)"}
{"time":"2026-03-13T16:01:18.675855252+01:00","level":"INFO","msg":"handleInformInit: stream started","streamId":"34hrvy0d","id":"1(@)"}
{"time":"2026-03-13T16:06:37.248208468+01:00","level":"INFO","msg":"handleInformFinish: finish message received","streamId":"34hrvy0d","id":"1(@)"}
{"time":"2026-03-13T16:06:37.249864625+01:00","level":"INFO","msg":"handleInformFinish: stream closed","streamId":"34hrvy0d","id":"1(@)"}
{"time":"2026-03-13T16:11:19.013937132+01:00","level":"INFO","msg":"handleInformInit: received","streamId":"ukggmrc5","id":"1(@)"}
{"time":"2026-03-13T16:11:19.144850002+01:00","level":"INFO","msg":"handleInformInit: stream started","streamId":"ukggmrc5","id":"1(@)"}
{"time":"2026-03-13T16:14:09.094225376+01:00","level":"INFO","msg":"connection: cancelling request","id":"1(@)","requestId":"94ld3u1gs4fq"}
{"time":"2026-03-13T16:14:09.096200904+01:00","level":"INFO","msg":"handleInformFinish: finish message received","streamId":"ukggmrc5","id":"1(@)"}
{"time":"2026-03-13T16:14:09.09803298+01:00","level":"INFO","msg":"handleInformFinish: stream closed","streamId":"ukggmrc5","id":"1(@)"}
{"time":"2026-03-13T16:18:53.70046012+01:00","level":"INFO","msg":"handleInformInit: received","streamId":"lyn10ck5","id":"1(@)"}
{"time":"2026-03-13T16:18:53.828462468+01:00","level":"INFO","msg":"handleInformInit: stream started","streamId":"lyn10ck5","id":"1(@)"}
{"time":"2026-03-13T16:21:29.822348529+01:00","level":"INFO","msg":"handleInformFinish: finish message received","streamId":"lyn10ck5","id":"1(@)"}
{"time":"2026-03-13T16:21:29.825550552+01:00","level":"INFO","msg":"handleInformFinish: stream closed","streamId":"lyn10ck5","id":"1(@)"}
{"time":"2026-03-13T16:26:18.129647602+01:00","level":"INFO","msg":"handleInformInit: received","streamId":"dcy91p8x","id":"1(@)"}
{"time":"2026-03-13T16:26:18.263500829+01:00","level":"INFO","msg":"handleInformInit: stream started","streamId":"dcy91p8x","id":"1(@)"}
{"time":"2026-03-13T16:28:46.186174198+01:00","level":"INFO","msg":"handleInformFinish: finish message received","streamId":"dcy91p8x","id":"1(@)"}
{"time":"2026-03-13T16:28:46.280595785+01:00","level":"INFO","msg":"handleInformFinish: stream closed","streamId":"dcy91p8x","id":"1(@)"}
{"time":"2026-03-13T16:33:55.851019025+01:00","level":"INFO","msg":"handleInformInit: received","streamId":"kx9dgofw","id":"1(@)"}
{"time":"2026-03-13T16:33:55.981463678+01:00","level":"INFO","msg":"handleInformInit: stream started","streamId":"kx9dgofw","id":"1(@)"}
{"time":"2026-03-13T16:35:35.002902717+01:00","level":"INFO","msg":"handleInformFinish: finish message received","streamId":"kx9dgofw","id":"1(@)"}
{"time":"2026-03-13T16:35:35.041911593+01:00","level":"INFO","msg":"handleInformFinish: stream closed","streamId":"kx9dgofw","id":"1(@)"}
{"time":"2026-03-13T16:41:01.667295422+01:00","level":"INFO","msg":"handleInformInit: received","streamId":"jnloe8cw","id":"1(@)"}
{"time":"2026-03-13T16:41:02.599975796+01:00","level":"INFO","msg":"handleInformInit: stream started","streamId":"jnloe8cw","id":"1(@)"}
{"time":"2026-03-13T16:42:37.0425086+01:00","level":"INFO","msg":"handleInformFinish: finish message received","streamId":"jnloe8cw","id":"1(@)"}
{"time":"2026-03-13T16:42:37.04475463+01:00","level":"INFO","msg":"handleInformFinish: stream closed","streamId":"jnloe8cw","id":"1(@)"}
{"time":"2026-03-13T16:46:36.9254466+01:00","level":"INFO","msg":"handleInformInit: received","streamId":"3xo7o6d3","id":"1(@)"}
{"time":"2026-03-13T16:46:37.049455654+01:00","level":"INFO","msg":"handleInformInit: stream started","streamId":"3xo7o6d3","id":"1(@)"}
{"time":"2026-03-13T16:49:36.275029564+01:00","level":"INFO","msg":"handleInformFinish: finish message received","streamId":"3xo7o6d3","id":"1(@)"}
{"time":"2026-03-13T16:49:36.276758173+01:00","level":"INFO","msg":"handleInformFinish: stream closed","streamId":"3xo7o6d3","id":"1(@)"}
{"time":"2026-03-13T16:53:32.821564961+01:00","level":"INFO","msg":"handleInformInit: received","streamId":"dxrxkk88","id":"1(@)"}
{"time":"2026-03-13T16:53:32.947865576+01:00","level":"INFO","msg":"handleInformInit: stream started","streamId":"dxrxkk88","id":"1(@)"}
{"time":"2026-03-13T16:56:37.917264354+01:00","level":"INFO","msg":"handleInformFinish: finish message received","streamId":"dxrxkk88","id":"1(@)"}
{"time":"2026-03-13T16:56:37.919062733+01:00","level":"INFO","msg":"handleInformFinish: stream closed","streamId":"dxrxkk88","id":"1(@)"}
{"time":"2026-03-13T17:02:29.99872522+01:00","level":"INFO","msg":"handleInformInit: received","streamId":"6klfw0zw","id":"1(@)"}
{"time":"2026-03-13T17:02:30.141761472+01:00","level":"INFO","msg":"handleInformInit: stream started","streamId":"6klfw0zw","id":"1(@)"}
{"time":"2026-03-13T17:04:02.877133115+01:00","level":"INFO","msg":"connection: cancelling request","id":"1(@)","requestId":"8xhvkr1p3iha"}
{"time":"2026-03-13T17:04:02.879177467+01:00","level":"INFO","msg":"handleInformFinish: finish message received","streamId":"6klfw0zw","id":"1(@)"}
{"time":"2026-03-13T17:04:02.880622419+01:00","level":"INFO","msg":"handleInformFinish: stream closed","streamId":"6klfw0zw","id":"1(@)"}
{"time":"2026-03-13T17:07:13.315141486+01:00","level":"INFO","msg":"handleInformInit: received","streamId":"gs9falz6","id":"1(@)"}
{"time":"2026-03-13T17:07:13.442346244+01:00","level":"INFO","msg":"handleInformInit: stream started","streamId":"gs9falz6","id":"1(@)"}
{"time":"2026-03-13T17:11:12.338573848+01:00","level":"INFO","msg":"handleInformFinish: finish message received","streamId":"gs9falz6","id":"1(@)"}
{"time":"2026-03-13T17:11:12.34429649+01:00","level":"INFO","msg":"handleInformFinish: stream closed","streamId":"gs9falz6","id":"1(@)"}
{"time":"2026-03-13T17:13:27.167072785+01:00","level":"INFO","msg":"handleInformInit: received","streamId":"gxi8e12i","id":"1(@)"}
{"time":"2026-03-13T17:13:27.294064087+01:00","level":"INFO","msg":"handleInformInit: stream started","streamId":"gxi8e12i","id":"1(@)"}
{"time":"2026-03-13T17:18:23.466861551+01:00","level":"INFO","msg":"handleInformFinish: finish message received","streamId":"gxi8e12i","id":"1(@)"}
{"time":"2026-03-13T17:18:23.490204803+01:00","level":"INFO","msg":"handleInformFinish: stream closed","streamId":"gxi8e12i","id":"1(@)"}
{"time":"2026-03-13T17:22:39.493909636+01:00","level":"INFO","msg":"handleInformInit: received","streamId":"g1vu2oft","id":"1(@)"}
{"time":"2026-03-13T17:22:39.617370334+01:00","level":"INFO","msg":"handleInformInit: stream started","streamId":"g1vu2oft","id":"1(@)"}
{"time":"2026-03-13T17:25:29.830322554+01:00","level":"INFO","msg":"handleInformFinish: finish message received","streamId":"g1vu2oft","id":"1(@)"}
{"time":"2026-03-13T17:25:29.833737617+01:00","level":"INFO","msg":"handleInformFinish: stream closed","streamId":"g1vu2oft","id":"1(@)"}
{"time":"2026-03-13T17:29:18.809122492+01:00","level":"INFO","msg":"handleInformInit: received","streamId":"pia1gjxm","id":"1(@)"}
{"time":"2026-03-13T17:29:18.943225476+01:00","level":"INFO","msg":"handleInformInit: stream started","streamId":"pia1gjxm","id":"1(@)"}
{"time":"2026-03-13T17:32:35.18183734+01:00","level":"INFO","msg":"handleInformFinish: finish message received","streamId":"pia1gjxm","id":"1(@)"}
{"time":"2026-03-13T17:32:35.191294023+01:00","level":"INFO","msg":"handleInformFinish: stream closed","streamId":"pia1gjxm","id":"1(@)"}
{"time":"2026-03-13T17:32:35.284139796+01:00","level":"INFO","msg":"handleInformTeardown: server teardown initiated","id":"1(@)"}
{"time":"2026-03-13T17:32:35.284221276+01:00","level":"INFO","msg":"handleInformTeardown: server shutdown complete","id":"1(@)"}
{"time":"2026-03-13T17:32:35.28430266+01:00","level":"INFO","msg":"server is shutting down"}
{"time":"2026-03-13T17:32:35.284237332+01:00","level":"INFO","msg":"connection: closing","id":"1(@)"}
{"time":"2026-03-13T17:32:35.285061293+01:00","level":"INFO","msg":"connection: closed successfully","id":"1(@)"}
{"time":"2026-03-13T17:32:35.285524342+01:00","level":"INFO","msg":"connection: ManageConnectionData: connection closed","id":"1(@)"}
{"time":"2026-03-13T17:32:35.285487266+01:00","level":"INFO","msg":"server: listener closed","addr":{"Name":"/tmp/wandb-1340367-1340542-143736142/socket","Net":"unix"}}
{"time":"2026-03-13T17:32:35.286084095+01:00","level":"INFO","msg":"server is closed"}
